2026-Jan-19 16:53:21.325817 Starting deployment of TEIF/production to localhost.
2026-Jan-19 16:53:21.593233 Preparing container with helper image: ghcr.io/coollabsio/coolify-helper:1.0.12
2026-Jan-19 16:53:21.777860 [CMD]: docker stop -t 30 a40g8wko4k4cwos00o0oc4cw
2026-Jan-19 16:53:21.777860 Error response from daemon: No such container: a40g8wko4k4cwos00o0oc4cw
2026-Jan-19 16:53:22.036128 [CMD]: docker run -d --network coolify --name a40g8wko4k4cwos00o0oc4cw --rm -v /var/run/docker.sock:/var/run/docker.sock ghcr.io/coollabsio/coolify-helper:1.0.12
2026-Jan-19 16:53:22.036128 cd6b92f5d8c1a0b34659e209d249be8746128271581d91a66aef27a47220c048
2026-Jan-19 16:53:23.036570 [CMD]: docker exec a40g8wko4k4cwos00o0oc4cw bash -c 'GIT_SSH_COMMAND="ssh -o ConnectTimeout=30 -p 22 -o Port=22 -o LogLevel=ERROR -o StrictHostKeyChecking=no -o UserKnownHostsFile=/dev/null" git ls-remote https://github.com/maksebdevNessrine/TEIF refs/heads/production'
2026-Jan-19 16:53:23.036570 9001cb8448763fb8906b80af275706e93d6373d8 refs/heads/production
2026-Jan-19 16:53:23.051671 ----------------------------------------
2026-Jan-19 16:53:23.058979 Importing maksebdevNessrine/TEIF:production (commit sha 9001cb8448763fb8906b80af275706e93d6373d8) to /artifacts/a40g8wko4k4cwos00o0oc4cw.
2026-Jan-19 16:53:23.296857 [CMD]: docker exec a40g8wko4k4cwos00o0oc4cw bash -c 'git clone --depth=1 --recurse-submodules --shallow-submodules -b 'production' 'https://github.com/maksebdevNessrine/TEIF' '/artifacts/a40g8wko4k4cwos00o0oc4cw' && cd '/artifacts/a40g8wko4k4cwos00o0oc4cw' && if [ -f .gitmodules ]; then sed -i "s#git@\(.*\):#https://\1/#g" '/artifacts/a40g8wko4k4cwos00o0oc4cw'/.gitmodules || true && git submodule sync && GIT_SSH_COMMAND="ssh -o StrictHostKeyChecking=no -o UserKnownHostsFile=/dev/null" git submodule update --init --recursive --depth=1; fi && cd '/artifacts/a40g8wko4k4cwos00o0oc4cw' && GIT_SSH_COMMAND="ssh -o StrictHostKeyChecking=no -o UserKnownHostsFile=/dev/null" git lfs pull'
2026-Jan-19 16:53:23.296857 Cloning into '/artifacts/a40g8wko4k4cwos00o0oc4cw'...
2026-Jan-19 16:53:24.884962 [CMD]: docker exec a40g8wko4k4cwos00o0oc4cw bash -c 'cd /artifacts/a40g8wko4k4cwos00o0oc4cw && git log -1 9001cb8448763fb8906b80af275706e93d6373d8 --pretty=%B'
2026-Jan-19 16:53:24.884962 fix: production-grade backend Dockerfile with critical security and runtime fixes
2026-Jan-19 16:53:24.884962
2026-Jan-19 16:53:24.884962 CRITICAL FIXES:
2026-Jan-19 16:53:24.884962 - Add OpenSSL in builder and production stages (fixes Prisma/database connection failures)
2026-Jan-19 16:53:24.884962 - Add Prisma client generation during build (required for DB operations)
2026-Jan-19 16:53:24.884962 - Pin pnpm to 10.28.1 for reproducible, deterministic builds
2026-Jan-19 16:53:24.884962 - Skip Puppeteer browser download, use system chromium instead (saves 500MB+)
2026-Jan-19 16:53:24.884962 - Add chromium + dependencies to both stages (nss, freetype, harfbuzz)
2026-Jan-19 16:53:24.884962 - Set PUPPETEER_EXECUTABLE_PATH for system Chromium
2026-Jan-19 16:53:24.884962
2026-Jan-19 16:53:24.884962 SECURITY & OPTIMIZATION:
2026-Jan-19 16:53:24.884962 - Create non-root nodejs user (1001) for security
2026-Jan-19 16:53:24.884962 - Copy only necessary files to production (exclude builder artifacts)
2026-Jan-19 16:53:24.884962 - Add curl for better health checks
2026-Jan-19 16:53:24.884962 - Copy only dist folder, not entire node_modules
2026-Jan-19 16:53:24.884962 - Improve health check with actual HTTP request
2026-Jan-19 16:53:24.884962
2026-Jan-19 16:53:24.884962 These changes fix:
2026-Jan-19 16:53:24.884962 Runtime Prisma failures (OpenSSL + client generation)
2026-Jan-19 16:53:24.884962 Database connection errors
2026-Jan-19 16:53:24.884962 Non-deterministic builds (pnpm versioning)
2026-Jan-19 16:53:24.884962 Image size bloat (Puppeteer Chromium download)
2026-Jan-19 16:53:24.884962 Security issues (running as root)
2026-Jan-19 16:53:27.680775 [CMD]: docker exec a40g8wko4k4cwos00o0oc4cw bash -c 'test -f /artifacts/a40g8wko4k4cwos00o0oc4cw/packages/backend/Dockerfile && echo 'exists' || echo 'not found''
2026-Jan-19 16:53:27.680775 exists
2026-Jan-19 16:53:27.914760 [CMD]: docker exec a40g8wko4k4cwos00o0oc4cw bash -c 'cat /artifacts/a40g8wko4k4cwos00o0oc4cw/packages/backend/Dockerfile'
2026-Jan-19 16:53:27.914760 # ============================================
2026-Jan-19 16:53:27.914760 # BUILDER STAGE
2026-Jan-19 16:53:27.914760 # ============================================
2026-Jan-19 16:53:27.914760 FROM node:20-alpine AS builder
2026-Jan-19 16:53:27.914760
2026-Jan-19 16:53:27.914760 WORKDIR /app
2026-Jan-19 16:53:27.914760
2026-Jan-19 16:53:27.914760 # Build-time environment (must be development for devDependencies)
2026-Jan-19 16:53:27.914760 ENV NODE_ENV=development
2026-Jan-19 16:53:27.914760 # Skip Puppeteer download - will use system Chromium
2026-Jan-19 16:53:27.914760 ENV PUPPETEER_SKIP_DOWNLOAD=true
2026-Jan-19 16:53:27.914760
2026-Jan-19 16:53:27.914760 # Alpine compatibility + Prisma requirements
2026-Jan-19 16:53:27.914760 RUN apk add --no-cache \
2026-Jan-19 16:53:27.914760 libc6-compat \
2026-Jan-19 16:53:27.914760 openssl \
2026-Jan-19 16:53:27.914760 chromium \
2026-Jan-19 16:53:27.914760 nss \
2026-Jan-19 16:53:27.914760 freetype \
2026-Jan-19 16:53:27.914760 harfbuzz
2026-Jan-19 16:53:27.914760
2026-Jan-19 16:53:27.914760 # Copy workspace configuration and root package files
2026-Jan-19 16:53:27.914760 COPY package.json pnpm-lock.yaml pnpm-workspace.yaml turbo.json ./
2026-Jan-19 16:53:27.914760
2026-Jan-19 16:53:27.914760 # Copy all package.json files (maintains workspace structure)
2026-Jan-19 16:53:27.914760 COPY packages/frontend/package.json packages/frontend/
2026-Jan-19 16:53:27.914760 COPY packages/shared/package.json packages/shared/
2026-Jan-19 16:53:27.914760 COPY packages/backend/package.json packages/backend/
2026-Jan-19 16:53:27.914760
2026-Jan-19 16:53:27.914760 # Enable and configure pnpm
2026-Jan-19 16:53:27.914760 RUN corepack enable
2026-Jan-19 16:53:27.914760 RUN corepack prepare pnpm@10.28.1 --activate
2026-Jan-19 16:53:27.914760 RUN pnpm config set node-linker hoisted
2026-Jan-19 16:53:27.914760
2026-Jan-19 16:53:27.914760 # Install all dependencies (including devDependencies for build)
2026-Jan-19 16:53:27.914760 RUN pnpm install --frozen-lockfile
2026-Jan-19 16:53:27.914760
2026-Jan-19 16:53:27.914760 # Copy source code after deps are installed (leverages Docker layer caching)
2026-Jan-19 16:53:27.914760 COPY packages/backend packages/backend/
2026-Jan-19 16:53:27.914760 COPY packages/shared packages/shared/
2026-Jan-19 16:53:27.914760
2026-Jan-19 16:53:27.914760 # Generate Prisma client (CRITICAL - required for database operations)
2026-Jan-19 16:53:27.914760 RUN pnpm --filter @teif/backend prisma generate
2026-Jan-19 16:53:27.914760
2026-Jan-19 16:53:27.914760 # Build diagnostic output to a file
2026-Jan-19 16:53:27.914760 RUN { \
2026-Jan-19 16:53:27.914760 echo "=== BACKEND BUILD DIAGNOSTICS ===" && \
2026-Jan-19 16:53:27.914760 echo "PWD: $(pwd)" && \
2026-Jan-19 16:53:27.914760 echo "Node: $(node --version)" && \
2026-Jan-19 16:53:27.914760 echo "pnpm: $(pnpm --version)" && \
2026-Jan-19 16:53:27.914760 echo "" && \
2026-Jan-19 16:53:27.914760 echo "=== DIRECTORY ===" && \
2026-Jan-19 16:53:27.914760 ls -la packages/backend/ && \
2026-Jan-19 16:53:27.914760 echo "" && \
2026-Jan-19 16:53:27.914760 echo "=== PACKAGE.JSON ===" && \
2026-Jan-19 16:53:27.914760 cat packages/backend/package.json && \
2026-Jan-19 16:53:27.914760 echo "" && \
2026-Jan-19 16:53:27.914760 echo "=== WORKSPACE ===" && \
2026-Jan-19 16:53:27.914760 pnpm list --depth=0 && \
2026-Jan-19 16:53:27.914760 echo "" && \
2026-Jan-19 16:53:27.914760 echo "=== BUILDING ===" && \
2026-Jan-19 16:53:27.914760 pnpm --filter @teif/backend build; \
2026-Jan-19 16:53:27.914760 } 2>&1 | tee /tmp/backend-build.log
2026-Jan-19 16:53:27.914760
2026-Jan-19 16:53:27.914760
2026-Jan-19 16:53:27.914760 # ============================================
2026-Jan-19 16:53:27.914760 # PRODUCTION STAGE
2026-Jan-19 16:53:27.914760 # ============================================
2026-Jan-19 16:53:27.914760 FROM node:20-alpine
2026-Jan-19 16:53:27.914760
2026-Jan-19 16:53:27.914760 WORKDIR /app
2026-Jan-19 16:53:27.914760
2026-Jan-19 16:53:27.914760 # Runtime environment
2026-Jan-19 16:53:27.914760 ENV NODE_ENV=production
2026-Jan-19 16:53:27.914760 ENV PORT=3000
2026-Jan-19 16:53:27.914760 # Use system Chromium for Puppeteer (must match installation location)
2026-Jan-19 16:53:27.914760 ENV PUPPETEER_EXECUTABLE_PATH=/usr/bin/chromium-browser
2026-Jan-19 16:53:27.914760
2026-Jan-19 16:53:27.914760 # Install runtime dependencies (critical for Prisma + database operations)
2026-Jan-19 16:53:27.914760 RUN apk add --no-cache \
2026-Jan-19 16:53:27.914760 libc6-compat \
2026-Jan-19 16:53:27.914760 openssl \
2026-Jan-19 16:53:27.914760 curl \
2026-Jan-19 16:53:27.914760 chromium \
2026-Jan-19 16:53:27.914760 nss \
2026-Jan-19 16:53:27.914760 freetype \
2026-Jan-19 16:53:27.914760 harfbuzz
2026-Jan-19 16:53:27.914760
2026-Jan-19 16:53:27.914760 # Create non-root user for security
2026-Jan-19 16:53:27.914760 RUN addgroup -g 1001 -S nodejs && \
2026-Jan-19 16:53:27.914760 adduser -S nodejs -u 1001
2026-Jan-19 16:53:27.914760
2026-Jan-19 16:53:27.914760 # Copy built application and minimal dependencies
2026-Jan-19 16:53:27.914760 # Use multi-stage to avoid copying entire node_modules with devDependencies
2026-Jan-19 16:53:27.914760 COPY --from=builder /app/packages/backend/dist ./dist
2026-Jan-19 16:53:27.914760 COPY --from=builder /app/packages/backend/package.json ./
2026-Jan-19 16:53:27.914760 COPY --from=builder /app/packages/shared ./packages/shared
2026-Jan-19 16:53:27.914760 COPY --from=builder /app/package.json pnpm-lock.yaml pnpm-workspace.yaml ./
2026-Jan-19 16:53:27.914760
2026-Jan-19 16:53:27.914760 # Copy only production node_modules (excluding devDependencies)
2026-Jan-19 16:53:27.914760 COPY --from=builder /app/node_modules ./node_modules
2026-Jan-19 16:53:27.914760
2026-Jan-19 16:53:27.914760 # Change ownership to nodejs user
2026-Jan-19 16:53:27.914760 RUN chown -R nodejs:nodejs /app
2026-Jan-19 16:53:27.914760
2026-Jan-19 16:53:27.914760 # Switch to non-root user
2026-Jan-19 16:53:27.914760 USER nodejs
2026-Jan-19 16:53:27.914760
2026-Jan-19 16:53:27.914760 EXPOSE 3000
2026-Jan-19 16:53:27.914760
2026-Jan-19 16:53:27.914760 # More robust health check that actually connects to database
2026-Jan-19 16:53:27.914760 HEALTHCHECK --interval=30s --timeout=10s --start-period=40s --retries=3 \
2026-Jan-19 16:53:27.914760 CMD curl -f http://localhost:3000/api/health || exit 1
2026-Jan-19 16:53:27.914760
2026-Jan-19 16:53:27.914760 CMD ["node", "dist/index.js"]
2026-Jan-19 16:53:28.178907 Added 48 ARG declarations to Dockerfile for service backend (multi-stage build, added to 2 stages).
2026-Jan-19 16:53:28.426997 [CMD]: docker exec a40g8wko4k4cwos00o0oc4cw bash -c 'test -f /artifacts/a40g8wko4k4cwos00o0oc4cw/packages/frontend/Dockerfile && echo 'exists' || echo 'not found''
2026-Jan-19 16:53:28.426997 exists
2026-Jan-19 16:53:28.651304 [CMD]: docker exec a40g8wko4k4cwos00o0oc4cw bash -c 'cat /artifacts/a40g8wko4k4cwos00o0oc4cw/packages/frontend/Dockerfile'
2026-Jan-19 16:53:28.651304 # ============================================
2026-Jan-19 16:53:28.651304 # BUILDER STAGE
2026-Jan-19 16:53:28.651304 # ============================================
2026-Jan-19 16:53:28.651304 FROM node:20-alpine AS builder
2026-Jan-19 16:53:28.651304
2026-Jan-19 16:53:28.651304 WORKDIR /app
2026-Jan-19 16:53:28.651304
2026-Jan-19 16:53:28.651304 ENV NODE_ENV=development
2026-Jan-19 16:53:28.651304
2026-Jan-19 16:53:28.651304 # Build-time variables (injected by Coolify)
2026-Jan-19 16:53:28.651304 ARG VITE_API_BASE_URL
2026-Jan-19 16:53:28.651304 ENV VITE_API_BASE_URL=${VITE_API_BASE_URL}
2026-Jan-19 16:53:28.651304
2026-Jan-19 16:53:28.651304 # Alpine compatibility for Vite/esbuild
2026-Jan-19 16:53:28.651304 RUN apk add --no-cache libc6-compat
2026-Jan-19 16:53:28.651304
2026-Jan-19 16:53:28.651304 # Copy workspace configuration and root package files
2026-Jan-19 16:53:28.651304 COPY package.json pnpm-lock.yaml pnpm-workspace.yaml turbo.json tsconfig.json tsconfig.base.json ./
2026-Jan-19 16:53:28.651304
2026-Jan-19 16:53:28.651304 # Copy all package.json files (maintains workspace structure)
2026-Jan-19 16:53:28.651304 COPY packages/frontend/package.json packages/frontend/tsconfig.json packages/frontend/
2026-Jan-19 16:53:28.651304 COPY packages/shared/package.json packages/shared/tsconfig.json packages/shared/
2026-Jan-19 16:53:28.651304 COPY packages/backend/package.json packages/backend/
2026-Jan-19 16:53:28.651304
2026-Jan-19 16:53:28.651304 # Enable and configure pnpm
2026-Jan-19 16:53:28.651304 RUN corepack enable
2026-Jan-19 16:53:28.651304 RUN pnpm config set node-linker hoisted
2026-Jan-19 16:53:28.651304
2026-Jan-19 16:53:28.651304 # Install all dependencies (including devDependencies for build)
2026-Jan-19 16:53:28.651304 RUN pnpm install --frozen-lockfile
2026-Jan-19 16:53:28.651304
2026-Jan-19 16:53:28.651304 # Copy source code
2026-Jan-19 16:53:28.651304 COPY packages/frontend packages/frontend/
2026-Jan-19 16:53:28.651304 COPY packages/shared packages/shared/
2026-Jan-19 16:53:28.651304
2026-Jan-19 16:53:28.651304 # Diagnostic: verify VITE_API_BASE_URL is set at build time
2026-Jan-19 16:53:28.651304 RUN echo "BUILD ENV CHECK:"; env | sort | grep VITE
2026-Jan-19 16:53:28.651304
2026-Jan-19 16:53:28.651304 # Build frontend directly with Vite (bypass Turbo buffering)
2026-Jan-19 16:53:28.651304 # Turbo hides output in non-interactive shells; use pnpm exec to run Vite directly
2026-Jan-19 16:53:28.651304 RUN cd /app/packages/frontend && pnpm exec vite build --debug
2026-Jan-19 16:53:28.651304
2026-Jan-19 16:53:28.651304 # Verify dist folder exists
2026-Jan-19 16:53:28.651304 RUN test -d /app/packages/frontend/dist || (echo "ERROR: dist folder not created"; ls -laR /app/packages/frontend/; exit 1)
2026-Jan-19 16:53:28.651304
2026-Jan-19 16:53:28.651304
2026-Jan-19 16:53:28.651304 # ============================================
2026-Jan-19 16:53:28.651304 # PRODUCTION STAGE
2026-Jan-19 16:53:28.651304 # ============================================
2026-Jan-19 16:53:28.651304 FROM nginx:1.25-alpine
2026-Jan-19 16:53:28.651304
2026-Jan-19 16:53:28.651304 COPY --from=builder /app/packages/frontend/dist /usr/share/nginx/html
2026-Jan-19 16:53:28.651304 COPY packages/frontend/nginx.conf /etc/nginx/conf.d/default.conf
2026-Jan-19 16:53:28.651304
2026-Jan-19 16:53:28.651304 EXPOSE 80
2026-Jan-19 16:53:28.651304
2026-Jan-19 16:53:28.651304 HEALTHCHECK --interval=30s --timeout=10s --start-period=5s --retries=3 \
2026-Jan-19 16:53:28.651304 CMD wget --no-verbose --tries=1 --spider http://localhost/index.html || exit 1
2026-Jan-19 16:53:28.651304
2026-Jan-19 16:53:28.651304 CMD ["nginx", "-g", "daemon off;"]
2026-Jan-19 16:53:28.886772 Added 48 ARG declarations to Dockerfile for service frontend (multi-stage build, added to 2 stages).
2026-Jan-19 16:53:28.895961 Pulling & building required images.
2026-Jan-19 16:53:28.958007 Creating build-time .env file in /artifacts (outside Docker context).
2026-Jan-19 16:53:29.434350 [CMD]: docker exec a40g8wko4k4cwos00o0oc4cw bash -c 'cat /artifacts/build-time.env'
2026-Jan-19 16:53:29.434350 COOLIFY_URL=''
2026-Jan-19 16:53:29.434350 COOLIFY_FQDN=''
2026-Jan-19 16:53:29.434350 SERVICE_NAME_POSTGRES='postgres'
2026-Jan-19 16:53:29.434350 SERVICE_NAME_BACKEND='backend'
2026-Jan-19 16:53:29.434350 SERVICE_NAME_FRONTEND='frontend'
2026-Jan-19 16:53:29.434350 SERVICE_URL_BACKEND='https://efatoura.duckdns.org/api'
2026-Jan-19 16:53:29.434350 SERVICE_FQDN_BACKEND='efatoura.duckdns.org'
2026-Jan-19 16:53:29.434350 SERVICE_URL_FRONTEND='https://efatoura.duckdns.org'
2026-Jan-19 16:53:29.434350 SERVICE_FQDN_FRONTEND='efatoura.duckdns.org'
2026-Jan-19 16:53:29.434350 CORS_ORIGIN="https://efatoura.duckdns.org"
2026-Jan-19 16:53:29.434350 DATABASE_URL="postgresql://postgres:DsUX2s8HTx+FbVXBFYVSwPRWx6nGp+0Cpsa5Pdzug44=@postgres:5432/teif_prod"
2026-Jan-19 16:53:29.434350 GEMINI_API_KEY=<REDACTED>
2026-Jan-19 16:53:29.434350 JWT_EXPIRY="3600"
2026-Jan-19 16:53:29.434350 JWT_SECRET="jU918zwPEfoef52XXONJusWMkTVgK0MIT9FZPpXHULM="
2026-Jan-19 16:53:29.434350 LOG_LEVEL="info"
2026-Jan-19 16:53:29.434350 POSTGRES_DB="teif_prod"
2026-Jan-19 16:53:29.434350 POSTGRES_PASSWORD="DsUX2s8HTx+FbVXBFYVSwPRWx6nGp+0Cpsa5Pdzug44="
2026-Jan-19 16:53:29.434350 POSTGRES_USER="postgres"
2026-Jan-19 16:53:29.434350 PRODUCTION_DOMAIN="efatoura.duckdns.org"
2026-Jan-19 16:53:29.434350 SITE_URL="https://efatoura.duckdns.org"
2026-Jan-19 16:53:29.434350 SMTP_FROM="<REDACTED>"
2026-Jan-19 16:53:29.434350 SMTP_HOST="ssl0.ovh.net"
2026-Jan-19 16:53:29.434350 SMTP_PASSWORD="Compta2025++"
2026-Jan-19 16:53:29.434350 SMTP_PORT="587"
2026-Jan-19 16:53:29.434350 SMTP_SECURE="false"
2026-Jan-19 16:53:29.434350 SMTP_USER="<REDACTED>"
2026-Jan-19 16:53:29.434350 VITE_API_BASE_URL="https://efatoura.duckdns.org/api"
2026-Jan-19 16:53:29.447466 Adding build arguments to Docker Compose build command.
2026-Jan-19 16:53:30.048691 [CMD]: docker exec a40g8wko4k4cwos00o0oc4cw bash -c 'COOLIFY_BRANCH=production COOLIFY_RESOURCE_UUID=r8ko44c4ko088css8kcs48co docker compose --env-file /artifacts/build-time.env --project-name r8ko44c4ko088css8kcs48co --project-directory /artifacts/a40g8wko4k4cwos00o0oc4cw -f /artifacts/a40g8wko4k4cwos00o0oc4cw/docker-compose.prod.yml build --pull --no-cache --build-arg COOLIFY_URL --build-arg COOLIFY_FQDN --build-arg SERVICE_FQDN_BACKEND --build-arg SERVICE_FQDN_FRONTEND --build-arg SERVICE_URL_BACKEND --build-arg SERVICE_URL_FRONTEND --build-arg CORS_ORIGIN --build-arg DATABASE_URL --build-arg GEMINI_API_KEY --build-arg JWT_EXPIRY --build-arg JWT_SECRET --build-arg LOG_LEVEL --build-arg POSTGRES_DB --build-arg POSTGRES_PASSWORD --build-arg POSTGRES_USER --build-arg PRODUCTION_DOMAIN --build-arg SITE_URL --build-arg SMTP_FROM --build-arg SMTP_HOST --build-arg SMTP_PASSWORD --build-arg SMTP_PORT --build-arg SMTP_SECURE --build-arg SMTP_USER --build-arg VITE_API_BASE_URL --build-arg COOLIFY_BUILD_SECRETS_HASH=eddb4c11f0e7eec345b4b7970373c9883b1c90d8eb6cfc71c29a3b71a6bdbd14'
2026-Jan-19 16:53:30.048691 #1 [internal] load local bake definitions
2026-Jan-19 16:53:30.158458 #1 reading from stdin 3.50kB done
2026-Jan-19 16:53:30.158458 #1 DONE 0.0s
2026-Jan-19 16:53:30.354510 #2 [backend internal] load build definition from Dockerfile
2026-Jan-19 16:53:30.354510 #2 transferring dockerfile: 4.32kB done
2026-Jan-19 16:53:30.354510 #2 DONE 0.0s
2026-Jan-19 16:53:30.354510
2026-Jan-19 16:53:30.354510 #3 [frontend internal] load build definition from Dockerfile
2026-Jan-19 16:53:30.354510 #3 transferring dockerfile: 2.95kB done
2026-Jan-19 16:53:30.354510 #3 DONE 0.0s
2026-Jan-19 16:53:30.354510
2026-Jan-19 16:53:30.354510 #4 [frontend internal] load metadata for docker.io/library/node:20-alpine
2026-Jan-19 16:53:30.699153 #4 DONE 0.4s
2026-Jan-19 16:53:30.699153
2026-Jan-19 16:53:30.699153 #5 [backend internal] load .dockerignore
2026-Jan-19 16:53:30.699153 #5 transferring context: 194B done
2026-Jan-19 16:53:30.699153 #5 DONE 0.0s
2026-Jan-19 16:53:30.699153
2026-Jan-19 16:53:30.699153 #6 [backend builder 1/15] FROM docker.io/library/node:20-alpine@sha256:3960ed74dfe320a67bf8da9555b6bade25ebda2b22b6081d2f60fd7d5d430e9c
2026-Jan-19 16:53:30.699153 #6 resolve docker.io/library/node:20-alpine@sha256:3960ed74dfe320a67bf8da9555b6bade25ebda2b22b6081d2f60fd7d5d430e9c 0.0s done
2026-Jan-19 16:53:30.803167 #6 DONE 0.1s
2026-Jan-19 16:53:30.803167
2026-Jan-19 16:53:30.803167 #7 [backend builder 2/15] WORKDIR /app
2026-Jan-19 16:53:31.043969 #7 DONE 0.1s
2026-Jan-19 16:53:31.043969
2026-Jan-19 16:53:31.043969 #8 [backend internal] load build context
2026-Jan-19 16:53:31.043969 #8 transferring context: 1.51MB 0.2s done
2026-Jan-19 16:53:31.043969 #8 DONE 0.2s
2026-Jan-19 16:53:31.043969
2026-Jan-19 16:53:31.043969 #9 [backend stage-1 3/10] RUN apk add --no-cache libc6-compat openssl curl chromium nss freetype harfbuzz
2026-Jan-19 16:53:31.223809 #9 ...
2026-Jan-19 16:53:31.223809
2026-Jan-19 16:53:31.223809 #10 [frontend internal] load metadata for docker.io/library/nginx:1.25-alpine
2026-Jan-19 16:53:31.223809 #10 DONE 1.0s
2026-Jan-19 16:53:31.325334 #5 [frontend internal] load .dockerignore
2026-Jan-19 16:53:31.325334 #5 transferring context: 194B done
2026-Jan-19 16:53:31.325334 #5 DONE 0.0s
2026-Jan-19 16:53:31.325334
2026-Jan-19 16:53:31.325334 #6 [frontend builder 1/15] FROM docker.io/library/node:20-alpine@sha256:3960ed74dfe320a67bf8da9555b6bade25ebda2b22b6081d2f60fd7d5d430e9c
2026-Jan-19 16:53:31.325334 #6 resolve docker.io/library/node:20-alpine@sha256:3960ed74dfe320a67bf8da9555b6bade25ebda2b22b6081d2f60fd7d5d430e9c 0.0s done
2026-Jan-19 16:53:31.325334 #6 DONE 0.1s
2026-Jan-19 16:53:31.325334
2026-Jan-19 16:53:31.325334 #7 [frontend builder 2/15] WORKDIR /app
2026-Jan-19 16:53:31.325334 #7 DONE 0.1s
2026-Jan-19 16:53:31.325334
2026-Jan-19 16:53:31.325334 #11 [frontend stage-1 1/3] FROM docker.io/library/nginx:1.25-alpine@sha256:516475cc129da42866742567714ddc681e5eed7b9ee0b9e9c015e464b4221a00
2026-Jan-19 16:53:31.325334 #11 resolve docker.io/library/nginx:1.25-alpine@sha256:516475cc129da42866742567714ddc681e5eed7b9ee0b9e9c015e464b4221a00 0.1s done
2026-Jan-19 16:53:31.325334 #11 DONE 0.1s
2026-Jan-19 16:53:31.325334
2026-Jan-19 16:53:31.325334 #12 [frontend internal] load build context
2026-Jan-19 16:53:31.472734 #12 transferring context: 730.49kB 0.1s done
2026-Jan-19 16:53:31.472734 #12 DONE 0.1s
2026-Jan-19 16:53:31.472734
2026-Jan-19 16:53:31.472734 #11 [frontend stage-1 1/3] FROM docker.io/library/nginx:1.25-alpine@sha256:516475cc129da42866742567714ddc681e5eed7b9ee0b9e9c015e464b4221a00
2026-Jan-19 16:53:31.472734 #11 DONE 0.2s
2026-Jan-19 16:53:31.472734
2026-Jan-19 16:53:31.472734 #13 [frontend builder 3/15] RUN apk add --no-cache libc6-compat
2026-Jan-19 16:53:32.349076 #13 1.108 (1/3) Installing musl-obstack (1.2.3-r2)
2026-Jan-19 16:53:32.448008 #13 1.124 (2/3) Installing libucontext (1.3.3-r0)
2026-Jan-19 16:53:32.448008 #13 1.129 (3/3) Installing gcompat (1.1.0-r4)
2026-Jan-19 16:53:32.448008 #13 1.141 OK: 11.0 MiB in 21 packages
2026-Jan-19 16:53:32.564041 #13 DONE 1.3s
2026-Jan-19 16:53:32.564041
2026-Jan-19 16:53:32.564041 #9 [backend stage-1 3/10] RUN apk add --no-cache libc6-compat openssl curl chromium nss freetype harfbuzz
2026-Jan-19 16:53:32.564041 #9 0.972 ( 1/195) Installing libxau (1.0.12-r0)
2026-Jan-19 16:53:32.564041 #9 0.994 ( 2/195) Installing libmd (1.1.0-r0)
2026-Jan-19 16:53:32.564041 #9 1.001 ( 3/195) Installing libbsd (0.12.2-r0)
2026-Jan-19 16:53:32.564041 #9 1.007 ( 4/195) Installing libxdmcp (1.1.5-r1)
2026-Jan-19 16:53:32.564041 #9 1.018 ( 5/195) Installing libxcb (1.17.0-r1)
2026-Jan-19 16:53:32.564041 #9 1.047 ( 6/195) Installing libx11 (1.8.12-r1)
2026-Jan-19 16:53:32.564041 #9 1.120 ( 7/195) Installing libxext (1.3.6-r2)
2026-Jan-19 16:53:32.564041 #9 1.127 ( 8/195) Installing hwdata-pci (0.401-r0)
2026-Jan-19 16:53:32.564041 #9 1.154 ( 9/195) Installing libpciaccess (0.18.1-r1)
2026-Jan-19 16:53:32.564041 #9 1.162 ( 10/195) Installing libdrm (2.4.131-r0)
2026-Jan-19 16:53:32.564041 #9 1.178 ( 11/195) Installing chromium-angle (143.0.7499.169-r0)
2026-Jan-19 16:53:32.564041 #9 1.252 ( 12/195) Installing chromium-common (143.0.7499.169-r0)
2026-Jan-19 16:53:32.564041 #9 1.268 ( 13/195) Installing libexpat (2.7.3-r0)
2026-Jan-19 16:53:32.564041 #9 1.276 ( 14/195) Installing brotli-libs (1.2.0-r0)
2026-Jan-19 16:53:32.564041 #9 1.292 ( 15/195) Installing libbz2 (1.0.8-r6)
2026-Jan-19 16:53:32.564041 #9 1.299 ( 16/195) Installing libpng (1.6.53-r0)
2026-Jan-19 16:53:32.564041 #9 1.307 ( 17/195) Installing freetype (2.14.1-r0)
2026-Jan-19 16:53:32.564041 #9 1.324 ( 18/195) Installing fontconfig (2.17.1-r0)
2026-Jan-19 16:53:32.564041 #9 1.350 ( 19/195) Installing libfontenc (1.1.8-r0)
2026-Jan-19 16:53:32.564041 #9 1.356 ( 20/195) Installing mkfontscale (1.2.3-r1)
2026-Jan-19 16:53:32.564041 #9 1.362 ( 21/195) Installing font-opensans (0_git20210927-r1)
2026-Jan-19 16:53:32.564041 #9 1.417 ( 22/195) Installing libffi (3.5.2-r0)
2026-Jan-19 16:53:32.564041 #9 1.422 ( 23/195) Installing libintl (0.24.1-r1)
2026-Jan-19 16:53:32.564041 #9 1.429 ( 24/195) Installing libeconf (0.8.0-r0)
2026-Jan-19 16:53:32.564041 #9 1.436 ( 25/195) Installing libblkid (2.41.2-r0)
2026-Jan-19 16:53:32.564041 #9 1.447 ( 26/195) Installing libmount (2.41.2-r0)
2026-Jan-19 16:53:32.564041 #9 1.457 ( 27/195) Installing pcre2 (10.47-r0)
2026-Jan-19 16:53:32.564041 #9 1.472 ( 28/195) Installing glib (2.86.3-r0)
2026-Jan-19 16:53:32.564041 #9 1.537 ( 29/195) Installing gobject-introspection (1.86.0-r0)
2026-Jan-19 16:53:32.564041 #9 1.547 ( 30/195) Installing pkgconf (2.5.1-r0)
2026-Jan-19 16:53:32.564041 #9 1.556 ( 31/195) Installing hicolor-icon-theme (0.18-r0)
2026-Jan-19 16:53:32.564041 #9 1.664 ( 32/195) Installing xz-libs (5.8.2-r0)
2026-Jan-19 16:53:32.564041 #9 1.678 ( 33/195) Installing libxml2 (2.13.9-r0)
2026-Jan-19 16:53:32.671066 #9 ...
2026-Jan-19 16:53:32.671066
2026-Jan-19 16:53:32.671066 #14 [frontend builder 4/15] COPY package.json pnpm-lock.yaml pnpm-workspace.yaml turbo.json tsconfig.json tsconfig.base.json ./
2026-Jan-19 16:53:32.671066 #14 DONE 0.1s
2026-Jan-19 16:53:32.671066
2026-Jan-19 16:53:32.671066 #9 [backend stage-1 3/10] RUN apk add --no-cache libc6-compat openssl curl chromium nss freetype harfbuzz
2026-Jan-19 16:53:32.671066 #9 1.707 ( 34/195) Installing shared-mime-info (2.4-r6)
2026-Jan-19 16:53:32.671066 #9 1.740 ( 35/195) Installing libjpeg-turbo (3.1.2-r0)
2026-Jan-19 16:53:32.671066 #9 1.753 ( 36/195) Installing libsharpyuv (1.6.0-r0)
2026-Jan-19 16:53:32.671066 #9 1.763 ( 37/195) Installing libwebp (1.6.0-r0)
2026-Jan-19 16:53:32.671066 #9 1.778 ( 38/195) Installing zstd-libs (1.5.7-r2)
2026-Jan-19 16:53:32.671066 #9 1.798 ( 39/195) Installing tiff (4.7.1-r0)
2026-Jan-19 16:53:32.671066 #9 1.811 ( 40/195) Installing gdk-pixbuf (2.44.4-r0)
2026-Jan-19 16:53:32.778137 #9 ...
2026-Jan-19 16:53:32.778137
2026-Jan-19 16:53:32.778137 #15 [frontend builder 5/15] COPY packages/frontend/package.json packages/frontend/tsconfig.json packages/frontend/
2026-Jan-19 16:53:32.778137 #15 DONE 0.1s
2026-Jan-19 16:53:32.778137
2026-Jan-19 16:53:32.778137 #16 [frontend builder 6/15] COPY packages/shared/package.json packages/shared/tsconfig.json packages/shared/
2026-Jan-19 16:53:32.778137 #16 DONE 0.1s
2026-Jan-19 16:53:32.778137
2026-Jan-19 16:53:32.778137 #9 [backend stage-1 3/10] RUN apk add --no-cache libc6-compat openssl curl chromium nss freetype harfbuzz
2026-Jan-19 16:53:32.778137 #9 1.831 ( 41/195) Installing gtk-update-icon-cache (3.24.51-r0)
2026-Jan-19 16:53:32.778137 #9 1.837 ( 42/195) Installing libxcomposite (0.4.6-r5)
2026-Jan-19 16:53:32.778137 #9 1.844 ( 43/195) Installing libxfixes (6.0.2-r0)
2026-Jan-19 16:53:32.778137 #9 1.851 ( 44/195) Installing libxrender (0.9.12-r0)
2026-Jan-19 16:53:32.778137 #9 1.859 ( 45/195) Installing libxcursor (1.2.3-r0)
2026-Jan-19 16:53:32.778137 #9 1.867 ( 46/195) Installing libxdamage (1.1.6-r5)
2026-Jan-19 16:53:32.778137 #9 1.877 ( 47/195) Installing libxi (1.8.2-r0)
2026-Jan-19 16:53:32.778137 #9 1.886 ( 48/195) Installing libxinerama (1.1.5-r4)
2026-Jan-19 16:53:32.778137 #9 1.890 ( 49/195) Installing libxrandr (1.5.4-r1)
2026-Jan-19 16:53:32.778137 #9 1.896 ( 50/195) Installing libatk-1.0 (2.58.3-r0)
2026-Jan-19 16:53:32.778137 #9 1.907 ( 51/195) Installing dbus-libs (1.16.2-r1)
2026-Jan-19 16:53:32.778137 #9 1.917 ( 52/195) Installing at-spi2-core-libs (2.58.3-r0)
2026-Jan-19 16:53:32.886488 #9 ...
2026-Jan-19 16:53:32.886488
2026-Jan-19 16:53:32.886488 #17 [frontend builder 7/15] COPY packages/backend/package.json packages/backend/
2026-Jan-19 16:53:32.886488 #17 DONE 0.1s
2026-Jan-19 16:53:32.886488
2026-Jan-19 16:53:32.886488 #11 [frontend stage-1 1/3] FROM docker.io/library/nginx:1.25-alpine@sha256:516475cc129da42866742567714ddc681e5eed7b9ee0b9e9c015e464b4221a00
2026-Jan-19 16:53:32.886488 #11 sha256:0d0c16747d2c6b6c26c064652afcb964c15f1b1e596ec052b2aa19b83948ae27 13.04MB / 13.04MB 0.6s done
2026-Jan-19 16:53:32.886488 #11 sha256:8a3742a9529dc5c00974dfcf5e465be9f1606ff8a1911527b3928cf86ad57465 1.40kB / 1.40kB 0.4s done
2026-Jan-19 16:53:32.886488 #11 sha256:5406ed7b06d9a94b5bd15843d2a1c7e38796a3ec5dc7f40f16f70cc1d045f453 1.21kB / 1.21kB 0.5s done
2026-Jan-19 16:53:32.886488 #11 extracting sha256:5406ed7b06d9a94b5bd15843d2a1c7e38796a3ec5dc7f40f16f70cc1d045f453 0.0s done
2026-Jan-19 16:53:32.886488 #11 extracting sha256:8a3742a9529dc5c00974dfcf5e465be9f1606ff8a1911527b3928cf86ad57465 0.0s done
2026-Jan-19 16:53:32.886488 #11 extracting sha256:0d0c16747d2c6b6c26c064652afcb964c15f1b1e596ec052b2aa19b83948ae27 0.7s done
2026-Jan-19 16:53:32.886488 #11 DONE 1.6s
2026-Jan-19 16:53:32.886488
2026-Jan-19 16:53:32.886488 #9 [backend stage-1 3/10] RUN apk add --no-cache libc6-compat openssl curl chromium nss freetype harfbuzz
2026-Jan-19 16:53:32.886488 #9 1.929 ( 53/195) Installing gdbm (1.26-r0)
2026-Jan-19 16:53:32.886488 #9 1.938 ( 54/195) Installing mpdecimal (4.0.1-r0)
2026-Jan-19 16:53:32.886488 #9 1.948 ( 55/195) Installing ncurses-terminfo-base (6.5_p20251123-r0)
2026-Jan-19 16:53:32.886488 #9 1.961 ( 56/195) Installing libncursesw (6.5_p20251123-r0)
2026-Jan-19 16:53:32.886488 #9 1.971 ( 57/195) Installing libpanelw (6.5_p20251123-r0)
2026-Jan-19 16:53:32.886488 #9 1.978 ( 58/195) Installing readline (8.3.1-r0)
2026-Jan-19 16:53:32.886488 #9 1.993 ( 59/195) Installing sqlite-libs (3.51.2-r0)
2026-Jan-19 16:53:32.986333 #9 2.035 ( 60/195) Installing python3 (3.12.12-r0)
2026-Jan-19 16:53:33.346566 #9 2.330 ( 61/195) Installing python3-pycache-pyc0 (3.12.12-r0)
2026-Jan-19 16:53:33.383159 #9 2.522 ( 62/195) Installing pyc (3.12.12-r0)
2026-Jan-19 16:53:33.383159 #9 2.522 ( 63/195) Installing python3-pyc (3.12.12-r0)
2026-Jan-19 16:53:33.383159 #9 2.522 ( 64/195) Installing libxtst (1.2.5-r0)
2026-Jan-19 16:53:33.487467 #9 2.535 ( 65/195) Installing at-spi2-core (2.58.3-r0)
2026-Jan-19 16:53:33.487467 #9 2.555 ( 66/195) Installing libatk-bridge-2.0 (2.58.3-r0)
2026-Jan-19 16:53:33.487467 #9 2.570 ( 67/195) Installing pixman (0.46.4-r0)
2026-Jan-19 16:53:33.487467 #9 2.588 ( 68/195) Installing cairo (1.18.4-r0)
2026-Jan-19 16:53:33.487467 #9 2.611 ( 69/195) Installing cairo-gobject (1.18.4-r0)
2026-Jan-19 16:53:33.487467 #9 2.618 ( 70/195) Installing avahi-libs (0.8-r23)
2026-Jan-19 16:53:33.487467 #9 2.627 ( 71/195) Installing gmp (6.3.0-r4)
2026-Jan-19 16:53:33.589273 #9 ...
2026-Jan-19 16:53:33.589273
2026-Jan-19 16:53:33.589273 #18 [frontend builder 8/15] RUN corepack enable
2026-Jan-19 16:53:33.589273 #18 DONE 0.7s
2026-Jan-19 16:53:33.589273
2026-Jan-19 16:53:33.589273 #9 [backend stage-1 3/10] RUN apk add --no-cache libc6-compat openssl curl chromium nss freetype harfbuzz
2026-Jan-19 16:53:33.589273 #9 2.642 ( 72/195) Installing nettle (3.10.2-r0)
2026-Jan-19 16:53:33.589273 #9 2.664 ( 73/195) Installing libunistring (1.4.1-r0)
2026-Jan-19 16:53:33.589273 #9 2.701 ( 74/195) Installing libidn2 (2.3.8-r0)
2026-Jan-19 16:53:33.589273 #9 2.715 ( 75/195) Installing libtasn1 (4.21.0-r0)
2026-Jan-19 16:53:33.589273 #9 2.730 ( 76/195) Installing p11-kit (0.25.5-r2)
2026-Jan-19 16:53:33.690757 #9 2.748 ( 77/195) Installing gnutls (3.8.11-r0)
2026-Jan-19 16:53:33.690757 #9 2.772 ( 78/195) Installing cups-libs (2.4.13-r0)
2026-Jan-19 16:53:33.690757 #9 2.787 ( 79/195) Installing libepoxy (1.5.10-r1)
2026-Jan-19 16:53:33.690757 #9 2.809 ( 80/195) Installing fribidi (1.0.16-r2)
2026-Jan-19 16:53:33.690757 #9 2.820 ( 81/195) Installing graphite2 (1.3.14-r6)
2026-Jan-19 16:53:33.690757 #9 2.829 ( 82/195) Installing harfbuzz (12.2.0-r0)
2026-Jan-19 16:53:33.797413 #9 2.854 ( 83/195) Installing libxft (2.3.9-r0)
2026-Jan-19 16:53:33.797413 #9 2.861 ( 84/195) Installing pango (1.56.4-r0)
2026-Jan-19 16:53:33.797413 #9 2.877 ( 85/195) Installing wayland-libs-client (1.24.0-r0)
2026-Jan-19 16:53:33.797413 #9 2.883 ( 86/195) Installing wayland-libs-cursor (1.24.0-r0)
2026-Jan-19 16:53:33.797413 #9 2.891 ( 87/195) Installing wayland-libs-egl (1.24.0-r0)
2026-Jan-19 16:53:33.797413 #9 2.899 ( 88/195) Installing xkeyboard-config (2.46-r0)
2026-Jan-19 16:53:33.912958 #9 2.970 ( 89/195) Installing libxkbcommon (1.12.2-r0)
2026-Jan-19 16:53:33.918449 #9 2.983 ( 90/195) Installing gtk+3.0 (3.24.51-r0)
2026-Jan-19 16:53:34.017660 #9 3.107 ( 91/195) Installing icu-data-full (76.1-r1)
2026-Jan-19 16:53:34.489452 #9 3.476 ( 92/195) Installing llvm21-libs (21.1.2-r1)
2026-Jan-19 16:53:35.959555 #9 5.099 ( 93/195) Installing spirv-tools (1.4.321.0-r1)
2026-Jan-19 16:53:36.061607 #9 5.154 ( 94/195) Installing libelf (0.194-r0)
2026-Jan-19 16:53:36.061607 #9 5.195 ( 95/195) Installing libxshmfence (1.3.3-r0)
2026-Jan-19 16:53:36.061607 #9 5.202 ( 96/195) Installing mesa (25.2.7-r1)
2026-Jan-19 16:53:36.459878 #9 5.600 ( 97/195) Installing mesa-gbm (25.2.7-r1)
2026-Jan-19 16:53:36.562972 #9 5.606 ( 98/195) Installing mesa-dri-gallium (25.2.7-r1)
2026-Jan-19 16:53:36.562972 #9 5.618 ( 99/195) Installing eudev-libs (3.2.14-r6)
2026-Jan-19 16:53:36.562972 #9 5.626 (100/195) Installing libmagic (5.46-r2)
2026-Jan-19 16:53:36.562972 #9 5.683 (101/195) Installing file (5.46-r2)
2026-Jan-19 16:53:36.562972 #9 5.689 (102/195) Installing xprop (1.2.8-r0)
2026-Jan-19 16:53:36.562972 #9 5.695 (103/195) Installing libice (1.1.2-r0)
2026-Jan-19 16:53:36.562972 #9 5.703 (104/195) Installing libuuid (2.41.2-r0)
2026-Jan-19 16:53:36.576629
2026-Jan-19 16:53:36.668260 #9 5.710 (105/195) Installing libsm (1.2.6-r0)
2026-Jan-19 16:53:36.668260 #9 5.716 (106/195) Installing libxt (1.3.1-r0)
2026-Jan-19 16:53:36.668260 #9 5.727 (107/195) Installing libxmu (1.2.1-r0)
2026-Jan-19 16:53:36.668260 #9 5.734 (108/195) Installing xset (1.2.5-r1)
2026-Jan-19 16:53:36.668260 #9 5.741 (109/195) Installing xdg-utils (1.2.1-r1)
2026-Jan-19 16:53:36.668260 #9 5.751 (110/195) Installing libogg (1.3.6-r0)
2026-Jan-19 16:53:36.668260 #9 5.758 (111/195) Installing libflac (1.4.3-r2)
2026-Jan-19 16:53:36.668260 #9 5.770 (112/195) Installing alsa-lib (1.2.14-r2)
2026-Jan-19 16:53:36.668260 #9 5.807 (113/195) Installing libSvtAv1Enc (3.1.2-r0)
2026-Jan-19 16:53:36.768738 #9 ...
2026-Jan-19 16:53:36.768738
2026-Jan-19 16:53:36.768738 #19 [frontend builder 9/15] RUN pnpm config set node-linker hoisted
2026-Jan-19 16:53:36.768738 #19 0.422 ! Corepack is about to download https://registry.npmjs.org/pnpm/-/pnpm-9.0.0.tgz
2026-Jan-19 16:53:36.768738 #19 DONE 3.2s
2026-Jan-19 16:53:36.768738
2026-Jan-19 16:53:36.768738 #9 [backend stage-1 3/10] RUN apk add --no-cache libc6-compat openssl curl chromium nss freetype harfbuzz
2026-Jan-19 16:53:36.768738 #9 5.903 (114/195) Installing aom-libs (3.13.1-r0)
2026-Jan-19 16:53:36.876753 #9 6.003 (115/195) Installing libva (2.22.0-r1)
2026-Jan-19 16:53:36.876753 #9 6.013 (116/195) Installing libvdpau (1.5-r4)
2026-Jan-19 16:53:37.024596 #9 6.029 (117/195) Installing libvpl (2.15.0-r1)
2026-Jan-19 16:53:37.024596 #9 6.044 (118/195) Installing ffmpeg-libavutil (8.0.1-r1)
2026-Jan-19 16:53:37.024596 #9 6.062 (119/195) Installing libdav1d (1.5.2-r0)
2026-Jan-19 16:53:37.024596 #9 6.088 (120/195) Installing libhwy (1.3.0-r0)
2026-Jan-19 16:53:37.024596 #9 6.095 (121/195) Installing lcms2 (2.17-r0)
2026-Jan-19 16:53:37.024596 #9 6.105 (122/195) Installing libjxl (0.11.1-r3)
2026-Jan-19 16:53:37.024596 #9 6.162 (123/195) Installing lame-libs (3.100-r5)
2026-Jan-19 16:53:37.123102 #9 6.174 (124/195) Installing opus (1.5.2-r1)
2026-Jan-19 16:53:37.123102 #9 6.195 (125/195) Installing rav1e-libs (0.8.1-r0)
2026-Jan-19 16:53:37.123102 #9 6.233 (126/195) Installing glslang-libs (1.4.321.0-r0)
2026-Jan-19 16:53:37.123102 #9 6.263 (127/195) Installing shaderc (2025.3-r0)
2026-Jan-19 16:53:37.225955 #9 6.274 (128/195) Installing libgomp (15.2.0-r2)
2026-Jan-19 16:53:37.225955 #9 6.285 (129/195) Installing soxr (0.1.3-r7)
2026-Jan-19 16:53:37.225955 #9 6.295 (130/195) Installing ffmpeg-libswresample (8.0.1-r1)
2026-Jan-19 16:53:37.225955 #9 6.307 (131/195) Installing libtheora (1.2.0-r0)
2026-Jan-19 16:53:37.225955 #9 6.328 (132/195) Installing libvorbis (1.3.7-r2)
2026-Jan-19 16:53:37.225955 #9 6.346 (133/195) Installing libvpx (1.15.2-r0)
2026-Jan-19 16:53:37.339162 #9 6.395 (134/195) Installing libwebpmux (1.6.0-r0)
2026-Jan-19 16:53:37.339162 #9 6.402 (135/195) Installing x264-libs (0.164.3108-r1)
2026-Jan-19 16:53:37.339162 #9 6.442 (136/195) Installing numactl (2.0.18-r0)
2026-Jan-19 16:53:37.339162 #9 6.456 (137/195) Installing x265-libs (4.1-r0)
2026-Jan-19 16:53:37.451331 #9 6.589 (138/195) Installing xvidcore (1.3.7-r2)
2026-Jan-19 16:53:37.557174 #9 6.602 (139/195) Installing ffmpeg-libavcodec (8.0.1-r1)
2026-Jan-19 16:53:37.698695 #9 6.836 (140/195) Installing libudfread (1.2.0-r0)
2026-Jan-19 16:53:37.800862 #9 6.843 (141/195) Installing libbluray (1.4.0-r0)
2026-Jan-19 16:53:37.800862 #9 6.852 (142/195) Installing mpg123-libs (1.33.3-r0)
2026-Jan-19 16:53:37.800862 #9 6.864 (143/195) Installing libopenmpt (0.8.3-r0)
2026-Jan-19 16:53:37.800862 #9 6.888 (144/195) Installing cjson (1.7.19-r1)
2026-Jan-19 16:53:37.800862 #9 6.896 (145/195) Installing mbedtls (3.6.5-r0)
2026-Jan-19 16:53:37.800862 #9 6.924 (146/195) Installing librist (0.2.10-r1)
2026-Jan-19 16:53:37.800862 #9 6.933 (147/195) Installing libsrt (1.5.3-r1)
2026-Jan-19 16:53:37.936072 #9 6.953 (148/195) Installing libssh (0.11.3-r0)
2026-Jan-19 16:53:37.936072 #9 6.983 (149/195) Installing libsodium (1.0.20-r1)
2026-Jan-19 16:53:37.936072 #9 6.993 (150/195) Installing libzmq (4.3.5-r2)
2026-Jan-19 16:53:37.936072 #9 7.009 (151/195) Installing ffmpeg-libavformat (8.0.1-r1)
2026-Jan-19 16:53:38.038273 #9 7.088 (152/195) Installing crc32c (1.1.2-r3)
2026-Jan-19 16:53:38.038273 #9 7.100 (153/195) Installing double-conversion (3.3.1-r0)
2026-Jan-19 16:53:38.038273 #9 7.109 (154/195) Installing harfbuzz-subset (12.2.0-r0)
2026-Jan-19 16:53:38.038273 #9 7.132 (155/195) Installing minizip (1.3.1-r0)
2026-Jan-19 16:53:38.038273 #9 7.141 (156/195) Installing nspr (4.36-r0)
2026-Jan-19 16:53:38.038273 #9 7.153 (157/195) Installing nss (3.118.1-r0)
2026-Jan-19 16:53:38.138836 #9 7.207 (158/195) Installing openh264 (2.6.0-r0)
2026-Jan-19 16:53:38.138836 #9 7.244 (159/195) Installing libcamera-ipa (0.6.0-r0)
2026-Jan-19 16:53:38.138836 #9 7.254 (160/195) Installing libunwind (1.8.1-r0)
2026-Jan-19 16:53:38.138836 #9 7.269 (161/195) Installing yaml (0.2.5-r2)
2026-Jan-19 16:53:38.138836 #9 7.278 (162/195) Installing libcamera (0.6.0-r0)
2026-Jan-19 16:53:38.239267 #9 7.311 (163/195) Installing serd-libs (0.32.4-r0)
2026-Jan-19 16:53:38.239267 #9 7.321 (164/195) Installing zix-libs (0.6.2-r0)
2026-Jan-19 16:53:38.239267 #9 7.329 (165/195) Installing sord-libs (0.16.18-r0)
2026-Jan-19 16:53:38.239267 #9 7.335 (166/195) Installing sratom (0.6.18-r0)
2026-Jan-19 16:53:38.239267 #9 7.342 (167/195) Installing lilv-libs (0.24.26-r0)
2026-Jan-19 16:53:38.239267 #9 7.353 (168/195) Installing speexdsp (1.2.1-r2)
2026-Jan-19 16:53:38.239267 #9 7.372 (169/195) Installing libuv (1.51.0-r0)
2026-Jan-19 16:53:38.239267 #9 7.380 (170/195) Installing roc-toolkit-libs (0.4.0-r1)
2026-Jan-19 16:53:38.345862 #9 7.404 (171/195) Installing libsndfile (1.2.2-r2)
2026-Jan-19 16:53:38.345862 #9 7.422 (172/195) Installing abseil-cpp-raw-logging-internal (20250814.1-r0)
2026-Jan-19 16:53:38.345862 #9 7.431 (173/195) Installing abseil-cpp-strings-internal (20250814.1-r0)
2026-Jan-19 16:53:38.345862 #9 7.436 (174/195) Installing abseil-cpp-strings (20250814.1-r0)
2026-Jan-19 16:53:38.345862 #9 7.445 (175/195) Installing webrtc-audio-processing-2 (2.1-r1)
2026-Jan-19 16:53:38.345862 #9 7.462 (176/195) Installing pipewire-libs (1.4.9-r4)
2026-Jan-19 16:53:38.456980 #9 7.559 (177/195) Installing libasyncns (0.8-r4)
2026-Jan-19 16:53:38.456980 #9 7.565 (178/195) Installing libltdl (2.5.4-r2)
2026-Jan-19 16:53:38.456980 #9 7.573 (179/195) Installing orc (0.4.41-r0)
2026-Jan-19 16:53:38.456980 #9 7.593 (180/195) Installing tdb-libs (1.4.14-r0)
2026-Jan-19 16:53:38.562265 #9 7.600 (181/195) Installing libpulse (17.0-r5)
2026-Jan-19 16:53:38.562265 #9 7.627 (182/195) Installing simdutf (7.5.0-r0)
2026-Jan-19 16:53:38.562265 #9 7.644 (183/195) Installing libwebpdemux (1.6.0-r0)
2026-Jan-19 16:53:38.562265 #9 7.654 (184/195) Installing libxslt (1.1.43-r3)
2026-Jan-19 16:53:38.562265 #9 7.670 (185/195) Installing chromium (143.0.7499.169-r0)
2026-Jan-19 16:53:41.014202 #9 ...
2026-Jan-19 16:53:41.014202
2026-Jan-19 16:53:41.014202 #20 [backend builder 3/15] RUN apk add --no-cache libc6-compat openssl chromium nss freetype harfbuzz
2026-Jan-19 16:53:41.014202 #20 1.209 ( 1/189) Installing libxau (1.0.12-r0)
2026-Jan-19 16:53:41.014202 #20 1.218 ( 2/189) Installing libmd (1.1.0-r0)
2026-Jan-19 16:53:41.014202 #20 1.225 ( 3/189) Installing libbsd (0.12.2-r0)
2026-Jan-19 16:53:41.014202 #20 1.234 ( 4/189) Installing libxdmcp (1.1.5-r1)
2026-Jan-19 16:53:41.014202 #20 1.245 ( 5/189) Installing libxcb (1.17.0-r1)
2026-Jan-19 16:53:41.014202 #20 1.265 ( 6/189) Installing libx11 (1.8.12-r1)
2026-Jan-19 16:53:41.014202 #20 1.326 ( 7/189) Installing libxext (1.3.6-r2)
2026-Jan-19 16:53:41.014202 #20 1.337 ( 8/189) Installing hwdata-pci (0.401-r0)
2026-Jan-19 16:53:41.014202 #20 1.356 ( 9/189) Installing libpciaccess (0.18.1-r1)
2026-Jan-19 16:53:41.014202 #20 1.362 ( 10/189) Installing libdrm (2.4.131-r0)
2026-Jan-19 16:53:41.014202 #20 1.381 ( 11/189) Installing chromium-angle (143.0.7499.169-r0)
2026-Jan-19 16:53:41.014202 #20 1.467 ( 12/189) Installing chromium-common (143.0.7499.169-r0)
2026-Jan-19 16:53:41.014202 #20 1.486 ( 13/189) Installing libexpat (2.7.3-r0)
2026-Jan-19 16:53:41.014202 #20 1.494 ( 14/189) Installing brotli-libs (1.2.0-r0)
2026-Jan-19 16:53:41.014202 #20 1.513 ( 15/189) Installing libbz2 (1.0.8-r6)
2026-Jan-19 16:53:41.014202 #20 1.519 ( 16/189) Installing libpng (1.6.53-r0)
2026-Jan-19 16:53:41.014202 #20 1.526 ( 17/189) Installing freetype (2.14.1-r0)
2026-Jan-19 16:53:41.014202 #20 1.543 ( 18/189) Installing fontconfig (2.17.1-r0)
2026-Jan-19 16:53:41.014202 #20 1.588 ( 19/189) Installing libfontenc (1.1.8-r0)
2026-Jan-19 16:53:41.014202 #20 1.594 ( 20/189) Installing mkfontscale (1.2.3-r1)
2026-Jan-19 16:53:41.014202 #20 1.602 ( 21/189) Installing font-opensans (0_git20210927-r1)
2026-Jan-19 16:53:41.014202 #20 1.673 ( 22/189) Installing libffi (3.5.2-r0)
2026-Jan-19 16:53:41.014202 #20 1.680 ( 23/189) Installing libintl (0.24.1-r1)
2026-Jan-19 16:53:41.014202 #20 1.687 ( 24/189) Installing libeconf (0.8.0-r0)
2026-Jan-19 16:53:41.014202 #20 1.701 ( 25/189) Installing libblkid (2.41.2-r0)
2026-Jan-19 16:53:41.014202 #20 1.712 ( 26/189) Installing libmount (2.41.2-r0)
2026-Jan-19 16:53:41.014202 #20 1.731 ( 27/189) Installing pcre2 (10.47-r0)
2026-Jan-19 16:53:41.014202 #20 1.751 ( 28/189) Installing glib (2.86.3-r0)
2026-Jan-19 16:53:41.014202 #20 1.822 ( 29/189) Installing gobject-introspection (1.86.0-r0)
2026-Jan-19 16:53:41.014202 #20 1.834 ( 30/189) Installing pkgconf (2.5.1-r0)
2026-Jan-19 16:53:41.014202 #20 1.842 ( 31/189) Installing hicolor-icon-theme (0.18-r0)
2026-Jan-19 16:53:41.014202 #20 1.930 ( 32/189) Installing xz-libs (5.8.2-r0)
2026-Jan-19 16:53:41.014202 #20 1.941 ( 33/189) Installing libxml2 (2.13.9-r0)
2026-Jan-19 16:53:41.014202 #20 1.968 ( 34/189) Installing shared-mime-info (2.4-r6)
2026-Jan-19 16:53:41.014202 #20 1.998 ( 35/189) Installing libjpeg-turbo (3.1.2-r0)
2026-Jan-19 16:53:41.014202 #20 2.021 ( 36/189) Installing libsharpyuv (1.6.0-r0)
2026-Jan-19 16:53:41.014202 #20 2.026 ( 37/189) Installing libwebp (1.6.0-r0)
2026-Jan-19 16:53:41.014202 #20 2.044 ( 38/189) Installing zstd-libs (1.5.7-r2)
2026-Jan-19 16:53:41.014202 #20 2.069 ( 39/189) Installing tiff (4.7.1-r0)
2026-Jan-19 16:53:41.014202 #20 2.083 ( 40/189) Installing gdk-pixbuf (2.44.4-r0)
2026-Jan-19 16:53:41.014202 #20 2.102 ( 41/189) Installing gtk-update-icon-cache (3.24.51-r0)
2026-Jan-19 16:53:41.014202 #20 2.108 ( 42/189) Installing libxcomposite (0.4.6-r5)
2026-Jan-19 16:53:41.014202 #20 2.115 ( 43/189) Installing libxfixes (6.0.2-r0)
2026-Jan-19 16:53:41.014202 #20 2.125 ( 44/189) Installing libxrender (0.9.12-r0)
2026-Jan-19 16:53:41.014202 #20 2.134 ( 45/189) Installing libxcursor (1.2.3-r0)
2026-Jan-19 16:53:41.014202 #20 2.142 ( 46/189) Installing libxdamage (1.1.6-r5)
2026-Jan-19 16:53:41.014202 #20 2.148 ( 47/189) Installing libxi (1.8.2-r0)
2026-Jan-19 16:53:41.014202 #20 2.158 ( 48/189) Installing libxinerama (1.1.5-r4)
2026-Jan-19 16:53:41.014202 #20 2.167 ( 49/189) Installing libxrandr (1.5.4-r1)
2026-Jan-19 16:53:41.014202 #20 2.173 ( 50/189) Installing libatk-1.0 (2.58.3-r0)
2026-Jan-19 16:53:41.014202 #20 2.184 ( 51/189) Installing dbus-libs (1.16.2-r1)
2026-Jan-19 16:53:41.014202 #20 2.199 ( 52/189) Installing at-spi2-core-libs (2.58.3-r0)
2026-Jan-19 16:53:41.014202 #20 2.209 ( 53/189) Installing gdbm (1.26-r0)
2026-Jan-19 16:53:41.014202 #20 2.215 ( 54/189) Installing mpdecimal (4.0.1-r0)
2026-Jan-19 16:53:41.014202 #20 2.222 ( 55/189) Installing ncurses-terminfo-base (6.5_p20251123-r0)
2026-Jan-19 16:53:41.014202 #20 2.234 ( 56/189) Installing libncursesw (6.5_p20251123-r0)
2026-Jan-19 16:53:41.014202 #20 2.243 ( 57/189) Installing libpanelw (6.5_p20251123-r0)
2026-Jan-19 16:53:41.014202 #20 2.248 ( 58/189) Installing readline (8.3.1-r0)
2026-Jan-19 16:53:41.014202 #20 2.257 ( 59/189) Installing sqlite-libs (3.51.2-r0)
2026-Jan-19 16:53:41.014202 #20 2.282 ( 60/189) Installing python3 (3.12.12-r0)
2026-Jan-19 16:53:41.014202 #20 2.637 ( 61/189) Installing python3-pycache-pyc0 (3.12.12-r0)
2026-Jan-19 16:53:41.014202 #20 2.813 ( 62/189) Installing pyc (3.12.12-r0)
2026-Jan-19 16:53:41.014202 #20 2.813 ( 63/189) Installing python3-pyc (3.12.12-r0)
2026-Jan-19 16:53:41.014202 #20 2.813 ( 64/189) Installing libxtst (1.2.5-r0)
2026-Jan-19 16:53:41.014202 #20 2.820 ( 65/189) Installing at-spi2-core (2.58.3-r0)
2026-Jan-19 16:53:41.014202 #20 2.831 ( 66/189) Installing libatk-bridge-2.0 (2.58.3-r0)
2026-Jan-19 16:53:41.014202 #20 2.846 ( 67/189) Installing pixman (0.46.4-r0)
2026-Jan-19 16:53:41.014202 #20 2.858 ( 68/189) Installing cairo (1.18.4-r0)
2026-Jan-19 16:53:41.014202 #20 2.878 ( 69/189) Installing cairo-gobject (1.18.4-r0)
2026-Jan-19 16:53:41.014202 #20 2.885 ( 70/189) Installing avahi-libs (0.8-r23)
2026-Jan-19 16:53:41.014202 #20 2.905 ( 71/189) Installing gmp (6.3.0-r4)
2026-Jan-19 16:53:41.014202 #20 2.922 ( 72/189) Installing nettle (3.10.2-r0)
2026-Jan-19 16:53:41.014202 #20 2.937 ( 73/189) Installing libunistring (1.4.1-r0)
2026-Jan-19 16:53:41.014202 #20 2.960 ( 74/189) Installing libidn2 (2.3.8-r0)
2026-Jan-19 16:53:41.014202 #20 2.967 ( 75/189) Installing libtasn1 (4.21.0-r0)
2026-Jan-19 16:53:41.014202 #20 2.976 ( 76/189) Installing p11-kit (0.25.5-r2)
2026-Jan-19 16:53:41.014202 #20 2.994 ( 77/189) Installing gnutls (3.8.11-r0)
2026-Jan-19 16:53:41.014202 #20 3.022 ( 78/189) Installing cups-libs (2.4.13-r0)
2026-Jan-19 16:53:41.014202 #20 3.053 ( 79/189) Installing libepoxy (1.5.10-r1)
2026-Jan-19 16:53:41.014202 #20 3.071 ( 80/189) Installing fribidi (1.0.16-r2)
2026-Jan-19 16:53:41.014202 #20 3.083 ( 81/189) Installing graphite2 (1.3.14-r6)
2026-Jan-19 16:53:41.014202 #20 3.090 ( 82/189) Installing harfbuzz (12.2.0-r0)
2026-Jan-19 16:53:41.014202 #20 3.117 ( 83/189) Installing libxft (2.3.9-r0)
2026-Jan-19 16:53:41.014202 #20 3.124 ( 84/189) Installing pango (1.56.4-r0)
2026-Jan-19 16:53:41.014202 #20 3.141 ( 85/189) Installing wayland-libs-client (1.24.0-r0)
2026-Jan-19 16:53:41.014202 #20 3.149 ( 86/189) Installing wayland-libs-cursor (1.24.0-r0)
2026-Jan-19 16:53:41.014202 #20 3.158 ( 87/189) Installing wayland-libs-egl (1.24.0-r0)
2026-Jan-19 16:53:41.014202 #20 3.169 ( 88/189) Installing xkeyboard-config (2.46-r0)
2026-Jan-19 16:53:41.014202 #20 3.238 ( 89/189) Installing libxkbcommon (1.12.2-r0)
2026-Jan-19 16:53:41.014202 #20 3.248 ( 90/189) Installing gtk+3.0 (3.24.51-r0)
2026-Jan-19 16:53:41.014202 #20 3.400 ( 91/189) Installing icu-data-full (76.1-r1)
2026-Jan-19 16:53:41.014202 #20 3.684 ( 92/189) Installing llvm21-libs (21.1.2-r1)
2026-Jan-19 16:53:41.014202 #20 5.332 ( 93/189) Installing spirv-tools (1.4.321.0-r1)
2026-Jan-19 16:53:41.014202 #20 5.385 ( 94/189) Installing libelf (0.194-r0)
2026-Jan-19 16:53:41.014202 #20 5.391 ( 95/189) Installing libxshmfence (1.3.3-r0)
2026-Jan-19 16:53:41.014202 #20 5.400 ( 96/189) Installing mesa (25.2.7-r1)
2026-Jan-19 16:53:41.014202 #20 5.768 ( 97/189) Installing mesa-gbm (25.2.7-r1)
2026-Jan-19 16:53:41.014202 #20 5.782 ( 98/189) Installing mesa-dri-gallium (25.2.7-r1)
2026-Jan-19 16:53:41.014202 #20 5.794 ( 99/189) Installing eudev-libs (3.2.14-r6)
2026-Jan-19 16:53:41.014202 #20 5.803 (100/189) Installing libmagic (5.46-r2)
2026-Jan-19 16:53:41.014202 #20 5.859 (101/189) Installing file (5.46-r2)
2026-Jan-19 16:53:41.014202 #20 5.864 (102/189) Installing xprop (1.2.8-r0)
2026-Jan-19 16:53:41.014202 #20 5.872 (103/189) Installing libice (1.1.2-r0)
2026-Jan-19 16:53:41.014202 #20 5.879 (104/189) Installing libuuid (2.41.2-r0)
2026-Jan-19 16:53:41.014202 #20 5.887 (105/189) Installing libsm (1.2.6-r0)
2026-Jan-19 16:53:41.014202 #20 5.897 (106/189) Installing libxt (1.3.1-r0)
2026-Jan-19 16:53:41.014202 #20 5.909 (107/189) Installing libxmu (1.2.1-r0)
2026-Jan-19 16:53:41.014202 #20 5.919 (108/189) Installing xset (1.2.5-r1)
2026-Jan-19 16:53:41.014202 #20 5.926 (109/189) Installing xdg-utils (1.2.1-r1)
2026-Jan-19 16:53:41.014202 #20 5.935 (110/189) Installing libogg (1.3.6-r0)
2026-Jan-19 16:53:41.014202 #20 5.945 (111/189) Installing libflac (1.4.3-r2)
2026-Jan-19 16:53:41.014202 #20 5.958 (112/189) Installing alsa-lib (1.2.14-r2)
2026-Jan-19 16:53:41.014202 #20 5.991 (113/189) Installing libSvtAv1Enc (3.1.2-r0)
2026-Jan-19 16:53:41.014202 #20 6.080 (114/189) Installing aom-libs (3.13.1-r0)
2026-Jan-19 16:53:41.014202 #20 6.163 (115/189) Installing libva (2.22.0-r1)
2026-Jan-19 16:53:41.014202 #20 6.172 (116/189) Installing libvdpau (1.5-r4)
2026-Jan-19 16:53:41.014202 #20 6.185 (117/189) Installing libvpl (2.15.0-r1)
2026-Jan-19 16:53:41.014202 #20 6.197 (118/189) Installing ffmpeg-libavutil (8.0.1-r1)
2026-Jan-19 16:53:41.014202 #20 6.214 (119/189) Installing libdav1d (1.5.2-r0)
2026-Jan-19 16:53:41.014202 #20 6.235 (120/189) Installing libhwy (1.3.0-r0)
2026-Jan-19 16:53:41.014202 #20 6.242 (121/189) Installing lcms2 (2.17-r0)
2026-Jan-19 16:53:41.014202 #20 6.253 (122/189) Installing libjxl (0.11.1-r3)
2026-Jan-19 16:53:41.014202 #20 6.307 (123/189) Installing lame-libs (3.100-r5)
2026-Jan-19 16:53:41.014202 #20 6.321 (124/189) Installing opus (1.5.2-r1)
2026-Jan-19 16:53:41.014202 #20 6.336 (125/189) Installing rav1e-libs (0.8.1-r0)
2026-Jan-19 16:53:41.014202 #20 6.366 (126/189) Installing glslang-libs (1.4.321.0-r0)
2026-Jan-19 16:53:41.014202 #20 6.394 (127/189) Installing shaderc (2025.3-r0)
2026-Jan-19 16:53:41.014202 #20 6.403 (128/189) Installing libgomp (15.2.0-r2)
2026-Jan-19 16:53:41.014202 #20 6.415 (129/189) Installing soxr (0.1.3-r7)
2026-Jan-19 16:53:41.014202 #20 6.425 (130/189) Installing ffmpeg-libswresample (8.0.1-r1)
2026-Jan-19 16:53:41.014202 #20 6.434 (131/189) Installing libtheora (1.2.0-r0)
2026-Jan-19 16:53:41.014202 #20 6.460 (132/189) Installing libvorbis (1.3.7-r2)
2026-Jan-19 16:53:41.014202 #20 6.476 (133/189) Installing libvpx (1.15.2-r0)
2026-Jan-19 16:53:41.014202 #20 6.518 (134/189) Installing libwebpmux (1.6.0-r0)
2026-Jan-19 16:53:41.014202 #20 6.524 (135/189) Installing x264-libs (0.164.3108-r1)
2026-Jan-19 16:53:41.014202 #20 6.553 (136/189) Installing numactl (2.0.18-r0)
2026-Jan-19 16:53:41.014202 #20 6.564 (137/189) Installing x265-libs (4.1-r0)
2026-Jan-19 16:53:41.014202 #20 6.698 (138/189) Installing xvidcore (1.3.7-r2)
2026-Jan-19 16:53:41.014202 #20 6.711 (139/189) Installing ffmpeg-libavcodec (8.0.1-r1)
2026-Jan-19 16:53:41.014202 #20 6.916 (140/189) Installing libudfread (1.2.0-r0)
2026-Jan-19 16:53:41.014202 #20 6.931 (141/189) Installing libbluray (1.4.0-r0)
2026-Jan-19 16:53:41.014202 #20 6.940 (142/189) Installing mpg123-libs (1.33.3-r0)
2026-Jan-19 16:53:41.014202 #20 6.954 (143/189) Installing libopenmpt (0.8.3-r0)
2026-Jan-19 16:53:41.014202 #20 6.977 (144/189) Installing cjson (1.7.19-r1)
2026-Jan-19 16:53:41.014202 #20 6.984 (145/189) Installing mbedtls (3.6.5-r0)
2026-Jan-19 16:53:41.014202 #20 7.004 (146/189) Installing librist (0.2.10-r1)
2026-Jan-19 16:53:41.014202 #20 7.013 (147/189) Installing libsrt (1.5.3-r1)
2026-Jan-19 16:53:41.014202 #20 7.038 (148/189) Installing libssh (0.11.3-r0)
2026-Jan-19 16:53:41.014202 #20 7.076 (149/189) Installing libsodium (1.0.20-r1)
2026-Jan-19 16:53:41.014202 #20 7.091 (150/189) Installing libzmq (4.3.5-r2)
2026-Jan-19 16:53:41.014202 #20 7.111 (151/189) Installing ffmpeg-libavformat (8.0.1-r1)
2026-Jan-19 16:53:41.014202 #20 7.158 (152/189) Installing crc32c (1.1.2-r3)
2026-Jan-19 16:53:41.014202 #20 7.167 (153/189) Installing double-conversion (3.3.1-r0)
2026-Jan-19 16:53:41.014202 #20 7.177 (154/189) Installing harfbuzz-subset (12.2.0-r0)
2026-Jan-19 16:53:41.014202 #20 7.207 (155/189) Installing minizip (1.3.1-r0)
2026-Jan-19 16:53:41.014202 #20 7.215 (156/189) Installing nspr (4.36-r0)
2026-Jan-19 16:53:41.014202 #20 7.228 (157/189) Installing nss (3.118.1-r0)
2026-Jan-19 16:53:41.014202 #20 7.279 (158/189) Installing openh264 (2.6.0-r0)
2026-Jan-19 16:53:41.014202 #20 7.306 (159/189) Installing libcamera-ipa (0.6.0-r0)
2026-Jan-19 16:53:41.014202 #20 7.315 (160/189) Installing libunwind (1.8.1-r0)
2026-Jan-19 16:53:41.014202 #20 7.326 (161/189) Installing yaml (0.2.5-r2)
2026-Jan-19 16:53:41.014202 #20 7.333 (162/189) Installing libcamera (0.6.0-r0)
2026-Jan-19 16:53:41.014202 #20 7.369 (163/189) Installing serd-libs (0.32.4-r0)
2026-Jan-19 16:53:41.014202 #20 7.376 (164/189) Installing zix-libs (0.6.2-r0)
2026-Jan-19 16:53:41.014202 #20 7.385 (165/189) Installing sord-libs (0.16.18-r0)
2026-Jan-19 16:53:41.014202 #20 7.397 (166/189) Installing sratom (0.6.18-r0)
2026-Jan-19 16:53:41.014202 #20 7.405 (167/189) Installing lilv-libs (0.24.26-r0)
2026-Jan-19 16:53:41.014202 #20 7.415 (168/189) Installing speexdsp (1.2.1-r2)
2026-Jan-19 16:53:41.014202 #20 7.423 (169/189) Installing libuv (1.51.0-r0)
2026-Jan-19 16:53:41.014202 #20 7.435 (170/189) Installing roc-toolkit-libs (0.4.0-r1)
2026-Jan-19 16:53:41.014202 #20 7.463 (171/189) Installing libsndfile (1.2.2-r2)
2026-Jan-19 16:53:41.014202 #20 7.486 (172/189) Installing abseil-cpp-raw-logging-internal (20250814.1-r0)
2026-Jan-19 16:53:41.014202 #20 7.491 (173/189) Installing abseil-cpp-strings-internal (20250814.1-r0)
2026-Jan-19 16:53:41.014202 #20 7.502 (174/189) Installing abseil-cpp-strings (20250814.1-r0)
2026-Jan-19 16:53:41.014202 #20 7.512 (175/189) Installing webrtc-audio-processing-2 (2.1-r1)
2026-Jan-19 16:53:41.014202 #20 7.526 (176/189) Installing pipewire-libs (1.4.9-r4)
2026-Jan-19 16:53:41.014202 #20 7.632 (177/189) Installing libasyncns (0.8-r4)
2026-Jan-19 16:53:41.014202 #20 7.640 (178/189) Installing libltdl (2.5.4-r2)
2026-Jan-19 16:53:41.014202 #20 7.647 (179/189) Installing orc (0.4.41-r0)
2026-Jan-19 16:53:41.014202 #20 7.657 (180/189) Installing tdb-libs (1.4.14-r0)
2026-Jan-19 16:53:41.014202 #20 7.665 (181/189) Installing libpulse (17.0-r5)
2026-Jan-19 16:53:41.014202 #20 7.688 (182/189) Installing simdutf (7.5.0-r0)
2026-Jan-19 16:53:41.014202 #20 7.702 (183/189) Installing libwebpdemux (1.6.0-r0)
2026-Jan-19 16:53:41.014202 #20 7.710 (184/189) Installing libxslt (1.1.43-r3)
2026-Jan-19 16:53:41.014202 #20 7.720 (185/189) Installing chromium (143.0.7499.169-r0)
2026-Jan-19 16:53:41.452923 #20 10.55 (186/189) Installing musl-obstack (1.2.3-r2)
2026-Jan-19 16:53:41.470309 #20 10.59 (187/189) Installing libucontext (1.3.3-r0)
2026-Jan-19 16:53:41.586488 #20 10.61 (188/189) Installing gcompat (1.1.0-r4)
2026-Jan-19 16:53:41.586488 #20 10.63 (189/189) Installing openssl (3.5.4-r0)
2026-Jan-19 16:53:41.586488 #20 10.67 Executing busybox-1.37.0-r30.trigger
2026-Jan-19 16:53:41.586488 #20 10.69 Executing fontconfig-2.17.1-r0.trigger
2026-Jan-19 16:53:41.586488 #20 10.73 Executing mkfontscale-1.2.3-r1.trigger
2026-Jan-19 16:53:41.697074 #20 10.76 Executing glib-2.86.3-r0.trigger
2026-Jan-19 16:53:41.697074 #20 10.78 Executing shared-mime-info-2.4-r6.trigger
2026-Jan-19 16:53:41.697074 #20 ...
2026-Jan-19 16:53:41.697074
2026-Jan-19 16:53:41.697074 #9 [backend stage-1 3/10] RUN apk add --no-cache libc6-compat openssl curl chromium nss freetype harfbuzz
2026-Jan-19 16:53:41.697074 #9 10.79 (186/195) Installing c-ares (1.34.6-r0)
2026-Jan-19 16:53:41.697074 #9 10.80 (187/195) Installing nghttp2-libs (1.68.0-r0)
2026-Jan-19 16:53:41.697074 #9 10.81 (188/195) Installing nghttp3 (1.13.1-r0)
2026-Jan-19 16:53:41.697074 #9 10.82 (189/195) Installing libpsl (0.21.5-r3)
2026-Jan-19 16:53:41.697074 #9 10.82 (190/195) Installing libcurl (8.17.0-r1)
2026-Jan-19 16:53:41.697074 #9 10.84 (191/195) Installing curl (8.17.0-r1)
2026-Jan-19 16:53:41.804075 #9 10.85 (192/195) Installing musl-obstack (1.2.3-r2)
2026-Jan-19 16:53:41.804075 #9 10.85 (193/195) Installing libucontext (1.3.3-r0)
2026-Jan-19 16:53:41.804075 #9 10.86 (194/195) Installing gcompat (1.1.0-r4)
2026-Jan-19 16:53:41.804075 #9 10.88 (195/195) Installing openssl (3.5.4-r0)
2026-Jan-19 16:53:41.804075 #9 10.89 Executing busybox-1.37.0-r30.trigger
2026-Jan-19 16:53:41.804075 #9 10.90 Executing fontconfig-2.17.1-r0.trigger
2026-Jan-19 16:53:41.804075 #9 10.94 Executing mkfontscale-1.2.3-r1.trigger
2026-Jan-19 16:53:42.023475 #9 10.98 Executing glib-2.86.3-r0.trigger
2026-Jan-19 16:53:42.023475 #9 11.01 Executing shared-mime-info-2.4-r6.trigger
2026-Jan-19 16:53:42.728412 #9 11.87 Executing gdk-pixbuf-2.44.4-r0.trigger
2026-Jan-19 16:53:42.846391 #9 11.90 Executing gtk-update-icon-cache-3.24.51-r0.trigger
2026-Jan-19 16:53:42.846391 #9 11.99 Executing gtk+3.0-3.24.51-r0.trigger
2026-Jan-19 16:53:42.981808 #9 12.12 OK: 729.0 MiB in 213 packages
2026-Jan-19 16:53:43.134128 #9 ...
2026-Jan-19 16:53:43.134128
2026-Jan-19 16:53:43.134128 #20 [backend builder 3/15] RUN apk add --no-cache libc6-compat openssl chromium nss freetype harfbuzz
2026-Jan-19 16:53:43.134128 #20 11.57 Executing gdk-pixbuf-2.44.4-r0.trigger
2026-Jan-19 16:53:43.134128 #20 11.59 Executing gtk-update-icon-cache-3.24.51-r0.trigger
2026-Jan-19 16:53:43.134128 #20 11.69 Executing gtk+3.0-3.24.51-r0.trigger
2026-Jan-19 16:53:43.134128 #20 11.73 OK: 727.5 MiB in 207 packages
2026-Jan-19 16:53:43.134128 #20 DONE 12.3s
2026-Jan-19 16:53:43.284947 #21 [backend builder 4/15] COPY package.json pnpm-lock.yaml pnpm-workspace.yaml turbo.json ./
2026-Jan-19 16:53:43.441238 #21 DONE 0.3s
2026-Jan-19 16:53:43.441238
2026-Jan-19 16:53:43.441238 #9 [backend stage-1 3/10] RUN apk add --no-cache libc6-compat openssl curl chromium nss freetype harfbuzz
2026-Jan-19 16:53:43.441238 #9 DONE 12.5s
2026-Jan-19 16:53:43.441238
2026-Jan-19 16:53:43.441238 #22 [backend stage-1 4/10] RUN addgroup -g 1001 -S nodejs && adduser -S nodejs -u 1001
2026-Jan-19 16:53:43.549013 #22 ...
2026-Jan-19 16:53:43.549013
2026-Jan-19 16:53:43.549013 #23 [backend builder 5/15] COPY packages/frontend/package.json packages/frontend/
2026-Jan-19 16:53:43.549013 #23 DONE 0.1s
2026-Jan-19 16:53:43.673914 #24 [backend builder 6/15] COPY packages/shared/package.json packages/shared/
2026-Jan-19 16:53:43.673914 #24 DONE 0.1s
2026-Jan-19 16:53:43.673914
2026-Jan-19 16:53:43.673914 #25 [frontend builder 10/15] RUN pnpm install --frozen-lockfile
2026-Jan-19 16:53:43.673914 #25 1.104 Scope: all 4 workspace projects
2026-Jan-19 16:53:43.673914 #25 1.409 Lockfile is up to date, resolution step is skipped
2026-Jan-19 16:53:43.673914 #25 1.788 Packages: +766
2026-Jan-19 16:53:43.673914 #25 1.788 ++++++++++++++++++++++++++++++++++++++++++++++++++++++++++++++++++++++++++++++++
2026-Jan-19 16:53:43.673914 #25 2.443
2026-Jan-19 16:53:43.673914 #25 2.443 
2026-Jan-19 16:53:43.673914 #25 2.443  
2026-Jan-19 16:53:43.673914 #25 2.443  Update available! 9.0.0  10.28.1. 
2026-Jan-19 16:53:43.673914 #25 2.443  Changelog: https://github.com/pnpm/pnpm/releases/tag/v10.28.1 
2026-Jan-19 16:53:43.673914 #25 2.443  Run "corepack prepare pnpm@10.28.1 --activate" to update. 
2026-Jan-19 16:53:43.673914 #25 2.443  
2026-Jan-19 16:53:43.673914 #25 2.443  Follow @pnpmjs for updates: https://twitter.com/pnpmjs 
2026-Jan-19 16:53:43.673914 #25 2.443  
2026-Jan-19 16:53:43.673914 #25 2.443 
2026-Jan-19 16:53:43.673914 #25 2.443
2026-Jan-19 16:53:43.673914 #25 2.539 Progress: resolved 0, reused 0, downloaded 1, added 0
2026-Jan-19 16:53:43.673914 #25 3.544 Progress: resolved 0, reused 0, downloaded 28, added 17
2026-Jan-19 16:53:43.673914 #25 4.611 Progress: resolved 0, reused 0, downloaded 56, added 46
2026-Jan-19 16:53:43.673914 #25 5.613 Progress: resolved 0, reused 0, downloaded 77, added 73
2026-Jan-19 16:53:43.673914 #25 6.626 Progress: resolved 0, reused 0, downloaded 108, added 98
2026-Jan-19 16:53:43.772049 #25 ...
2026-Jan-19 16:53:43.772049
2026-Jan-19 16:53:43.772049 #26 [backend builder 7/15] COPY packages/backend/package.json packages/backend/
2026-Jan-19 16:53:43.772049 #26 DONE 0.1s
2026-Jan-19 16:53:43.995903 #22 [backend stage-1 4/10] RUN addgroup -g 1001 -S nodejs && adduser -S nodejs -u 1001
2026-Jan-19 16:53:43.995903 #22 DONE 0.5s
2026-Jan-19 16:53:43.995903
2026-Jan-19 16:53:43.995903 #27 [backend builder 8/15] RUN corepack enable
2026-Jan-19 16:53:44.578122 #27 DONE 0.8s
2026-Jan-19 16:53:44.578122
2026-Jan-19 16:53:44.578122 #25 [frontend builder 10/15] RUN pnpm install --frozen-lockfile
2026-Jan-19 16:53:44.578122 #25 7.636 Progress: resolved 0, reused 0, downloaded 156, added 151
2026-Jan-19 16:53:45.342327 #25 8.644 Progress: resolved 0, reused 0, downloaded 264, added 266
2026-Jan-19 16:53:46.353396 #25 9.656 Progress: resolved 0, reused 0, downloaded 359, added 363
2026-Jan-19 16:53:47.358713 #25 10.66 Progress: resolved 0, reused 0, downloaded 475, added 483
2026-Jan-19 16:53:48.338840 #25 ...
2026-Jan-19 16:53:48.338840
2026-Jan-19 16:53:48.338840 #28 [backend builder 9/15] RUN corepack prepare pnpm@10.28.1 --activate
2026-Jan-19 16:53:48.338840 #28 0.479 Preparing pnpm@10.28.1 for immediate activation...
2026-Jan-19 16:53:48.338840 #28 DONE 3.8s
2026-Jan-19 16:53:48.514898 #25 [frontend builder 10/15] RUN pnpm install --frozen-lockfile
2026-Jan-19 16:53:48.514898 #25 11.66 Progress: resolved 0, reused 0, downloaded 616, added 626
2026-Jan-19 16:53:49.391763 #25 12.69 Progress: resolved 0, reused 0, downloaded 746, added 766
2026-Jan-19 16:53:49.570777 #25 12.70 WARN Failed to create bin at /app/node_modules/.bin/supabase. ENOENT: no such file or directory, chmod '/app/node_modules/supabase/bin/supabase'
2026-Jan-19 16:53:49.570777 #25 12.70 Progress: resolved 0, reused 0, downloaded 746, added 766, done
2026-Jan-19 16:53:49.570777 #25 12.73 node_modules/@prisma/engines postinstall$ node scripts/postinstall.js
2026-Jan-19 16:53:49.570777 #25 12.73 WARN Failed to create bin at /app/node_modules/supabase/node_modules/.bin/supabase. ENOENT: no such file or directory, chmod '/app/node_modules/supabase/bin/supabase'
2026-Jan-19 16:53:49.570777 #25 12.75 node_modules/supabase postinstall$ node scripts/postinstall.js
2026-Jan-19 16:53:49.570777 #25 12.76 node_modules/bcrypt install$ node-pre-gyp install --fallback-to-build
2026-Jan-19 16:53:49.570777 #25 12.76 node_modules/esbuild postinstall$ node install.js
2026-Jan-19 16:53:49.570777 #25 12.78 node_modules/puppeteer postinstall$ node install.mjs
2026-Jan-19 16:53:49.570777 #25 12.87 node_modules/esbuild postinstall: Done
2026-Jan-19 16:53:49.721907 #25 12.91 node_modules/bcrypt install: node-pre-gyp info it worked if it ends with ok
2026-Jan-19 16:53:49.721907 #25 12.91 node_modules/bcrypt install: node-pre-gyp info using node-pre-gyp@1.0.11
2026-Jan-19 16:53:49.721907 #25 12.91 node_modules/bcrypt install: node-pre-gyp info using node@20.20.0 | linux | x64
2026-Jan-19 16:53:49.721907 #25 13.02 node_modules/supabase postinstall: Downloading https://github.com/supabase/cli/releases/download/v2.72.6/supabase_2.72.6_checksums.txt
2026-Jan-19 16:53:49.945240 #25 13.07 node_modules/bcrypt install: node-pre-gyp info check checked for "/app/node_modules/bcrypt/lib/binding/napi-v3/bcrypt_lib.node" (not found)
2026-Jan-19 16:53:49.945240 #25 13.08 node_modules/bcrypt install: node-pre-gyp http GET https://github.com/kelektiv/node.bcrypt.js/releases/download/v5.1.1/bcrypt_lib-v5.1.1-napi-v3-linux-x64-musl.tar.gz
2026-Jan-19 16:53:49.945240 #25 13.11 node_modules/vite/node_modules/esbuild postinstall$ node install.js
2026-Jan-19 16:53:49.945240 #25 13.25 node_modules/vite/node_modules/esbuild postinstall: Done
2026-Jan-19 16:53:50.120306 #25 13.29 node_modules/puppeteer postinstall: **INFO** Skipping Firefox download as instructed.
2026-Jan-19 16:53:50.120306 #25 13.34 node_modules/@prisma/engines postinstall: prisma:warn Prisma failed to detect the libssl/openssl version to use, and may not work as expected. Defaulting to "openssl-1.1.x".
2026-Jan-19 16:53:50.120306 #25 13.34 node_modules/@prisma/engines postinstall: Please manually install OpenSSL and try installing Prisma again.
2026-Jan-19 16:53:50.120306 #25 13.42 node_modules/bcrypt install: node-pre-gyp info install unpacking napi-v3/bcrypt_lib.node
2026-Jan-19 16:53:50.368073 #25 13.45 node_modules/bcrypt install: node-pre-gyp info extracted file count: 1
2026-Jan-19 16:53:50.368073 #25 13.46 node_modules/bcrypt install: [bcrypt] Success: "/app/node_modules/bcrypt/lib/binding/napi-v3/bcrypt_lib.node" is installed via remote
2026-Jan-19 16:53:50.368073 #25 13.46 node_modules/bcrypt install: node-pre-gyp info ok
2026-Jan-19 16:53:50.368073 #25 13.48 node_modules/bcrypt install: Done
2026-Jan-19 16:53:50.368073 #25 13.52 node_modules/supabase postinstall: Downloading https://github.com/supabase/cli/releases/download/v2.72.6/supabase_linux_amd64.tar.gz
2026-Jan-19 16:53:51.793452 #25 15.10 node_modules/@prisma/engines postinstall: Done
2026-Jan-19 16:53:51.978085 #25 ...
2026-Jan-19 16:53:51.978085
2026-Jan-19 16:53:51.978085 #29 [backend builder 10/15] RUN pnpm config set node-linker hoisted
2026-Jan-19 16:53:51.978085 #29 0.548 ! Corepack is about to download https://registry.npmjs.org/pnpm/-/pnpm-9.0.0.tgz
2026-Jan-19 16:53:51.978085 #29 DONE 3.5s
2026-Jan-19 16:53:52.129512 #30 [backend builder 11/15] RUN pnpm install --frozen-lockfile
2026-Jan-19 16:53:53.104750 #30 1.279 Scope: all 4 workspace projects
2026-Jan-19 16:53:53.462272 #30 1.637 Lockfile is up to date, resolution step is skipped
2026-Jan-19 16:53:54.150169 #30 2.324 Packages: +766
2026-Jan-19 16:53:54.163813 #30 2.324 ++++++++++++++++++++++++++++++++++++++++++++++++++++++++++++++++++++++++++++++++
2026-Jan-19 16:53:54.800006 #30 2.974
2026-Jan-19 16:53:54.800006 #30 2.974 
2026-Jan-19 16:53:54.800006 #30 2.974  
2026-Jan-19 16:53:54.800006 #30 2.974  Update available! 9.0.0  10.28.1. 
2026-Jan-19 16:53:54.800006 #30 2.974  Changelog: https://github.com/pnpm/pnpm/releases/tag/v10.28.1 
2026-Jan-19 16:53:54.800006 #30 2.974  Run "corepack prepare pnpm@10.28.1 --activate" to update. 
2026-Jan-19 16:53:54.800006 #30 2.974  
2026-Jan-19 16:53:54.800006 #30 2.974  Follow @pnpmjs for updates: https://twitter.com/pnpmjs 
2026-Jan-19 16:53:54.800006 #30 2.974  
2026-Jan-19 16:53:54.800006 #30 2.974 
2026-Jan-19 16:53:54.800006 #30 2.974
2026-Jan-19 16:53:54.961036 #30 2.985 Progress: resolved 0, reused 0, downloaded 1, added 0
2026-Jan-19 16:53:54.976596
2026-Jan-19 16:53:55.836286 #30 4.005 Progress: resolved 0, reused 0, downloaded 35, added 25
2026-Jan-19 16:53:56.831500 #30 5.006 Progress: resolved 0, reused 0, downloaded 69, added 60
2026-Jan-19 16:53:57.830845 #30 6.005 Progress: resolved 0, reused 0, downloaded 93, added 81
2026-Jan-19 16:53:58.834770 #30 7.009 Progress: resolved 0, reused 0, downloaded 146, added 146
2026-Jan-19 16:53:59.836050 #30 8.010 Progress: resolved 0, reused 0, downloaded 224, added 228
2026-Jan-19 16:54:00.836855 #30 9.010 Progress: resolved 0, reused 0, downloaded 277, added 275
2026-Jan-19 16:54:01.842355 #30 10.02 Progress: resolved 0, reused 0, downloaded 387, added 388
2026-Jan-19 16:54:02.854979 #30 11.02 Progress: resolved 0, reused 0, downloaded 449, added 449
2026-Jan-19 16:54:03.002013 #30 ...
2026-Jan-19 16:54:03.002013
2026-Jan-19 16:54:03.002013 #25 [frontend builder 10/15] RUN pnpm install --frozen-lockfile
2026-Jan-19 16:54:03.002013 #25 16.26 node_modules/supabase postinstall: Checksum verified.
2026-Jan-19 16:54:03.002013 #25 16.26 node_modules/supabase postinstall: Installed Supabase CLI successfully
2026-Jan-19 16:54:03.002013 #25 16.28 node_modules/supabase postinstall: Done
2026-Jan-19 16:54:03.002013 #25 26.02 node_modules/puppeteer postinstall: chrome-headless-shell (131.0.6778.204) downloaded to /root/.cache/puppeteer/chrome-headless-shell/linux-131.0.6778.204
2026-Jan-19 16:54:03.863888 #25 ...
2026-Jan-19 16:54:03.863888
2026-Jan-19 16:54:03.863888 #30 [backend builder 11/15] RUN pnpm install --frozen-lockfile
2026-Jan-19 16:54:03.863888 #30 12.04 Progress: resolved 0, reused 0, downloaded 522, added 527
2026-Jan-19 16:54:04.873873 #30 13.05 Progress: resolved 0, reused 0, downloaded 667, added 673
2026-Jan-19 16:54:05.786109 #30 13.96 WARN Failed to create bin at /app/node_modules/.bin/supabase. ENOENT: no such file or directory, chmod '/app/node_modules/supabase/bin/supabase'
2026-Jan-19 16:54:05.977112 #30 13.97 Progress: resolved 0, reused 0, downloaded 746, added 766, done
2026-Jan-19 16:54:05.977112 #30 14.00 node_modules/@prisma/engines postinstall$ node scripts/postinstall.js
2026-Jan-19 16:54:05.992904 #30 14.02 WARN Failed to create bin at /app/node_modules/supabase/node_modules/.bin/supabase. ENOENT: no such file or directory, chmod '/app/node_modules/supabase/bin/supabase'
2026-Jan-19 16:54:05.992904 #30 14.02 node_modules/supabase postinstall$ node scripts/postinstall.js
2026-Jan-19 16:54:05.992904 #30 14.03 node_modules/esbuild postinstall$ node install.js
2026-Jan-19 16:54:05.992904 #30 14.03 node_modules/bcrypt install$ node-pre-gyp install --fallback-to-build
2026-Jan-19 16:54:05.992904 #30 14.06 node_modules/puppeteer postinstall$ node install.mjs
2026-Jan-19 16:54:05.992904 #30 14.15 node_modules/esbuild postinstall: Done
2026-Jan-19 16:54:06.154189 #30 14.22 node_modules/bcrypt install: node-pre-gyp info it worked if it ends with ok
2026-Jan-19 16:54:06.154189 #30 14.22 node_modules/bcrypt install: node-pre-gyp info using node-pre-gyp@1.0.11
2026-Jan-19 16:54:06.154189 #30 14.22 node_modules/bcrypt install: node-pre-gyp info using node@20.20.0 | linux | x64
2026-Jan-19 16:54:06.154189 #30 14.33 node_modules/supabase postinstall: Downloading https://github.com/supabase/cli/releases/download/v2.72.6/supabase_2.72.6_checksums.txt
2026-Jan-19 16:54:06.274201 #30 14.39 node_modules/bcrypt install: node-pre-gyp info check checked for "/app/node_modules/bcrypt/lib/binding/napi-v3/bcrypt_lib.node" (not found)
2026-Jan-19 16:54:06.274201 #30 14.41 node_modules/bcrypt install: node-pre-gyp http GET https://github.com/kelektiv/node.bcrypt.js/releases/download/v5.1.1/bcrypt_lib-v5.1.1-napi-v3-linux-x64-musl.tar.gz
2026-Jan-19 16:54:06.427724 #30 14.49 node_modules/vite/node_modules/esbuild postinstall$ node install.js
2026-Jan-19 16:54:06.427724 #30 14.53 node_modules/puppeteer postinstall: **INFO** Skipping downloading browsers as instructed.
2026-Jan-19 16:54:06.427724 #30 14.54 node_modules/puppeteer postinstall: Done
2026-Jan-19 16:54:06.427724 #30 14.60 node_modules/supabase postinstall: Downloading https://github.com/supabase/cli/releases/download/v2.72.6/supabase_linux_amd64.tar.gz
2026-Jan-19 16:54:06.651824 #30 14.60 node_modules/vite/node_modules/esbuild postinstall: Done
2026-Jan-19 16:54:06.651824 #30 14.63 node_modules/bcrypt install: node-pre-gyp info install unpacking napi-v3/bcrypt_lib.node
2026-Jan-19 16:54:06.651824 #30 14.65 node_modules/bcrypt install: node-pre-gyp info extracted file count: 1
2026-Jan-19 16:54:06.651824 #30 14.66 node_modules/bcrypt install: [bcrypt] Success: "/app/node_modules/bcrypt/lib/binding/napi-v3/bcrypt_lib.node" is installed via remote
2026-Jan-19 16:54:06.651824 #30 14.66 node_modules/bcrypt install: node-pre-gyp info ok
2026-Jan-19 16:54:06.651824 #30 14.67 node_modules/bcrypt install: Done
2026-Jan-19 16:54:08.011857 #30 16.18 node_modules/@prisma/engines postinstall: Done
2026-Jan-19 16:54:08.640565 #30 16.81 node_modules/supabase postinstall: Checksum verified.
2026-Jan-19 16:54:08.821999 #30 16.82 node_modules/supabase postinstall: Installed Supabase CLI successfully
2026-Jan-19 16:54:08.821999 #30 16.85 node_modules/supabase postinstall: Done
2026-Jan-19 16:54:09.447848 #30 17.62 node_modules/prisma preinstall$ node scripts/preinstall-entry.js
2026-Jan-19 16:54:09.567758 #30 ...
2026-Jan-19 16:54:09.567758
2026-Jan-19 16:54:09.567758 #25 [frontend builder 10/15] RUN pnpm install --frozen-lockfile
2026-Jan-19 16:54:09.567758 #25 29.32 node_modules/puppeteer postinstall: chrome (131.0.6778.204) downloaded to /root/.cache/puppeteer/chrome/linux-131.0.6778.204
2026-Jan-19 16:54:09.567758 #25 29.33 node_modules/puppeteer postinstall: Done
2026-Jan-19 16:54:09.567758 #25 29.37 node_modules/prisma preinstall$ node scripts/preinstall-entry.js
2026-Jan-19 16:54:09.567758 #25 29.48 node_modules/prisma preinstall: Done
2026-Jan-19 16:54:09.567758 #25 29.58 node_modules/@prisma/client postinstall$ node scripts/postinstall.js
2026-Jan-19 16:54:09.567758 #25 30.58 node_modules/@prisma/client postinstall: prisma:warn Prisma failed to detect the libssl/openssl version to use, and may not work as expected. Defaulting to "openssl-1.1.x".
2026-Jan-19 16:54:09.567758 #25 30.58 node_modules/@prisma/client postinstall: Please manually install OpenSSL and try installing Prisma again.
2026-Jan-19 16:54:09.567758 #25 31.01 node_modules/@prisma/client postinstall: prisma:warn We could not find your Prisma schema in the default locations (see: https://pris.ly/d/prisma-schema-location).
2026-Jan-19 16:54:09.567758 #25 31.02 node_modules/@prisma/client postinstall: If you have a Prisma schema file in a custom path, you will need to run
2026-Jan-19 16:54:09.567758 #25 31.02 node_modules/@prisma/client postinstall: `prisma generate --schema=./path/to/your/schema.prisma` to generate Prisma Client.
2026-Jan-19 16:54:09.567758 #25 31.02 node_modules/@prisma/client postinstall: If you do not have a Prisma schema file yet, you can ignore this message.
2026-Jan-19 16:54:09.567758 #25 31.04 node_modules/@prisma/client postinstall: Done
2026-Jan-19 16:54:09.567758 #25 31.56
2026-Jan-19 16:54:09.567758 #25 31.77 Done in 31.3s
2026-Jan-19 16:54:09.567758 #25 DONE 32.8s
2026-Jan-19 16:54:09.567758
2026-Jan-19 16:54:09.567758 #30 [backend builder 11/15] RUN pnpm install --frozen-lockfile
2026-Jan-19 16:54:09.567758 #30 17.74 node_modules/prisma preinstall: Done
2026-Jan-19 16:54:09.567758 #30 ...
2026-Jan-19 16:54:09.567758
2026-Jan-19 16:54:09.567758 #31 [frontend builder 11/15] COPY packages/frontend packages/frontend/
2026-Jan-19 16:54:10.291714 #31 DONE 0.8s
2026-Jan-19 16:54:10.291714
2026-Jan-19 16:54:10.291714 #30 [backend builder 11/15] RUN pnpm install --frozen-lockfile
2026-Jan-19 16:54:10.291714 #30 17.83 node_modules/@prisma/client postinstall$ node scripts/postinstall.js
2026-Jan-19 16:54:10.492723 #30 ...
2026-Jan-19 16:54:10.492723
2026-Jan-19 16:54:10.492723 #32 [frontend builder 12/15] COPY packages/shared packages/shared/
2026-Jan-19 16:54:10.492723 #32 DONE 0.0s
2026-Jan-19 16:54:10.589541 #33 [frontend builder 13/15] RUN echo "BUILD ENV CHECK:"; env | sort | grep VITE
2026-Jan-19 16:54:10.589541 #33 0.248 BUILD ENV CHECK:
2026-Jan-19 16:54:10.773450 #33 0.252 VITE_API_BASE_URL=https://efatoura.duckdns.org/api
2026-Jan-19 16:54:10.773450 #33 DONE 0.3s
2026-Jan-19 16:54:10.773450
2026-Jan-19 16:54:10.773450 #34 [frontend builder 14/15] RUN cd /app/packages/frontend && pnpm exec vite build --debug
2026-Jan-19 16:54:12.082599 #34 ...
2026-Jan-19 16:54:12.082599
2026-Jan-19 16:54:12.082599 #30 [backend builder 11/15] RUN pnpm install --frozen-lockfile
2026-Jan-19 16:54:12.082599 #30 19.17 node_modules/@prisma/client postinstall: prisma:warn We could not find your Prisma schema in the default locations (see: https://pris.ly/d/prisma-schema-location).
2026-Jan-19 16:54:12.082599 #30 19.17 node_modules/@prisma/client postinstall: If you have a Prisma schema file in a custom path, you will need to run
2026-Jan-19 16:54:12.082599 #30 19.17 node_modules/@prisma/client postinstall: `prisma generate --schema=./path/to/your/schema.prisma` to generate Prisma Client.
2026-Jan-19 16:54:12.082599 #30 19.17 node_modules/@prisma/client postinstall: If you do not have a Prisma schema file yet, you can ignore this message.
2026-Jan-19 16:54:12.082599 #30 19.20 node_modules/@prisma/client postinstall: Done
2026-Jan-19 16:54:12.082599 #30 19.70
2026-Jan-19 16:54:12.082599 #30 19.86 Done in 19.3s
2026-Jan-19 16:54:12.082599 #30 DONE 20.3s
2026-Jan-19 16:54:12.227938 #34 [frontend builder 14/15] RUN cd /app/packages/frontend && pnpm exec vite build --debug
2026-Jan-19 16:54:12.227938 #34 1.606 2026-01-19T16:54:12.223Z vite:config config file loaded in 72.93ms
2026-Jan-19 16:54:12.467541 #34 1.611 2026-01-19T16:54:12.230Z vite:env loading env files: [
2026-Jan-19 16:54:12.467541 #34 1.611 '/app/packages/frontend/.env',
2026-Jan-19 16:54:12.467541 #34 1.611 '/app/packages/frontend/.env.local',
2026-Jan-19 16:54:12.467541 #34 1.611 '/app/packages/frontend/.env.production',
2026-Jan-19 16:54:12.467541 #34 1.611 '/app/packages/frontend/.env.production.local'
2026-Jan-19 16:54:12.467541 #34 1.611 ]
2026-Jan-19 16:54:12.467541 #34 1.612 2026-01-19T16:54:12.230Z vite:env env files loaded in 5.79ms
2026-Jan-19 16:54:12.467541 #34 1.615 2026-01-19T16:54:12.233Z vite:env using resolved env: {
2026-Jan-19 16:54:12.467541 #34 1.615 DATABASE_URL: 'postgresql://postgres:DsUX2s8HTx+FbVXBFYVSwPRWx6nGp+0Cpsa5Pdzug44=@postgres:5432/teif_prod',
2026-Jan-19 16:54:12.467541 #34 1.615 LOG_LEVEL: 'info',
2026-Jan-19 16:54:12.467541 #34 1.615 NODE_VERSION: '20.20.0',
2026-Jan-19 16:54:12.467541 #34 1.615 YARN_VERSION: '1.22.22',
2026-Jan-19 16:54:12.467541 #34 1.615 SMTP_PORT: '587',
2026-Jan-19 16:54:12.467541 #34 1.615 SHLVL: '1',
2026-Jan-19 16:54:12.467541 #34 1.615 HOME: '/root',
2026-Jan-19 16:54:12.467541 #34 1.615 OLDPWD: '/app',
2026-Jan-19 16:54:12.467541 #34 1.615 COOLIFY_FQDN: '',
2026-Jan-19 16:54:12.467541 #34 1.615 SERVICE_URL_BACKEND: 'https://efatoura.duckdns.org/api',
2026-Jan-19 16:54:12.467541 #34 1.615 SERVICE_URL_FRONTEND: 'https://efatoura.duckdns.org',
2026-Jan-19 16:54:12.467541 #34 1.615 JWT_EXPIRY: '3600',
2026-Jan-19 16:54:12.467541 #34 1.615 PRODUCTION_DOMAIN: 'efatoura.duckdns.org',
2026-Jan-19 16:54:12.467541 #34 1.615 SMTP_SECURE: 'false',
2026-Jan-19 16:54:12.467541 #34 1.615 POSTGRES_PASSWORD: 'DsUX2s8HTx+FbVXBFYVSwPRWx6nGp+0Cpsa5Pdzug44=',
2026-Jan-19 16:54:12.467541 #34 1.615 PATH: './node_modules/.bin:/app/node_modules/.bin:/usr/local/sbin:/usr/local/bin:/usr/sbin:/usr/bin:/sbin:/bin',
2026-Jan-19 16:54:12.467541 #34 1.615 CORS_ORIGIN: 'https://efatoura.duckdns.org',
2026-Jan-19 16:54:12.467541 #34 1.615 SERVICE_FQDN_BACKEND: 'efatoura.duckdns.org',
2026-Jan-19 16:54:12.467541 #34 1.615 POSTGRES_USER: 'postgres',
2026-Jan-19 16:54:12.467541 #34 1.615 SITE_URL: 'https://efatoura.duckdns.org',
2026-Jan-19 16:54:12.467541 #34 1.615 VITE_API_BASE_URL: 'https://efatoura.duckdns.org/api',
2026-Jan-19 16:54:12.467541 #34 1.615 SERVICE_FQDN_FRONTEND: 'efatoura.duckdns.org',
2026-Jan-19 16:54:12.467541 #34 1.615 SMTP_FROM: '<REDACTED>',
2026-Jan-19 16:54:12.467541 #34 1.615 JWT_SECRET: 'jU918zwPEfoef52XXONJusWMkTVgK0MIT9FZPpXHULM=',
2026-Jan-19 16:54:12.467541 #34 1.615 COOLIFY_URL: '',
2026-Jan-19 16:54:12.467541 #34 1.615 PWD: '/app/packages/frontend',
2026-Jan-19 16:54:12.467541 #34 1.615 GEMINI_API_KEY=<REDACTED>,
2026-Jan-19 16:54:12.467541 #34 1.615 POSTGRES_DB: 'teif_prod',
2026-Jan-19 16:54:12.467541 #34 1.615 SMTP_PASSWORD: 'Compta2025++',
2026-Jan-19 16:54:12.467541 #34 1.615 SMTP_HOST: 'ssl0.ovh.net',
2026-Jan-19 16:54:12.467541 #34 1.615 NODE_ENV: 'development',
2026-Jan-19 16:54:12.467541 #34 1.615 SMTP_USER: '<REDACTED>',
2026-Jan-19 16:54:12.467541 #34 1.615 COREPACK_ENABLE_DOWNLOAD_PROMPT: '1',
2026-Jan-19 16:54:12.467541 #34 1.615 COREPACK_ROOT: '/usr/local/lib/node_modules/corepack',
2026-Jan-19 16:54:12.467541 #34 1.615 npm_command: 'exec',
2026-Jan-19 16:54:12.467541 #34 1.615 PNPM_PACKAGE_NAME: '@teif/frontend',
2026-Jan-19 16:54:12.467541 #34 1.615 npm_config_user_agent: 'pnpm/9.0.0 npm/? node/v20.20.0 linux x64',
2026-Jan-19 16:54:12.467541 #34 1.615 DEBUG: 'vite:*'
2026-Jan-19 16:54:12.467541 #34 1.615 }
2026-Jan-19 16:54:12.467541 #34 1.622 2026-01-19T16:54:12.240Z vite:env loading env files: [
2026-Jan-19 16:54:12.467541 #34 1.622 '/app/packages/frontend/.env',
2026-Jan-19 16:54:12.467541 #34 1.622 '/app/packages/frontend/.env.local',
2026-Jan-19 16:54:12.467541 #34 1.622 '/app/packages/frontend/.env.production',
2026-Jan-19 16:54:12.467541 #34 1.622 '/app/packages/frontend/.env.production.local'
2026-Jan-19 16:54:12.467541 #34 1.622 ]
2026-Jan-19 16:54:12.467541 #34 1.622 2026-01-19T16:54:12.241Z vite:env env files loaded in 0.67ms
2026-Jan-19 16:54:12.467541 #34 1.623 2026-01-19T16:54:12.241Z vite:env using resolved env: { VITE_API_BASE_URL: 'https://efatoura.duckdns.org/api' }
2026-Jan-19 16:54:12.467541 #34 1.687 2026-01-19T16:54:12.305Z vite:config using resolved config: {
2026-Jan-19 16:54:12.467541 #34 1.687 build: {
2026-Jan-19 16:54:12.467541 #34 1.687 target: [ 'es2020', 'edge88', 'firefox78', 'chrome87', 'safari14' ],
2026-Jan-19 16:54:12.467541 #34 1.687 polyfillModulePreload: true,
2026-Jan-19 16:54:12.467541 #34 1.687 modulePreload: { polyfill: true },
2026-Jan-19 16:54:12.467541 #34 1.687 outDir: 'dist',
2026-Jan-19 16:54:12.467541 #34 1.687 assetsDir: 'assets',
2026-Jan-19 16:54:12.467541 #34 1.687 assetsInlineLimit: 4096,
2026-Jan-19 16:54:12.467541 #34 1.687 sourcemap: false,
2026-Jan-19 16:54:12.467541 #34 1.687 terserOptions: {},
2026-Jan-19 16:54:12.467541 #34 1.687 rollupOptions: { onwarn: [Function: onwarn] },
2026-Jan-19 16:54:12.467541 #34 1.687 commonjsOptions: { include: [ /node_modules/ ], extensions: [ '.js', '.cjs' ] },
2026-Jan-19 16:54:12.467541 #34 1.687 dynamicImportVarsOptions: { warnOnError: true, exclude: [ /node_modules/ ] },
2026-Jan-19 16:54:12.467541 #34 1.687 write: true,
2026-Jan-19 16:54:12.467541 #34 1.687 emptyOutDir: true,
2026-Jan-19 16:54:12.467541 #34 1.687 copyPublicDir: true,
2026-Jan-19 16:54:12.467541 #34 1.687 manifest: false,
2026-Jan-19 16:54:12.467541 #34 1.687 lib: false,
2026-Jan-19 16:54:12.467541 #34 1.687 ssrManifest: false,
2026-Jan-19 16:54:12.467541 #34 1.687 ssrEmitAssets: false,
2026-Jan-19 16:54:12.467541 #34 1.687 reportCompressedSize: true,
2026-Jan-19 16:54:12.467541 #34 1.687 chunkSizeWarningLimit: 500,
2026-Jan-19 16:54:12.467541 #34 1.687 watch: null,
2026-Jan-19 16:54:12.467541 #34 1.687 cssCodeSplit: true,
2026-Jan-19 16:54:12.467541 #34 1.687 minify: 'esbuild',
2026-Jan-19 16:54:12.467541 #34 1.687 ssr: false,
2026-Jan-19 16:54:12.467541 #34 1.687 emitAssets: true,
2026-Jan-19 16:54:12.467541 #34 1.687 createEnvironment: [Function: createEnvironment],
2026-Jan-19 16:54:12.467541 #34 1.687 cssTarget: [ 'es2020', 'edge88', 'firefox78', 'chrome87', 'safari14' ],
2026-Jan-19 16:54:12.467541 #34 1.687 cssMinify: true
2026-Jan-19 16:54:12.467541 #34 1.687 },
2026-Jan-19 16:54:12.467541 #34 1.687 server: {
2026-Jan-19 16:54:12.467541 #34 1.687 port: 5173,
2026-Jan-19 16:54:12.467541 #34 1.687 strictPort: false,
2026-Jan-19 16:54:12.467541 #34 1.687 host: '0.0.0.0',
2026-Jan-19 16:54:12.467541 #34 1.687 allowedHosts: [],
2026-Jan-19 16:54:12.467541 #34 1.687 https: undefined,
2026-Jan-19 16:54:12.467541 #34 1.687 open: false,
2026-Jan-19 16:54:12.467541 #34 1.687 proxy: {
2026-Jan-19 16:54:12.467541 #34 1.687 '/api': {
2026-Jan-19 16:54:12.467541 #34 1.687 target: 'https://efatoura.duckdns.org/api',
2026-Jan-19 16:54:12.467541 #34 1.687 changeOrigin: true,
2026-Jan-19 16:54:12.467541 #34 1.687 rewrite: [Function: rewrite]
2026-Jan-19 16:54:12.467541 #34 1.687 }
2026-Jan-19 16:54:12.467541 #34 1.687 },
2026-Jan-19 16:54:12.467541 #34 1.687 cors: {
2026-Jan-19 16:54:12.467541 #34 1.687 origin: /^https?:\/\/(?:(?:[^:]+\.)?localhost|127\.0\.0\.1|\[::1\])(?::\d+)?$/
2026-Jan-19 16:54:12.467541 #34 1.687 },
2026-Jan-19 16:54:12.467541 #34 1.687 headers: {},
2026-Jan-19 16:54:12.467541 #34 1.687 warmup: { clientFiles: [], ssrFiles: [] },
2026-Jan-19 16:54:12.467541 #34 1.687 middlewareMode: false,
2026-Jan-19 16:54:12.467541 #34 1.687 fs: {
2026-Jan-19 16:54:12.467541 #34 1.687 strict: true,
2026-Jan-19 16:54:12.467541 #34 1.687 deny: [ '.env', '.env.*', '*.{crt,pem}', '**/.git/**' ],
2026-Jan-19 16:54:12.467541 #34 1.687 allow: [ '/app' ]
2026-Jan-19 16:54:12.467541 #34 1.687 },
2026-Jan-19 16:54:12.467541 #34 1.687 preTransformRequests: true,
2026-Jan-19 16:54:12.467541 #34 1.687 perEnvironmentStartEndDuringDev: false,
2026-Jan-19 16:54:12.467541 #34 1.687 sourcemapIgnoreList: [Function: isInNodeModules$1]
2026-Jan-19 16:54:12.467541 #34 1.687 },
2026-Jan-19 16:54:12.467541 #34 1.687 plugins: [
2026-Jan-19 16:54:12.467541 #34 1.687 'vite:build-metadata',
2026-Jan-19 16:54:12.467541 #34 1.687 'vite:watch-package-data',
2026-Jan-19 16:54:12.467541 #34 1.687 'alias',
2026-Jan-19 16:54:12.467541 #34 1.687 'vite:react-babel',
2026-Jan-19 16:54:12.467541 #34 1.687 'vite:react-refresh',
2026-Jan-19 16:54:12.467541 #34 1.687 'vite:modulepreload-polyfill',
2026-Jan-19 16:54:12.467541 #34 1.687 'vite:resolve',
2026-Jan-19 16:54:12.467541 #34 1.687 'vite:html-inline-proxy',
2026-Jan-19 16:54:12.467541 #34 1.687 'vite:css',
2026-Jan-19 16:54:12.467541 #34 1.687 'vite:esbuild',
2026-Jan-19 16:54:12.467541 #34 1.687 'vite:json',
2026-Jan-19 16:54:12.467541 #34 1.687 'vite:wasm-helper',
2026-Jan-19 16:54:12.467541 #34 1.687 'vite:worker',
2026-Jan-19 16:54:12.467541 #34 1.687 'vite:asset',
2026-Jan-19 16:54:12.467541 #34 1.687 'vite:react-virtual-preamble',
2026-Jan-19 16:54:12.467541 #34 1.687 'vite:wasm-fallback',
2026-Jan-19 16:54:12.467541 #34 1.687 'vite:define',
2026-Jan-19 16:54:12.467541 #34 1.687 'vite:css-post',
2026-Jan-19 16:54:12.467541 #34 1.687 'vite:build-html',
2026-Jan-19 16:54:12.467541 #34 1.687 'vite:worker-import-meta-url',
2026-Jan-19 16:54:12.467541 #34 1.687 'vite:asset-import-meta-url',
2026-Jan-19 16:54:12.467541 #34 1.687 'vite:force-systemjs-wrap-complete',
2026-Jan-19 16:54:12.467541 #34 1.687 'commonjs',
2026-Jan-19 16:54:12.467541 #34 1.687 'vite:data-uri',
2026-Jan-19 16:54:12.467541 #34 1.687 'vite:rollup-options-plugins',
2026-Jan-19 16:54:12.467541 #34 1.687 'vite:dynamic-import-vars',
2026-Jan-19 16:54:12.467541 #34 1.687 'vite:import-glob',
2026-Jan-19 16:54:12.467541 #34 1.687 'vite:build-import-analysis',
2026-Jan-19 16:54:12.467541 #34 1.687 'vite:esbuild-transpile',
2026-Jan-19 16:54:12.467541 #34 1.687 'vite:terser',
2026-Jan-19 16:54:12.467541 #34 1.687 'vite:manifest',
2026-Jan-19 16:54:12.467541 #34 1.687 'vite:ssr-manifest',
2026-Jan-19 16:54:12.467541 #34 1.687 'vite:reporter',
2026-Jan-19 16:54:12.467541 #34 1.687 'vite:load-fallback'
2026-Jan-19 16:54:12.467541 #34 1.687 ],
2026-Jan-19 16:54:12.467541 #34 1.687 define: {
2026-Jan-19 16:54:12.467541 #34 1.687 'process.env.API_KEY': '"AIzaSyCrgAzYDINx3q35yrRJO8OXCKIx4BmHYSg"',
2026-Jan-19 16:54:12.467541 #34 1.687 'process.env.GEMINI_API_KEY': '"AIzaSyCrgAzYDINx3q35yrRJO8OXCKIx4BmHYSg"'
2026-Jan-19 16:54:12.467541 #34 1.687 },
2026-Jan-19 16:54:12.467541 #34 1.687 resolve: {
2026-Jan-19 16:54:12.467541 #34 1.687 externalConditions: [ 'node' ],
2026-Jan-19 16:54:12.467541 #34 1.687 extensions: [
2026-Jan-19 16:54:12.467541 #34 1.687 '.mjs', '.js',
2026-Jan-19 16:54:12.467541 #34 1.687 '.mts', '.ts',
2026-Jan-19 16:54:12.467541 #34 1.687 '.jsx', '.tsx',
2026-Jan-19 16:54:12.467541 #34 1.687 '.json'
2026-Jan-19 16:54:12.467541 #34 1.687 ],
2026-Jan-19 16:54:12.467541 #34 1.687 dedupe: [],
2026-Jan-19 16:54:12.467541 #34 1.687 noExternal: [],
2026-Jan-19 16:54:12.467541 #34 1.687 external: [],
2026-Jan-19 16:54:12.467541 #34 1.687 preserveSymlinks: false,
2026-Jan-19 16:54:12.467541 #34 1.687 alias: [
2026-Jan-19 16:54:12.467541 #34 1.687 { find: '@', replacement: '/app/packages/frontend/src' },
2026-Jan-19 16:54:12.467541 #34 1.687 { find: '@teif/shared', replacement: '/app/packages/shared/src' },
2026-Jan-19 16:54:12.467541 #34 1.687 {
2026-Jan-19 16:54:12.467541 #34 1.687 find: /^\/?@vite\/env/,
2026-Jan-19 16:54:12.467541 #34 1.687 replacement: '/@fs/app/node_modules/vite/dist/client/env.mjs'
2026-Jan-19 16:54:12.467541 #34 1.687 },
2026-Jan-19 16:54:12.467541 #34 1.687 {
2026-Jan-19 16:54:12.467541 #34 1.687 find: /^\/?@vite\/client/,
2026-Jan-19 16:54:12.467541 #34 1.687 replacement: '/@fs/app/node_modules/vite/dist/client/client.mjs'
2026-Jan-19 16:54:12.467541 #34 1.687 }
2026-Jan-19 16:54:12.467541 #34 1.687 ],
2026-Jan-19 16:54:12.467541 #34 1.687 mainFields: [ 'browser', 'module', 'jsnext:main', 'jsnext' ],
2026-Jan-19 16:54:12.467541 #34 1.687 conditions: [ 'module', 'browser', 'development|production' ],
2026-Jan-19 16:54:12.467541 #34 1.687 builtins: []
2026-Jan-19 16:54:12.467541 #34 1.687 },
2026-Jan-19 16:54:12.467541 #34 1.687 esbuild: { jsxDev: true, jsx: 'automatic', jsxImportSource: undefined },
2026-Jan-19 16:54:12.467541 #34 1.687 optimizeDeps: {
2026-Jan-19 16:54:12.467541 #34 1.687 include: [
2026-Jan-19 16:54:12.467541 #34 1.687 'react',
2026-Jan-19 16:54:12.467541 #34 1.687 'react-dom',
2026-Jan-19 16:54:12.467541 #34 1.687 'react/jsx-dev-runtime',
2026-Jan-19 16:54:12.467541 #34 1.687 'react/jsx-runtime'
2026-Jan-19 16:54:12.467541 #34 1.687 ],
2026-Jan-19 16:54:12.467541 #34 1.687 exclude: [],
2026-Jan-19 16:54:12.467541 #34 1.687 needsInterop: [],
2026-Jan-19 16:54:12.467541 #34 1.687 extensions: [],
2026-Jan-19 16:54:12.467541 #34 1.687 disabled: undefined,
2026-Jan-19 16:54:12.467541 #34 1.687 holdUntilCrawlEnd: true,
2026-Jan-19 16:54:12.467541 #34 1.687 force: false,
2026-Jan-19 16:54:12.467541 #34 1.687 noDiscovery: false,
2026-Jan-19 16:54:12.467541 #34 1.687 esbuildOptions: { preserveSymlinks: false, jsx: 'automatic' }
2026-Jan-19 16:54:12.467541 #34 1.687 },
2026-Jan-19 16:54:12.467541 #34 1.687 environments: {
2026-Jan-19 16:54:12.467541 #34 1.687 client: {
2026-Jan-19 16:54:12.467541 #34 1.687 define: {
2026-Jan-19 16:54:12.467541 #34 1.687 'process.env.API_KEY': '"AIzaSyCrgAzYDINx3q35yrRJO8OXCKIx4BmHYSg"',
2026-Jan-19 16:54:12.467541 #34 1.687 'process.env.GEMINI_API_KEY': '"AIzaSyCrgAzYDINx3q35yrRJO8OXCKIx4BmHYSg"'
2026-Jan-19 16:54:12.467541 #34 1.687 },
2026-Jan-19 16:54:12.467541 #34 1.687 resolve: {
2026-Jan-19 16:54:12.467541 #34 1.687 externalConditions: [ 'node' ],
2026-Jan-19 16:54:12.467541 #34 1.687 extensions: [
2026-Jan-19 16:54:12.467541 #34 1.687 '.mjs', '.js',
2026-Jan-19 16:54:12.467541 #34 1.687 '.mts', '.ts',
2026-Jan-19 16:54:12.467541 #34 1.687 '.jsx', '.tsx',
2026-Jan-19 16:54:12.467541 #34 1.687 '.json'
2026-Jan-19 16:54:12.467541 #34 1.687 ],
2026-Jan-19 16:54:12.467541 #34 1.687 dedupe: [],
2026-Jan-19 16:54:12.467541 #34 1.687 noExternal: [],
2026-Jan-19 16:54:12.467541 #34 1.687 external: [],
2026-Jan-19 16:54:12.467541 #34 1.687 preserveSymlinks: false,
2026-Jan-19 16:54:12.467541 #34 1.687 alias: [
2026-Jan-19 16:54:12.467541 #34 1.687 { find: '@', replacement: '/app/packages/frontend/src' },
2026-Jan-19 16:54:12.467541 #34 1.687 {
2026-Jan-19 16:54:12.467541 #34 1.687 find: '@teif/shared',
2026-Jan-19 16:54:12.467541 #34 1.687 replacement: '/app/packages/shared/src'
2026-Jan-19 16:54:12.467541 #34 1.687 },
2026-Jan-19 16:54:12.467541 #34 1.687 {
2026-Jan-19 16:54:12.467541 #34 1.687 find: /^\/?@vite\/env/,
2026-Jan-19 16:54:12.467541 #34 1.687 replacement: '/@fs/app/node_modules/vite/dist/client/env.mjs'
2026-Jan-19 16:54:12.467541 #34 1.687 },
2026-Jan-19 16:54:12.467541 #34 1.687 {
2026-Jan-19 16:54:12.467541 #34 1.687 find: /^\/?@vite\/client/,
2026-Jan-19 16:54:12.467541 #34 1.687 replacement: '/@fs/app/node_modules/vite/dist/client/client.mjs'
2026-Jan-19 16:54:12.467541 #34 1.687 }
2026-Jan-19 16:54:12.467541 #34 1.687 ],
2026-Jan-19 16:54:12.467541 #34 1.687 mainFields: [ 'browser', 'module', 'jsnext:main', 'jsnext' ],
2026-Jan-19 16:54:12.467541 #34 1.687 conditions: [ 'module', 'browser', 'development|production' ],
2026-Jan-19 16:54:12.467541 #34 1.687 builtins: []
2026-Jan-19 16:54:12.467541 #34 1.687 },
2026-Jan-19 16:54:12.467541 #34 1.687 keepProcessEnv: false,
2026-Jan-19 16:54:12.467541 #34 1.687 consumer: 'client',
2026-Jan-19 16:54:12.467541 #34 1.687 optimizeDeps: {
2026-Jan-19 16:54:12.467541 #34 1.687 include: [
2026-Jan-19 16:54:12.467541 #34 1.687 'react',
2026-Jan-19 16:54:12.467541 #34 1.687 'react-dom',
2026-Jan-19 16:54:12.467541 #34 1.687 'react/jsx-dev-runtime',
2026-Jan-19 16:54:12.467541 #34 1.687 'react/jsx-runtime'
2026-Jan-19 16:54:12.467541 #34 1.687 ],
2026-Jan-19 16:54:12.467541 #34 1.687 exclude: [],
2026-Jan-19 16:54:12.467541 #34 1.687 needsInterop: [],
2026-Jan-19 16:54:12.467541 #34 1.687 extensions: [],
2026-Jan-19 16:54:12.467541 #34 1.687 disabled: undefined,
2026-Jan-19 16:54:12.467541 #34 1.687 holdUntilCrawlEnd: true,
2026-Jan-19 16:54:12.467541 #34 1.687 force: false,
2026-Jan-19 16:54:12.467541 #34 1.687 noDiscovery: false,
2026-Jan-19 16:54:12.467541 #34 1.687 esbuildOptions: { preserveSymlinks: false, jsx: 'automatic' }
2026-Jan-19 16:54:12.467541 #34 1.687 },
2026-Jan-19 16:54:12.467541 #34 1.687 dev: {
2026-Jan-19 16:54:12.467541 #34 1.687 warmup: [],
2026-Jan-19 16:54:12.467541 #34 1.687 sourcemap: { js: true },
2026-Jan-19 16:54:12.467541 #34 1.687 sourcemapIgnoreList: [Function: isInNodeModules$1],
2026-Jan-19 16:54:12.467541 #34 1.687 preTransformRequests: true,
2026-Jan-19 16:54:12.467541 #34 1.687 createEnvironment: [Function: defaultCreateClientDevEnvironment],
2026-Jan-19 16:54:12.467541 #34 1.687 recoverable: true,
2026-Jan-19 16:54:12.467541 #34 1.687 moduleRunnerTransform: false
2026-Jan-19 16:54:12.467541 #34 1.687 },
2026-Jan-19 16:54:12.467541 #34 1.687 build: {
2026-Jan-19 16:54:12.467541 #34 1.687 target: [ 'es2020', 'edge88', 'firefox78', 'chrome87', 'safari14' ],
2026-Jan-19 16:54:12.467541 #34 1.687 polyfillModulePreload: true,
2026-Jan-19 16:54:12.467541 #34 1.687 modulePreload: { polyfill: true },
2026-Jan-19 16:54:12.467541 #34 1.687 outDir: 'dist',
2026-Jan-19 16:54:12.467541 #34 1.687 assetsDir: 'assets',
2026-Jan-19 16:54:12.467541 #34 1.687 assetsInlineLimit: 4096,
2026-Jan-19 16:54:12.467541 #34 1.687 sourcemap: false,
2026-Jan-19 16:54:12.467541 #34 1.687 terserOptions: {},
2026-Jan-19 16:54:12.467541 #34 1.687 rollupOptions: { onwarn: [Function: onwarn] },
2026-Jan-19 16:54:12.467541 #34 1.687 commonjsOptions: { include: [ /node_modules/ ], extensions: [ '.js', '.cjs' ] },
2026-Jan-19 16:54:12.467541 #34 1.687 dynamicImportVarsOptions: { warnOnError: true, exclude: [ /node_modules/ ] },
2026-Jan-19 16:54:12.467541 #34 1.687 write: true,
2026-Jan-19 16:54:12.467541 #34 1.687 emptyOutDir: true,
2026-Jan-19 16:54:12.467541 #34 1.687 copyPublicDir: true,
2026-Jan-19 16:54:12.467541 #34 1.687 manifest: false,
2026-Jan-19 16:54:12.467541 #34 1.687 lib: false,
2026-Jan-19 16:54:12.467541 #34 1.687 ssrManifest: false,
2026-Jan-19 16:54:12.467541 #34 1.687 ssrEmitAssets: false,
2026-Jan-19 16:54:12.467541 #34 1.687 reportCompressedSize: true,
2026-Jan-19 16:54:12.467541 #34 1.687 chunkSizeWarningLimit: 500,
2026-Jan-19 16:54:12.467541 #34 1.687 watch: null,
2026-Jan-19 16:54:12.467541 #34 1.687 cssCodeSplit: true,
2026-Jan-19 16:54:12.467541 #34 1.687 minify: 'esbuild',
2026-Jan-19 16:54:12.467541 #34 1.687 ssr: false,
2026-Jan-19 16:54:12.467541 #34 1.687 emitAssets: true,
2026-Jan-19 16:54:12.467541 #34 1.687 createEnvironment: [Function: createEnvironment],
2026-Jan-19 16:54:12.467541 #34 1.687 cssTarget: [ 'es2020', 'edge88', 'firefox78', 'chrome87', 'safari14' ],
2026-Jan-19 16:54:12.467541 #34 1.687 cssMinify: true
2026-Jan-19 16:54:12.467541 #34 1.687 }
2026-Jan-19 16:54:12.467541 #34 1.687 }
2026-Jan-19 16:54:12.467541 #34 1.687 },
2026-Jan-19 16:54:12.467541 #34 1.687 configFile: '/app/packages/frontend/vite.config.ts',
2026-Jan-19 16:54:12.467541 #34 1.687 configFileDependencies: [ '/app/packages/frontend/vite.config.ts' ],
2026-Jan-19 16:54:12.467541 #34 1.687 inlineConfig: {
2026-Jan-19 16:54:12.467541 #34 1.687 root: undefined,
2026-Jan-19 16:54:12.467541 #34 1.687 base: undefined,
2026-Jan-19 16:54:12.467541 #34 1.687 mode: undefined,
2026-Jan-19 16:54:12.467541 #34 1.687 configFile: undefined,
2026-Jan-19 16:54:12.467541 #34 1.687 configLoader: undefined,
2026-Jan-19 16:54:12.467541 #34 1.687 logLevel: undefined,
2026-Jan-19 16:54:12.467541 #34 1.687 clearScreen: undefined,
2026-Jan-19 16:54:12.467541 #34 1.687 build: {}
2026-Jan-19 16:54:12.467541 #34 1.687 },
2026-Jan-19 16:54:12.467541 #34 1.687 root: '/app/packages/frontend',
2026-Jan-19 16:54:12.467541 #34 1.687 base: '/',
2026-Jan-19 16:54:12.467541 #34 1.687 decodedBase: '/',
2026-Jan-19 16:54:12.467541 #34 1.687 rawBase: '/',
2026-Jan-19 16:54:12.467541 #34 1.687 publicDir: '/app/packages/frontend/public',
2026-Jan-19 16:54:12.467541 #34 1.687 cacheDir: '/app/packages/frontend/node_modules/.vite',
2026-Jan-19 16:54:12.467541 #34 1.687 command: 'build',
2026-Jan-19 16:54:12.467541 #34 1.687 mode: 'production',
2026-Jan-19 16:54:12.467541 #34 1.687 isWorker: false,
2026-Jan-19 16:54:12.467541 #34 1.687 mainConfig: null,
2026-Jan-19 16:54:12.467541 #34 1.687 bundleChain: [],
2026-Jan-19 16:54:12.467541 #34 1.687 isProduction: false,
2026-Jan-19 16:54:12.467541 #34 1.687 css: {
2026-Jan-19 16:54:12.467541 #34 1.687 transformer: 'postcss',
2026-Jan-19 16:54:12.467541 #34 1.687 preprocessorMaxWorkers: 0,
2026-Jan-19 16:54:12.467541 #34 1.687 devSourcemap: false
2026-Jan-19 16:54:12.467541 #34 1.687 },
2026-Jan-19 16:54:12.467541 #34 1.687 json: { namedExports: true, stringify: 'auto' },
2026-Jan-19 16:54:12.467541 #34 1.687 builder: undefined,
2026-Jan-19 16:54:12.467541 #34 1.687 preview: {
2026-Jan-19 16:54:12.467541 #34 1.687 port: 4173,
2026-Jan-19 16:54:12.467541 #34 1.687 strictPort: false,
2026-Jan-19 16:54:12.467541 #34 1.687 host: '0.0.0.0',
2026-Jan-19 16:54:12.467541 #34 1.687 allowedHosts: [],
2026-Jan-19 16:54:12.467541 #34 1.687 https: undefined,
2026-Jan-19 16:54:12.467541 #34 1.687 open: false,
2026-Jan-19 16:54:12.467541 #34 1.687 proxy: {
2026-Jan-19 16:54:12.467541 #34 1.687 '/api': {
2026-Jan-19 16:54:12.467541 #34 1.687 target: 'https://efatoura.duckdns.org/api',
2026-Jan-19 16:54:12.467541 #34 1.687 changeOrigin: true,
2026-Jan-19 16:54:12.467541 #34 1.687 rewrite: [Function: rewrite]
2026-Jan-19 16:54:12.467541 #34 1.687 }
2026-Jan-19 16:54:12.467541 #34 1.687 },
2026-Jan-19 16:54:12.467541 #34 1.687 cors: {
2026-Jan-19 16:54:12.467541 #34 1.687 origin: /^https?:\/\/(?:(?:[^:]+\.)?localhost|127\.0\.0\.1|\[::1\])(?::\d+)?$/
2026-Jan-19 16:54:12.467541 #34 1.687 },
2026-Jan-19 16:54:12.467541 #34 1.687 headers: {}
2026-Jan-19 16:54:12.467541 #34 1.687 },
2026-Jan-19 16:54:12.467541 #34 1.687 envDir: '/app/packages/frontend',
2026-Jan-19 16:54:12.467541 #34 1.687 env: {
2026-Jan-19 16:54:12.467541 #34 1.687 VITE_API_BASE_URL: 'https://efatoura.duckdns.org/api',
2026-Jan-19 16:54:12.467541 #34 1.687 BASE_URL: '/',
2026-Jan-19 16:54:12.467541 #34 1.687 MODE: 'production',
2026-Jan-19 16:54:12.467541 #34 1.687 DEV: true,
2026-Jan-19 16:54:12.467541 #34 1.687 PROD: false
2026-Jan-19 16:54:12.467541 #34 1.687 },
2026-Jan-19 16:54:12.467541 #34 1.687 assetsInclude: [Function: assetsInclude],
2026-Jan-19 16:54:12.467541 #34 1.687 logger: {
2026-Jan-19 16:54:12.467541 #34 1.687 hasWarned: false,
2026-Jan-19 16:54:12.467541 #34 1.687 info: [Function: info],
2026-Jan-19 16:54:12.467541 #34 1.687 warn: [Function: warn],
2026-Jan-19 16:54:12.467541 #34 1.687 warnOnce: [Function: warnOnce],
2026-Jan-19 16:54:12.467541 #34 1.687 error: [Function: error],
2026-Jan-19 16:54:12.467541 #34 1.687 clearScreen: [Function: clearScreen],
2026-Jan-19 16:54:12.467541 #34 1.687 hasErrorLogged: [Function: hasErrorLogged]
2026-Jan-19 16:54:12.467541 #34 1.687 },
2026-Jan-19 16:54:12.467541 #34 1.687 packageCache: Map(1) {
2026-Jan-19 16:54:12.467541 #34 1.687 'fnpd_/app/packages/frontend' => {
2026-Jan-19 16:54:12.467541 #34 1.687 dir: '/app/packages/frontend',
2026-Jan-19 16:54:12.467541 #34 1.687 data: {
2026-Jan-19 16:54:12.467541 #34 1.687 name: '@teif/frontend',
2026-Jan-19 16:54:12.467541 #34 1.687 private: true,
2026-Jan-19 16:54:12.467541 #34 1.687 version: '0.0.0',
2026-Jan-19 16:54:12.467541 #34 1.687 type: 'module',
2026-Jan-19 16:54:12.467541 #34 1.687 scripts: {
2026-Jan-19 16:54:12.467541 #34 1.687 dev: 'vite',
2026-Jan-19 16:54:12.467541 #34 1.687 build: 'vite build',
2026-Jan-19 16:54:12.467541 #34 1.687 preview: 'vite preview',
2026-Jan-19 16:54:12.467541 #34 1.687 test: 'vitest',
2026-Jan-19 16:54:12.467541 #34 1.687 'test:ui': 'vitest --ui',
2026-Jan-19 16:54:12.467541 #34 1.687 'test:coverage': 'vitest --coverage',
2026-Jan-19 16:54:12.467541 #34 1.687 'test:e2e': 'playwright test',
2026-Jan-19 16:54:12.467541 #34 1.687 'test:e2e:ui': 'playwright test --ui',
2026-Jan-19 16:54:12.467541 #34 1.687 'test:all': 'npm run test && npm run test:e2e',
2026-Jan-19 16:54:12.467541 #34 1.687 typecheck: 'tsc --noEmit'
2026-Jan-19 16:54:12.467541 #34 1.687 },
2026-Jan-19 16:54:12.467541 #34 1.687 dependencies: {
2026-Jan-19 16:54:12.467541 #34 1.687 '@google/genai': '^1.35.0',
2026-Jan-19 16:54:12.467541 #34 1.687 '@radix-ui/react-label': '^2.1.8',
2026-Jan-19 16:54:12.467541 #34 1.687 '@radix-ui/react-select': '^2.2.6',
2026-Jan-19 16:54:12.467541 #34 1.687 '@radix-ui/react-slot': '^1.2.4',
2026-Jan-19 16:54:12.467541 #34 1.687 '@tanstack/react-query': '^5',
2026-Jan-19 16:54:12.467541 #34 1.687 '@tanstack/react-query-devtools': '^5',
2026-Jan-19 16:54:12.467541 #34 1.687 '@teif/shared': 'workspace:*',
2026-Jan-19 16:54:12.467541 #34 1.687 axios: '^1',
2026-Jan-19 16:54:12.467541 #34 1.687 'date-fns': '^3',
2026-Jan-19 16:54:12.467541 #34 1.687 hono: '^4.4.0',
2026-Jan-19 16:54:12.467541 #34 1.687 react: '^19.2.3',
2026-Jan-19 16:54:12.467541 #34 1.687 'react-dom': '^19.2.3',
2026-Jan-19 16:54:12.467541 #34 1.687 'react-hot-toast': '^2',
2026-Jan-19 16:54:12.467541 #34 1.687 'react-router-dom': '^6',
2026-Jan-19 16:54:12.467541 #34 1.687 'shadcn-ui': '^0.9.5',
2026-Jan-19 16:54:12.467541 #34 1.687 zod: '^3'
2026-Jan-19 16:54:12.467541 #34 1.687 },
2026-Jan-19 16:54:12.467541 #34 1.687 devDependencies: {
2026-Jan-19 16:54:12.467541 #34 1.687 '@playwright/test': '^1.57.0',
2026-Jan-19 16:54:12.467541 #34 1.687 '@tailwindcss/postcss': '^4.1.18',
2026-Jan-19 16:54:12.467541 #34 1.687 '@testing-library/dom': '^10.4.1',
2026-Jan-19 16:54:12.467541 #34 1.687 '@testing-library/jest-dom': '^6.9.1',
2026-Jan-19 16:54:12.467541 #34 1.687 '@testing-library/react': '^16.3.1',
2026-Jan-19 16:54:12.467541 #34 1.687 '@testing-library/user-event': '^14.6.1',
2026-Jan-19 16:54:12.467541 #34 1.687 '@types/node': '^22.14.0',
2026-Jan-19 16:54:12.467541 #34 1.687 '@types/react': '^19',
2026-Jan-19 16:54:12.467541 #34 1.687 '@types/react-dom': '^19',
2026-Jan-19 16:54:12.467541 #34 1.687 '@vitejs/plugin-react': '^5.0.0',
2026-Jan-19 16:54:12.467541 #34 1.687 '@vitest/coverage-v8': '^3.2.4',
2026-Jan-19 16:54:12.467541 #34 1.687 '@vitest/ui': '^3.2.4',
2026-Jan-19 16:54:12.467541 #34 1.687 autoprefixer: '^10.4.23',
2026-Jan-19 16:54:12.467541 #34 1.687 'axe-core': '^4.11.1',
2026-Jan-19 16:54:12.467541 #34 1.687 c8: '^10.1.3',
2026-Jan-19 16:54:12.467541 #34 1.687 'class-variance-authority': '^0.7.1',
2026-Jan-19 16:54:12.467541 #34 1.687 clsx: '^2.1.1',
2026-Jan-19 16:54:12.467541 #34 1.687 jsdom: '^27.0.1',
2026-Jan-19 16:54:12.467541 #34 1.687 lighthouse: '^13.0.1',
2026-Jan-19 16:54:12.467541 #34 1.687 'lucide-react': '^0.562.0',
2026-Jan-19 16:54:12.467541 #34 1.687 playwright: '^1.57.0',
2026-Jan-19 16:54:12.467541 #34 1.687 postcss: '^8.5.6',
2026-Jan-19 16:54:12.467541 #34 1.687 'tailwind-merge': '^3.4.0',
2026-Jan-19 16:54:12.467541 #34 1.687 tailwindcss: '^4.1.18',
2026-Jan-19 16:54:12.467541 #34 1.687 typescript: '~5.8.2',
2026-Jan-19 16:54:12.467541 #34 1.687 vite: '^6.2.0',
2026-Jan-19 16:54:12.467541 #34 1.687 vitest: '^3.2.4'
2026-Jan-19 16:54:12.467541 #34 1.687 }
2026-Jan-19 16:54:12.467541 #34 1.687 },
2026-Jan-19 16:54:12.467541 #34 1.687 hasSideEffects: [Function: hasSideEffects],
2026-Jan-19 16:54:12.467541 #34 1.687 setResolvedCache: [Function: setResolvedCache],
2026-Jan-19 16:54:12.467541 #34 1.687 getResolvedCache: [Function: getResolvedCache]
2026-Jan-19 16:54:12.467541 #34 1.687 },
2026-Jan-19 16:54:12.467541 #34 1.687 set: [Function (anonymous)]
2026-Jan-19 16:54:12.467541 #34 1.687 },
2026-Jan-19 16:54:12.467541 #34 1.687 worker: { format: 'iife', plugins: '() => plugins', rollupOptions: {} },
2026-Jan-19 16:54:12.467541 #34 1.687 appType: 'spa',
2026-Jan-19 16:54:12.467541 #34 1.687 experimental: { importGlobRestoreExtension: false, hmrPartialAccept: false },
2026-Jan-19 16:54:12.467541 #34 1.687 future: undefined,
2026-Jan-19 16:54:12.467541 #34 1.687 ssr: {
2026-Jan-19 16:54:12.467541 #34 1.687 target: 'node',
2026-Jan-19 16:54:12.467541 #34 1.687 optimizeDeps: { esbuildOptions: { preserveSymlinks: false } },
2026-Jan-19 16:54:12.467541 #34 1.687 resolve: { conditions: undefined, externalConditions: undefined }
2026-Jan-19 16:54:12.467541 #34 1.687 },
2026-Jan-19 16:54:12.467541 #34 1.687 dev: {
2026-Jan-19 16:54:12.467541 #34 1.687 warmup: [],
2026-Jan-19 16:54:12.467541 #34 1.687 sourcemap: { js: true },
2026-Jan-19 16:54:12.467541 #34 1.687 sourcemapIgnoreList: [Function: isInNodeModules$1],
2026-Jan-19 16:54:12.467541 #34 1.687 preTransformRequests: false,
2026-Jan-19 16:54:12.467541 #34 1.687 createEnvironment: [Function: defaultCreateDevEnvironment],
2026-Jan-19 16:54:12.467541 #34 1.687 recoverable: false,
2026-Jan-19 16:54:12.467541 #34 1.687 moduleRunnerTransform: false
2026-Jan-19 16:54:12.467541 #34 1.687 },
2026-Jan-19 16:54:12.467541 #34 1.687 webSocketToken: 'KjatypPd7WsZ',
2026-Jan-19 16:54:12.467541 #34 1.687 getSortedPlugins: [Function: getSortedPlugins],
2026-Jan-19 16:54:12.467541 #34 1.687 getSortedPluginHooks: [Function: getSortedPluginHooks],
2026-Jan-19 16:54:12.467541 #34 1.687 createResolver: [Function: createResolver],
2026-Jan-19 16:54:12.467541 #34 1.687 fsDenyGlob: [Function: arrayMatcher],
2026-Jan-19 16:54:12.467541 #34 1.687 safeModulePaths: Set(0) {},
2026-Jan-19 16:54:12.467541 #34 1.687 additionalAllowedHosts: [ '0.0.0.0', '0.0.0.0' ],
2026-Jan-19 16:54:12.467541 #34 1.687 [Symbol(vite:resolved-config)]: true
2026-Jan-19 16:54:12.467541 #34 1.687 }
2026-Jan-19 16:54:12.467541 #34 1.691 vite v6.4.1 building for production...
2026-Jan-19 16:54:12.726669 #34 2.104 transforming...
2026-Jan-19 16:54:13.101567 #34 ...
2026-Jan-19 16:54:13.101567
2026-Jan-19 16:54:13.101567 #35 [backend builder 12/15] COPY packages/backend packages/backend/
2026-Jan-19 16:54:13.101567 #35 DONE 1.0s
2026-Jan-19 16:54:13.210404 #36 [backend builder 13/15] COPY packages/shared packages/shared/
2026-Jan-19 16:54:13.210404 #36 DONE 0.1s
2026-Jan-19 16:54:13.210404
2026-Jan-19 16:54:13.210404 #34 [frontend builder 14/15] RUN cd /app/packages/frontend && pnpm exec vite build --debug
2026-Jan-19 16:54:13.210404 #34 2.521 2026-01-19T16:54:13.139Z vite:resolve 2.47ms tailwindcss -> /app/node_modules/tailwindcss/index.css
2026-Jan-19 16:54:14.641315 #34 ...
2026-Jan-19 16:54:14.641315
2026-Jan-19 16:54:14.641315 #37 [backend builder 14/15] RUN pnpm --filter @teif/backend prisma generate
2026-Jan-19 16:54:14.641315 #37 1.275 None of the selected packages has a "prisma" script
2026-Jan-19 16:54:14.641315 #37 DONE 1.4s
2026-Jan-19 16:54:14.793760 #38 [backend builder 15/15] RUN { echo "=== BACKEND BUILD DIAGNOSTICS ===" && echo "PWD: $(pwd)" && echo "Node: $(node --version)" && echo "pnpm: $(pnpm --version)" && echo "" && echo "=== DIRECTORY ===" && ls -la packages/backend/ && echo "" && echo "=== PACKAGE.JSON ===" && cat packages/backend/package.json && echo "" && echo "=== WORKSPACE ===" && pnpm list --depth=0 && echo "" && echo "=== BUILDING ===" && pnpm --filter @teif/backend build; } 2>&1 | tee /tmp/backend-build.log
2026-Jan-19 16:54:14.979538 #38 0.337 === BACKEND BUILD DIAGNOSTICS ===
2026-Jan-19 16:54:14.979538 #38 0.337 PWD: /app
2026-Jan-19 16:54:15.143496 #38 0.351 Node: v20.20.0
2026-Jan-19 16:54:15.342561 #38 0.699 pnpm: 9.0.0
2026-Jan-19 16:54:15.342561 #38 0.699
2026-Jan-19 16:54:15.342561 #38 0.699 === DIRECTORY ===
2026-Jan-19 16:54:15.499017 #38 0.701 total 44
2026-Jan-19 16:54:15.499017 #38 0.701 drwxr-xr-x 1 root root 4096 Jan 19 16:53 .
2026-Jan-19 16:54:15.499017 #38 0.701 drwxr-xr-x 1 root root 4096 Jan 19 16:53 ..
2026-Jan-19 16:54:15.499017 #38 0.701 -rw-r--r-- 1 root root 1481 Jan 19 16:53 .env.example
2026-Jan-19 16:54:15.499017 #38 0.701 -rw-r--r-- 1 root root 4281 Jan 19 16:53 Dockerfile
2026-Jan-19 16:54:15.499017 #38 0.701 drwxr-xr-x 4 root root 4096 Jan 19 16:54 node_modules
2026-Jan-19 16:54:15.499017 #38 0.701 -rw-r--r-- 1 root root 1081 Jan 19 16:53 package.json
2026-Jan-19 16:54:15.499017 #38 0.701 drwxr-xr-x 4 root root 4096 Jan 19 16:53 prisma
2026-Jan-19 16:54:15.499017 #38 0.701 drwxr-xr-x 10 root root 4096 Jan 19 16:53 src
2026-Jan-19 16:54:15.499017 #38 0.701 -rw-r--r-- 1 root root 483 Jan 19 16:53 tsconfig.json
2026-Jan-19 16:54:15.499017 #38 0.701
2026-Jan-19 16:54:15.499017 #38 0.701 === PACKAGE.JSON ===
2026-Jan-19 16:54:15.499017 #38 0.704 {
2026-Jan-19 16:54:15.499017 #38 0.704 "name": "@teif/backend",
2026-Jan-19 16:54:15.499017 #38 0.704 "version": "0.0.0",
2026-Jan-19 16:54:15.499017 #38 0.704 "type": "module",
2026-Jan-19 16:54:15.499017 #38 0.704 "scripts": {
2026-Jan-19 16:54:15.499017 #38 0.704 "dev": "tsx src/index.ts",
2026-Jan-19 16:54:15.499017 #38 0.704 "build": "tsc",
2026-Jan-19 16:54:15.499017 #38 0.704 "start": "node dist/index.js",
2026-Jan-19 16:54:15.499017 #38 0.704 "db:generate": "prisma generate",
2026-Jan-19 16:54:15.499017 #38 0.704 "db:migrate": "prisma migrate dev",
2026-Jan-19 16:54:15.499017 #38 0.704 "db:push": "prisma db push",
2026-Jan-19 16:54:15.499017 #38 0.704 "db:studio": "prisma studio",
2026-Jan-19 16:54:15.499017 #38 0.704 "db:seed": "tsx prisma/seed.ts",
2026-Jan-19 16:54:15.499017 #38 0.704 "typecheck": "tsc --noEmit"
2026-Jan-19 16:54:15.499017 #38 0.704 },
2026-Jan-19 16:54:15.499017 #38 0.704 "dependencies": {
2026-Jan-19 16:54:15.499017 #38 0.704 "@hono/node-server": "^1.12.0",
2026-Jan-19 16:54:15.499017 #38 0.704 "@prisma/client": "^5.14.0",
2026-Jan-19 16:54:15.499017 #38 0.704 "@supabase/supabase-js": "^2.43.0",
2026-Jan-19 16:54:15.499017 #38 0.704 "@teif/shared": "workspace:*",
2026-Jan-19 16:54:15.499017 #38 0.704 "bcrypt": "^5.1.1",
2026-Jan-19 16:54:15.499017 #38 0.704 "hono": "^4.4.0",
2026-Jan-19 16:54:15.499017 #38 0.704 "jsonwebtoken": "^9.0.2",
2026-Jan-19 16:54:15.499017 #38 0.704 "nodemailer": "^6.9.13",
2026-Jan-19 16:54:15.499017 #38 0.704 "puppeteer": "^23.10.0",
2026-Jan-19 16:54:15.499017 #38 0.704 "qrcode": "^1.5.3",
2026-Jan-19 16:54:15.499017 #38 0.704 "zod": "^3.25.76"
2026-Jan-19 16:54:15.499017 #38 0.704 },
2026-Jan-19 16:54:15.499017 #38 0.704 "devDependencies": {
2026-Jan-19 16:54:15.499017 #38 0.704 "@hono/zod-validator": "^0.7.6",
2026-Jan-19 16:54:15.499017 #38 0.704 "@types/bcrypt": "^5.0.2",
2026-Jan-19 16:54:15.499017 #38 0.704 "@types/jsonwebtoken": "^9.0.6",
2026-Jan-19 16:54:15.499017 #38 0.704 "@types/node": "^22.14.0",
2026-Jan-19 16:54:15.499017 #38 0.704 "@types/nodemailer": "^6.4.14",
2026-Jan-19 16:54:15.499017 #38 0.704 "@types/qrcode": "^1.5.5",
2026-Jan-19 16:54:15.499017 #38 0.704 "prisma": "^5.14.0",
2026-Jan-19 16:54:15.499017 #38 0.704 "tsx": "^4.11.0",
2026-Jan-19 16:54:15.499017 #38 0.704 "typescript": "~5.8.2",
2026-Jan-19 16:54:15.499017 #38 0.704 "zod-prisma-types": "^3.3.10"
2026-Jan-19 16:54:15.499017 #38 0.704 }
2026-Jan-19 16:54:15.499017 #38 0.704 }
2026-Jan-19 16:54:15.499017 #38 0.704
2026-Jan-19 16:54:15.499017 #38 0.704 === WORKSPACE ===
2026-Jan-19 16:54:17.133643 #38 2.487 Legend: production dependency, optional only, dev only
2026-Jan-19 16:54:17.133643 #38 2.487
2026-Jan-19 16:54:17.133643 #38 2.487 teif-monorepo@0.0.0 /app (PRIVATE)
2026-Jan-19 16:54:17.133643 #38 2.487
2026-Jan-19 16:54:17.133643 #38 2.487 dependencies:
2026-Jan-19 16:54:17.133643 #38 2.487 zod 4.3.5
2026-Jan-19 16:54:17.133643 #38 2.487
2026-Jan-19 16:54:17.133643 #38 2.487 devDependencies:
2026-Jan-19 16:54:17.133643 #38 2.487 prettier 3.7.4
2026-Jan-19 16:54:17.133643 #38 2.487 supabase 2.72.6
2026-Jan-19 16:54:17.133643 #38 2.487 turbo 2.7.4
2026-Jan-19 16:54:17.303574 #38 2.511
2026-Jan-19 16:54:17.303574 #38 2.511 === BUILDING ===
2026-Jan-19 16:54:17.926258 #38 3.284
2026-Jan-19 16:54:17.926258 #38 3.284 > @teif/backend@0.0.0 build /app/packages/backend
2026-Jan-19 16:54:17.926258 #38 3.284 > tsc
2026-Jan-19 16:54:17.926258 #38 3.284
2026-Jan-19 16:54:23.672194 #38 ...
2026-Jan-19 16:54:23.672194
2026-Jan-19 16:54:23.672194 #34 [frontend builder 14/15] RUN cd /app/packages/frontend && pnpm exec vite build --debug
2026-Jan-19 16:54:23.672194 #34 13.05  1827 modules transformed.
2026-Jan-19 16:54:24.367742 #34 13.75 rendering chunks...
2026-Jan-19 16:54:24.767888 #34 14.15 computing gzip size...
2026-Jan-19 16:54:24.993769 #34 14.22 dist/index.html 1.09 kB  gzip: 0.63 kB
2026-Jan-19 16:54:24.993769 #34 14.22 dist/assets/index-Ca8EGux0.css 68.28 kB  gzip: 9.85 kB
2026-Jan-19 16:54:24.993769 #34 14.22 dist/assets/CDWEKZTF-Bg6inGql.js 230.10 kB  gzip: 65.32 kB
2026-Jan-19 16:54:24.993769 #34 14.22 dist/assets/index-ZMU8gSAr.js 885.38 kB  gzip: 238.57 kB
2026-Jan-19 16:54:24.993769 #34 14.22  built in 12.46s
2026-Jan-19 16:54:24.993769 #34 14.22
2026-Jan-19 16:54:24.993769 #34 14.22 (!) Some chunks are larger than 500 kB after minification. Consider:
2026-Jan-19 16:54:24.993769 #34 14.22 - Using dynamic import() to code-split the application
2026-Jan-19 16:54:24.993769 #34 14.22 - Use build.rollupOptions.output.manualChunks to improve chunking: https://rollupjs.org/configuration-options/#output-manualchunks
2026-Jan-19 16:54:24.993769 #34 14.22 - Adjust chunk size limit for this warning via build.chunkSizeWarningLimit.
2026-Jan-19 16:54:25.074923 #34 DONE 14.5s
2026-Jan-19 16:54:25.074923
2026-Jan-19 16:54:25.074923 #38 [backend builder 15/15] RUN { echo "=== BACKEND BUILD DIAGNOSTICS ===" && echo "PWD: $(pwd)" && echo "Node: $(node --version)" && echo "pnpm: $(pnpm --version)" && echo "" && echo "=== DIRECTORY ===" && ls -la packages/backend/ && echo "" && echo "=== PACKAGE.JSON ===" && cat packages/backend/package.json && echo "" && echo "=== WORKSPACE ===" && pnpm list --depth=0 && echo "" && echo "=== BUILDING ===" && pnpm --filter @teif/backend build; } 2>&1 | tee /tmp/backend-build.log
2026-Jan-19 16:54:25.241126 #38 ...
2026-Jan-19 16:54:25.241126
2026-Jan-19 16:54:25.241126 #39 [frontend builder 15/15] RUN test -d /app/packages/frontend/dist || (echo "ERROR: dist folder not created"; ls -laR /app/packages/frontend/; exit 1)
2026-Jan-19 16:54:25.493546 #39 DONE 0.4s
2026-Jan-19 16:54:25.493546
2026-Jan-19 16:54:25.493546 #38 [backend builder 15/15] RUN { echo "=== BACKEND BUILD DIAGNOSTICS ===" && echo "PWD: $(pwd)" && echo "Node: $(node --version)" && echo "pnpm: $(pnpm --version)" && echo "" && echo "=== DIRECTORY ===" && ls -la packages/backend/ && echo "" && echo "=== PACKAGE.JSON ===" && cat packages/backend/package.json && echo "" && echo "=== WORKSPACE ===" && pnpm list --depth=0 && echo "" && echo "=== BUILDING ===" && pnpm --filter @teif/backend build; } 2>&1 | tee /tmp/backend-build.log
2026-Jan-19 16:54:25.600118 #38 ...
2026-Jan-19 16:54:25.600118
2026-Jan-19 16:54:25.600118 #40 [frontend stage-1 2/3] COPY --from=builder /app/packages/frontend/dist /usr/share/nginx/html
2026-Jan-19 16:54:25.600118 #40 DONE 0.0s
2026-Jan-19 16:54:25.600118
2026-Jan-19 16:54:25.600118 #38 [backend builder 15/15] RUN { echo "=== BACKEND BUILD DIAGNOSTICS ===" && echo "PWD: $(pwd)" && echo "Node: $(node --version)" && echo "pnpm: $(pnpm --version)" && echo "" && echo "=== DIRECTORY ===" && ls -la packages/backend/ && echo "" && echo "=== PACKAGE.JSON ===" && cat packages/backend/package.json && echo "" && echo "=== WORKSPACE ===" && pnpm list --depth=0 && echo "" && echo "=== BUILDING ===" && pnpm --filter @teif/backend build; } 2>&1 | tee /tmp/backend-build.log
2026-Jan-19 16:54:25.600118 #38 10.96 error TS5083: Cannot read file '/app/tsconfig.base.json'.
2026-Jan-19 16:54:25.746373 #38 10.96 src/index.ts(71,29): error TS2339: Property 'PrismaClientKnownRequestError' does not exist on type 'typeof Prisma'.
2026-Jan-19 16:54:25.746373 #38 10.96 src/index.ts(77,29): error TS2339: Property 'PrismaClientInitializationError' does not exist on type 'typeof Prisma'.
2026-Jan-19 16:54:25.746373 #38 10.96 src/routes/auth.ts(20,8): error TS6305: Output file '/app/packages/shared/dist/index.d.ts' has not been built from source file '/app/packages/shared/src/index.ts'.
2026-Jan-19 16:54:25.746373 #38 10.96 src/services/invoice-calculations.service.ts(1,57): error TS6305: Output file '/app/packages/shared/dist/utils/index.d.ts' has not been built from source file '/app/packages/shared/src/utils/index.ts'.
2026-Jan-19 16:54:25.746373 #38 10.96 src/services/invoice.service.ts(489,14): error TS2339: Property 'sql' does not exist on type 'typeof Prisma'.
2026-Jan-19 16:54:25.746373 #38 10.96 src/services/invoice.service.ts(490,14): error TS2339: Property 'sql' does not exist on type 'typeof Prisma'.
2026-Jan-19 16:54:25.746373 #38 10.96 src/services/invoice.service.ts(491,14): error TS2339: Property 'sql' does not exist on type 'typeof Prisma'.
2026-Jan-19 16:54:25.746373 #38 10.96 src/services/invoice.service.ts(501,35): error TS2339: Property 'sql' does not exist on type 'typeof Prisma'.
2026-Jan-19 16:54:25.746373 #38 10.96 src/services/invoice.service.ts(506,35): error TS2339: Property 'sql' does not exist on type 'typeof Prisma'.
2026-Jan-19 16:54:25.746373 #38 10.96 src/services/invoice.service.ts(512,16): error TS2339: Property 'sql' does not exist on type 'typeof Prisma'.
2026-Jan-19 16:54:25.746373 #38 10.96 src/services/invoice.service.ts(517,16): error TS2339: Property 'sql' does not exist on type 'typeof Prisma'.
2026-Jan-19 16:54:25.746373 #38 10.96 src/services/invoice.service.ts(524,16): error TS2339: Property 'sql' does not exist on type 'typeof Prisma'.
2026-Jan-19 16:54:25.746373 #38 10.96 src/services/invoice.service.ts(529,16): error TS2339: Property 'sql' does not exist on type 'typeof Prisma'.
2026-Jan-19 16:54:25.746373 #38 10.96 src/services/invoice.service.ts(534,32): error TS2339: Property 'sql' does not exist on type 'typeof Prisma'.
2026-Jan-19 16:54:25.746373 #38 10.96 src/services/invoice.service.ts(534,51): error TS2339: Property 'join' does not exist on type 'typeof Prisma'.
2026-Jan-19 16:54:25.746373 #38 10.96 src/services/partner.service.ts(2,30): error TS6305: Output file '/app/packages/shared/dist/types/index.d.ts' has not been built from source file '/app/packages/shared/src/types/index.ts'.
2026-Jan-19 16:54:25.746373 #38 10.96 src/services/pdf.service.ts(11,38): error TS6305: Output file '/app/packages/shared/dist/types/index.d.ts' has not been built from source file '/app/packages/shared/src/types/index.ts'.
2026-Jan-19 16:54:25.746373 #38 10.96 src/services/xmlGenerator.service.ts(1,33): error TS6305: Output file '/app/packages/shared/dist/utils/index.d.ts' has not been built from source file '/app/packages/shared/src/utils/index.ts'.
2026-Jan-19 16:54:25.746373 #38 10.96 src/services/xmlGenerator.service.ts(2,29): error TS6305: Output file '/app/packages/shared/dist/types/index.d.ts' has not been built from source file '/app/packages/shared/src/types/index.ts'.
2026-Jan-19 16:54:25.746373 #38 10.96 src/templates/invoice.template.ts(6,68): error TS6305: Output file '/app/packages/shared/dist/types/index.d.ts' has not been built from source file '/app/packages/shared/src/types/index.ts'.
2026-Jan-19 16:54:25.746373 #38 10.96 src/utils/error-handler.ts(47,49): error TS2694: Namespace '"/app/node_modules/.prisma/client/default".Prisma' has no exported member 'PrismaClientKnownRequestError'.
2026-Jan-19 16:54:25.746373 #38 10.96 src/utils/error-handler.ts(104,55): error TS2694: Namespace '"/app/node_modules/.prisma/client/default".Prisma' has no exported member 'PrismaClientInitializationError'.
2026-Jan-19 16:54:25.746373 #38 10.96 src/utils/error-handler.ts(162,31): error TS2339: Property 'PrismaClientKnownRequestError' does not exist on type 'typeof Prisma'.
2026-Jan-19 16:54:25.746373 #38 10.96 src/utils/error-handler.ts(166,31): error TS2339: Property 'PrismaClientInitializationError' does not exist on type 'typeof Prisma'.
2026-Jan-19 16:54:25.746373 #38 11.01 /app/packages/backend:
2026-Jan-19 16:54:25.746373 #38 11.01 ERR_PNPM_RECURSIVE_RUN_FIRST_FAIL @teif/backend@0.0.0 build: `tsc`
2026-Jan-19 16:54:25.746373 #38 11.01 Exit status 2
2026-Jan-19 16:54:25.746373 #38 DONE 11.1s
2026-Jan-19 16:54:25.746373
2026-Jan-19 16:54:25.746373 #41 [frontend stage-1 3/3] COPY packages/frontend/nginx.conf /etc/nginx/conf.d/default.conf
2026-Jan-19 16:54:25.746373 #41 DONE 0.0s
2026-Jan-19 16:54:25.746373
2026-Jan-19 16:54:25.746373 #42 [frontend] exporting to image
2026-Jan-19 16:54:25.746373 #42 exporting layers
2026-Jan-19 16:54:25.848979 #42 exporting layers 0.2s done
2026-Jan-19 16:54:25.848979 #42 exporting manifest sha256:fa2c0c83f9e740eb996bf271fec3be2496185d711790d26ceb15ef937f6bb143 0.0s done
2026-Jan-19 16:54:25.848979 #42 exporting config sha256:a498d3f30b212be3226d65a53bf906a93519d13f8c77d900c98dc8befae36af9 0.0s done
2026-Jan-19 16:54:25.848979 #42 exporting attestation manifest sha256:8ce1e3ba48bc6a86a12602c4f4fb9c0ef606e81993f761c17b3338cc6b9ce5e3
2026-Jan-19 16:54:25.951434 #42 exporting attestation manifest sha256:8ce1e3ba48bc6a86a12602c4f4fb9c0ef606e81993f761c17b3338cc6b9ce5e3 0.0s done
2026-Jan-19 16:54:25.951434 #42 exporting manifest list sha256:30d2256051d40cff78b02a6893c4695c98fc104f2cf24741b3fce5d7285df741 0.0s done
2026-Jan-19 16:54:25.951434 #42 naming to docker.io/library/teif-frontend:latest done
2026-Jan-19 16:54:25.951434 #42 unpacking to docker.io/library/teif-frontend:latest
2026-Jan-19 16:54:26.058310 #42 unpacking to docker.io/library/teif-frontend:latest 0.1s done
2026-Jan-19 16:54:26.058310 #42 DONE 0.4s
2026-Jan-19 16:54:26.058310
2026-Jan-19 16:54:26.058310 #43 [backend stage-1 5/10] COPY --from=builder /app/packages/backend/dist ./dist
2026-Jan-19 16:54:26.058310 #43 DONE 0.1s
2026-Jan-19 16:54:26.058310
2026-Jan-19 16:54:26.058310 #44 [backend stage-1 6/10] COPY --from=builder /app/packages/backend/package.json ./
2026-Jan-19 16:54:26.271949 #44 DONE 0.1s
2026-Jan-19 16:54:26.271949
2026-Jan-19 16:54:26.271949 #45 [backend stage-1 7/10] COPY --from=builder /app/packages/shared ./packages/shared
2026-Jan-19 16:54:26.288200 #45 DONE 0.2s
2026-Jan-19 16:54:26.509239 #46 [frontend] resolving provenance for metadata file
2026-Jan-19 16:54:26.509239 #46 DONE 0.0s
2026-Jan-19 16:54:36.174007 #47 [backend stage-1 8/10] COPY --from=builder /app/package.json pnpm-lock.yaml pnpm-workspace.yaml ./
2026-Jan-19 16:54:36.174007 #47 ERROR: failed to calculate checksum of ref 1kxng2r7n84q3igksz8appklh::fqnavhnnkosvqvq8mjlb3pysq: "/pnpm-lock.yaml": not found
2026-Jan-19 16:54:36.282116 ------
2026-Jan-19 16:54:36.282116 > [backend stage-1 8/10] COPY --from=builder /app/package.json pnpm-lock.yaml pnpm-workspace.yaml ./:
2026-Jan-19 16:54:36.282116 ------
2026-Jan-19 16:54:36.302770 Dockerfile:146
2026-Jan-19 16:54:36.302770
2026-Jan-19 16:54:36.302770 --------------------
2026-Jan-19 16:54:36.302770
2026-Jan-19 16:54:36.302770 144 | COPY --from=builder /app/packages/backend/package.json ./
2026-Jan-19 16:54:36.302770
2026-Jan-19 16:54:36.302770 145 | COPY --from=builder /app/packages/shared ./packages/shared
2026-Jan-19 16:54:36.302770
2026-Jan-19 16:54:36.302770 146 | >>> COPY --from=builder /app/package.json pnpm-lock.yaml pnpm-workspace.yaml ./
2026-Jan-19 16:54:36.302770
2026-Jan-19 16:54:36.302770 147 |
2026-Jan-19 16:54:36.302770
2026-Jan-19 16:54:36.302770 148 | # Copy only production node_modules (excluding devDependencies)
2026-Jan-19 16:54:36.302770
2026-Jan-19 16:54:36.302770 --------------------
2026-Jan-19 16:54:36.302770
2026-Jan-19 16:54:36.302770 target backend: failed to solve: failed to compute cache key: failed to calculate checksum of ref 1kxng2r7n84q3igksz8appklh::fqnavhnnkosvqvq8mjlb3pysq: "/pnpm-lock.yaml": not found
2026-Jan-19 16:54:36.302770
2026-Jan-19 16:54:36.302770 exit status 1
2026-Jan-19 16:54:36.410686 ========================================
2026-Jan-19 16:54:36.436034 Deployment failed: Command execution failed (exit code 1): docker exec a40g8wko4k4cwos00o0oc4cw bash -c 'COOLIFY_BRANCH=production COOLIFY_RESOURCE_UUID=r8ko44c4ko088css8kcs48co docker compose --env-file /artifacts/build-time.env --project-name r8ko44c4ko088css8kcs48co --project-directory /artifacts/a40g8wko4k4cwos00o0oc4cw -f /artifacts/a40g8wko4k4cwos00o0oc4cw/docker-compose.prod.yml build --pull --no-cache --build-arg COOLIFY_URL --build-arg COOLIFY_FQDN --build-arg SERVICE_FQDN_BACKEND --build-arg SERVICE_FQDN_FRONTEND --build-arg SERVICE_URL_BACKEND --build-arg SERVICE_URL_FRONTEND --build-arg CORS_ORIGIN --build-arg DATABASE_URL --build-arg GEMINI_API_KEY --build-arg JWT_EXPIRY --build-arg JWT_SECRET --build-arg LOG_LEVEL --build-arg POSTGRES_DB --build-arg POSTGRES_PASSWORD --build-arg POSTGRES_USER --build-arg PRODUCTION_DOMAIN --build-arg SITE_URL --build-arg SMTP_FROM --build-arg SMTP_HOST --build-arg SMTP_PASSWORD --build-arg SMTP_PORT --build-arg SMTP_SECURE --build-arg SMTP_USER --build-arg VITE_API_BASE_URL --build-arg COOLIFY_BUILD_SECRETS_HASH=eddb4c11f0e7eec345b4b7970373c9883b1c90d8eb6cfc71c29a3b71a6bdbd14'
2026-Jan-19 16:54:36.436034 Error: Dockerfile:146
2026-Jan-19 16:54:36.436034
2026-Jan-19 16:54:36.436034 --------------------
2026-Jan-19 16:54:36.436034
2026-Jan-19 16:54:36.436034 144 | COPY --from=builder /app/packages/backend/package.json ./
2026-Jan-19 16:54:36.436034
2026-Jan-19 16:54:36.436034 145 | COPY --from=builder /app/packages/shared ./packages/shared
2026-Jan-19 16:54:36.436034
2026-Jan-19 16:54:36.436034 146 | >>> COPY --from=builder /app/package.json pnpm-lock.yaml pnpm-workspace.yaml ./
2026-Jan-19 16:54:36.436034
2026-Jan-19 16:54:36.436034 147 |
2026-Jan-19 16:54:36.436034
2026-Jan-19 16:54:36.436034 148 | # Copy only production node_modules (excluding devDependencies)
2026-Jan-19 16:54:36.436034
2026-Jan-19 16:54:36.436034 --------------------
2026-Jan-19 16:54:36.436034
2026-Jan-19 16:54:36.436034 target backend: failed to solve: failed to compute cache key: failed to calculate checksum of ref 1kxng2r7n84q3igksz8appklh::fqnavhnnkosvqvq8mjlb3pysq: "/pnpm-lock.yaml": not found
2026-Jan-19 16:54:36.436034
2026-Jan-19 16:54:36.436034 exit status 1
2026-Jan-19 16:54:36.466730 Error type: RuntimeException
2026-Jan-19 16:54:36.493882 Error code: 0
2026-Jan-19 16:54:36.521351 Location: /var/www/html/app/Traits/ExecuteRemoteCommand.php:243
2026-Jan-19 16:54:36.548889 Stack trace (first 5 lines):
2026-Jan-19 16:54:36.573622 #0 /var/www/html/app/Traits/ExecuteRemoteCommand.php(104): App\Jobs\ApplicationDeploymentJob->executeCommandWithProcess()
2026-Jan-19 16:54:36.599950 #1 /var/www/html/vendor/laravel/framework/src/Illuminate/Collections/Traits/EnumeratesValues.php(271): App\Jobs\ApplicationDeploymentJob->{closure:App\Traits\ExecuteRemoteCommand::execute_remote_command():71}()
2026-Jan-19 16:54:36.625021 #2 /var/www/html/app/Traits/ExecuteRemoteCommand.php(71): Illuminate\Support\Collection->each()
2026-Jan-19 16:54:36.650660 #3 /var/www/html/app/Jobs/ApplicationDeploymentJob.php(737): App\Jobs\ApplicationDeploymentJob->execute_remote_command()
2026-Jan-19 16:54:36.676624 #4 /var/www/html/app/Jobs/ApplicationDeploymentJob.php(474): App\Jobs\ApplicationDeploymentJob->deploy_docker_compose_buildpack()
2026-Jan-19 16:54:36.702375 ========================================
2026-Jan-19 16:54:37.701664 Gracefully shutting down build container: a40g8wko4k4cwos00o0oc4cw
2026-Jan-19 16:54:38.185861 [CMD]: docker stop -t 30 a40g8wko4k4cwos00o0oc4cw
2026-Jan-19 16:54:38.185861 a40g8wko4k4cwos00o0oc4cw
