2026-Jan-19 17:11:54.206878 Starting deployment of TEIF/production to localhost.
2026-Jan-19 17:11:54.478482 Preparing container with helper image: ghcr.io/coollabsio/coolify-helper:1.0.12
2026-Jan-19 17:11:54.636782 [CMD]: docker stop -t 30 y04cw8kcoos8swgss4wcoo40
2026-Jan-19 17:11:54.636782 Error response from daemon: No such container: y04cw8kcoos8swgss4wcoo40
2026-Jan-19 17:11:54.840552 [CMD]: docker run -d --network coolify --name y04cw8kcoos8swgss4wcoo40 --rm -v /var/run/docker.sock:/var/run/docker.sock ghcr.io/coollabsio/coolify-helper:1.0.12
2026-Jan-19 17:11:54.840552 9b1f9bb155d51b59ecb226df173784c695c1afceb7c8a38e291f250d752a0a4a
2026-Jan-19 17:11:55.805124 [CMD]: docker exec y04cw8kcoos8swgss4wcoo40 bash -c 'GIT_SSH_COMMAND="ssh -o ConnectTimeout=30 -p 22 -o Port=22 -o LogLevel=ERROR -o StrictHostKeyChecking=no -o UserKnownHostsFile=/dev/null" git ls-remote https://github.com/maksebdevNessrine/TEIF refs/heads/production'
2026-Jan-19 17:11:55.805124 22bb28f684456b335bb460f4a94b22e5f9253e8a refs/heads/production
2026-Jan-19 17:11:55.820012 ----------------------------------------
2026-Jan-19 17:11:55.827387 Importing maksebdevNessrine/TEIF:production (commit sha 22bb28f684456b335bb460f4a94b22e5f9253e8a) to /artifacts/y04cw8kcoos8swgss4wcoo40.
2026-Jan-19 17:11:56.054458 [CMD]: docker exec y04cw8kcoos8swgss4wcoo40 bash -c 'git clone --depth=1 --recurse-submodules --shallow-submodules -b 'production' 'https://github.com/maksebdevNessrine/TEIF' '/artifacts/y04cw8kcoos8swgss4wcoo40' && cd '/artifacts/y04cw8kcoos8swgss4wcoo40' && if [ -f .gitmodules ]; then sed -i "s#git@\(.*\):#https://\1/#g" '/artifacts/y04cw8kcoos8swgss4wcoo40'/.gitmodules || true && git submodule sync && GIT_SSH_COMMAND="ssh -o StrictHostKeyChecking=no -o UserKnownHostsFile=/dev/null" git submodule update --init --recursive --depth=1; fi && cd '/artifacts/y04cw8kcoos8swgss4wcoo40' && GIT_SSH_COMMAND="ssh -o StrictHostKeyChecking=no -o UserKnownHostsFile=/dev/null" git lfs pull'
2026-Jan-19 17:11:56.054458 Cloning into '/artifacts/y04cw8kcoos8swgss4wcoo40'...
2026-Jan-19 17:11:57.401942 [CMD]: docker exec y04cw8kcoos8swgss4wcoo40 bash -c 'cd /artifacts/y04cw8kcoos8swgss4wcoo40 && git log -1 22bb28f684456b335bb460f4a94b22e5f9253e8a --pretty=%B'
2026-Jan-19 17:11:57.401942 fix: await serve() to keep backend server alive indefinitely
2026-Jan-19 17:11:57.401942
2026-Jan-19 17:11:57.401942 CRITICAL FIX:
2026-Jan-19 17:11:57.401942 - The serve() call was not being awaited
2026-Jan-19 17:11:57.401942 - Function returned immediately after starting server
2026-Jan-19 17:11:57.401942 - Container exited with code 0 (process completed)
2026-Jan-19 17:11:57.401942 - Coolify interpreted this as deployment failure
2026-Jan-19 17:11:57.401942
2026-Jan-19 17:11:57.401942 CHANGE:
2026-Jan-19 17:11:57.401942 - Added 'await' before serve() call
2026-Jan-19 17:11:57.401942 - Added callback for 'listening' event
2026-Jan-19 17:11:57.401942 - Server now runs indefinitely until SIGINT/SIGTERM
2026-Jan-19 17:11:57.401942 - Process no longer exits after starting
2026-Jan-19 17:11:57.401942
2026-Jan-19 17:11:57.401942 This fixes the exact issue where:
2026-Jan-19 17:11:57.401942 Docker build succeeds
2026-Jan-19 17:11:57.401942 Container starts
2026-Jan-19 17:11:57.401942 Process immediately exits (code 0)
2026-Jan-19 17:11:57.401942 Coolify marks as failed
2026-Jan-19 17:11:57.401942
2026-Jan-19 17:11:57.401942 Now the server will stay alive and respond to health checks.
2026-Jan-19 17:12:00.030002 [CMD]: docker exec y04cw8kcoos8swgss4wcoo40 bash -c 'test -f /artifacts/y04cw8kcoos8swgss4wcoo40/packages/backend/Dockerfile && echo 'exists' || echo 'not found''
2026-Jan-19 17:12:00.030002 exists
2026-Jan-19 17:12:00.293785 [CMD]: docker exec y04cw8kcoos8swgss4wcoo40 bash -c 'cat /artifacts/y04cw8kcoos8swgss4wcoo40/packages/backend/Dockerfile'
2026-Jan-19 17:12:00.293785 # ============================================
2026-Jan-19 17:12:00.293785 # BUILDER STAGE
2026-Jan-19 17:12:00.293785 # ============================================
2026-Jan-19 17:12:00.293785 FROM node:20-alpine AS builder
2026-Jan-19 17:12:00.293785
2026-Jan-19 17:12:00.293785 WORKDIR /app
2026-Jan-19 17:12:00.293785
2026-Jan-19 17:12:00.293785 # Build-time environment (must be development for devDependencies)
2026-Jan-19 17:12:00.293785 ENV NODE_ENV=development
2026-Jan-19 17:12:00.293785 # Skip Puppeteer download - will use system Chromium
2026-Jan-19 17:12:00.293785 ENV PUPPETEER_SKIP_DOWNLOAD=true
2026-Jan-19 17:12:00.293785
2026-Jan-19 17:12:00.293785 # Alpine compatibility + Prisma requirements
2026-Jan-19 17:12:00.293785 RUN apk add --no-cache \
2026-Jan-19 17:12:00.293785 libc6-compat \
2026-Jan-19 17:12:00.293785 openssl \
2026-Jan-19 17:12:00.293785 chromium \
2026-Jan-19 17:12:00.293785 nss \
2026-Jan-19 17:12:00.293785 freetype \
2026-Jan-19 17:12:00.293785 harfbuzz
2026-Jan-19 17:12:00.293785
2026-Jan-19 17:12:00.293785 # Copy workspace configuration and root package files
2026-Jan-19 17:12:00.293785 COPY package.json pnpm-lock.yaml pnpm-workspace.yaml turbo.json ./
2026-Jan-19 17:12:00.293785
2026-Jan-19 17:12:00.293785 # Copy all package.json files (maintains workspace structure)
2026-Jan-19 17:12:00.293785 COPY packages/frontend/package.json packages/frontend/
2026-Jan-19 17:12:00.293785 COPY packages/shared/package.json packages/shared/
2026-Jan-19 17:12:00.293785 COPY packages/backend/package.json packages/backend/
2026-Jan-19 17:12:00.293785
2026-Jan-19 17:12:00.293785 # Enable and configure pnpm
2026-Jan-19 17:12:00.293785 RUN corepack enable
2026-Jan-19 17:12:00.293785 RUN corepack prepare pnpm@10.28.1 --activate
2026-Jan-19 17:12:00.293785 RUN pnpm config set node-linker hoisted
2026-Jan-19 17:12:00.293785
2026-Jan-19 17:12:00.293785 # Install all dependencies (including devDependencies for build)
2026-Jan-19 17:12:00.293785 RUN pnpm install --frozen-lockfile
2026-Jan-19 17:12:00.293785
2026-Jan-19 17:12:00.293785 # Copy source code after deps are installed (leverages Docker layer caching)
2026-Jan-19 17:12:00.293785 COPY packages/backend packages/backend/
2026-Jan-19 17:12:00.293785 COPY packages/shared packages/shared/
2026-Jan-19 17:12:00.293785
2026-Jan-19 17:12:00.293785 # Generate Prisma client (CRITICAL - required for database operations)
2026-Jan-19 17:12:00.293785 RUN pnpm --filter @teif/backend prisma generate
2026-Jan-19 17:12:00.293785
2026-Jan-19 17:12:00.293785 # Build diagnostic output to a file
2026-Jan-19 17:12:00.293785 RUN { \
2026-Jan-19 17:12:00.293785 echo "=== BACKEND BUILD DIAGNOSTICS ===" && \
2026-Jan-19 17:12:00.293785 echo "PWD: $(pwd)" && \
2026-Jan-19 17:12:00.293785 echo "Node: $(node --version)" && \
2026-Jan-19 17:12:00.293785 echo "pnpm: $(pnpm --version)" && \
2026-Jan-19 17:12:00.293785 echo "" && \
2026-Jan-19 17:12:00.293785 echo "=== DIRECTORY ===" && \
2026-Jan-19 17:12:00.293785 ls -la packages/backend/ && \
2026-Jan-19 17:12:00.293785 echo "" && \
2026-Jan-19 17:12:00.293785 echo "=== PACKAGE.JSON ===" && \
2026-Jan-19 17:12:00.293785 cat packages/backend/package.json && \
2026-Jan-19 17:12:00.293785 echo "" && \
2026-Jan-19 17:12:00.293785 echo "=== WORKSPACE ===" && \
2026-Jan-19 17:12:00.293785 pnpm list --depth=0 && \
2026-Jan-19 17:12:00.293785 echo "" && \
2026-Jan-19 17:12:00.293785 echo "=== BUILDING ===" && \
2026-Jan-19 17:12:00.293785 pnpm --filter @teif/backend build; \
2026-Jan-19 17:12:00.293785 } 2>&1 | tee /tmp/backend-build.log
2026-Jan-19 17:12:00.293785
2026-Jan-19 17:12:00.293785
2026-Jan-19 17:12:00.293785 # ============================================
2026-Jan-19 17:12:00.293785 # PRODUCTION STAGE
2026-Jan-19 17:12:00.293785 # ============================================
2026-Jan-19 17:12:00.293785 FROM node:20-alpine
2026-Jan-19 17:12:00.293785
2026-Jan-19 17:12:00.293785 WORKDIR /app
2026-Jan-19 17:12:00.293785
2026-Jan-19 17:12:00.293785 # Runtime environment
2026-Jan-19 17:12:00.293785 ENV NODE_ENV=production
2026-Jan-19 17:12:00.293785 ENV PORT=3000
2026-Jan-19 17:12:00.293785 # Use system Chromium for Puppeteer (must match installation location)
2026-Jan-19 17:12:00.293785 ENV PUPPETEER_EXECUTABLE_PATH=/usr/bin/chromium-browser
2026-Jan-19 17:12:00.293785
2026-Jan-19 17:12:00.293785 # Install runtime dependencies (critical for Prisma + database operations)
2026-Jan-19 17:12:00.293785 RUN apk add --no-cache \
2026-Jan-19 17:12:00.293785 libc6-compat \
2026-Jan-19 17:12:00.293785 openssl \
2026-Jan-19 17:12:00.293785 curl \
2026-Jan-19 17:12:00.293785 chromium \
2026-Jan-19 17:12:00.293785 nss \
2026-Jan-19 17:12:00.293785 freetype \
2026-Jan-19 17:12:00.293785 harfbuzz
2026-Jan-19 17:12:00.293785
2026-Jan-19 17:12:00.293785 # Create non-root user for security
2026-Jan-19 17:12:00.293785 RUN addgroup -g 1001 -S nodejs && \
2026-Jan-19 17:12:00.293785 adduser -S nodejs -u 1001
2026-Jan-19 17:12:00.293785
2026-Jan-19 17:12:00.293785 # Copy built application and minimal dependencies
2026-Jan-19 17:12:00.293785 # Use multi-stage to avoid copying entire node_modules with devDependencies
2026-Jan-19 17:12:00.293785 COPY --from=builder /app/packages/backend/dist ./dist
2026-Jan-19 17:12:00.293785 COPY --from=builder /app/packages/backend/package.json ./
2026-Jan-19 17:12:00.293785 COPY --from=builder /app/packages/shared ./packages/shared
2026-Jan-19 17:12:00.293785 COPY --from=builder /app/package.json pnpm-lock.yaml pnpm-workspace.yaml ./
2026-Jan-19 17:12:00.293785
2026-Jan-19 17:12:00.293785 # Copy only production node_modules (excluding devDependencies)
2026-Jan-19 17:12:00.293785 COPY --from=builder /app/node_modules ./node_modules
2026-Jan-19 17:12:00.293785
2026-Jan-19 17:12:00.293785 # Change ownership to nodejs user
2026-Jan-19 17:12:00.293785 RUN chown -R nodejs:nodejs /app
2026-Jan-19 17:12:00.293785
2026-Jan-19 17:12:00.293785 # Switch to non-root user
2026-Jan-19 17:12:00.293785 USER nodejs
2026-Jan-19 17:12:00.293785
2026-Jan-19 17:12:00.293785 EXPOSE 3000
2026-Jan-19 17:12:00.293785
2026-Jan-19 17:12:00.293785 # More robust health check that actually connects to database
2026-Jan-19 17:12:00.293785 HEALTHCHECK --interval=30s --timeout=10s --start-period=40s --retries=3 \
2026-Jan-19 17:12:00.293785 CMD curl -f http://localhost:3000/api/health || exit 1
2026-Jan-19 17:12:00.293785
2026-Jan-19 17:12:00.293785 CMD ["node", "dist/index.js"]
2026-Jan-19 17:12:00.546374 Added 48 ARG declarations to Dockerfile for service backend (multi-stage build, added to 2 stages).
2026-Jan-19 17:12:00.809998 [CMD]: docker exec y04cw8kcoos8swgss4wcoo40 bash -c 'test -f /artifacts/y04cw8kcoos8swgss4wcoo40/packages/frontend/Dockerfile && echo 'exists' || echo 'not found''
2026-Jan-19 17:12:00.809998 exists
2026-Jan-19 17:12:01.058112 [CMD]: docker exec y04cw8kcoos8swgss4wcoo40 bash -c 'cat /artifacts/y04cw8kcoos8swgss4wcoo40/packages/frontend/Dockerfile'
2026-Jan-19 17:12:01.058112 # ============================================
2026-Jan-19 17:12:01.058112 # BUILDER STAGE
2026-Jan-19 17:12:01.058112 # ============================================
2026-Jan-19 17:12:01.058112 FROM node:20-alpine AS builder
2026-Jan-19 17:12:01.058112
2026-Jan-19 17:12:01.058112 WORKDIR /app
2026-Jan-19 17:12:01.058112
2026-Jan-19 17:12:01.058112 ENV NODE_ENV=development
2026-Jan-19 17:12:01.058112
2026-Jan-19 17:12:01.058112 # Build-time variables (injected by Coolify)
2026-Jan-19 17:12:01.058112 ARG VITE_API_BASE_URL
2026-Jan-19 17:12:01.058112 ENV VITE_API_BASE_URL=${VITE_API_BASE_URL}
2026-Jan-19 17:12:01.058112
2026-Jan-19 17:12:01.058112 # Alpine compatibility for Vite/esbuild
2026-Jan-19 17:12:01.058112 RUN apk add --no-cache libc6-compat
2026-Jan-19 17:12:01.058112
2026-Jan-19 17:12:01.058112 # Copy workspace configuration and root package files
2026-Jan-19 17:12:01.058112 COPY package.json pnpm-lock.yaml pnpm-workspace.yaml turbo.json tsconfig.json tsconfig.base.json ./
2026-Jan-19 17:12:01.058112
2026-Jan-19 17:12:01.058112 # Copy all package.json files (maintains workspace structure)
2026-Jan-19 17:12:01.058112 COPY packages/frontend/package.json packages/frontend/tsconfig.json packages/frontend/
2026-Jan-19 17:12:01.058112 COPY packages/shared/package.json packages/shared/tsconfig.json packages/shared/
2026-Jan-19 17:12:01.058112 COPY packages/backend/package.json packages/backend/
2026-Jan-19 17:12:01.058112
2026-Jan-19 17:12:01.058112 # Enable and configure pnpm
2026-Jan-19 17:12:01.058112 RUN corepack enable
2026-Jan-19 17:12:01.058112 RUN pnpm config set node-linker hoisted
2026-Jan-19 17:12:01.058112
2026-Jan-19 17:12:01.058112 # Install all dependencies (including devDependencies for build)
2026-Jan-19 17:12:01.058112 RUN pnpm install --frozen-lockfile
2026-Jan-19 17:12:01.058112
2026-Jan-19 17:12:01.058112 # Copy source code
2026-Jan-19 17:12:01.058112 COPY packages/frontend packages/frontend/
2026-Jan-19 17:12:01.058112 COPY packages/shared packages/shared/
2026-Jan-19 17:12:01.058112
2026-Jan-19 17:12:01.058112 # Diagnostic: verify VITE_API_BASE_URL is set at build time
2026-Jan-19 17:12:01.058112 RUN echo "BUILD ENV CHECK:"; env | sort | grep VITE
2026-Jan-19 17:12:01.058112
2026-Jan-19 17:12:01.058112 # Build frontend directly with Vite (bypass Turbo buffering)
2026-Jan-19 17:12:01.058112 # Turbo hides output in non-interactive shells; use pnpm exec to run Vite directly
2026-Jan-19 17:12:01.058112 RUN cd /app/packages/frontend && pnpm exec vite build --debug
2026-Jan-19 17:12:01.058112
2026-Jan-19 17:12:01.058112 # Verify dist folder exists
2026-Jan-19 17:12:01.058112 RUN test -d /app/packages/frontend/dist || (echo "ERROR: dist folder not created"; ls -laR /app/packages/frontend/; exit 1)
2026-Jan-19 17:12:01.058112
2026-Jan-19 17:12:01.058112
2026-Jan-19 17:12:01.058112 # ============================================
2026-Jan-19 17:12:01.058112 # PRODUCTION STAGE
2026-Jan-19 17:12:01.058112 # ============================================
2026-Jan-19 17:12:01.058112 FROM nginx:1.25-alpine
2026-Jan-19 17:12:01.058112
2026-Jan-19 17:12:01.058112 COPY --from=builder /app/packages/frontend/dist /usr/share/nginx/html
2026-Jan-19 17:12:01.058112 COPY packages/frontend/nginx.conf /etc/nginx/conf.d/default.conf
2026-Jan-19 17:12:01.058112
2026-Jan-19 17:12:01.058112 EXPOSE 80
2026-Jan-19 17:12:01.058112
2026-Jan-19 17:12:01.058112 HEALTHCHECK --interval=30s --timeout=10s --start-period=5s --retries=3 \
2026-Jan-19 17:12:01.058112 CMD wget --no-verbose --tries=1 --spider http://localhost/index.html || exit 1
2026-Jan-19 17:12:01.058112
2026-Jan-19 17:12:01.058112 CMD ["nginx", "-g", "daemon off;"]
2026-Jan-19 17:12:01.331563 Added 48 ARG declarations to Dockerfile for service frontend (multi-stage build, added to 2 stages).
2026-Jan-19 17:12:01.344992 Pulling & building required images.
2026-Jan-19 17:12:01.459304 Creating build-time .env file in /artifacts (outside Docker context).
2026-Jan-19 17:12:01.978860 [CMD]: docker exec y04cw8kcoos8swgss4wcoo40 bash -c 'cat /artifacts/build-time.env'
2026-Jan-19 17:12:01.978860 COOLIFY_URL=''
2026-Jan-19 17:12:01.978860 COOLIFY_FQDN=''
2026-Jan-19 17:12:01.978860 SERVICE_NAME_POSTGRES='postgres'
2026-Jan-19 17:12:01.978860 SERVICE_NAME_BACKEND='backend'
2026-Jan-19 17:12:01.978860 SERVICE_NAME_FRONTEND='frontend'
2026-Jan-19 17:12:01.978860 SERVICE_URL_BACKEND='https://efatoura.duckdns.org/api'
2026-Jan-19 17:12:01.978860 SERVICE_FQDN_BACKEND='efatoura.duckdns.org'
2026-Jan-19 17:12:01.978860 SERVICE_URL_FRONTEND='https://efatoura.duckdns.org'
2026-Jan-19 17:12:01.978860 SERVICE_FQDN_FRONTEND='efatoura.duckdns.org'
2026-Jan-19 17:12:01.978860 CORS_ORIGIN="https://efatoura.duckdns.org"
2026-Jan-19 17:12:01.978860 DATABASE_URL="postgresql://postgres:DsUX2s8HTx+FbVXBFYVSwPRWx6nGp+0Cpsa5Pdzug44=@postgres:5432/teif_prod"
2026-Jan-19 17:12:01.978860 GEMINI_API_KEY=<REDACTED>
2026-Jan-19 17:12:01.978860 JWT_EXPIRY="3600"
2026-Jan-19 17:12:01.978860 JWT_SECRET="jU918zwPEfoef52XXONJusWMkTVgK0MIT9FZPpXHULM="
2026-Jan-19 17:12:01.978860 LOG_LEVEL="info"
2026-Jan-19 17:12:01.978860 POSTGRES_DB="teif_prod"
2026-Jan-19 17:12:01.978860 POSTGRES_PASSWORD="DsUX2s8HTx+FbVXBFYVSwPRWx6nGp+0Cpsa5Pdzug44="
2026-Jan-19 17:12:01.978860 POSTGRES_USER="postgres"
2026-Jan-19 17:12:01.978860 PRODUCTION_DOMAIN="efatoura.duckdns.org"
2026-Jan-19 17:12:01.978860 SITE_URL="https://efatoura.duckdns.org"
2026-Jan-19 17:12:01.978860 SMTP_FROM="<REDACTED>"
2026-Jan-19 17:12:01.978860 SMTP_HOST="ssl0.ovh.net"
2026-Jan-19 17:12:01.978860 SMTP_PASSWORD="Compta2025++"
2026-Jan-19 17:12:01.978860 SMTP_PORT="587"
2026-Jan-19 17:12:01.978860 SMTP_SECURE="false"
2026-Jan-19 17:12:01.978860 SMTP_USER="<REDACTED>"
2026-Jan-19 17:12:01.978860 VITE_API_BASE_URL="https://efatoura.duckdns.org/api"
2026-Jan-19 17:12:01.988842 Adding build arguments to Docker Compose build command.
2026-Jan-19 17:12:02.499564 [CMD]: docker exec y04cw8kcoos8swgss4wcoo40 bash -c 'COOLIFY_BRANCH=production COOLIFY_RESOURCE_UUID=r8ko44c4ko088css8kcs48co docker compose --env-file /artifacts/build-time.env --project-name r8ko44c4ko088css8kcs48co --project-directory /artifacts/y04cw8kcoos8swgss4wcoo40 -f /artifacts/y04cw8kcoos8swgss4wcoo40/docker-compose.prod.yml build --pull --no-cache --build-arg COOLIFY_URL --build-arg COOLIFY_FQDN --build-arg SERVICE_FQDN_BACKEND --build-arg SERVICE_FQDN_FRONTEND --build-arg SERVICE_URL_BACKEND --build-arg SERVICE_URL_FRONTEND --build-arg CORS_ORIGIN --build-arg DATABASE_URL --build-arg GEMINI_API_KEY --build-arg JWT_EXPIRY --build-arg JWT_SECRET --build-arg LOG_LEVEL --build-arg POSTGRES_DB --build-arg POSTGRES_PASSWORD --build-arg POSTGRES_USER --build-arg PRODUCTION_DOMAIN --build-arg SITE_URL --build-arg SMTP_FROM --build-arg SMTP_HOST --build-arg SMTP_PASSWORD --build-arg SMTP_PORT --build-arg SMTP_SECURE --build-arg SMTP_USER --build-arg VITE_API_BASE_URL --build-arg COOLIFY_BUILD_SECRETS_HASH=eddb4c11f0e7eec345b4b7970373c9883b1c90d8eb6cfc71c29a3b71a6bdbd14'
2026-Jan-19 17:12:02.499564 #1 [internal] load local bake definitions
2026-Jan-19 17:12:02.603603 #1 reading from stdin 3.50kB done
2026-Jan-19 17:12:02.603603 #1 DONE 0.0s
2026-Jan-19 17:12:02.788844 #2 [frontend internal] load build definition from Dockerfile
2026-Jan-19 17:12:02.788844 #2 transferring dockerfile: 2.95kB done
2026-Jan-19 17:12:02.788844 #2 DONE 0.0s
2026-Jan-19 17:12:02.788844
2026-Jan-19 17:12:02.788844 #3 [backend internal] load build definition from Dockerfile
2026-Jan-19 17:12:02.788844 #3 transferring dockerfile: 4.32kB done
2026-Jan-19 17:12:02.788844 #3 DONE 0.0s
2026-Jan-19 17:12:02.788844
2026-Jan-19 17:12:02.788844 #4 [backend internal] load metadata for docker.io/library/node:20-alpine
2026-Jan-19 17:12:03.519422 #4 DONE 0.8s
2026-Jan-19 17:12:03.519422
2026-Jan-19 17:12:03.519422 #5 [frontend internal] load .dockerignore
2026-Jan-19 17:12:03.519422 #5 transferring context: 194B done
2026-Jan-19 17:12:03.519422 #5 DONE 0.0s
2026-Jan-19 17:12:03.519422
2026-Jan-19 17:12:03.519422 #6 [frontend internal] load metadata for docker.io/library/nginx:1.25-alpine
2026-Jan-19 17:12:03.519422 #6 DONE 0.9s
2026-Jan-19 17:12:03.519422
2026-Jan-19 17:12:03.519422 #7 [frontend builder 1/15] FROM docker.io/library/node:20-alpine@sha256:3960ed74dfe320a67bf8da9555b6bade25ebda2b22b6081d2f60fd7d5d430e9c
2026-Jan-19 17:12:03.519422 #7 resolve docker.io/library/node:20-alpine@sha256:3960ed74dfe320a67bf8da9555b6bade25ebda2b22b6081d2f60fd7d5d430e9c 0.0s done
2026-Jan-19 17:12:03.519422 #7 DONE 0.1s
2026-Jan-19 17:12:03.519422
2026-Jan-19 17:12:03.519422 #8 [backend internal] load build context
2026-Jan-19 17:12:03.652113 #8 ...
2026-Jan-19 17:12:03.652113
2026-Jan-19 17:12:03.652113 #9 [backend builder 2/15] WORKDIR /app
2026-Jan-19 17:12:03.652113 #9 DONE 0.1s
2026-Jan-19 17:12:03.652113
2026-Jan-19 17:12:03.652113 #10 [frontend internal] load build context
2026-Jan-19 17:12:03.652113 #10 transferring context: 730.49kB 0.1s done
2026-Jan-19 17:12:03.652113 #10 DONE 0.1s
2026-Jan-19 17:12:03.652113
2026-Jan-19 17:12:03.652113 #8 [backend internal] load build context
2026-Jan-19 17:12:03.652113 #8 transferring context: 1.51MB 0.2s done
2026-Jan-19 17:12:03.807008 #8 DONE 0.2s
2026-Jan-19 17:12:03.807008
2026-Jan-19 17:12:03.807008 #11 [frontend stage-1 1/3] FROM docker.io/library/nginx:1.25-alpine@sha256:516475cc129da42866742567714ddc681e5eed7b9ee0b9e9c015e464b4221a00
2026-Jan-19 17:12:03.807008 #11 resolve docker.io/library/nginx:1.25-alpine@sha256:516475cc129da42866742567714ddc681e5eed7b9ee0b9e9c015e464b4221a00 0.1s done
2026-Jan-19 17:12:03.816629 #11 DONE 0.3s
2026-Jan-19 17:12:03.816629
2026-Jan-19 17:12:03.816629 #12 [backend builder 3/15] RUN apk add --no-cache libc6-compat openssl chromium nss freetype harfbuzz
2026-Jan-19 17:12:04.701241 #12 ...
2026-Jan-19 17:12:04.701241
2026-Jan-19 17:12:04.701241 #13 [frontend builder 3/15] RUN apk add --no-cache libc6-compat
2026-Jan-19 17:12:04.701241 #13 1.002 (1/3) Installing musl-obstack (1.2.3-r2)
2026-Jan-19 17:12:04.701241 #13 1.011 (2/3) Installing libucontext (1.3.3-r0)
2026-Jan-19 17:12:04.701241 #13 1.016 (3/3) Installing gcompat (1.1.0-r4)
2026-Jan-19 17:12:04.701241 #13 1.025 OK: 11.0 MiB in 21 packages
2026-Jan-19 17:12:04.701241 #13 DONE 1.1s
2026-Jan-19 17:12:04.701241
2026-Jan-19 17:12:04.701241 #12 [backend builder 3/15] RUN apk add --no-cache libc6-compat openssl chromium nss freetype harfbuzz
2026-Jan-19 17:12:04.701241 #12 1.052 ( 1/189) Installing libxau (1.0.12-r0)
2026-Jan-19 17:12:04.701241 #12 1.060 ( 2/189) Installing libmd (1.1.0-r0)
2026-Jan-19 17:12:04.701241 #12 1.065 ( 3/189) Installing libbsd (0.12.2-r0)
2026-Jan-19 17:12:04.701241 #12 1.071 ( 4/189) Installing libxdmcp (1.1.5-r1)
2026-Jan-19 17:12:04.701241 #12 1.077 ( 5/189) Installing libxcb (1.17.0-r1)
2026-Jan-19 17:12:04.701241 #12 1.103 ( 6/189) Installing libx11 (1.8.12-r1)
2026-Jan-19 17:12:04.807532 #12 ...
2026-Jan-19 17:12:04.807532
2026-Jan-19 17:12:04.807532 #14 [frontend builder 4/15] COPY package.json pnpm-lock.yaml pnpm-workspace.yaml turbo.json tsconfig.json tsconfig.base.json ./
2026-Jan-19 17:12:04.807532 #14 DONE 0.1s
2026-Jan-19 17:12:04.807532
2026-Jan-19 17:12:04.807532 #12 [backend builder 3/15] RUN apk add --no-cache libc6-compat openssl chromium nss freetype harfbuzz
2026-Jan-19 17:12:04.807532 #12 1.165 ( 7/189) Installing libxext (1.3.6-r2)
2026-Jan-19 17:12:04.807532 #12 1.173 ( 8/189) Installing hwdata-pci (0.401-r0)
2026-Jan-19 17:12:04.807532 #12 1.193 ( 9/189) Installing libpciaccess (0.18.1-r1)
2026-Jan-19 17:12:04.807532 #12 1.204 ( 10/189) Installing libdrm (2.4.131-r0)
2026-Jan-19 17:12:04.934773 #12 ...
2026-Jan-19 17:12:04.934773
2026-Jan-19 17:12:04.934773 #15 [frontend builder 5/15] COPY packages/frontend/package.json packages/frontend/tsconfig.json packages/frontend/
2026-Jan-19 17:12:04.934773 #15 DONE 0.0s
2026-Jan-19 17:12:04.934773
2026-Jan-19 17:12:04.934773 #16 [frontend builder 6/15] COPY packages/shared/package.json packages/shared/tsconfig.json packages/shared/
2026-Jan-19 17:12:04.934773 #16 DONE 0.0s
2026-Jan-19 17:12:04.934773
2026-Jan-19 17:12:04.934773 #17 [frontend builder 7/15] COPY packages/backend/package.json packages/backend/
2026-Jan-19 17:12:04.934773 #17 DONE 0.0s
2026-Jan-19 17:12:04.934773
2026-Jan-19 17:12:04.934773 #12 [backend builder 3/15] RUN apk add --no-cache libc6-compat openssl chromium nss freetype harfbuzz
2026-Jan-19 17:12:04.934773 #12 1.246 ( 11/189) Installing chromium-angle (143.0.7499.169-r0)
2026-Jan-19 17:12:05.054326 #12 1.346 ( 12/189) Installing chromium-common (143.0.7499.169-r0)
2026-Jan-19 17:12:05.054326 #12 1.364 ( 13/189) Installing libexpat (2.7.3-r0)
2026-Jan-19 17:12:05.054326 #12 1.372 ( 14/189) Installing brotli-libs (1.2.0-r0)
2026-Jan-19 17:12:05.054326 #12 1.388 ( 15/189) Installing libbz2 (1.0.8-r6)
2026-Jan-19 17:12:05.054326 #12 1.395 ( 16/189) Installing libpng (1.6.53-r0)
2026-Jan-19 17:12:05.054326 #12 1.403 ( 17/189) Installing freetype (2.14.1-r0)
2026-Jan-19 17:12:05.054326 #12 1.420 ( 18/189) Installing fontconfig (2.17.1-r0)
2026-Jan-19 17:12:05.054326 #12 1.451 ( 19/189) Installing libfontenc (1.1.8-r0)
2026-Jan-19 17:12:05.166304 #12 1.460 ( 20/189) Installing mkfontscale (1.2.3-r1)
2026-Jan-19 17:12:05.166304 #12 1.467 ( 21/189) Installing font-opensans (0_git20210927-r1)
2026-Jan-19 17:12:05.166304 #12 1.511 ( 22/189) Installing libffi (3.5.2-r0)
2026-Jan-19 17:12:05.166304 #12 1.518 ( 23/189) Installing libintl (0.24.1-r1)
2026-Jan-19 17:12:05.166304 #12 1.526 ( 24/189) Installing libeconf (0.8.0-r0)
2026-Jan-19 17:12:05.166304 #12 1.532 ( 25/189) Installing libblkid (2.41.2-r0)
2026-Jan-19 17:12:05.166304 #12 1.541 ( 26/189) Installing libmount (2.41.2-r0)
2026-Jan-19 17:12:05.166304 #12 1.552 ( 27/189) Installing pcre2 (10.47-r0)
2026-Jan-19 17:12:05.166304 #12 1.570 ( 28/189) Installing glib (2.86.3-r0)
2026-Jan-19 17:12:05.269503 #12 1.653 ( 29/189) Installing gobject-introspection (1.86.0-r0)
2026-Jan-19 17:12:05.269503 #12 1.666 ( 30/189) Installing pkgconf (2.5.1-r0)
2026-Jan-19 17:12:05.376442 #12 ...
2026-Jan-19 17:12:05.376442
2026-Jan-19 17:12:05.376442 #18 [frontend builder 8/15] RUN corepack enable
2026-Jan-19 17:12:05.376442 #18 DONE 0.4s
2026-Jan-19 17:12:05.376442
2026-Jan-19 17:12:05.376442 #12 [backend builder 3/15] RUN apk add --no-cache libc6-compat openssl chromium nss freetype harfbuzz
2026-Jan-19 17:12:05.376442 #12 1.678 ( 31/189) Installing hicolor-icon-theme (0.18-r0)
2026-Jan-19 17:12:05.376442 #12 1.746 ( 32/189) Installing xz-libs (5.8.2-r0)
2026-Jan-19 17:12:05.376442 #12 1.757 ( 33/189) Installing libxml2 (2.13.9-r0)
2026-Jan-19 17:12:05.376442 #12 1.781 ( 34/189) Installing shared-mime-info (2.4-r6)
2026-Jan-19 17:12:05.489548 #12 1.798 ( 35/189) Installing libjpeg-turbo (3.1.2-r0)
2026-Jan-19 17:12:05.489548 #12 1.809 ( 36/189) Installing libsharpyuv (1.6.0-r0)
2026-Jan-19 17:12:05.489548 #12 1.818 ( 37/189) Installing libwebp (1.6.0-r0)
2026-Jan-19 17:12:05.489548 #12 1.833 ( 38/189) Installing zstd-libs (1.5.7-r2)
2026-Jan-19 17:12:05.489548 #12 1.849 ( 39/189) Installing tiff (4.7.1-r0)
2026-Jan-19 17:12:05.489548 #12 1.863 ( 40/189) Installing gdk-pixbuf (2.44.4-r0)
2026-Jan-19 17:12:05.489548 #12 1.875 ( 41/189) Installing gtk-update-icon-cache (3.24.51-r0)
2026-Jan-19 17:12:05.489548 #12 1.894 ( 42/189) Installing libxcomposite (0.4.6-r5)
2026-Jan-19 17:12:05.489548 #12 1.894 ( 43/189) Installing libxfixes (6.0.2-r0)
2026-Jan-19 17:12:05.593027 #12 1.897 ( 44/189) Installing libxrender (0.9.12-r0)
2026-Jan-19 17:12:05.598447 #12 1.902 ( 45/189) Installing libxcursor (1.2.3-r0)
2026-Jan-19 17:12:05.598447 #12 1.908 ( 46/189) Installing libxdamage (1.1.6-r5)
2026-Jan-19 17:12:05.598447 #12 1.919 ( 47/189) Installing libxi (1.8.2-r0)
2026-Jan-19 17:12:05.598447 #12 1.924 ( 48/189) Installing libxinerama (1.1.5-r4)
2026-Jan-19 17:12:05.598447 #12 1.930 ( 49/189) Installing libxrandr (1.5.4-r1)
2026-Jan-19 17:12:05.598447 #12 1.937 ( 50/189) Installing libatk-1.0 (2.58.3-r0)
2026-Jan-19 17:12:05.598447 #12 1.945 ( 51/189) Installing dbus-libs (1.16.2-r1)
2026-Jan-19 17:12:05.598447 #12 1.958 ( 52/189) Installing at-spi2-core-libs (2.58.3-r0)
2026-Jan-19 17:12:05.598447 #12 1.966 ( 53/189) Installing gdbm (1.26-r0)
2026-Jan-19 17:12:05.598447 #12 1.979 ( 54/189) Installing mpdecimal (4.0.1-r0)
2026-Jan-19 17:12:05.598447 #12 1.988 ( 55/189) Installing ncurses-terminfo-base (6.5_p20251123-r0)
2026-Jan-19 17:12:05.598447 #12 1.998 ( 56/189) Installing libncursesw (6.5_p20251123-r0)
2026-Jan-19 17:12:05.701765 #12 2.011 ( 57/189) Installing libpanelw (6.5_p20251123-r0)
2026-Jan-19 17:12:05.701765 #12 2.018 ( 58/189) Installing readline (8.3.1-r0)
2026-Jan-19 17:12:05.701765 #12 2.027 ( 59/189) Installing sqlite-libs (3.51.2-r0)
2026-Jan-19 17:12:05.701765 #12 2.057 ( 60/189) Installing python3 (3.12.12-r0)
2026-Jan-19 17:12:05.930715 #12 2.335 ( 61/189) Installing python3-pycache-pyc0 (3.12.12-r0)
2026-Jan-19 17:12:06.103946 #12 2.508 ( 62/189) Installing pyc (3.12.12-r0)
2026-Jan-19 17:12:06.112348 #12 2.508 ( 63/189) Installing python3-pyc (3.12.12-r0)
2026-Jan-19 17:12:06.112348 #12 2.508 ( 64/189) Installing libxtst (1.2.5-r0)
2026-Jan-19 17:12:06.211000 #12 2.513 ( 65/189) Installing at-spi2-core (2.58.3-r0)
2026-Jan-19 17:12:06.211000 #12 2.529 ( 66/189) Installing libatk-bridge-2.0 (2.58.3-r0)
2026-Jan-19 17:12:06.211000 #12 2.538 ( 67/189) Installing pixman (0.46.4-r0)
2026-Jan-19 17:12:06.211000 #12 2.555 ( 68/189) Installing cairo (1.18.4-r0)
2026-Jan-19 17:12:06.211000 #12 2.585 ( 69/189) Installing cairo-gobject (1.18.4-r0)
2026-Jan-19 17:12:06.211000 #12 2.594 ( 70/189) Installing avahi-libs (0.8-r23)
2026-Jan-19 17:12:06.211000 #12 2.604 ( 71/189) Installing gmp (6.3.0-r4)
2026-Jan-19 17:12:06.211000 #12 2.615 ( 72/189) Installing nettle (3.10.2-r0)
2026-Jan-19 17:12:06.313539 #12 2.632 ( 73/189) Installing libunistring (1.4.1-r0)
2026-Jan-19 17:12:06.313539 #12 2.673 ( 74/189) Installing libidn2 (2.3.8-r0)
2026-Jan-19 17:12:06.313539 #12 2.683 ( 75/189) Installing libtasn1 (4.21.0-r0)
2026-Jan-19 17:12:06.313539 #12 2.691 ( 76/189) Installing p11-kit (0.25.5-r2)
2026-Jan-19 17:12:06.313539 #12 2.718 ( 77/189) Installing gnutls (3.8.11-r0)
2026-Jan-19 17:12:06.418621 #12 2.755 ( 78/189) Installing cups-libs (2.4.13-r0)
2026-Jan-19 17:12:06.418621 #12 2.773 ( 79/189) Installing libepoxy (1.5.10-r1)
2026-Jan-19 17:12:06.418621 #12 2.786 ( 80/189) Installing fribidi (1.0.16-r2)
2026-Jan-19 17:12:06.418621 #12 2.801 ( 81/189) Installing graphite2 (1.3.14-r6)
2026-Jan-19 17:12:06.418621 #12 2.808 ( 82/189) Installing harfbuzz (12.2.0-r0)
2026-Jan-19 17:12:06.536553 #12 2.828 ( 83/189) Installing libxft (2.3.9-r0)
2026-Jan-19 17:12:06.536553 #12 2.836 ( 84/189) Installing pango (1.56.4-r0)
2026-Jan-19 17:12:06.536553 #12 2.849 ( 85/189) Installing wayland-libs-client (1.24.0-r0)
2026-Jan-19 17:12:06.536553 #12 2.858 ( 86/189) Installing wayland-libs-cursor (1.24.0-r0)
2026-Jan-19 17:12:06.536553 #12 2.865 ( 87/189) Installing wayland-libs-egl (1.24.0-r0)
2026-Jan-19 17:12:06.536553 #12 2.872 ( 88/189) Installing xkeyboard-config (2.46-r0)
2026-Jan-19 17:12:06.652011 #12 2.949 ( 89/189) Installing libxkbcommon (1.12.2-r0)
2026-Jan-19 17:12:06.652011 #12 2.962 ( 90/189) Installing gtk+3.0 (3.24.51-r0)
2026-Jan-19 17:12:06.778304 #12 3.092 ( 91/189) Installing icu-data-full (76.1-r1)
2026-Jan-19 17:12:06.964294 #12 3.369 ( 92/189) Installing llvm21-libs (21.1.2-r1)
2026-Jan-19 17:12:08.380870 #12 ...
2026-Jan-19 17:12:08.380870
2026-Jan-19 17:12:08.380870 #19 [frontend builder 9/15] RUN pnpm config set node-linker hoisted
2026-Jan-19 17:12:08.380870 #19 0.388 ! Corepack is about to download https://registry.npmjs.org/pnpm/-/pnpm-9.0.0.tgz
2026-Jan-19 17:12:08.380870 #19 DONE 3.1s
2026-Jan-19 17:12:08.500469 #12 [backend builder 3/15] RUN apk add --no-cache libc6-compat openssl chromium nss freetype harfbuzz
2026-Jan-19 17:12:08.500469 #12 4.903 ( 93/189) Installing spirv-tools (1.4.321.0-r1)
2026-Jan-19 17:12:08.644772 #12 4.957 ( 94/189) Installing libelf (0.194-r0)
2026-Jan-19 17:12:08.644772 #12 4.965 ( 95/189) Installing libxshmfence (1.3.3-r0)
2026-Jan-19 17:12:08.644772 #12 4.974 ( 96/189) Installing mesa (25.2.7-r1)
2026-Jan-19 17:12:08.903436 #12 5.308 ( 97/189) Installing mesa-gbm (25.2.7-r1)
2026-Jan-19 17:12:09.006740 #12 5.320 ( 98/189) Installing mesa-dri-gallium (25.2.7-r1)
2026-Jan-19 17:12:09.006740 #12 5.328 ( 99/189) Installing eudev-libs (3.2.14-r6)
2026-Jan-19 17:12:09.006740 #12 5.335 (100/189) Installing libmagic (5.46-r2)
2026-Jan-19 17:12:09.006740 #12 5.384 (101/189) Installing file (5.46-r2)
2026-Jan-19 17:12:09.006740 #12 5.389 (102/189) Installing xprop (1.2.8-r0)
2026-Jan-19 17:12:09.006740 #12 5.396 (103/189) Installing libice (1.1.2-r0)
2026-Jan-19 17:12:09.006740 #12 5.403 (104/189) Installing libuuid (2.41.2-r0)
2026-Jan-19 17:12:09.006740 #12 5.412 (105/189) Installing libsm (1.2.6-r0)
2026-Jan-19 17:12:09.164547 #12 5.419 (106/189) Installing libxt (1.3.1-r0)
2026-Jan-19 17:12:09.164547 #12 5.431 (107/189) Installing libxmu (1.2.1-r0)
2026-Jan-19 17:12:09.164547 #12 5.439 (108/189) Installing xset (1.2.5-r1)
2026-Jan-19 17:12:09.164547 #12 5.445 (109/189) Installing xdg-utils (1.2.1-r1)
2026-Jan-19 17:12:09.164547 #12 5.457 (110/189) Installing libogg (1.3.6-r0)
2026-Jan-19 17:12:09.164547 #12 5.464 (111/189) Installing libflac (1.4.3-r2)
2026-Jan-19 17:12:09.164547 #12 5.476 (112/189) Installing alsa-lib (1.2.14-r2)
2026-Jan-19 17:12:09.164547 #12 5.506 (113/189) Installing libSvtAv1Enc (3.1.2-r0)
2026-Jan-19 17:12:09.266034 #12 5.585 (114/189) Installing aom-libs (3.13.1-r0)
2026-Jan-19 17:12:09.266034 #12 5.666 (115/189) Installing libva (2.22.0-r1)
2026-Jan-19 17:12:09.400954 #12 5.674 (116/189) Installing libvdpau (1.5-r4)
2026-Jan-19 17:12:09.400954 #12 5.681 (117/189) Installing libvpl (2.15.0-r1)
2026-Jan-19 17:12:09.400954 #12 5.696 (118/189) Installing ffmpeg-libavutil (8.0.1-r1)
2026-Jan-19 17:12:09.400954 #12 5.716 (119/189) Installing libdav1d (1.5.2-r0)
2026-Jan-19 17:12:09.400954 #12 5.746 (120/189) Installing libhwy (1.3.0-r0)
2026-Jan-19 17:12:09.400954 #12 5.752 (121/189) Installing lcms2 (2.17-r0)
2026-Jan-19 17:12:09.400954 #12 5.763 (122/189) Installing libjxl (0.11.1-r3)
2026-Jan-19 17:12:09.503759 #12 5.833 (123/189) Installing lame-libs (3.100-r5)
2026-Jan-19 17:12:09.503759 #12 5.843 (124/189) Installing opus (1.5.2-r1)
2026-Jan-19 17:12:09.503759 #12 5.856 (125/189) Installing rav1e-libs (0.8.1-r0)
2026-Jan-19 17:12:09.503759 #12 5.884 (126/189) Installing glslang-libs (1.4.321.0-r0)
2026-Jan-19 17:12:09.643140 #12 5.912 (127/189) Installing shaderc (2025.3-r0)
2026-Jan-19 17:12:09.643140 #12 5.922 (128/189) Installing libgomp (15.2.0-r2)
2026-Jan-19 17:12:09.643140 #12 5.933 (129/189) Installing soxr (0.1.3-r7)
2026-Jan-19 17:12:09.643140 #12 5.948 (130/189) Installing ffmpeg-libswresample (8.0.1-r1)
2026-Jan-19 17:12:09.643140 #12 5.962 (131/189) Installing libtheora (1.2.0-r0)
2026-Jan-19 17:12:09.643140 #12 5.981 (132/189) Installing libvorbis (1.3.7-r2)
2026-Jan-19 17:12:09.643140 #12 5.998 (133/189) Installing libvpx (1.15.2-r0)
2026-Jan-19 17:12:09.643140 #12 6.046 (134/189) Installing libwebpmux (1.6.0-r0)
2026-Jan-19 17:12:09.756337 #12 6.053 (135/189) Installing x264-libs (0.164.3108-r1)
2026-Jan-19 17:12:09.756337 #12 6.084 (136/189) Installing numactl (2.0.18-r0)
2026-Jan-19 17:12:09.756337 #12 6.091 (137/189) Installing x265-libs (4.1-r0)
2026-Jan-19 17:12:09.861742 #12 6.246 (138/189) Installing xvidcore (1.3.7-r2)
2026-Jan-19 17:12:09.861742 #12 6.259 (139/189) Installing ffmpeg-libavcodec (8.0.1-r1)
2026-Jan-19 17:12:10.073852 #12 6.479 (140/189) Installing libudfread (1.2.0-r0)
2026-Jan-19 17:12:10.180875 #12 6.486 (141/189) Installing libbluray (1.4.0-r0)
2026-Jan-19 17:12:10.180875 #12 6.498 (142/189) Installing mpg123-libs (1.33.3-r0)
2026-Jan-19 17:12:10.180875 #12 6.510 (143/189) Installing libopenmpt (0.8.3-r0)
2026-Jan-19 17:12:10.180875 #12 6.532 (144/189) Installing cjson (1.7.19-r1)
2026-Jan-19 17:12:10.180875 #12 6.538 (145/189) Installing mbedtls (3.6.5-r0)
2026-Jan-19 17:12:10.180875 #12 6.558 (146/189) Installing librist (0.2.10-r1)
2026-Jan-19 17:12:10.180875 #12 6.568 (147/189) Installing libsrt (1.5.3-r1)
2026-Jan-19 17:12:10.180875 #12 6.586 (148/189) Installing libssh (0.11.3-r0)
2026-Jan-19 17:12:10.280744 #12 6.598 (149/189) Installing libsodium (1.0.20-r1)
2026-Jan-19 17:12:10.280744 #12 6.611 (150/189) Installing libzmq (4.3.5-r2)
2026-Jan-19 17:12:10.280744 #12 6.627 (151/189) Installing ffmpeg-libavformat (8.0.1-r1)
2026-Jan-19 17:12:10.280744 #12 6.668 (152/189) Installing crc32c (1.1.2-r3)
2026-Jan-19 17:12:10.280744 #12 6.677 (153/189) Installing double-conversion (3.3.1-r0)
2026-Jan-19 17:12:10.280744 #12 6.686 (154/189) Installing harfbuzz-subset (12.2.0-r0)
2026-Jan-19 17:12:10.391923 #12 6.713 (155/189) Installing minizip (1.3.1-r0)
2026-Jan-19 17:12:10.391923 #12 6.720 (156/189) Installing nspr (4.36-r0)
2026-Jan-19 17:12:10.391923 #12 6.729 (157/189) Installing nss (3.118.1-r0)
2026-Jan-19 17:12:10.391923 #12 6.775 (158/189) Installing openh264 (2.6.0-r0)
2026-Jan-19 17:12:10.391923 #12 6.796 (159/189) Installing libcamera-ipa (0.6.0-r0)
2026-Jan-19 17:12:10.493335 #12 6.808 (160/189) Installing libunwind (1.8.1-r0)
2026-Jan-19 17:12:10.493335 #12 6.817 (161/189) Installing yaml (0.2.5-r2)
2026-Jan-19 17:12:10.493335 #12 6.828 (162/189) Installing libcamera (0.6.0-r0)
2026-Jan-19 17:12:10.493335 #12 6.855 (163/189) Installing serd-libs (0.32.4-r0)
2026-Jan-19 17:12:10.493335 #12 6.864 (164/189) Installing zix-libs (0.6.2-r0)
2026-Jan-19 17:12:10.493335 #12 6.870 (165/189) Installing sord-libs (0.16.18-r0)
2026-Jan-19 17:12:10.493335 #12 6.877 (166/189) Installing sratom (0.6.18-r0)
2026-Jan-19 17:12:10.493335 #12 6.883 (167/189) Installing lilv-libs (0.24.26-r0)
2026-Jan-19 17:12:10.493335 #12 6.891 (168/189) Installing speexdsp (1.2.1-r2)
2026-Jan-19 17:12:10.493335 #12 6.898 (169/189) Installing libuv (1.51.0-r0)
2026-Jan-19 17:12:10.611497 #12 6.913 (170/189) Installing roc-toolkit-libs (0.4.0-r1)
2026-Jan-19 17:12:10.611497 #12 6.953 (171/189) Installing libsndfile (1.2.2-r2)
2026-Jan-19 17:12:10.611497 #12 6.973 (172/189) Installing abseil-cpp-raw-logging-internal (20250814.1-r0)
2026-Jan-19 17:12:10.611497 #12 6.981 (173/189) Installing abseil-cpp-strings-internal (20250814.1-r0)
2026-Jan-19 17:12:10.611497 #12 6.989 (174/189) Installing abseil-cpp-strings (20250814.1-r0)
2026-Jan-19 17:12:10.611497 #12 6.998 (175/189) Installing webrtc-audio-processing-2 (2.1-r1)
2026-Jan-19 17:12:10.720995 #12 7.020 (176/189) Installing pipewire-libs (1.4.9-r4)
2026-Jan-19 17:12:10.720995 #12 7.100 (177/189) Installing libasyncns (0.8-r4)
2026-Jan-19 17:12:10.720995 #12 7.108 (178/189) Installing libltdl (2.5.4-r2)
2026-Jan-19 17:12:10.720995 #12 7.115 (179/189) Installing orc (0.4.41-r0)
2026-Jan-19 17:12:10.720995 #12 7.126 (180/189) Installing tdb-libs (1.4.14-r0)
2026-Jan-19 17:12:10.854335 #12 7.135 (181/189) Installing libpulse (17.0-r5)
2026-Jan-19 17:12:10.854335 #12 7.156 (182/189) Installing simdutf (7.5.0-r0)
2026-Jan-19 17:12:10.854335 #12 7.169 (183/189) Installing libwebpdemux (1.6.0-r0)
2026-Jan-19 17:12:10.854335 #12 7.175 (184/189) Installing libxslt (1.1.43-r3)
2026-Jan-19 17:12:10.854335 #12 7.200 (185/189) Installing chromium (143.0.7499.169-r0)
2026-Jan-19 17:12:13.401038 #12 9.805 (186/189) Installing musl-obstack (1.2.3-r2)
2026-Jan-19 17:12:13.511491 #12 9.812 (187/189) Installing libucontext (1.3.3-r0)
2026-Jan-19 17:12:13.511491 #12 9.816 (188/189) Installing gcompat (1.1.0-r4)
2026-Jan-19 17:12:13.511491 #12 9.824 (189/189) Installing openssl (3.5.4-r0)
2026-Jan-19 17:12:13.511491 #12 9.843 Executing busybox-1.37.0-r30.trigger
2026-Jan-19 17:12:13.511491 #12 9.851 Executing fontconfig-2.17.1-r0.trigger
2026-Jan-19 17:12:13.511491 #12 9.883 Executing mkfontscale-1.2.3-r1.trigger
2026-Jan-19 17:12:13.511491 #12 9.915 Executing glib-2.86.3-r0.trigger
2026-Jan-19 17:12:13.680111 #12 9.934 Executing shared-mime-info-2.4-r6.trigger
2026-Jan-19 17:12:13.680111 #12 ...
2026-Jan-19 17:12:13.680111
2026-Jan-19 17:12:13.680111 #20 [backend stage-1 3/10] RUN apk add --no-cache libc6-compat openssl curl chromium nss freetype harfbuzz
2026-Jan-19 17:12:13.680111 #20 1.178 ( 1/195) Installing libxau (1.0.12-r0)
2026-Jan-19 17:12:13.680111 #20 1.188 ( 2/195) Installing libmd (1.1.0-r0)
2026-Jan-19 17:12:13.680111 #20 1.196 ( 3/195) Installing libbsd (0.12.2-r0)
2026-Jan-19 17:12:13.680111 #20 1.201 ( 4/195) Installing libxdmcp (1.1.5-r1)
2026-Jan-19 17:12:13.680111 #20 1.211 ( 5/195) Installing libxcb (1.17.0-r1)
2026-Jan-19 17:12:13.680111 #20 1.255 ( 6/195) Installing libx11 (1.8.12-r1)
2026-Jan-19 17:12:13.680111 #20 1.339 ( 7/195) Installing libxext (1.3.6-r2)
2026-Jan-19 17:12:13.680111 #20 1.351 ( 8/195) Installing hwdata-pci (0.401-r0)
2026-Jan-19 17:12:13.680111 #20 1.371 ( 9/195) Installing libpciaccess (0.18.1-r1)
2026-Jan-19 17:12:13.680111 #20 1.382 ( 10/195) Installing libdrm (2.4.131-r0)
2026-Jan-19 17:12:13.680111 #20 1.404 ( 11/195) Installing chromium-angle (143.0.7499.169-r0)
2026-Jan-19 17:12:13.680111 #20 1.488 ( 12/195) Installing chromium-common (143.0.7499.169-r0)
2026-Jan-19 17:12:13.680111 #20 1.507 ( 13/195) Installing libexpat (2.7.3-r0)
2026-Jan-19 17:12:13.680111 #20 1.514 ( 14/195) Installing brotli-libs (1.2.0-r0)
2026-Jan-19 17:12:13.680111 #20 1.531 ( 15/195) Installing libbz2 (1.0.8-r6)
2026-Jan-19 17:12:13.680111 #20 1.538 ( 16/195) Installing libpng (1.6.53-r0)
2026-Jan-19 17:12:13.680111 #20 1.555 ( 17/195) Installing freetype (2.14.1-r0)
2026-Jan-19 17:12:13.680111 #20 1.575 ( 18/195) Installing fontconfig (2.17.1-r0)
2026-Jan-19 17:12:13.680111 #20 1.601 ( 19/195) Installing libfontenc (1.1.8-r0)
2026-Jan-19 17:12:13.680111 #20 1.608 ( 20/195) Installing mkfontscale (1.2.3-r1)
2026-Jan-19 17:12:13.680111 #20 1.615 ( 21/195) Installing font-opensans (0_git20210927-r1)
2026-Jan-19 17:12:13.680111 #20 1.672 ( 22/195) Installing libffi (3.5.2-r0)
2026-Jan-19 17:12:13.680111 #20 1.683 ( 23/195) Installing libintl (0.24.1-r1)
2026-Jan-19 17:12:13.680111 #20 1.691 ( 24/195) Installing libeconf (0.8.0-r0)
2026-Jan-19 17:12:13.680111 #20 1.698 ( 25/195) Installing libblkid (2.41.2-r0)
2026-Jan-19 17:12:13.680111 #20 1.708 ( 26/195) Installing libmount (2.41.2-r0)
2026-Jan-19 17:12:13.680111 #20 1.721 ( 27/195) Installing pcre2 (10.47-r0)
2026-Jan-19 17:12:13.680111 #20 1.742 ( 28/195) Installing glib (2.86.3-r0)
2026-Jan-19 17:12:13.680111 #20 1.823 ( 29/195) Installing gobject-introspection (1.86.0-r0)
2026-Jan-19 17:12:13.680111 #20 1.838 ( 30/195) Installing pkgconf (2.5.1-r0)
2026-Jan-19 17:12:13.680111 #20 1.846 ( 31/195) Installing hicolor-icon-theme (0.18-r0)
2026-Jan-19 17:12:13.680111 #20 1.898 ( 32/195) Installing xz-libs (5.8.2-r0)
2026-Jan-19 17:12:13.680111 #20 1.908 ( 33/195) Installing libxml2 (2.13.9-r0)
2026-Jan-19 17:12:13.680111 #20 1.925 ( 34/195) Installing shared-mime-info (2.4-r6)
2026-Jan-19 17:12:13.680111 #20 1.951 ( 35/195) Installing libjpeg-turbo (3.1.2-r0)
2026-Jan-19 17:12:13.680111 #20 1.965 ( 36/195) Installing libsharpyuv (1.6.0-r0)
2026-Jan-19 17:12:13.680111 #20 1.971 ( 37/195) Installing libwebp (1.6.0-r0)
2026-Jan-19 17:12:13.680111 #20 1.984 ( 38/195) Installing zstd-libs (1.5.7-r2)
2026-Jan-19 17:12:13.680111 #20 2.000 ( 39/195) Installing tiff (4.7.1-r0)
2026-Jan-19 17:12:13.680111 #20 2.014 ( 40/195) Installing gdk-pixbuf (2.44.4-r0)
2026-Jan-19 17:12:13.680111 #20 2.030 ( 41/195) Installing gtk-update-icon-cache (3.24.51-r0)
2026-Jan-19 17:12:13.680111 #20 2.038 ( 42/195) Installing libxcomposite (0.4.6-r5)
2026-Jan-19 17:12:13.680111 #20 2.045 ( 43/195) Installing libxfixes (6.0.2-r0)
2026-Jan-19 17:12:13.680111 #20 2.054 ( 44/195) Installing libxrender (0.9.12-r0)
2026-Jan-19 17:12:13.680111 #20 2.063 ( 45/195) Installing libxcursor (1.2.3-r0)
2026-Jan-19 17:12:13.680111 #20 2.070 ( 46/195) Installing libxdamage (1.1.6-r5)
2026-Jan-19 17:12:13.680111 #20 2.078 ( 47/195) Installing libxi (1.8.2-r0)
2026-Jan-19 17:12:13.680111 #20 2.091 ( 48/195) Installing libxinerama (1.1.5-r4)
2026-Jan-19 17:12:13.680111 #20 2.107 ( 49/195) Installing libxrandr (1.5.4-r1)
2026-Jan-19 17:12:13.680111 #20 2.117 ( 50/195) Installing libatk-1.0 (2.58.3-r0)
2026-Jan-19 17:12:13.680111 #20 2.126 ( 51/195) Installing dbus-libs (1.16.2-r1)
2026-Jan-19 17:12:13.680111 #20 2.137 ( 52/195) Installing at-spi2-core-libs (2.58.3-r0)
2026-Jan-19 17:12:13.680111 #20 2.147 ( 53/195) Installing gdbm (1.26-r0)
2026-Jan-19 17:12:13.680111 #20 2.153 ( 54/195) Installing mpdecimal (4.0.1-r0)
2026-Jan-19 17:12:13.680111 #20 2.161 ( 55/195) Installing ncurses-terminfo-base (6.5_p20251123-r0)
2026-Jan-19 17:12:13.680111 #20 2.172 ( 56/195) Installing libncursesw (6.5_p20251123-r0)
2026-Jan-19 17:12:13.680111 #20 2.182 ( 57/195) Installing libpanelw (6.5_p20251123-r0)
2026-Jan-19 17:12:13.680111 #20 2.188 ( 58/195) Installing readline (8.3.1-r0)
2026-Jan-19 17:12:13.680111 #20 2.202 ( 59/195) Installing sqlite-libs (3.51.2-r0)
2026-Jan-19 17:12:13.680111 #20 2.231 ( 60/195) Installing python3 (3.12.12-r0)
2026-Jan-19 17:12:13.680111 #20 2.509 ( 61/195) Installing python3-pycache-pyc0 (3.12.12-r0)
2026-Jan-19 17:12:13.680111 #20 2.685 ( 62/195) Installing pyc (3.12.12-r0)
2026-Jan-19 17:12:13.680111 #20 2.685 ( 63/195) Installing python3-pyc (3.12.12-r0)
2026-Jan-19 17:12:13.680111 #20 2.685 ( 64/195) Installing libxtst (1.2.5-r0)
2026-Jan-19 17:12:13.690207 #20 2.692 ( 65/195) Installing at-spi2-core (2.58.3-r0)
2026-Jan-19 17:12:13.690207 #20 2.701 ( 66/195) Installing libatk-bridge-2.0 (2.58.3-r0)
2026-Jan-19 17:12:13.690207 #20 2.710 ( 67/195) Installing pixman (0.46.4-r0)
2026-Jan-19 17:12:13.690207 #20 2.726 ( 68/195) Installing cairo (1.18.4-r0)
2026-Jan-19 17:12:13.690207 #20 2.745 ( 69/195) Installing cairo-gobject (1.18.4-r0)
2026-Jan-19 17:12:13.690207 #20 2.751 ( 70/195) Installing avahi-libs (0.8-r23)
2026-Jan-19 17:12:13.690207 #20 2.759 ( 71/195) Installing gmp (6.3.0-r4)
2026-Jan-19 17:12:13.690207 #20 2.772 ( 72/195) Installing nettle (3.10.2-r0)
2026-Jan-19 17:12:13.690207 #20 2.785 ( 73/195) Installing libunistring (1.4.1-r0)
2026-Jan-19 17:12:13.690207 #20 2.807 ( 74/195) Installing libidn2 (2.3.8-r0)
2026-Jan-19 17:12:13.690207 #20 2.816 ( 75/195) Installing libtasn1 (4.21.0-r0)
2026-Jan-19 17:12:13.690207 #20 2.823 ( 76/195) Installing p11-kit (0.25.5-r2)
2026-Jan-19 17:12:13.690207 #20 2.844 ( 77/195) Installing gnutls (3.8.11-r0)
2026-Jan-19 17:12:13.690207 #20 2.872 ( 78/195) Installing cups-libs (2.4.13-r0)
2026-Jan-19 17:12:13.690207 #20 2.888 ( 79/195) Installing libepoxy (1.5.10-r1)
2026-Jan-19 17:12:13.690207 #20 2.902 ( 80/195) Installing fribidi (1.0.16-r2)
2026-Jan-19 17:12:13.690207 #20 2.909 ( 81/195) Installing graphite2 (1.3.14-r6)
2026-Jan-19 17:12:13.690207 #20 2.918 ( 82/195) Installing harfbuzz (12.2.0-r0)
2026-Jan-19 17:12:13.690207 #20 2.942 ( 83/195) Installing libxft (2.3.9-r0)
2026-Jan-19 17:12:13.690207 #20 2.950 ( 84/195) Installing pango (1.56.4-r0)
2026-Jan-19 17:12:13.690207 #20 2.966 ( 85/195) Installing wayland-libs-client (1.24.0-r0)
2026-Jan-19 17:12:13.690207 #20 2.982 ( 86/195) Installing wayland-libs-cursor (1.24.0-r0)
2026-Jan-19 17:12:13.690207 #20 2.989 ( 87/195) Installing wayland-libs-egl (1.24.0-r0)
2026-Jan-19 17:12:13.690207 #20 2.996 ( 88/195) Installing xkeyboard-config (2.46-r0)
2026-Jan-19 17:12:13.690207 #20 3.057 ( 89/195) Installing libxkbcommon (1.12.2-r0)
2026-Jan-19 17:12:13.690207 #20 3.069 ( 90/195) Installing gtk+3.0 (3.24.51-r0)
2026-Jan-19 17:12:13.690207 #20 3.179 ( 91/195) Installing icu-data-full (76.1-r1)
2026-Jan-19 17:12:13.690207 #20 3.456 ( 92/195) Installing llvm21-libs (21.1.2-r1)
2026-Jan-19 17:12:13.690207 #20 5.048 ( 93/195) Installing spirv-tools (1.4.321.0-r1)
2026-Jan-19 17:12:13.690207 #20 5.112 ( 94/195) Installing libelf (0.194-r0)
2026-Jan-19 17:12:13.690207 #20 5.123 ( 95/195) Installing libxshmfence (1.3.3-r0)
2026-Jan-19 17:12:13.690207 #20 5.132 ( 96/195) Installing mesa (25.2.7-r1)
2026-Jan-19 17:12:13.690207 #20 5.570 ( 97/195) Installing mesa-gbm (25.2.7-r1)
2026-Jan-19 17:12:13.690207 #20 5.577 ( 98/195) Installing mesa-dri-gallium (25.2.7-r1)
2026-Jan-19 17:12:13.690207 #20 5.587 ( 99/195) Installing eudev-libs (3.2.14-r6)
2026-Jan-19 17:12:13.690207 #20 5.597 (100/195) Installing libmagic (5.46-r2)
2026-Jan-19 17:12:13.690207 #20 5.650 (101/195) Installing file (5.46-r2)
2026-Jan-19 17:12:13.690207 #20 5.655 (102/195) Installing xprop (1.2.8-r0)
2026-Jan-19 17:12:13.690207 #20 5.664 (103/195) Installing libice (1.1.2-r0)
2026-Jan-19 17:12:13.690207 #20 5.671 (104/195) Installing libuuid (2.41.2-r0)
2026-Jan-19 17:12:13.690207 #20 5.688 (105/195) Installing libsm (1.2.6-r0)
2026-Jan-19 17:12:13.690207 #20 5.703 (106/195) Installing libxt (1.3.1-r0)
2026-Jan-19 17:12:13.690207 #20 5.715 (107/195) Installing libxmu (1.2.1-r0)
2026-Jan-19 17:12:13.690207 #20 5.723 (108/195) Installing xset (1.2.5-r1)
2026-Jan-19 17:12:13.690207 #20 5.731 (109/195) Installing xdg-utils (1.2.1-r1)
2026-Jan-19 17:12:13.690207 #20 5.742 (110/195) Installing libogg (1.3.6-r0)
2026-Jan-19 17:12:13.690207 #20 5.749 (111/195) Installing libflac (1.4.3-r2)
2026-Jan-19 17:12:13.690207 #20 5.763 (112/195) Installing alsa-lib (1.2.14-r2)
2026-Jan-19 17:12:13.690207 #20 5.806 (113/195) Installing libSvtAv1Enc (3.1.2-r0)
2026-Jan-19 17:12:13.690207 #20 5.929 (114/195) Installing aom-libs (3.13.1-r0)
2026-Jan-19 17:12:13.690207 #20 6.048 (115/195) Installing libva (2.22.0-r1)
2026-Jan-19 17:12:13.690207 #20 6.068 (116/195) Installing libvdpau (1.5-r4)
2026-Jan-19 17:12:13.690207 #20 6.088 (117/195) Installing libvpl (2.15.0-r1)
2026-Jan-19 17:12:13.690207 #20 6.113 (118/195) Installing ffmpeg-libavutil (8.0.1-r1)
2026-Jan-19 17:12:13.690207 #20 6.144 (119/195) Installing libdav1d (1.5.2-r0)
2026-Jan-19 17:12:13.690207 #20 6.173 (120/195) Installing libhwy (1.3.0-r0)
2026-Jan-19 17:12:13.690207 #20 6.180 (121/195) Installing lcms2 (2.17-r0)
2026-Jan-19 17:12:13.690207 #20 6.193 (122/195) Installing libjxl (0.11.1-r3)
2026-Jan-19 17:12:13.690207 #20 6.253 (123/195) Installing lame-libs (3.100-r5)
2026-Jan-19 17:12:13.690207 #20 6.265 (124/195) Installing opus (1.5.2-r1)
2026-Jan-19 17:12:13.690207 #20 6.288 (125/195) Installing rav1e-libs (0.8.1-r0)
2026-Jan-19 17:12:13.690207 #20 6.346 (126/195) Installing glslang-libs (1.4.321.0-r0)
2026-Jan-19 17:12:13.690207 #20 6.376 (127/195) Installing shaderc (2025.3-r0)
2026-Jan-19 17:12:13.690207 #20 6.385 (128/195) Installing libgomp (15.2.0-r2)
2026-Jan-19 17:12:13.690207 #20 6.396 (129/195) Installing soxr (0.1.3-r7)
2026-Jan-19 17:12:13.690207 #20 6.407 (130/195) Installing ffmpeg-libswresample (8.0.1-r1)
2026-Jan-19 17:12:13.690207 #20 6.415 (131/195) Installing libtheora (1.2.0-r0)
2026-Jan-19 17:12:13.690207 #20 6.434 (132/195) Installing libvorbis (1.3.7-r2)
2026-Jan-19 17:12:13.690207 #20 6.449 (133/195) Installing libvpx (1.15.2-r0)
2026-Jan-19 17:12:13.690207 #20 6.497 (134/195) Installing libwebpmux (1.6.0-r0)
2026-Jan-19 17:12:13.690207 #20 6.506 (135/195) Installing x264-libs (0.164.3108-r1)
2026-Jan-19 17:12:13.690207 #20 6.538 (136/195) Installing numactl (2.0.18-r0)
2026-Jan-19 17:12:13.690207 #20 6.550 (137/195) Installing x265-libs (4.1-r0)
2026-Jan-19 17:12:13.690207 #20 6.704 (138/195) Installing xvidcore (1.3.7-r2)
2026-Jan-19 17:12:13.690207 #20 6.719 (139/195) Installing ffmpeg-libavcodec (8.0.1-r1)
2026-Jan-19 17:12:13.690207 #20 6.927 (140/195) Installing libudfread (1.2.0-r0)
2026-Jan-19 17:12:13.690207 #20 6.941 (141/195) Installing libbluray (1.4.0-r0)
2026-Jan-19 17:12:13.690207 #20 6.951 (142/195) Installing mpg123-libs (1.33.3-r0)
2026-Jan-19 17:12:13.690207 #20 6.963 (143/195) Installing libopenmpt (0.8.3-r0)
2026-Jan-19 17:12:13.690207 #20 6.984 (144/195) Installing cjson (1.7.19-r1)
2026-Jan-19 17:12:13.690207 #20 6.991 (145/195) Installing mbedtls (3.6.5-r0)
2026-Jan-19 17:12:13.690207 #20 7.013 (146/195) Installing librist (0.2.10-r1)
2026-Jan-19 17:12:13.690207 #20 7.021 (147/195) Installing libsrt (1.5.3-r1)
2026-Jan-19 17:12:13.690207 #20 7.038 (148/195) Installing libssh (0.11.3-r0)
2026-Jan-19 17:12:13.690207 #20 7.053 (149/195) Installing libsodium (1.0.20-r1)
2026-Jan-19 17:12:13.690207 #20 7.078 (150/195) Installing libzmq (4.3.5-r2)
2026-Jan-19 17:12:13.690207 #20 7.094 (151/195) Installing ffmpeg-libavformat (8.0.1-r1)
2026-Jan-19 17:12:13.690207 #20 7.135 (152/195) Installing crc32c (1.1.2-r3)
2026-Jan-19 17:12:13.690207 #20 7.141 (153/195) Installing double-conversion (3.3.1-r0)
2026-Jan-19 17:12:13.690207 #20 7.148 (154/195) Installing harfbuzz-subset (12.2.0-r0)
2026-Jan-19 17:12:13.690207 #20 7.169 (155/195) Installing minizip (1.3.1-r0)
2026-Jan-19 17:12:13.690207 #20 7.182 (156/195) Installing nspr (4.36-r0)
2026-Jan-19 17:12:13.690207 #20 7.200 (157/195) Installing nss (3.118.1-r0)
2026-Jan-19 17:12:13.690207 #20 7.257 (158/195) Installing openh264 (2.6.0-r0)
2026-Jan-19 17:12:13.690207 #20 7.282 (159/195) Installing libcamera-ipa (0.6.0-r0)
2026-Jan-19 17:12:13.690207 #20 7.293 (160/195) Installing libunwind (1.8.1-r0)
2026-Jan-19 17:12:13.690207 #20 7.307 (161/195) Installing yaml (0.2.5-r2)
2026-Jan-19 17:12:13.690207 #20 7.314 (162/195) Installing libcamera (0.6.0-r0)
2026-Jan-19 17:12:13.690207 #20 7.343 (163/195) Installing serd-libs (0.32.4-r0)
2026-Jan-19 17:12:13.690207 #20 7.356 (164/195) Installing zix-libs (0.6.2-r0)
2026-Jan-19 17:12:13.690207 #20 7.366 (165/195) Installing sord-libs (0.16.18-r0)
2026-Jan-19 17:12:13.690207 #20 7.375 (166/195) Installing sratom (0.6.18-r0)
2026-Jan-19 17:12:13.690207 #20 7.381 (167/195) Installing lilv-libs (0.24.26-r0)
2026-Jan-19 17:12:13.690207 #20 7.388 (168/195) Installing speexdsp (1.2.1-r2)
2026-Jan-19 17:12:13.690207 #20 7.401 (169/195) Installing libuv (1.51.0-r0)
2026-Jan-19 17:12:13.690207 #20 7.410 (170/195) Installing roc-toolkit-libs (0.4.0-r1)
2026-Jan-19 17:12:13.690207 #20 7.448 (171/195) Installing libsndfile (1.2.2-r2)
2026-Jan-19 17:12:13.690207 #20 7.463 (172/195) Installing abseil-cpp-raw-logging-internal (20250814.1-r0)
2026-Jan-19 17:12:13.690207 #20 7.468 (173/195) Installing abseil-cpp-strings-internal (20250814.1-r0)
2026-Jan-19 17:12:13.690207 #20 7.476 (174/195) Installing abseil-cpp-strings (20250814.1-r0)
2026-Jan-19 17:12:13.690207 #20 7.485 (175/195) Installing webrtc-audio-processing-2 (2.1-r1)
2026-Jan-19 17:12:13.690207 #20 7.504 (176/195) Installing pipewire-libs (1.4.9-r4)
2026-Jan-19 17:12:13.690207 #20 7.603 (177/195) Installing libasyncns (0.8-r4)
2026-Jan-19 17:12:13.690207 #20 7.611 (178/195) Installing libltdl (2.5.4-r2)
2026-Jan-19 17:12:13.690207 #20 7.621 (179/195) Installing orc (0.4.41-r0)
2026-Jan-19 17:12:13.690207 #20 7.641 (180/195) Installing tdb-libs (1.4.14-r0)
2026-Jan-19 17:12:13.690207 #20 7.650 (181/195) Installing libpulse (17.0-r5)
2026-Jan-19 17:12:13.690207 #20 7.680 (182/195) Installing simdutf (7.5.0-r0)
2026-Jan-19 17:12:13.690207 #20 7.692 (183/195) Installing libwebpdemux (1.6.0-r0)
2026-Jan-19 17:12:13.690207 #20 7.700 (184/195) Installing libxslt (1.1.43-r3)
2026-Jan-19 17:12:13.690207 #20 7.714 (185/195) Installing chromium (143.0.7499.169-r0)
2026-Jan-19 17:12:13.970798 #20 10.31 (186/195) Installing c-ares (1.34.6-r0)
2026-Jan-19 17:12:13.970798 #20 10.33 (187/195) Installing nghttp2-libs (1.68.0-r0)
2026-Jan-19 17:12:13.970798 #20 10.33 (188/195) Installing nghttp3 (1.13.1-r0)
2026-Jan-19 17:12:13.970798 #20 10.34 (189/195) Installing libpsl (0.21.5-r3)
2026-Jan-19 17:12:13.970798 #20 10.35 (190/195) Installing libcurl (8.17.0-r1)
2026-Jan-19 17:12:13.970798 #20 10.36 (191/195) Installing curl (8.17.0-r1)
2026-Jan-19 17:12:13.970798 #20 10.37 (192/195) Installing musl-obstack (1.2.3-r2)
2026-Jan-19 17:12:13.970798 #20 10.38 (193/195) Installing libucontext (1.3.3-r0)
2026-Jan-19 17:12:14.076580 #20 10.38 (194/195) Installing gcompat (1.1.0-r4)
2026-Jan-19 17:12:14.076580 #20 10.39 (195/195) Installing openssl (3.5.4-r0)
2026-Jan-19 17:12:14.076580 #20 10.41 Executing busybox-1.37.0-r30.trigger
2026-Jan-19 17:12:14.076580 #20 10.42 Executing fontconfig-2.17.1-r0.trigger
2026-Jan-19 17:12:14.076580 #20 10.45 Executing mkfontscale-1.2.3-r1.trigger
2026-Jan-19 17:12:14.076580 #20 10.47 Executing glib-2.86.3-r0.trigger
2026-Jan-19 17:12:14.076580 #20 10.48 Executing shared-mime-info-2.4-r6.trigger
2026-Jan-19 17:12:14.293943 #20 ...
2026-Jan-19 17:12:14.293943
2026-Jan-19 17:12:14.293943 #12 [backend builder 3/15] RUN apk add --no-cache libc6-compat openssl chromium nss freetype harfbuzz
2026-Jan-19 17:12:14.293943 #12 10.70 Executing gdk-pixbuf-2.44.4-r0.trigger
2026-Jan-19 17:12:14.547806 #12 10.71 Executing gtk-update-icon-cache-3.24.51-r0.trigger
2026-Jan-19 17:12:14.547806 #12 10.76 Executing gtk+3.0-3.24.51-r0.trigger
2026-Jan-19 17:12:14.547806 #12 10.80 OK: 727.5 MiB in 207 packages
2026-Jan-19 17:12:14.901853 #12 DONE 11.3s
2026-Jan-19 17:12:14.901853
2026-Jan-19 17:12:14.901853 #20 [backend stage-1 3/10] RUN apk add --no-cache libc6-compat openssl curl chromium nss freetype harfbuzz
2026-Jan-19 17:12:14.901853 #20 11.20 Executing gdk-pixbuf-2.44.4-r0.trigger
2026-Jan-19 17:12:14.901853 #20 11.22 Executing gtk-update-icon-cache-3.24.51-r0.trigger
2026-Jan-19 17:12:14.901853 #20 11.31 Executing gtk+3.0-3.24.51-r0.trigger
2026-Jan-19 17:12:15.032812 #20 ...
2026-Jan-19 17:12:15.032812
2026-Jan-19 17:12:15.032812 #21 [backend builder 4/15] COPY package.json pnpm-lock.yaml pnpm-workspace.yaml turbo.json ./
2026-Jan-19 17:12:15.032812 #21 DONE 0.2s
2026-Jan-19 17:12:15.032812
2026-Jan-19 17:12:15.032812 #20 [backend stage-1 3/10] RUN apk add --no-cache libc6-compat openssl curl chromium nss freetype harfbuzz
2026-Jan-19 17:12:15.032812 #20 11.36 OK: 729.0 MiB in 213 packages
2026-Jan-19 17:12:15.211485 #20 DONE 11.5s
2026-Jan-19 17:12:15.211485
2026-Jan-19 17:12:15.211485 #22 [backend builder 5/15] COPY packages/frontend/package.json packages/frontend/
2026-Jan-19 17:12:15.211485 #22 DONE 0.1s
2026-Jan-19 17:12:15.211485
2026-Jan-19 17:12:15.211485 #23 [backend builder 6/15] COPY packages/shared/package.json packages/shared/
2026-Jan-19 17:12:15.211485 #23 DONE 0.1s
2026-Jan-19 17:12:15.211485
2026-Jan-19 17:12:15.211485 #24 [backend stage-1 4/10] RUN addgroup -g 1001 -S nodejs && adduser -S nodejs -u 1001
2026-Jan-19 17:12:15.428046 #24 ...
2026-Jan-19 17:12:15.428046
2026-Jan-19 17:12:15.428046 #25 [backend builder 7/15] COPY packages/backend/package.json packages/backend/
2026-Jan-19 17:12:15.428046 #25 DONE 0.1s
2026-Jan-19 17:12:15.497297 #24 [backend stage-1 4/10] RUN addgroup -g 1001 -S nodejs && adduser -S nodejs -u 1001
2026-Jan-19 17:12:15.497297 #24 DONE 0.4s
2026-Jan-19 17:12:15.497297
2026-Jan-19 17:12:15.497297 #26 [backend builder 8/15] RUN corepack enable
2026-Jan-19 17:12:16.053379 #26 DONE 0.6s
2026-Jan-19 17:12:16.053379
2026-Jan-19 17:12:16.053379 #27 [backend builder 9/15] RUN corepack prepare pnpm@10.28.1 --activate
2026-Jan-19 17:12:16.362930 #27 0.460 Preparing pnpm@10.28.1 for immediate activation...
2026-Jan-19 17:12:18.505376 #27 ...
2026-Jan-19 17:12:18.505376
2026-Jan-19 17:12:18.505376 #28 [frontend builder 10/15] RUN pnpm install --frozen-lockfile
2026-Jan-19 17:12:18.505376 #28 1.122 Scope: all 4 workspace projects
2026-Jan-19 17:12:18.505376 #28 1.373 Lockfile is up to date, resolution step is skipped
2026-Jan-19 17:12:18.505376 #28 1.706 Packages: +766
2026-Jan-19 17:12:18.505376 #28 1.706 ++++++++++++++++++++++++++++++++++++++++++++++++++++++++++++++++++++++++++++++++
2026-Jan-19 17:12:18.505376 #28 2.416
2026-Jan-19 17:12:18.505376 #28 2.416 
2026-Jan-19 17:12:18.505376 #28 2.416  
2026-Jan-19 17:12:18.505376 #28 2.416  Update available! 9.0.0  10.28.1. 
2026-Jan-19 17:12:18.505376 #28 2.416  Changelog: https://github.com/pnpm/pnpm/releases/tag/v10.28.1 
2026-Jan-19 17:12:18.505376 #28 2.416  Run "corepack prepare pnpm@10.28.1 --activate" to update. 
2026-Jan-19 17:12:18.505376 #28 2.416  
2026-Jan-19 17:12:18.505376 #28 2.416  Follow @pnpmjs for updates: https://twitter.com/pnpmjs 
2026-Jan-19 17:12:18.505376 #28 2.416  
2026-Jan-19 17:12:18.505376 #28 2.416 
2026-Jan-19 17:12:18.505376 #28 2.416
2026-Jan-19 17:12:18.505376 #28 2.472 Progress: resolved 0, reused 0, downloaded 1, added 0
2026-Jan-19 17:12:18.505376 #28 3.481 Progress: resolved 0, reused 0, downloaded 38, added 31
2026-Jan-19 17:12:18.505376 #28 4.484 Progress: resolved 0, reused 0, downloaded 72, added 67
2026-Jan-19 17:12:18.505376 #28 5.486 Progress: resolved 0, reused 0, downloaded 124, added 111
2026-Jan-19 17:12:18.505376 #28 6.508 Progress: resolved 0, reused 0, downloaded 174, added 174
2026-Jan-19 17:12:18.505376 #28 7.510 Progress: resolved 0, reused 0, downloaded 268, added 269
2026-Jan-19 17:12:18.505376 #28 8.513 Progress: resolved 0, reused 0, downloaded 434, added 440
2026-Jan-19 17:12:18.505376 #28 9.516 Progress: resolved 0, reused 0, downloaded 619, added 635
2026-Jan-19 17:12:18.838976 #28 ...
2026-Jan-19 17:12:18.838976
2026-Jan-19 17:12:18.838976 #27 [backend builder 9/15] RUN corepack prepare pnpm@10.28.1 --activate
2026-Jan-19 17:12:18.838976 #27 DONE 2.9s
2026-Jan-19 17:12:18.938325 #28 [frontend builder 10/15] RUN pnpm install --frozen-lockfile
2026-Jan-19 17:12:18.938325 #28 10.52 WARN Failed to create bin at /app/node_modules/.bin/supabase. ENOENT: no such file or directory, chmod '/app/node_modules/supabase/bin/supabase'
2026-Jan-19 17:12:18.938325 #28 10.52 Progress: resolved 0, reused 0, downloaded 746, added 766
2026-Jan-19 17:12:18.938325 #28 10.52 Progress: resolved 0, reused 0, downloaded 746, added 766, done
2026-Jan-19 17:12:18.938325 #28 10.56 node_modules/@prisma/engines postinstall$ node scripts/postinstall.js
2026-Jan-19 17:12:18.938325 #28 10.56 WARN Failed to create bin at /app/node_modules/supabase/node_modules/.bin/supabase. ENOENT: no such file or directory, chmod '/app/node_modules/supabase/bin/supabase'
2026-Jan-19 17:12:19.072409 #28 10.57 node_modules/supabase postinstall$ node scripts/postinstall.js
2026-Jan-19 17:12:19.072409 #28 10.58 node_modules/bcrypt install$ node-pre-gyp install --fallback-to-build
2026-Jan-19 17:12:19.072409 #28 10.59 node_modules/esbuild postinstall$ node install.js
2026-Jan-19 17:12:19.072409 #28 10.61 node_modules/puppeteer postinstall$ node install.mjs
2026-Jan-19 17:12:19.072409 #28 10.69 node_modules/esbuild postinstall: Done
2026-Jan-19 17:12:19.206997 #28 10.74 node_modules/bcrypt install: node-pre-gyp info it worked if it ends with ok
2026-Jan-19 17:12:19.206997 #28 10.74 node_modules/bcrypt install: node-pre-gyp info using node-pre-gyp@1.0.11
2026-Jan-19 17:12:19.206997 #28 10.74 node_modules/bcrypt install: node-pre-gyp info using node@20.20.0 | linux | x64
2026-Jan-19 17:12:19.385299 #28 10.84 node_modules/supabase postinstall: Downloading https://github.com/supabase/cli/releases/download/v2.72.6/supabase_2.72.6_checksums.txt
2026-Jan-19 17:12:19.385299 #28 10.88 node_modules/@prisma/engines postinstall: prisma:warn Prisma failed to detect the libssl/openssl version to use, and may not work as expected. Defaulting to "openssl-1.1.x".
2026-Jan-19 17:12:19.385299 #28 10.88 node_modules/@prisma/engines postinstall: Please manually install OpenSSL and try installing Prisma again.
2026-Jan-19 17:12:19.385299 #28 10.89 node_modules/bcrypt install: node-pre-gyp info check checked for "/app/node_modules/bcrypt/lib/binding/napi-v3/bcrypt_lib.node" (not found)
2026-Jan-19 17:12:19.385299 #28 10.90 node_modules/bcrypt install: node-pre-gyp http GET https://github.com/kelektiv/node.bcrypt.js/releases/download/v5.1.1/bcrypt_lib-v5.1.1-napi-v3-linux-x64-musl.tar.gz
2026-Jan-19 17:12:19.385299 #28 10.91 node_modules/vite/node_modules/esbuild postinstall$ node install.js
2026-Jan-19 17:12:19.385299 #28 11.00 node_modules/vite/node_modules/esbuild postinstall: Done
2026-Jan-19 17:12:19.516446 #28 11.01 node_modules/puppeteer postinstall: **INFO** Skipping Firefox download as instructed.
2026-Jan-19 17:12:19.516446 #28 11.09 node_modules/bcrypt install: node-pre-gyp info install unpacking napi-v3/bcrypt_lib.node
2026-Jan-19 17:12:19.516446 #28 11.13 node_modules/bcrypt install: node-pre-gyp info extracted file count: 1
2026-Jan-19 17:12:19.732427 #28 11.13 node_modules/bcrypt install: [bcrypt] Success: "/app/node_modules/bcrypt/lib/binding/napi-v3/bcrypt_lib.node" is installed via remote
2026-Jan-19 17:12:19.732427 #28 11.14 node_modules/bcrypt install: node-pre-gyp info ok
2026-Jan-19 17:12:19.732427 #28 11.16 node_modules/bcrypt install: Done
2026-Jan-19 17:12:19.732427 #28 11.20 node_modules/supabase postinstall: Downloading https://github.com/supabase/cli/releases/download/v2.72.6/supabase_linux_amd64.tar.gz
2026-Jan-19 17:12:20.806445 #28 12.42 node_modules/@prisma/engines postinstall: Done
2026-Jan-19 17:12:22.037978 #28 ...
2026-Jan-19 17:12:22.037978
2026-Jan-19 17:12:22.037978 #29 [backend builder 10/15] RUN pnpm config set node-linker hoisted
2026-Jan-19 17:12:22.037978 #29 0.365 ! Corepack is about to download https://registry.npmjs.org/pnpm/-/pnpm-9.0.0.tgz
2026-Jan-19 17:12:22.037978 #29 DONE 3.2s
2026-Jan-19 17:12:22.275710 #28 [frontend builder 10/15] RUN pnpm install --frozen-lockfile
2026-Jan-19 17:12:22.275710 #28 13.71 node_modules/supabase postinstall: Checksum verified.
2026-Jan-19 17:12:22.275710 #28 13.71 node_modules/supabase postinstall: Installed Supabase CLI successfully
2026-Jan-19 17:12:22.275710 #28 13.74 node_modules/supabase postinstall: Done
2026-Jan-19 17:12:28.685740 #28 ...
2026-Jan-19 17:12:28.685740
2026-Jan-19 17:12:28.685740 #30 [backend builder 11/15] RUN pnpm install --frozen-lockfile
2026-Jan-19 17:12:28.685740 #30 1.362 Scope: all 4 workspace projects
2026-Jan-19 17:12:28.685740 #30 1.633 Lockfile is up to date, resolution step is skipped
2026-Jan-19 17:12:28.685740 #30 2.046 Packages: +766
2026-Jan-19 17:12:28.685740 #30 2.046 ++++++++++++++++++++++++++++++++++++++++++++++++++++++++++++++++++++++++++++++++
2026-Jan-19 17:12:28.685740 #30 2.625
2026-Jan-19 17:12:28.685740 #30 2.625 
2026-Jan-19 17:12:28.685740 #30 2.625  
2026-Jan-19 17:12:28.685740 #30 2.625  Update available! 9.0.0  10.28.1. 
2026-Jan-19 17:12:28.685740 #30 2.625  Changelog: https://github.com/pnpm/pnpm/releases/tag/v10.28.1 
2026-Jan-19 17:12:28.685740 #30 2.625  Run "corepack prepare pnpm@10.28.1 --activate" to update. 
2026-Jan-19 17:12:28.685740 #30 2.625  
2026-Jan-19 17:12:28.685740 #30 2.625  Follow @pnpmjs for updates: https://twitter.com/pnpmjs 
2026-Jan-19 17:12:28.685740 #30 2.625  
2026-Jan-19 17:12:28.685740 #30 2.625 
2026-Jan-19 17:12:28.685740 #30 2.625
2026-Jan-19 17:12:28.685740 #30 2.628 Progress: resolved 0, reused 0, downloaded 1, added 0
2026-Jan-19 17:12:28.685740 #30 3.629 Progress: resolved 0, reused 0, downloaded 37, added 26
2026-Jan-19 17:12:28.685740 #30 4.632 Progress: resolved 0, reused 0, downloaded 71, added 66
2026-Jan-19 17:12:28.685740 #30 5.639 Progress: resolved 0, reused 0, downloaded 113, added 105
2026-Jan-19 17:12:28.685740 #30 6.646 Progress: resolved 0, reused 0, downloaded 185, added 188
2026-Jan-19 17:12:29.300568 #30 ...
2026-Jan-19 17:12:29.300568
2026-Jan-19 17:12:29.300568 #28 [frontend builder 10/15] RUN pnpm install --frozen-lockfile
2026-Jan-19 17:12:29.300568 #28 20.92 node_modules/puppeteer postinstall: chrome-headless-shell (131.0.6778.204) downloaded to /root/.cache/puppeteer/chrome-headless-shell/linux-131.0.6778.204
2026-Jan-19 17:12:32.380251 #28 24.00 node_modules/puppeteer postinstall: chrome (131.0.6778.204) downloaded to /root/.cache/puppeteer/chrome/linux-131.0.6778.204
2026-Jan-19 17:12:32.388562
2026-Jan-19 17:12:32.503853 #28 24.02 node_modules/puppeteer postinstall: Done
2026-Jan-19 17:12:32.503853 #28 24.04 node_modules/prisma preinstall$ node scripts/preinstall-entry.js
2026-Jan-19 17:12:32.503853 #28 24.12 node_modules/prisma preinstall: Done
2026-Jan-19 17:12:32.654430 #28 24.27 node_modules/@prisma/client postinstall$ node scripts/postinstall.js
2026-Jan-19 17:12:33.706698 #28 25.14 node_modules/@prisma/client postinstall: prisma:warn Prisma failed to detect the libssl/openssl version to use, and may not work as expected. Defaulting to "openssl-1.1.x".
2026-Jan-19 17:12:33.706698 #28 25.14 node_modules/@prisma/client postinstall: Please manually install OpenSSL and try installing Prisma again.
2026-Jan-19 17:12:33.907845 #28 25.52 node_modules/@prisma/client postinstall: prisma:warn We could not find your Prisma schema in the default locations (see: https://pris.ly/d/prisma-schema-location).
2026-Jan-19 17:12:34.085628 #28 25.52 node_modules/@prisma/client postinstall: If you have a Prisma schema file in a custom path, you will need to run
2026-Jan-19 17:12:34.085628 #28 25.52 node_modules/@prisma/client postinstall: `prisma generate --schema=./path/to/your/schema.prisma` to generate Prisma Client.
2026-Jan-19 17:12:34.085628 #28 25.52 node_modules/@prisma/client postinstall: If you do not have a Prisma schema file yet, you can ignore this message.
2026-Jan-19 17:12:34.085628 #28 25.55 node_modules/@prisma/client postinstall: Done
2026-Jan-19 17:12:34.538488 #28 26.16
2026-Jan-19 17:12:34.752548 #28 26.37 Done in 25.9s
2026-Jan-19 17:12:35.676591 #28 DONE 27.3s
2026-Jan-19 17:12:35.676591
2026-Jan-19 17:12:35.676591 #30 [backend builder 11/15] RUN pnpm install --frozen-lockfile
2026-Jan-19 17:12:35.676591 #30 7.646 Progress: resolved 0, reused 0, downloaded 297, added 301
2026-Jan-19 17:12:35.676591 #30 8.648 Progress: resolved 0, reused 0, downloaded 457, added 461
2026-Jan-19 17:12:35.676591 #30 9.651 Progress: resolved 0, reused 0, downloaded 613, added 627
2026-Jan-19 17:12:35.676591 #30 10.73 Progress: resolved 0, reused 0, downloaded 746, added 766
2026-Jan-19 17:12:35.676591 #30 10.79 WARN Failed to create bin at /app/node_modules/.bin/supabase. ENOENT: no such file or directory, chmod '/app/node_modules/supabase/bin/supabase'
2026-Jan-19 17:12:35.676591 #30 10.80 Progress: resolved 0, reused 0, downloaded 746, added 766, done
2026-Jan-19 17:12:35.676591 #30 10.83 node_modules/@prisma/engines postinstall$ node scripts/postinstall.js
2026-Jan-19 17:12:35.676591 #30 10.83 WARN Failed to create bin at /app/node_modules/supabase/node_modules/.bin/supabase. ENOENT: no such file or directory, chmod '/app/node_modules/supabase/bin/supabase'
2026-Jan-19 17:12:35.676591 #30 10.85 node_modules/supabase postinstall$ node scripts/postinstall.js
2026-Jan-19 17:12:35.676591 #30 10.86 node_modules/bcrypt install$ node-pre-gyp install --fallback-to-build
2026-Jan-19 17:12:35.676591 #30 10.87 node_modules/esbuild postinstall$ node install.js
2026-Jan-19 17:12:35.676591 #30 10.89 node_modules/puppeteer postinstall$ node install.mjs
2026-Jan-19 17:12:35.676591 #30 11.00 node_modules/esbuild postinstall: Done
2026-Jan-19 17:12:35.676591 #30 11.13 node_modules/bcrypt install: node-pre-gyp info it worked if it ends with ok
2026-Jan-19 17:12:35.676591 #30 11.13 node_modules/bcrypt install: node-pre-gyp info using node-pre-gyp@1.0.11
2026-Jan-19 17:12:35.676591 #30 11.13 node_modules/bcrypt install: node-pre-gyp info using node@20.20.0 | linux | x64
2026-Jan-19 17:12:35.676591 #30 11.14 node_modules/supabase postinstall: Downloading https://github.com/supabase/cli/releases/download/v2.72.6/supabase_2.72.6_checksums.txt
2026-Jan-19 17:12:35.676591 #30 11.31 node_modules/bcrypt install: node-pre-gyp info check checked for "/app/node_modules/bcrypt/lib/binding/napi-v3/bcrypt_lib.node" (not found)
2026-Jan-19 17:12:35.676591 #30 11.31 node_modules/bcrypt install: node-pre-gyp http GET https://github.com/kelektiv/node.bcrypt.js/releases/download/v5.1.1/bcrypt_lib-v5.1.1-napi-v3-linux-x64-musl.tar.gz
2026-Jan-19 17:12:35.676591 #30 11.31 node_modules/puppeteer postinstall: **INFO** Skipping downloading browsers as instructed.
2026-Jan-19 17:12:35.676591 #30 11.32 node_modules/vite/node_modules/esbuild postinstall$ node install.js
2026-Jan-19 17:12:35.676591 #30 11.34 node_modules/supabase postinstall: Downloading https://github.com/supabase/cli/releases/download/v2.72.6/supabase_linux_amd64.tar.gz
2026-Jan-19 17:12:35.676591 #30 11.34 node_modules/puppeteer postinstall: Done
2026-Jan-19 17:12:35.676591 #30 11.43 node_modules/vite/node_modules/esbuild postinstall: Done
2026-Jan-19 17:12:35.676591 #30 11.46 node_modules/bcrypt install: node-pre-gyp info install unpacking napi-v3/bcrypt_lib.node
2026-Jan-19 17:12:35.676591 #30 11.49 node_modules/bcrypt install: node-pre-gyp info extracted file count: 1
2026-Jan-19 17:12:35.676591 #30 11.49 node_modules/bcrypt install: [bcrypt] Success: "/app/node_modules/bcrypt/lib/binding/napi-v3/bcrypt_lib.node" is installed via remote
2026-Jan-19 17:12:35.676591 #30 11.49 node_modules/bcrypt install: node-pre-gyp info ok
2026-Jan-19 17:12:35.676591 #30 11.52 node_modules/bcrypt install: Done
2026-Jan-19 17:12:35.676591 #30 12.59 node_modules/@prisma/engines postinstall: Done
2026-Jan-19 17:12:35.676591 #30 13.30 node_modules/supabase postinstall: Checksum verified.
2026-Jan-19 17:12:35.676591 #30 13.31 node_modules/supabase postinstall: Installed Supabase CLI successfully
2026-Jan-19 17:12:35.676591 #30 13.32 node_modules/supabase postinstall: Done
2026-Jan-19 17:12:36.106836 #30 14.07 node_modules/prisma preinstall$ node scripts/preinstall-entry.js
2026-Jan-19 17:12:36.346422 #30 14.16 node_modules/prisma preinstall: Done
2026-Jan-19 17:12:36.346422 #30 14.31 node_modules/@prisma/client postinstall$ node scripts/postinstall.js
2026-Jan-19 17:12:36.485524 #30 ...
2026-Jan-19 17:12:36.485524
2026-Jan-19 17:12:36.485524 #31 [frontend builder 11/15] COPY packages/frontend packages/frontend/
2026-Jan-19 17:12:36.485524 #31 DONE 0.8s
2026-Jan-19 17:12:36.674581 #32 [frontend builder 12/15] COPY packages/shared packages/shared/
2026-Jan-19 17:12:36.674581 #32 DONE 0.0s
2026-Jan-19 17:12:36.674581
2026-Jan-19 17:12:36.674581 #33 [frontend builder 13/15] RUN echo "BUILD ENV CHECK:"; env | sort | grep VITE
2026-Jan-19 17:12:36.732497 #33 0.208 BUILD ENV CHECK:
2026-Jan-19 17:12:36.899798 #33 0.209 VITE_API_BASE_URL=https://efatoura.duckdns.org/api
2026-Jan-19 17:12:36.899798 #33 DONE 0.2s
2026-Jan-19 17:12:36.899798
2026-Jan-19 17:12:36.899798 #34 [frontend builder 14/15] RUN cd /app/packages/frontend && pnpm exec vite build --debug
2026-Jan-19 17:12:38.059593 #34 1.310 2026-01-19T17:12:38.056Z vite:config config file loaded in 53.76ms
2026-Jan-19 17:12:38.292018 #34 1.315 2026-01-19T17:12:38.061Z vite:env loading env files: [
2026-Jan-19 17:12:38.292018 #34 1.315 '/app/packages/frontend/.env',
2026-Jan-19 17:12:38.292018 #34 1.315 '/app/packages/frontend/.env.local',
2026-Jan-19 17:12:38.292018 #34 1.315 '/app/packages/frontend/.env.production',
2026-Jan-19 17:12:38.292018 #34 1.315 '/app/packages/frontend/.env.production.local'
2026-Jan-19 17:12:38.292018 #34 1.315 ]
2026-Jan-19 17:12:38.292018 #34 1.315 2026-01-19T17:12:38.062Z vite:env env files loaded in 4.23ms
2026-Jan-19 17:12:38.292018 #34 1.319 2026-01-19T17:12:38.064Z vite:env using resolved env: {
2026-Jan-19 17:12:38.292018 #34 1.319 DATABASE_URL: 'postgresql://postgres:DsUX2s8HTx+FbVXBFYVSwPRWx6nGp+0Cpsa5Pdzug44=@postgres:5432/teif_prod',
2026-Jan-19 17:12:38.292018 #34 1.319 LOG_LEVEL: 'info',
2026-Jan-19 17:12:38.292018 #34 1.319 NODE_VERSION: '20.20.0',
2026-Jan-19 17:12:38.292018 #34 1.319 YARN_VERSION: '1.22.22',
2026-Jan-19 17:12:38.292018 #34 1.319 SMTP_PORT: '587',
2026-Jan-19 17:12:38.292018 #34 1.319 SHLVL: '1',
2026-Jan-19 17:12:38.292018 #34 1.319 HOME: '/root',
2026-Jan-19 17:12:38.292018 #34 1.319 OLDPWD: '/app',
2026-Jan-19 17:12:38.292018 #34 1.319 COOLIFY_FQDN: '',
2026-Jan-19 17:12:38.292018 #34 1.319 SERVICE_URL_BACKEND: 'https://efatoura.duckdns.org/api',
2026-Jan-19 17:12:38.292018 #34 1.319 SERVICE_URL_FRONTEND: 'https://efatoura.duckdns.org',
2026-Jan-19 17:12:38.292018 #34 1.319 JWT_EXPIRY: '3600',
2026-Jan-19 17:12:38.292018 #34 1.319 PRODUCTION_DOMAIN: 'efatoura.duckdns.org',
2026-Jan-19 17:12:38.292018 #34 1.319 SMTP_SECURE: 'false',
2026-Jan-19 17:12:38.292018 #34 1.319 POSTGRES_PASSWORD: 'DsUX2s8HTx+FbVXBFYVSwPRWx6nGp+0Cpsa5Pdzug44=',
2026-Jan-19 17:12:38.292018 #34 1.319 PATH: './node_modules/.bin:/app/node_modules/.bin:/usr/local/sbin:/usr/local/bin:/usr/sbin:/usr/bin:/sbin:/bin',
2026-Jan-19 17:12:38.292018 #34 1.319 CORS_ORIGIN: 'https://efatoura.duckdns.org',
2026-Jan-19 17:12:38.292018 #34 1.319 SERVICE_FQDN_BACKEND: 'efatoura.duckdns.org',
2026-Jan-19 17:12:38.292018 #34 1.319 POSTGRES_USER: 'postgres',
2026-Jan-19 17:12:38.292018 #34 1.319 SITE_URL: 'https://efatoura.duckdns.org',
2026-Jan-19 17:12:38.292018 #34 1.319 VITE_API_BASE_URL: 'https://efatoura.duckdns.org/api',
2026-Jan-19 17:12:38.292018 #34 1.319 SERVICE_FQDN_FRONTEND: 'efatoura.duckdns.org',
2026-Jan-19 17:12:38.292018 #34 1.319 SMTP_FROM: '<REDACTED>',
2026-Jan-19 17:12:38.292018 #34 1.319 JWT_SECRET: 'jU918zwPEfoef52XXONJusWMkTVgK0MIT9FZPpXHULM=',
2026-Jan-19 17:12:38.292018 #34 1.319 COOLIFY_URL: '',
2026-Jan-19 17:12:38.292018 #34 1.319 PWD: '/app/packages/frontend',
2026-Jan-19 17:12:38.292018 #34 1.319 GEMINI_API_KEY=<REDACTED>,
2026-Jan-19 17:12:38.292018 #34 1.319 POSTGRES_DB: 'teif_prod',
2026-Jan-19 17:12:38.292018 #34 1.319 SMTP_PASSWORD: 'Compta2025++',
2026-Jan-19 17:12:38.292018 #34 1.319 SMTP_HOST: 'ssl0.ovh.net',
2026-Jan-19 17:12:38.292018 #34 1.319 NODE_ENV: 'development',
2026-Jan-19 17:12:38.292018 #34 1.319 SMTP_USER: '<REDACTED>',
2026-Jan-19 17:12:38.292018 #34 1.319 COREPACK_ENABLE_DOWNLOAD_PROMPT: '1',
2026-Jan-19 17:12:38.292018 #34 1.319 COREPACK_ROOT: '/usr/local/lib/node_modules/corepack',
2026-Jan-19 17:12:38.292018 #34 1.319 npm_command: 'exec',
2026-Jan-19 17:12:38.292018 #34 1.319 PNPM_PACKAGE_NAME: '@teif/frontend',
2026-Jan-19 17:12:38.292018 #34 1.319 npm_config_user_agent: 'pnpm/9.0.0 npm/? node/v20.20.0 linux x64',
2026-Jan-19 17:12:38.292018 #34 1.319 DEBUG: 'vite:*'
2026-Jan-19 17:12:38.292018 #34 1.319 }
2026-Jan-19 17:12:38.292018 #34 1.324 2026-01-19T17:12:38.070Z vite:env loading env files: [
2026-Jan-19 17:12:38.292018 #34 1.324 '/app/packages/frontend/.env',
2026-Jan-19 17:12:38.292018 #34 1.324 '/app/packages/frontend/.env.local',
2026-Jan-19 17:12:38.292018 #34 1.324 '/app/packages/frontend/.env.production',
2026-Jan-19 17:12:38.292018 #34 1.324 '/app/packages/frontend/.env.production.local'
2026-Jan-19 17:12:38.292018 #34 1.324 ]
2026-Jan-19 17:12:38.292018 #34 1.324 2026-01-19T17:12:38.070Z vite:env env files loaded in 0.64ms
2026-Jan-19 17:12:38.292018 #34 1.325 2026-01-19T17:12:38.071Z vite:env using resolved env: { VITE_API_BASE_URL: 'https://efatoura.duckdns.org/api' }
2026-Jan-19 17:12:38.292018 #34 1.379 2026-01-19T17:12:38.125Z vite:config using resolved config: {
2026-Jan-19 17:12:38.292018 #34 1.379 build: {
2026-Jan-19 17:12:38.292018 #34 1.379 target: [ 'es2020', 'edge88', 'firefox78', 'chrome87', 'safari14' ],
2026-Jan-19 17:12:38.292018 #34 1.379 polyfillModulePreload: true,
2026-Jan-19 17:12:38.292018 #34 1.379 modulePreload: { polyfill: true },
2026-Jan-19 17:12:38.292018 #34 1.379 outDir: 'dist',
2026-Jan-19 17:12:38.292018 #34 1.379 assetsDir: 'assets',
2026-Jan-19 17:12:38.292018 #34 1.379 assetsInlineLimit: 4096,
2026-Jan-19 17:12:38.292018 #34 1.379 sourcemap: false,
2026-Jan-19 17:12:38.292018 #34 1.379 terserOptions: {},
2026-Jan-19 17:12:38.292018 #34 1.379 rollupOptions: { onwarn: [Function: onwarn] },
2026-Jan-19 17:12:38.292018 #34 1.379 commonjsOptions: { include: [ /node_modules/ ], extensions: [ '.js', '.cjs' ] },
2026-Jan-19 17:12:38.292018 #34 1.379 dynamicImportVarsOptions: { warnOnError: true, exclude: [ /node_modules/ ] },
2026-Jan-19 17:12:38.292018 #34 1.379 write: true,
2026-Jan-19 17:12:38.292018 #34 1.379 emptyOutDir: true,
2026-Jan-19 17:12:38.292018 #34 1.379 copyPublicDir: true,
2026-Jan-19 17:12:38.292018 #34 1.379 manifest: false,
2026-Jan-19 17:12:38.292018 #34 1.379 lib: false,
2026-Jan-19 17:12:38.292018 #34 1.379 ssrManifest: false,
2026-Jan-19 17:12:38.292018 #34 1.379 ssrEmitAssets: false,
2026-Jan-19 17:12:38.292018 #34 1.379 reportCompressedSize: true,
2026-Jan-19 17:12:38.292018 #34 1.379 chunkSizeWarningLimit: 500,
2026-Jan-19 17:12:38.292018 #34 1.379 watch: null,
2026-Jan-19 17:12:38.292018 #34 1.379 cssCodeSplit: true,
2026-Jan-19 17:12:38.292018 #34 1.379 minify: 'esbuild',
2026-Jan-19 17:12:38.292018 #34 1.379 ssr: false,
2026-Jan-19 17:12:38.292018 #34 1.379 emitAssets: true,
2026-Jan-19 17:12:38.292018 #34 1.379 createEnvironment: [Function: createEnvironment],
2026-Jan-19 17:12:38.292018 #34 1.379 cssTarget: [ 'es2020', 'edge88', 'firefox78', 'chrome87', 'safari14' ],
2026-Jan-19 17:12:38.292018 #34 1.379 cssMinify: true
2026-Jan-19 17:12:38.292018 #34 1.379 },
2026-Jan-19 17:12:38.292018 #34 1.379 server: {
2026-Jan-19 17:12:38.292018 #34 1.379 port: 5173,
2026-Jan-19 17:12:38.292018 #34 1.379 strictPort: false,
2026-Jan-19 17:12:38.292018 #34 1.379 host: '0.0.0.0',
2026-Jan-19 17:12:38.292018 #34 1.379 allowedHosts: [],
2026-Jan-19 17:12:38.292018 #34 1.379 https: undefined,
2026-Jan-19 17:12:38.292018 #34 1.379 open: false,
2026-Jan-19 17:12:38.292018 #34 1.379 proxy: {
2026-Jan-19 17:12:38.292018 #34 1.379 '/api': {
2026-Jan-19 17:12:38.292018 #34 1.379 target: 'https://efatoura.duckdns.org/api',
2026-Jan-19 17:12:38.292018 #34 1.379 changeOrigin: true,
2026-Jan-19 17:12:38.292018 #34 1.379 rewrite: [Function: rewrite]
2026-Jan-19 17:12:38.292018 #34 1.379 }
2026-Jan-19 17:12:38.292018 #34 1.379 },
2026-Jan-19 17:12:38.292018 #34 1.379 cors: {
2026-Jan-19 17:12:38.292018 #34 1.379 origin: /^https?:\/\/(?:(?:[^:]+\.)?localhost|127\.0\.0\.1|\[::1\])(?::\d+)?$/
2026-Jan-19 17:12:38.292018 #34 1.379 },
2026-Jan-19 17:12:38.292018 #34 1.379 headers: {},
2026-Jan-19 17:12:38.292018 #34 1.379 warmup: { clientFiles: [], ssrFiles: [] },
2026-Jan-19 17:12:38.292018 #34 1.379 middlewareMode: false,
2026-Jan-19 17:12:38.292018 #34 1.379 fs: {
2026-Jan-19 17:12:38.292018 #34 1.379 strict: true,
2026-Jan-19 17:12:38.292018 #34 1.379 deny: [ '.env', '.env.*', '*.{crt,pem}', '**/.git/**' ],
2026-Jan-19 17:12:38.292018 #34 1.379 allow: [ '/app' ]
2026-Jan-19 17:12:38.292018 #34 1.379 },
2026-Jan-19 17:12:38.292018 #34 1.379 preTransformRequests: true,
2026-Jan-19 17:12:38.292018 #34 1.379 perEnvironmentStartEndDuringDev: false,
2026-Jan-19 17:12:38.292018 #34 1.379 sourcemapIgnoreList: [Function: isInNodeModules$1]
2026-Jan-19 17:12:38.292018 #34 1.379 },
2026-Jan-19 17:12:38.292018 #34 1.379 plugins: [
2026-Jan-19 17:12:38.292018 #34 1.379 'vite:build-metadata',
2026-Jan-19 17:12:38.292018 #34 1.379 'vite:watch-package-data',
2026-Jan-19 17:12:38.292018 #34 1.379 'alias',
2026-Jan-19 17:12:38.292018 #34 1.379 'vite:react-babel',
2026-Jan-19 17:12:38.292018 #34 1.379 'vite:react-refresh',
2026-Jan-19 17:12:38.292018 #34 1.379 'vite:modulepreload-polyfill',
2026-Jan-19 17:12:38.292018 #34 1.379 'vite:resolve',
2026-Jan-19 17:12:38.292018 #34 1.379 'vite:html-inline-proxy',
2026-Jan-19 17:12:38.292018 #34 1.379 'vite:css',
2026-Jan-19 17:12:38.292018 #34 1.379 'vite:esbuild',
2026-Jan-19 17:12:38.292018 #34 1.379 'vite:json',
2026-Jan-19 17:12:38.292018 #34 1.379 'vite:wasm-helper',
2026-Jan-19 17:12:38.292018 #34 1.379 'vite:worker',
2026-Jan-19 17:12:38.292018 #34 1.379 'vite:asset',
2026-Jan-19 17:12:38.292018 #34 1.379 'vite:react-virtual-preamble',
2026-Jan-19 17:12:38.292018 #34 1.379 'vite:wasm-fallback',
2026-Jan-19 17:12:38.292018 #34 1.379 'vite:define',
2026-Jan-19 17:12:38.292018 #34 1.379 'vite:css-post',
2026-Jan-19 17:12:38.292018 #34 1.379 'vite:build-html',
2026-Jan-19 17:12:38.292018 #34 1.379 'vite:worker-import-meta-url',
2026-Jan-19 17:12:38.292018 #34 1.379 'vite:asset-import-meta-url',
2026-Jan-19 17:12:38.292018 #34 1.379 'vite:force-systemjs-wrap-complete',
2026-Jan-19 17:12:38.292018 #34 1.379 'commonjs',
2026-Jan-19 17:12:38.292018 #34 1.379 'vite:data-uri',
2026-Jan-19 17:12:38.292018 #34 1.379 'vite:rollup-options-plugins',
2026-Jan-19 17:12:38.292018 #34 1.379 'vite:dynamic-import-vars',
2026-Jan-19 17:12:38.292018 #34 1.379 'vite:import-glob',
2026-Jan-19 17:12:38.292018 #34 1.379 'vite:build-import-analysis',
2026-Jan-19 17:12:38.292018 #34 1.379 'vite:esbuild-transpile',
2026-Jan-19 17:12:38.292018 #34 1.379 'vite:terser',
2026-Jan-19 17:12:38.292018 #34 1.379 'vite:manifest',
2026-Jan-19 17:12:38.292018 #34 1.379 'vite:ssr-manifest',
2026-Jan-19 17:12:38.292018 #34 1.379 'vite:reporter',
2026-Jan-19 17:12:38.292018 #34 1.379 'vite:load-fallback'
2026-Jan-19 17:12:38.292018 #34 1.379 ],
2026-Jan-19 17:12:38.292018 #34 1.379 define: {
2026-Jan-19 17:12:38.292018 #34 1.379 'process.env.API_KEY': '"AIzaSyCrgAzYDINx3q35yrRJO8OXCKIx4BmHYSg"',
2026-Jan-19 17:12:38.292018 #34 1.379 'process.env.GEMINI_API_KEY': '"AIzaSyCrgAzYDINx3q35yrRJO8OXCKIx4BmHYSg"'
2026-Jan-19 17:12:38.292018 #34 1.379 },
2026-Jan-19 17:12:38.292018 #34 1.379 resolve: {
2026-Jan-19 17:12:38.292018 #34 1.379 externalConditions: [ 'node' ],
2026-Jan-19 17:12:38.292018 #34 1.379 extensions: [
2026-Jan-19 17:12:38.292018 #34 1.379 '.mjs', '.js',
2026-Jan-19 17:12:38.292018 #34 1.379 '.mts', '.ts',
2026-Jan-19 17:12:38.292018 #34 1.379 '.jsx', '.tsx',
2026-Jan-19 17:12:38.292018 #34 1.379 '.json'
2026-Jan-19 17:12:38.292018 #34 1.379 ],
2026-Jan-19 17:12:38.292018 #34 1.379 dedupe: [],
2026-Jan-19 17:12:38.292018 #34 1.379 noExternal: [],
2026-Jan-19 17:12:38.292018 #34 1.379 external: [],
2026-Jan-19 17:12:38.292018 #34 1.379 preserveSymlinks: false,
2026-Jan-19 17:12:38.292018 #34 1.379 alias: [
2026-Jan-19 17:12:38.292018 #34 1.379 { find: '@', replacement: '/app/packages/frontend/src' },
2026-Jan-19 17:12:38.292018 #34 1.379 { find: '@teif/shared', replacement: '/app/packages/shared/src' },
2026-Jan-19 17:12:38.292018 #34 1.379 {
2026-Jan-19 17:12:38.292018 #34 1.379 find: /^\/?@vite\/env/,
2026-Jan-19 17:12:38.292018 #34 1.379 replacement: '/@fs/app/node_modules/vite/dist/client/env.mjs'
2026-Jan-19 17:12:38.292018 #34 1.379 },
2026-Jan-19 17:12:38.292018 #34 1.379 {
2026-Jan-19 17:12:38.292018 #34 1.379 find: /^\/?@vite\/client/,
2026-Jan-19 17:12:38.292018 #34 1.379 replacement: '/@fs/app/node_modules/vite/dist/client/client.mjs'
2026-Jan-19 17:12:38.292018 #34 1.379 }
2026-Jan-19 17:12:38.292018 #34 1.379 ],
2026-Jan-19 17:12:38.292018 #34 1.379 mainFields: [ 'browser', 'module', 'jsnext:main', 'jsnext' ],
2026-Jan-19 17:12:38.292018 #34 1.379 conditions: [ 'module', 'browser', 'development|production' ],
2026-Jan-19 17:12:38.292018 #34 1.379 builtins: []
2026-Jan-19 17:12:38.292018 #34 1.379 },
2026-Jan-19 17:12:38.292018 #34 1.379 esbuild: { jsxDev: true, jsx: 'automatic', jsxImportSource: undefined },
2026-Jan-19 17:12:38.292018 #34 1.379 optimizeDeps: {
2026-Jan-19 17:12:38.292018 #34 1.379 include: [
2026-Jan-19 17:12:38.292018 #34 1.379 'react',
2026-Jan-19 17:12:38.292018 #34 1.379 'react-dom',
2026-Jan-19 17:12:38.292018 #34 1.379 'react/jsx-dev-runtime',
2026-Jan-19 17:12:38.292018 #34 1.379 'react/jsx-runtime'
2026-Jan-19 17:12:38.292018 #34 1.379 ],
2026-Jan-19 17:12:38.292018 #34 1.379 exclude: [],
2026-Jan-19 17:12:38.292018 #34 1.379 needsInterop: [],
2026-Jan-19 17:12:38.292018 #34 1.379 extensions: [],
2026-Jan-19 17:12:38.292018 #34 1.379 disabled: undefined,
2026-Jan-19 17:12:38.292018 #34 1.379 holdUntilCrawlEnd: true,
2026-Jan-19 17:12:38.292018 #34 1.379 force: false,
2026-Jan-19 17:12:38.292018 #34 1.379 noDiscovery: false,
2026-Jan-19 17:12:38.292018 #34 1.379 esbuildOptions: { preserveSymlinks: false, jsx: 'automatic' }
2026-Jan-19 17:12:38.292018 #34 1.379 },
2026-Jan-19 17:12:38.292018 #34 1.379 environments: {
2026-Jan-19 17:12:38.292018 #34 1.379 client: {
2026-Jan-19 17:12:38.292018 #34 1.379 define: {
2026-Jan-19 17:12:38.292018 #34 1.379 'process.env.API_KEY': '"AIzaSyCrgAzYDINx3q35yrRJO8OXCKIx4BmHYSg"',
2026-Jan-19 17:12:38.292018 #34 1.379 'process.env.GEMINI_API_KEY': '"AIzaSyCrgAzYDINx3q35yrRJO8OXCKIx4BmHYSg"'
2026-Jan-19 17:12:38.292018 #34 1.379 },
2026-Jan-19 17:12:38.292018 #34 1.379 resolve: {
2026-Jan-19 17:12:38.292018 #34 1.379 externalConditions: [ 'node' ],
2026-Jan-19 17:12:38.292018 #34 1.379 extensions: [
2026-Jan-19 17:12:38.292018 #34 1.379 '.mjs', '.js',
2026-Jan-19 17:12:38.292018 #34 1.379 '.mts', '.ts',
2026-Jan-19 17:12:38.292018 #34 1.379 '.jsx', '.tsx',
2026-Jan-19 17:12:38.292018 #34 1.379 '.json'
2026-Jan-19 17:12:38.292018 #34 1.379 ],
2026-Jan-19 17:12:38.292018 #34 1.379 dedupe: [],
2026-Jan-19 17:12:38.292018 #34 1.379 noExternal: [],
2026-Jan-19 17:12:38.292018 #34 1.379 external: [],
2026-Jan-19 17:12:38.292018 #34 1.379 preserveSymlinks: false,
2026-Jan-19 17:12:38.292018 #34 1.379 alias: [
2026-Jan-19 17:12:38.292018 #34 1.379 { find: '@', replacement: '/app/packages/frontend/src' },
2026-Jan-19 17:12:38.292018 #34 1.379 {
2026-Jan-19 17:12:38.292018 #34 1.379 find: '@teif/shared',
2026-Jan-19 17:12:38.292018 #34 1.379 replacement: '/app/packages/shared/src'
2026-Jan-19 17:12:38.292018 #34 1.379 },
2026-Jan-19 17:12:38.292018 #34 1.379 {
2026-Jan-19 17:12:38.292018 #34 1.379 find: /^\/?@vite\/env/,
2026-Jan-19 17:12:38.292018 #34 1.379 replacement: '/@fs/app/node_modules/vite/dist/client/env.mjs'
2026-Jan-19 17:12:38.292018 #34 1.379 },
2026-Jan-19 17:12:38.292018 #34 1.379 {
2026-Jan-19 17:12:38.292018 #34 1.379 find: /^\/?@vite\/client/,
2026-Jan-19 17:12:38.292018 #34 1.379 replacement: '/@fs/app/node_modules/vite/dist/client/client.mjs'
2026-Jan-19 17:12:38.292018 #34 1.379 }
2026-Jan-19 17:12:38.292018 #34 1.379 ],
2026-Jan-19 17:12:38.292018 #34 1.379 mainFields: [ 'browser', 'module', 'jsnext:main', 'jsnext' ],
2026-Jan-19 17:12:38.292018 #34 1.379 conditions: [ 'module', 'browser', 'development|production' ],
2026-Jan-19 17:12:38.292018 #34 1.379 builtins: []
2026-Jan-19 17:12:38.292018 #34 1.379 },
2026-Jan-19 17:12:38.292018 #34 1.379 keepProcessEnv: false,
2026-Jan-19 17:12:38.292018 #34 1.379 consumer: 'client',
2026-Jan-19 17:12:38.292018 #34 1.379 optimizeDeps: {
2026-Jan-19 17:12:38.292018 #34 1.379 include: [
2026-Jan-19 17:12:38.292018 #34 1.379 'react',
2026-Jan-19 17:12:38.292018 #34 1.379 'react-dom',
2026-Jan-19 17:12:38.292018 #34 1.379 'react/jsx-dev-runtime',
2026-Jan-19 17:12:38.292018 #34 1.379 'react/jsx-runtime'
2026-Jan-19 17:12:38.292018 #34 1.379 ],
2026-Jan-19 17:12:38.292018 #34 1.379 exclude: [],
2026-Jan-19 17:12:38.292018 #34 1.379 needsInterop: [],
2026-Jan-19 17:12:38.292018 #34 1.379 extensions: [],
2026-Jan-19 17:12:38.292018 #34 1.379 disabled: undefined,
2026-Jan-19 17:12:38.292018 #34 1.379 holdUntilCrawlEnd: true,
2026-Jan-19 17:12:38.292018 #34 1.379 force: false,
2026-Jan-19 17:12:38.292018 #34 1.379 noDiscovery: false,
2026-Jan-19 17:12:38.292018 #34 1.379 esbuildOptions: { preserveSymlinks: false, jsx: 'automatic' }
2026-Jan-19 17:12:38.292018 #34 1.379 },
2026-Jan-19 17:12:38.292018 #34 1.379 dev: {
2026-Jan-19 17:12:38.292018 #34 1.379 warmup: [],
2026-Jan-19 17:12:38.292018 #34 1.379 sourcemap: { js: true },
2026-Jan-19 17:12:38.292018 #34 1.379 sourcemapIgnoreList: [Function: isInNodeModules$1],
2026-Jan-19 17:12:38.292018 #34 1.379 preTransformRequests: true,
2026-Jan-19 17:12:38.292018 #34 1.379 createEnvironment: [Function: defaultCreateClientDevEnvironment],
2026-Jan-19 17:12:38.292018 #34 1.379 recoverable: true,
2026-Jan-19 17:12:38.292018 #34 1.379 moduleRunnerTransform: false
2026-Jan-19 17:12:38.292018 #34 1.379 },
2026-Jan-19 17:12:38.292018 #34 1.379 build: {
2026-Jan-19 17:12:38.292018 #34 1.379 target: [ 'es2020', 'edge88', 'firefox78', 'chrome87', 'safari14' ],
2026-Jan-19 17:12:38.292018 #34 1.379 polyfillModulePreload: true,
2026-Jan-19 17:12:38.292018 #34 1.379 modulePreload: { polyfill: true },
2026-Jan-19 17:12:38.292018 #34 1.379 outDir: 'dist',
2026-Jan-19 17:12:38.292018 #34 1.379 assetsDir: 'assets',
2026-Jan-19 17:12:38.292018 #34 1.379 assetsInlineLimit: 4096,
2026-Jan-19 17:12:38.292018 #34 1.379 sourcemap: false,
2026-Jan-19 17:12:38.292018 #34 1.379 terserOptions: {},
2026-Jan-19 17:12:38.292018 #34 1.379 rollupOptions: { onwarn: [Function: onwarn] },
2026-Jan-19 17:12:38.292018 #34 1.379 commonjsOptions: { include: [ /node_modules/ ], extensions: [ '.js', '.cjs' ] },
2026-Jan-19 17:12:38.292018 #34 1.379 dynamicImportVarsOptions: { warnOnError: true, exclude: [ /node_modules/ ] },
2026-Jan-19 17:12:38.292018 #34 1.379 write: true,
2026-Jan-19 17:12:38.292018 #34 1.379 emptyOutDir: true,
2026-Jan-19 17:12:38.292018 #34 1.379 copyPublicDir: true,
2026-Jan-19 17:12:38.292018 #34 1.379 manifest: false,
2026-Jan-19 17:12:38.292018 #34 1.379 lib: false,
2026-Jan-19 17:12:38.292018 #34 1.379 ssrManifest: false,
2026-Jan-19 17:12:38.292018 #34 1.379 ssrEmitAssets: false,
2026-Jan-19 17:12:38.292018 #34 1.379 reportCompressedSize: true,
2026-Jan-19 17:12:38.292018 #34 1.379 chunkSizeWarningLimit: 500,
2026-Jan-19 17:12:38.292018 #34 1.379 watch: null,
2026-Jan-19 17:12:38.292018 #34 1.379 cssCodeSplit: true,
2026-Jan-19 17:12:38.292018 #34 1.379 minify: 'esbuild',
2026-Jan-19 17:12:38.292018 #34 1.379 ssr: false,
2026-Jan-19 17:12:38.292018 #34 1.379 emitAssets: true,
2026-Jan-19 17:12:38.292018 #34 1.379 createEnvironment: [Function: createEnvironment],
2026-Jan-19 17:12:38.292018 #34 1.379 cssTarget: [ 'es2020', 'edge88', 'firefox78', 'chrome87', 'safari14' ],
2026-Jan-19 17:12:38.292018 #34 1.379 cssMinify: true
2026-Jan-19 17:12:38.292018 #34 1.379 }
2026-Jan-19 17:12:38.292018 #34 1.379 }
2026-Jan-19 17:12:38.292018 #34 1.379 },
2026-Jan-19 17:12:38.292018 #34 1.379 configFile: '/app/packages/frontend/vite.config.ts',
2026-Jan-19 17:12:38.292018 #34 1.379 configFileDependencies: [ '/app/packages/frontend/vite.config.ts' ],
2026-Jan-19 17:12:38.292018 #34 1.379 inlineConfig: {
2026-Jan-19 17:12:38.292018 #34 1.379 root: undefined,
2026-Jan-19 17:12:38.292018 #34 1.379 base: undefined,
2026-Jan-19 17:12:38.292018 #34 1.379 mode: undefined,
2026-Jan-19 17:12:38.292018 #34 1.379 configFile: undefined,
2026-Jan-19 17:12:38.292018 #34 1.379 configLoader: undefined,
2026-Jan-19 17:12:38.292018 #34 1.379 logLevel: undefined,
2026-Jan-19 17:12:38.292018 #34 1.379 clearScreen: undefined,
2026-Jan-19 17:12:38.292018 #34 1.379 build: {}
2026-Jan-19 17:12:38.292018 #34 1.379 },
2026-Jan-19 17:12:38.292018 #34 1.379 root: '/app/packages/frontend',
2026-Jan-19 17:12:38.292018 #34 1.379 base: '/',
2026-Jan-19 17:12:38.292018 #34 1.379 decodedBase: '/',
2026-Jan-19 17:12:38.292018 #34 1.379 rawBase: '/',
2026-Jan-19 17:12:38.292018 #34 1.379 publicDir: '/app/packages/frontend/public',
2026-Jan-19 17:12:38.292018 #34 1.379 cacheDir: '/app/packages/frontend/node_modules/.vite',
2026-Jan-19 17:12:38.292018 #34 1.379 command: 'build',
2026-Jan-19 17:12:38.292018 #34 1.379 mode: 'production',
2026-Jan-19 17:12:38.292018 #34 1.379 isWorker: false,
2026-Jan-19 17:12:38.292018 #34 1.379 mainConfig: null,
2026-Jan-19 17:12:38.292018 #34 1.379 bundleChain: [],
2026-Jan-19 17:12:38.292018 #34 1.379 isProduction: false,
2026-Jan-19 17:12:38.292018 #34 1.379 css: {
2026-Jan-19 17:12:38.292018 #34 1.379 transformer: 'postcss',
2026-Jan-19 17:12:38.292018 #34 1.379 preprocessorMaxWorkers: 0,
2026-Jan-19 17:12:38.292018 #34 1.379 devSourcemap: false
2026-Jan-19 17:12:38.292018 #34 1.379 },
2026-Jan-19 17:12:38.292018 #34 1.379 json: { namedExports: true, stringify: 'auto' },
2026-Jan-19 17:12:38.292018 #34 1.379 builder: undefined,
2026-Jan-19 17:12:38.292018 #34 1.379 preview: {
2026-Jan-19 17:12:38.292018 #34 1.379 port: 4173,
2026-Jan-19 17:12:38.292018 #34 1.379 strictPort: false,
2026-Jan-19 17:12:38.292018 #34 1.379 host: '0.0.0.0',
2026-Jan-19 17:12:38.292018 #34 1.379 allowedHosts: [],
2026-Jan-19 17:12:38.292018 #34 1.379 https: undefined,
2026-Jan-19 17:12:38.292018 #34 1.379 open: false,
2026-Jan-19 17:12:38.292018 #34 1.379 proxy: {
2026-Jan-19 17:12:38.292018 #34 1.379 '/api': {
2026-Jan-19 17:12:38.292018 #34 1.379 target: 'https://efatoura.duckdns.org/api',
2026-Jan-19 17:12:38.292018 #34 1.379 changeOrigin: true,
2026-Jan-19 17:12:38.292018 #34 1.379 rewrite: [Function: rewrite]
2026-Jan-19 17:12:38.292018 #34 1.379 }
2026-Jan-19 17:12:38.292018 #34 1.379 },
2026-Jan-19 17:12:38.292018 #34 1.379 cors: {
2026-Jan-19 17:12:38.292018 #34 1.379 origin: /^https?:\/\/(?:(?:[^:]+\.)?localhost|127\.0\.0\.1|\[::1\])(?::\d+)?$/
2026-Jan-19 17:12:38.292018 #34 1.379 },
2026-Jan-19 17:12:38.292018 #34 1.379 headers: {}
2026-Jan-19 17:12:38.292018 #34 1.379 },
2026-Jan-19 17:12:38.292018 #34 1.379 envDir: '/app/packages/frontend',
2026-Jan-19 17:12:38.292018 #34 1.379 env: {
2026-Jan-19 17:12:38.292018 #34 1.379 VITE_API_BASE_URL: 'https://efatoura.duckdns.org/api',
2026-Jan-19 17:12:38.292018 #34 1.379 BASE_URL: '/',
2026-Jan-19 17:12:38.292018 #34 1.379 MODE: 'production',
2026-Jan-19 17:12:38.292018 #34 1.379 DEV: true,
2026-Jan-19 17:12:38.292018 #34 1.379 PROD: false
2026-Jan-19 17:12:38.292018 #34 1.379 },
2026-Jan-19 17:12:38.292018 #34 1.379 assetsInclude: [Function: assetsInclude],
2026-Jan-19 17:12:38.292018 #34 1.379 logger: {
2026-Jan-19 17:12:38.292018 #34 1.379 hasWarned: false,
2026-Jan-19 17:12:38.292018 #34 1.379 info: [Function: info],
2026-Jan-19 17:12:38.292018 #34 1.379 warn: [Function: warn],
2026-Jan-19 17:12:38.292018 #34 1.379 warnOnce: [Function: warnOnce],
2026-Jan-19 17:12:38.292018 #34 1.379 error: [Function: error],
2026-Jan-19 17:12:38.292018 #34 1.379 clearScreen: [Function: clearScreen],
2026-Jan-19 17:12:38.292018 #34 1.379 hasErrorLogged: [Function: hasErrorLogged]
2026-Jan-19 17:12:38.292018 #34 1.379 },
2026-Jan-19 17:12:38.292018 #34 1.379 packageCache: Map(1) {
2026-Jan-19 17:12:38.292018 #34 1.379 'fnpd_/app/packages/frontend' => {
2026-Jan-19 17:12:38.292018 #34 1.379 dir: '/app/packages/frontend',
2026-Jan-19 17:12:38.292018 #34 1.379 data: {
2026-Jan-19 17:12:38.292018 #34 1.379 name: '@teif/frontend',
2026-Jan-19 17:12:38.292018 #34 1.379 private: true,
2026-Jan-19 17:12:38.292018 #34 1.379 version: '0.0.0',
2026-Jan-19 17:12:38.292018 #34 1.379 type: 'module',
2026-Jan-19 17:12:38.292018 #34 1.379 scripts: {
2026-Jan-19 17:12:38.292018 #34 1.379 dev: 'vite',
2026-Jan-19 17:12:38.292018 #34 1.379 build: 'vite build',
2026-Jan-19 17:12:38.292018 #34 1.379 preview: 'vite preview',
2026-Jan-19 17:12:38.292018 #34 1.379 test: 'vitest',
2026-Jan-19 17:12:38.292018 #34 1.379 'test:ui': 'vitest --ui',
2026-Jan-19 17:12:38.292018 #34 1.379 'test:coverage': 'vitest --coverage',
2026-Jan-19 17:12:38.292018 #34 1.379 'test:e2e': 'playwright test',
2026-Jan-19 17:12:38.292018 #34 1.379 'test:e2e:ui': 'playwright test --ui',
2026-Jan-19 17:12:38.292018 #34 1.379 'test:all': 'npm run test && npm run test:e2e',
2026-Jan-19 17:12:38.292018 #34 1.379 typecheck: 'tsc --noEmit'
2026-Jan-19 17:12:38.292018 #34 1.379 },
2026-Jan-19 17:12:38.292018 #34 1.379 dependencies: {
2026-Jan-19 17:12:38.292018 #34 1.379 '@google/genai': '^1.35.0',
2026-Jan-19 17:12:38.292018 #34 1.379 '@radix-ui/react-label': '^2.1.8',
2026-Jan-19 17:12:38.292018 #34 1.379 '@radix-ui/react-select': '^2.2.6',
2026-Jan-19 17:12:38.292018 #34 1.379 '@radix-ui/react-slot': '^1.2.4',
2026-Jan-19 17:12:38.292018 #34 1.379 '@tanstack/react-query': '^5',
2026-Jan-19 17:12:38.292018 #34 1.379 '@tanstack/react-query-devtools': '^5',
2026-Jan-19 17:12:38.292018 #34 1.379 '@teif/shared': 'workspace:*',
2026-Jan-19 17:12:38.292018 #34 1.379 axios: '^1',
2026-Jan-19 17:12:38.292018 #34 1.379 'date-fns': '^3',
2026-Jan-19 17:12:38.292018 #34 1.379 hono: '^4.4.0',
2026-Jan-19 17:12:38.292018 #34 1.379 react: '^19.2.3',
2026-Jan-19 17:12:38.292018 #34 1.379 'react-dom': '^19.2.3',
2026-Jan-19 17:12:38.292018 #34 1.379 'react-hot-toast': '^2',
2026-Jan-19 17:12:38.292018 #34 1.379 'react-router-dom': '^6',
2026-Jan-19 17:12:38.292018 #34 1.379 'shadcn-ui': '^0.9.5',
2026-Jan-19 17:12:38.292018 #34 1.379 zod: '^3'
2026-Jan-19 17:12:38.292018 #34 1.379 },
2026-Jan-19 17:12:38.292018 #34 1.379 devDependencies: {
2026-Jan-19 17:12:38.292018 #34 1.379 '@playwright/test': '^1.57.0',
2026-Jan-19 17:12:38.292018 #34 1.379 '@tailwindcss/postcss': '^4.1.18',
2026-Jan-19 17:12:38.292018 #34 1.379 '@testing-library/dom': '^10.4.1',
2026-Jan-19 17:12:38.292018 #34 1.379 '@testing-library/jest-dom': '^6.9.1',
2026-Jan-19 17:12:38.292018 #34 1.379 '@testing-library/react': '^16.3.1',
2026-Jan-19 17:12:38.292018 #34 1.379 '@testing-library/user-event': '^14.6.1',
2026-Jan-19 17:12:38.292018 #34 1.379 '@types/node': '^22.14.0',
2026-Jan-19 17:12:38.292018 #34 1.379 '@types/react': '^19',
2026-Jan-19 17:12:38.292018 #34 1.379 '@types/react-dom': '^19',
2026-Jan-19 17:12:38.292018 #34 1.379 '@vitejs/plugin-react': '^5.0.0',
2026-Jan-19 17:12:38.292018 #34 1.379 '@vitest/coverage-v8': '^3.2.4',
2026-Jan-19 17:12:38.292018 #34 1.379 '@vitest/ui': '^3.2.4',
2026-Jan-19 17:12:38.292018 #34 1.379 autoprefixer: '^10.4.23',
2026-Jan-19 17:12:38.292018 #34 1.379 'axe-core': '^4.11.1',
2026-Jan-19 17:12:38.292018 #34 1.379 c8: '^10.1.3',
2026-Jan-19 17:12:38.292018 #34 1.379 'class-variance-authority': '^0.7.1',
2026-Jan-19 17:12:38.292018 #34 1.379 clsx: '^2.1.1',
2026-Jan-19 17:12:38.292018 #34 1.379 jsdom: '^27.0.1',
2026-Jan-19 17:12:38.292018 #34 1.379 lighthouse: '^13.0.1',
2026-Jan-19 17:12:38.292018 #34 1.379 'lucide-react': '^0.562.0',
2026-Jan-19 17:12:38.292018 #34 1.379 playwright: '^1.57.0',
2026-Jan-19 17:12:38.292018 #34 1.379 postcss: '^8.5.6',
2026-Jan-19 17:12:38.292018 #34 1.379 'tailwind-merge': '^3.4.0',
2026-Jan-19 17:12:38.292018 #34 1.379 tailwindcss: '^4.1.18',
2026-Jan-19 17:12:38.292018 #34 1.379 typescript: '~5.8.2',
2026-Jan-19 17:12:38.292018 #34 1.379 vite: '^6.2.0',
2026-Jan-19 17:12:38.292018 #34 1.379 vitest: '^3.2.4'
2026-Jan-19 17:12:38.292018 #34 1.379 }
2026-Jan-19 17:12:38.292018 #34 1.379 },
2026-Jan-19 17:12:38.292018 #34 1.379 hasSideEffects: [Function: hasSideEffects],
2026-Jan-19 17:12:38.292018 #34 1.379 setResolvedCache: [Function: setResolvedCache],
2026-Jan-19 17:12:38.292018 #34 1.379 getResolvedCache: [Function: getResolvedCache]
2026-Jan-19 17:12:38.292018 #34 1.379 },
2026-Jan-19 17:12:38.292018 #34 1.379 set: [Function (anonymous)]
2026-Jan-19 17:12:38.292018 #34 1.379 },
2026-Jan-19 17:12:38.292018 #34 1.379 worker: { format: 'iife', plugins: '() => plugins', rollupOptions: {} },
2026-Jan-19 17:12:38.292018 #34 1.379 appType: 'spa',
2026-Jan-19 17:12:38.292018 #34 1.379 experimental: { importGlobRestoreExtension: false, hmrPartialAccept: false },
2026-Jan-19 17:12:38.292018 #34 1.379 future: undefined,
2026-Jan-19 17:12:38.292018 #34 1.379 ssr: {
2026-Jan-19 17:12:38.292018 #34 1.379 target: 'node',
2026-Jan-19 17:12:38.292018 #34 1.379 optimizeDeps: { esbuildOptions: { preserveSymlinks: false } },
2026-Jan-19 17:12:38.292018 #34 1.379 resolve: { conditions: undefined, externalConditions: undefined }
2026-Jan-19 17:12:38.292018 #34 1.379 },
2026-Jan-19 17:12:38.292018 #34 1.379 dev: {
2026-Jan-19 17:12:38.292018 #34 1.379 warmup: [],
2026-Jan-19 17:12:38.292018 #34 1.379 sourcemap: { js: true },
2026-Jan-19 17:12:38.292018 #34 1.379 sourcemapIgnoreList: [Function: isInNodeModules$1],
2026-Jan-19 17:12:38.292018 #34 1.379 preTransformRequests: false,
2026-Jan-19 17:12:38.292018 #34 1.379 createEnvironment: [Function: defaultCreateDevEnvironment],
2026-Jan-19 17:12:38.292018 #34 1.379 recoverable: false,
2026-Jan-19 17:12:38.292018 #34 1.379 moduleRunnerTransform: false
2026-Jan-19 17:12:38.292018 #34 1.379 },
2026-Jan-19 17:12:38.292018 #34 1.379 webSocketToken: 'h-OYRr61cz1x',
2026-Jan-19 17:12:38.292018 #34 1.379 getSortedPlugins: [Function: getSortedPlugins],
2026-Jan-19 17:12:38.292018 #34 1.379 getSortedPluginHooks: [Function: getSortedPluginHooks],
2026-Jan-19 17:12:38.292018 #34 1.379 createResolver: [Function: createResolver],
2026-Jan-19 17:12:38.292018 #34 1.379 fsDenyGlob: [Function: arrayMatcher],
2026-Jan-19 17:12:38.292018 #34 1.379 safeModulePaths: Set(0) {},
2026-Jan-19 17:12:38.292018 #34 1.379 additionalAllowedHosts: [ '0.0.0.0', '0.0.0.0' ],
2026-Jan-19 17:12:38.292018 #34 1.379 [Symbol(vite:resolved-config)]: true
2026-Jan-19 17:12:38.292018 #34 1.379 }
2026-Jan-19 17:12:38.292018 #34 1.383 vite v6.4.1 building for production...
2026-Jan-19 17:12:38.472454 #34 ...
2026-Jan-19 17:12:38.472454
2026-Jan-19 17:12:38.472454 #30 [backend builder 11/15] RUN pnpm install --frozen-lockfile
2026-Jan-19 17:12:38.472454 #30 15.49 node_modules/@prisma/client postinstall: prisma:warn We could not find your Prisma schema in the default locations (see: https://pris.ly/d/prisma-schema-location).
2026-Jan-19 17:12:38.472454 #30 15.49 node_modules/@prisma/client postinstall: If you have a Prisma schema file in a custom path, you will need to run
2026-Jan-19 17:12:38.472454 #30 15.49 node_modules/@prisma/client postinstall: `prisma generate --schema=./path/to/your/schema.prisma` to generate Prisma Client.
2026-Jan-19 17:12:38.472454 #30 15.49 node_modules/@prisma/client postinstall: If you do not have a Prisma schema file yet, you can ignore this message.
2026-Jan-19 17:12:38.472454 #30 15.51 node_modules/@prisma/client postinstall: Done
2026-Jan-19 17:12:38.472454 #30 15.91
2026-Jan-19 17:12:38.472454 #30 16.10 Done in 15.5s
2026-Jan-19 17:12:38.472454 #30 DONE 16.4s
2026-Jan-19 17:12:38.655933 #34 [frontend builder 14/15] RUN cd /app/packages/frontend && pnpm exec vite build --debug
2026-Jan-19 17:12:38.655933 #34 1.755 transforming...
2026-Jan-19 17:12:38.851361 #34 2.102 2026-01-19T17:12:38.848Z vite:resolve 1.57ms tailwindcss -> /app/node_modules/tailwindcss/index.css
2026-Jan-19 17:12:39.353266 #34 ...
2026-Jan-19 17:12:39.353266
2026-Jan-19 17:12:39.353266 #35 [backend builder 12/15] COPY packages/backend packages/backend/
2026-Jan-19 17:12:39.363959 #35 DONE 0.9s
2026-Jan-19 17:12:39.553448 #36 [backend builder 13/15] COPY packages/shared packages/shared/
2026-Jan-19 17:12:39.553448 #36 DONE 0.0s
2026-Jan-19 17:12:39.553448
2026-Jan-19 17:12:39.553448 #37 [backend builder 14/15] RUN pnpm --filter @teif/backend prisma generate
2026-Jan-19 17:12:40.461068 #37 1.059 None of the selected packages has a "prisma" script
2026-Jan-19 17:12:40.666361 #37 DONE 1.1s
2026-Jan-19 17:12:40.666361
2026-Jan-19 17:12:40.666361 #38 [backend builder 15/15] RUN { echo "=== BACKEND BUILD DIAGNOSTICS ===" && echo "PWD: $(pwd)" && echo "Node: $(node --version)" && echo "pnpm: $(pnpm --version)" && echo "" && echo "=== DIRECTORY ===" && ls -la packages/backend/ && echo "" && echo "=== PACKAGE.JSON ===" && cat packages/backend/package.json && echo "" && echo "=== WORKSPACE ===" && pnpm list --depth=0 && echo "" && echo "=== BUILDING ===" && pnpm --filter @teif/backend build; } 2>&1 | tee /tmp/backend-build.log
2026-Jan-19 17:12:40.749544 #38 0.234 === BACKEND BUILD DIAGNOSTICS ===
2026-Jan-19 17:12:40.749544 #38 0.234 PWD: /app
2026-Jan-19 17:12:40.910037 #38 0.245 Node: v20.20.0
2026-Jan-19 17:12:41.101423 #38 0.588 pnpm: 9.0.0
2026-Jan-19 17:12:41.101423 #38 0.588
2026-Jan-19 17:12:41.101423 #38 0.588 === DIRECTORY ===
2026-Jan-19 17:12:41.257887 #38 0.592 total 44
2026-Jan-19 17:12:41.257887 #38 0.592 drwxr-xr-x 1 root root 4096 Jan 19 17:11 .
2026-Jan-19 17:12:41.257887 #38 0.592 drwxr-xr-x 1 root root 4096 Jan 19 17:12 ..
2026-Jan-19 17:12:41.257887 #38 0.592 -rw-r--r-- 1 root root 1481 Jan 19 17:11 .env.example
2026-Jan-19 17:12:41.257887 #38 0.592 -rw-r--r-- 1 root root 4281 Jan 19 17:12 Dockerfile
2026-Jan-19 17:12:41.257887 #38 0.592 drwxr-xr-x 4 root root 4096 Jan 19 17:12 node_modules
2026-Jan-19 17:12:41.257887 #38 0.592 -rw-r--r-- 1 root root 1081 Jan 19 17:11 package.json
2026-Jan-19 17:12:41.257887 #38 0.592 drwxr-xr-x 4 root root 4096 Jan 19 17:11 prisma
2026-Jan-19 17:12:41.257887 #38 0.592 drwxr-xr-x 10 root root 4096 Jan 19 17:11 src
2026-Jan-19 17:12:41.257887 #38 0.592 -rw-r--r-- 1 root root 483 Jan 19 17:11 tsconfig.json
2026-Jan-19 17:12:41.257887 #38 0.592
2026-Jan-19 17:12:41.257887 #38 0.592 === PACKAGE.JSON ===
2026-Jan-19 17:12:41.257887 #38 0.593 {
2026-Jan-19 17:12:41.257887 #38 0.593 "name": "@teif/backend",
2026-Jan-19 17:12:41.257887 #38 0.593 "version": "0.0.0",
2026-Jan-19 17:12:41.257887 #38 0.593 "type": "module",
2026-Jan-19 17:12:41.257887 #38 0.593 "scripts": {
2026-Jan-19 17:12:41.257887 #38 0.593 "dev": "tsx src/index.ts",
2026-Jan-19 17:12:41.257887 #38 0.593 "build": "tsc",
2026-Jan-19 17:12:41.257887 #38 0.593 "start": "node dist/index.js",
2026-Jan-19 17:12:41.257887 #38 0.593 "db:generate": "prisma generate",
2026-Jan-19 17:12:41.257887 #38 0.593 "db:migrate": "prisma migrate dev",
2026-Jan-19 17:12:41.257887 #38 0.593 "db:push": "prisma db push",
2026-Jan-19 17:12:41.257887 #38 0.593 "db:studio": "prisma studio",
2026-Jan-19 17:12:41.257887 #38 0.593 "db:seed": "tsx prisma/seed.ts",
2026-Jan-19 17:12:41.257887 #38 0.593 "typecheck": "tsc --noEmit"
2026-Jan-19 17:12:41.257887 #38 0.593 },
2026-Jan-19 17:12:41.257887 #38 0.593 "dependencies": {
2026-Jan-19 17:12:41.257887 #38 0.593 "@hono/node-server": "^1.12.0",
2026-Jan-19 17:12:41.257887 #38 0.593 "@prisma/client": "^5.14.0",
2026-Jan-19 17:12:41.257887 #38 0.593 "@supabase/supabase-js": "^2.43.0",
2026-Jan-19 17:12:41.257887 #38 0.593 "@teif/shared": "workspace:*",
2026-Jan-19 17:12:41.257887 #38 0.593 "bcrypt": "^5.1.1",
2026-Jan-19 17:12:41.257887 #38 0.593 "hono": "^4.4.0",
2026-Jan-19 17:12:41.257887 #38 0.593 "jsonwebtoken": "^9.0.2",
2026-Jan-19 17:12:41.257887 #38 0.593 "nodemailer": "^6.9.13",
2026-Jan-19 17:12:41.257887 #38 0.593 "puppeteer": "^23.10.0",
2026-Jan-19 17:12:41.257887 #38 0.593 "qrcode": "^1.5.3",
2026-Jan-19 17:12:41.257887 #38 0.593 "zod": "^3.25.76"
2026-Jan-19 17:12:41.257887 #38 0.593 },
2026-Jan-19 17:12:41.257887 #38 0.593 "devDependencies": {
2026-Jan-19 17:12:41.257887 #38 0.593 "@hono/zod-validator": "^0.7.6",
2026-Jan-19 17:12:41.257887 #38 0.593 "@types/bcrypt": "^5.0.2",
2026-Jan-19 17:12:41.257887 #38 0.593 "@types/jsonwebtoken": "^9.0.6",
2026-Jan-19 17:12:41.257887 #38 0.593 "@types/node": "^22.14.0",
2026-Jan-19 17:12:41.257887 #38 0.593 "@types/nodemailer": "^6.4.14",
2026-Jan-19 17:12:41.257887 #38 0.593 "@types/qrcode": "^1.5.5",
2026-Jan-19 17:12:41.257887 #38 0.593 "prisma": "^5.14.0",
2026-Jan-19 17:12:41.257887 #38 0.593 "tsx": "^4.11.0",
2026-Jan-19 17:12:41.257887 #38 0.593 "typescript": "~5.8.2",
2026-Jan-19 17:12:41.257887 #38 0.593 "zod-prisma-types": "^3.3.10"
2026-Jan-19 17:12:41.257887 #38 0.593 }
2026-Jan-19 17:12:41.257887 #38 0.593 }
2026-Jan-19 17:12:41.257887 #38 0.594
2026-Jan-19 17:12:41.257887 #38 0.594 === WORKSPACE ===
2026-Jan-19 17:12:42.754038 #38 2.241 Legend: production dependency, optional only, dev only
2026-Jan-19 17:12:42.754038 #38 2.241
2026-Jan-19 17:12:42.754038 #38 2.241 teif-monorepo@0.0.0 /app (PRIVATE)
2026-Jan-19 17:12:42.754038 #38 2.241
2026-Jan-19 17:12:42.754038 #38 2.241 dependencies:
2026-Jan-19 17:12:42.754038 #38 2.241 zod 4.3.5
2026-Jan-19 17:12:42.754038 #38 2.241
2026-Jan-19 17:12:42.754038 #38 2.241 devDependencies:
2026-Jan-19 17:12:42.754038 #38 2.241 prettier 3.7.4
2026-Jan-19 17:12:42.754038 #38 2.241 supabase 2.72.6
2026-Jan-19 17:12:42.754038 #38 2.241 turbo 2.7.4
2026-Jan-19 17:12:42.937796 #38 2.271
2026-Jan-19 17:12:42.937796 #38 2.271 === BUILDING ===
2026-Jan-19 17:12:43.588072 #38 3.074
2026-Jan-19 17:12:43.588072 #38 3.074 > @teif/backend@0.0.0 build /app/packages/backend
2026-Jan-19 17:12:43.588072 #38 3.074 > tsc
2026-Jan-19 17:12:43.588072 #38 3.074
2026-Jan-19 17:12:47.615809 #38 ...
2026-Jan-19 17:12:47.615809
2026-Jan-19 17:12:47.615809 #34 [frontend builder 14/15] RUN cd /app/packages/frontend && pnpm exec vite build --debug
2026-Jan-19 17:12:47.615809 #34 10.86  1827 modules transformed.
2026-Jan-19 17:12:48.193737 #34 11.45 rendering chunks...
2026-Jan-19 17:12:48.559789 #34 11.81 computing gzip size...
2026-Jan-19 17:12:48.756798 #34 11.85 dist/index.html 1.09 kB  gzip: 0.63 kB
2026-Jan-19 17:12:48.756798 #34 11.85 dist/assets/index-Ca8EGux0.css 68.28 kB  gzip: 9.85 kB
2026-Jan-19 17:12:48.756798 #34 11.85 dist/assets/CDWEKZTF-Bg6inGql.js 230.10 kB  gzip: 65.32 kB
2026-Jan-19 17:12:48.756798 #34 11.85 dist/assets/index-ZMU8gSAr.js 885.38 kB  gzip: 238.57 kB
2026-Jan-19 17:12:48.756798 #34 11.85
2026-Jan-19 17:12:48.756798 #34 11.85 (!) Some chunks are larger than 500 kB after minification. Consider:
2026-Jan-19 17:12:48.756798 #34 11.85 - Using dynamic import() to code-split the application
2026-Jan-19 17:12:48.756798 #34 11.85 - Use build.rollupOptions.output.manualChunks to improve chunking: https://rollupjs.org/configuration-options/#output-manualchunks
2026-Jan-19 17:12:48.756798 #34 11.85 - Adjust chunk size limit for this warning via build.chunkSizeWarningLimit.
2026-Jan-19 17:12:48.756798 #34 11.85  built in 10.42s
2026-Jan-19 17:12:48.784134 #34 DONE 12.0s
2026-Jan-19 17:12:48.784134
2026-Jan-19 17:12:48.784134 #38 [backend builder 15/15] RUN { echo "=== BACKEND BUILD DIAGNOSTICS ===" && echo "PWD: $(pwd)" && echo "Node: $(node --version)" && echo "pnpm: $(pnpm --version)" && echo "" && echo "=== DIRECTORY ===" && ls -la packages/backend/ && echo "" && echo "=== PACKAGE.JSON ===" && cat packages/backend/package.json && echo "" && echo "=== WORKSPACE ===" && pnpm list --depth=0 && echo "" && echo "=== BUILDING ===" && pnpm --filter @teif/backend build; } 2>&1 | tee /tmp/backend-build.log
2026-Jan-19 17:12:48.932227 #38 ...
2026-Jan-19 17:12:48.932227
2026-Jan-19 17:12:48.932227 #39 [frontend builder 15/15] RUN test -d /app/packages/frontend/dist || (echo "ERROR: dist folder not created"; ls -laR /app/packages/frontend/; exit 1)
2026-Jan-19 17:12:49.055859 #39 DONE 0.3s
2026-Jan-19 17:12:49.055859
2026-Jan-19 17:12:49.055859 #38 [backend builder 15/15] RUN { echo "=== BACKEND BUILD DIAGNOSTICS ===" && echo "PWD: $(pwd)" && echo "Node: $(node --version)" && echo "pnpm: $(pnpm --version)" && echo "" && echo "=== DIRECTORY ===" && ls -la packages/backend/ && echo "" && echo "=== PACKAGE.JSON ===" && cat packages/backend/package.json && echo "" && echo "=== WORKSPACE ===" && pnpm list --depth=0 && echo "" && echo "=== BUILDING ===" && pnpm --filter @teif/backend build; } 2>&1 | tee /tmp/backend-build.log
2026-Jan-19 17:12:49.152722 #38 ...
2026-Jan-19 17:12:49.152722
2026-Jan-19 17:12:49.152722 #40 [frontend stage-1 2/3] COPY --from=builder /app/packages/frontend/dist /usr/share/nginx/html
2026-Jan-19 17:12:49.152722 #40 DONE 0.0s
2026-Jan-19 17:12:49.152722
2026-Jan-19 17:12:49.152722 #41 [frontend stage-1 3/3] COPY packages/frontend/nginx.conf /etc/nginx/conf.d/default.conf
2026-Jan-19 17:12:49.152722 #41 DONE 0.0s
2026-Jan-19 17:12:49.307428 #42 [frontend] exporting to image
2026-Jan-19 17:12:49.307428 #42 exporting layers
2026-Jan-19 17:12:49.319991 #42 exporting layers 0.2s done
2026-Jan-19 17:12:49.447945 #42 exporting manifest sha256:0853c6ee67ddcb213339e6bbfdb67a11e9deb4f52a8b5138c684c6dd43d1ded9 0.0s done
2026-Jan-19 17:12:49.447945 #42 exporting config sha256:983826f88a97ca7c722b3f3b509d84e51609be385d3c8de3ff5fa656ec0d1331 0.0s done
2026-Jan-19 17:12:49.447945 #42 exporting attestation manifest sha256:223b416bbd132632375307b55451deb83c078d06b6265f68788bf9dbe1e6ec78 0.0s done
2026-Jan-19 17:12:49.447945 #42 exporting manifest list sha256:6f082144dcc7db5627cf4134d58912461ae8155107fbfbfaaf9e39d4d235819a 0.0s done
2026-Jan-19 17:12:49.447945 #42 naming to docker.io/library/teif-frontend:latest done
2026-Jan-19 17:12:49.447945 #42 unpacking to docker.io/library/teif-frontend:latest 0.1s done
2026-Jan-19 17:12:49.651714 #42 DONE 0.3s
2026-Jan-19 17:12:49.663796 #38 [backend builder 15/15] RUN { echo "=== BACKEND BUILD DIAGNOSTICS ===" && echo "PWD: $(pwd)" && echo "Node: $(node --version)" && echo "pnpm: $(pnpm --version)" && echo "" && echo "=== DIRECTORY ===" && ls -la packages/backend/ && echo "" && echo "=== PACKAGE.JSON ===" && cat packages/backend/package.json && echo "" && echo "=== WORKSPACE ===" && pnpm list --depth=0 && echo "" && echo "=== BUILDING ===" && pnpm --filter @teif/backend build; } 2>&1 | tee /tmp/backend-build.log
2026-Jan-19 17:12:49.753785 #38 ...
2026-Jan-19 17:12:49.753785
2026-Jan-19 17:12:49.753785 #43 [frontend] resolving provenance for metadata file
2026-Jan-19 17:12:49.940703 #43 DONE 0.0s
2026-Jan-19 17:12:49.940703
2026-Jan-19 17:12:49.940703 #38 [backend builder 15/15] RUN { echo "=== BACKEND BUILD DIAGNOSTICS ===" && echo "PWD: $(pwd)" && echo "Node: $(node --version)" && echo "pnpm: $(pnpm --version)" && echo "" && echo "=== DIRECTORY ===" && ls -la packages/backend/ && echo "" && echo "=== PACKAGE.JSON ===" && cat packages/backend/package.json && echo "" && echo "=== WORKSPACE ===" && pnpm list --depth=0 && echo "" && echo "=== BUILDING ===" && pnpm --filter @teif/backend build; } 2>&1 | tee /tmp/backend-build.log
2026-Jan-19 17:12:50.398425 #38 9.885 error TS5083: Cannot read file '/app/tsconfig.base.json'.
2026-Jan-19 17:12:50.507815 #38 9.886 src/index.ts(71,29): error TS2339: Property 'PrismaClientKnownRequestError' does not exist on type 'typeof Prisma'.
2026-Jan-19 17:12:50.507815 #38 9.886 src/index.ts(77,29): error TS2339: Property 'PrismaClientInitializationError' does not exist on type 'typeof Prisma'.
2026-Jan-19 17:12:50.507815 #38 9.886 src/routes/auth.ts(20,8): error TS6305: Output file '/app/packages/shared/dist/index.d.ts' has not been built from source file '/app/packages/shared/src/index.ts'.
2026-Jan-19 17:12:50.507815 #38 9.886 src/services/invoice-calculations.service.ts(1,57): error TS6305: Output file '/app/packages/shared/dist/utils/index.d.ts' has not been built from source file '/app/packages/shared/src/utils/index.ts'.
2026-Jan-19 17:12:50.507815 #38 9.886 src/services/invoice.service.ts(489,14): error TS2339: Property 'sql' does not exist on type 'typeof Prisma'.
2026-Jan-19 17:12:50.507815 #38 9.886 src/services/invoice.service.ts(490,14): error TS2339: Property 'sql' does not exist on type 'typeof Prisma'.
2026-Jan-19 17:12:50.507815 #38 9.886 src/services/invoice.service.ts(491,14): error TS2339: Property 'sql' does not exist on type 'typeof Prisma'.
2026-Jan-19 17:12:50.507815 #38 9.886 src/services/invoice.service.ts(501,35): error TS2339: Property 'sql' does not exist on type 'typeof Prisma'.
2026-Jan-19 17:12:50.507815 #38 9.886 src/services/invoice.service.ts(506,35): error TS2339: Property 'sql' does not exist on type 'typeof Prisma'.
2026-Jan-19 17:12:50.507815 #38 9.886 src/services/invoice.service.ts(512,16): error TS2339: Property 'sql' does not exist on type 'typeof Prisma'.
2026-Jan-19 17:12:50.507815 #38 9.886 src/services/invoice.service.ts(517,16): error TS2339: Property 'sql' does not exist on type 'typeof Prisma'.
2026-Jan-19 17:12:50.507815 #38 9.886 src/services/invoice.service.ts(524,16): error TS2339: Property 'sql' does not exist on type 'typeof Prisma'.
2026-Jan-19 17:12:50.507815 #38 9.886 src/services/invoice.service.ts(529,16): error TS2339: Property 'sql' does not exist on type 'typeof Prisma'.
2026-Jan-19 17:12:50.507815 #38 9.886 src/services/invoice.service.ts(534,32): error TS2339: Property 'sql' does not exist on type 'typeof Prisma'.
2026-Jan-19 17:12:50.507815 #38 9.886 src/services/invoice.service.ts(534,51): error TS2339: Property 'join' does not exist on type 'typeof Prisma'.
2026-Jan-19 17:12:50.507815 #38 9.887 src/services/partner.service.ts(2,30): error TS6305: Output file '/app/packages/shared/dist/types/index.d.ts' has not been built from source file '/app/packages/shared/src/types/index.ts'.
2026-Jan-19 17:12:50.507815 #38 9.887 src/services/pdf.service.ts(11,38): error TS6305: Output file '/app/packages/shared/dist/types/index.d.ts' has not been built from source file '/app/packages/shared/src/types/index.ts'.
2026-Jan-19 17:12:50.507815 #38 9.887 src/services/xmlGenerator.service.ts(1,33): error TS6305: Output file '/app/packages/shared/dist/utils/index.d.ts' has not been built from source file '/app/packages/shared/src/utils/index.ts'.
2026-Jan-19 17:12:50.507815 #38 9.887 src/services/xmlGenerator.service.ts(2,29): error TS6305: Output file '/app/packages/shared/dist/types/index.d.ts' has not been built from source file '/app/packages/shared/src/types/index.ts'.
2026-Jan-19 17:12:50.507815 #38 9.887 src/templates/invoice.template.ts(6,68): error TS6305: Output file '/app/packages/shared/dist/types/index.d.ts' has not been built from source file '/app/packages/shared/src/types/index.ts'.
2026-Jan-19 17:12:50.507815 #38 9.887 src/utils/error-handler.ts(47,49): error TS2694: Namespace '"/app/node_modules/.prisma/client/default".Prisma' has no exported member 'PrismaClientKnownRequestError'.
2026-Jan-19 17:12:50.507815 #38 9.888 src/utils/error-handler.ts(104,55): error TS2694: Namespace '"/app/node_modules/.prisma/client/default".Prisma' has no exported member 'PrismaClientInitializationError'.
2026-Jan-19 17:12:50.507815 #38 9.888 src/utils/error-handler.ts(162,31): error TS2339: Property 'PrismaClientKnownRequestError' does not exist on type 'typeof Prisma'.
2026-Jan-19 17:12:50.507815 #38 9.888 src/utils/error-handler.ts(166,31): error TS2339: Property 'PrismaClientInitializationError' does not exist on type 'typeof Prisma'.
2026-Jan-19 17:12:50.507815 #38 9.936 /app/packages/backend:
2026-Jan-19 17:12:50.507815 #38 9.936 ERR_PNPM_RECURSIVE_RUN_FIRST_FAIL @teif/backend@0.0.0 build: `tsc`
2026-Jan-19 17:12:50.507815 #38 9.936 Exit status 2
2026-Jan-19 17:12:50.507815 #38 DONE 10.0s
2026-Jan-19 17:12:50.610232 #44 [backend stage-1 5/10] COPY --from=builder /app/packages/backend/dist ./dist
2026-Jan-19 17:12:50.610232 #44 DONE 0.0s
2026-Jan-19 17:12:50.610232
2026-Jan-19 17:12:50.610232 #45 [backend stage-1 6/10] COPY --from=builder /app/packages/backend/package.json ./
2026-Jan-19 17:12:50.610232 #45 DONE 0.0s
2026-Jan-19 17:12:58.506418 #46 [backend stage-1 7/10] COPY --from=builder /app/packages/shared ./packages/shared
2026-Jan-19 17:12:58.653425 #46 DONE 0.2s
2026-Jan-19 17:13:00.825624 #47 [backend stage-1 8/10] COPY --from=builder /app/package.json pnpm-lock.yaml pnpm-workspace.yaml ./
2026-Jan-19 17:13:00.825624 #47 ERROR: failed to calculate checksum of ref 1kxng2r7n84q3igksz8appklh::nynr82n9licvrj73t92yd849i: "/pnpm-workspace.yaml": not found
2026-Jan-19 17:13:00.889694 ------
2026-Jan-19 17:13:00.889694 > [backend stage-1 8/10] COPY --from=builder /app/package.json pnpm-lock.yaml pnpm-workspace.yaml ./:
2026-Jan-19 17:13:00.889694 ------
2026-Jan-19 17:13:00.906711 Dockerfile:146
2026-Jan-19 17:13:00.906711
2026-Jan-19 17:13:00.906711 --------------------
2026-Jan-19 17:13:00.906711
2026-Jan-19 17:13:00.906711 144 | COPY --from=builder /app/packages/backend/package.json ./
2026-Jan-19 17:13:00.906711
2026-Jan-19 17:13:00.906711 145 | COPY --from=builder /app/packages/shared ./packages/shared
2026-Jan-19 17:13:00.906711
2026-Jan-19 17:13:00.906711 146 | >>> COPY --from=builder /app/package.json pnpm-lock.yaml pnpm-workspace.yaml ./
2026-Jan-19 17:13:00.906711
2026-Jan-19 17:13:00.906711 147 |
2026-Jan-19 17:13:00.906711
2026-Jan-19 17:13:00.906711 148 | # Copy only production node_modules (excluding devDependencies)
2026-Jan-19 17:13:00.906711
2026-Jan-19 17:13:00.906711 --------------------
2026-Jan-19 17:13:00.906711
2026-Jan-19 17:13:00.906711 target backend: failed to solve: failed to compute cache key: failed to calculate checksum of ref 1kxng2r7n84q3igksz8appklh::nynr82n9licvrj73t92yd849i: "/pnpm-workspace.yaml": not found
2026-Jan-19 17:13:00.906711
2026-Jan-19 17:13:00.906711 exit status 1
2026-Jan-19 17:13:00.983744 ========================================
2026-Jan-19 17:13:01.001029 Deployment failed: Command execution failed (exit code 1): docker exec y04cw8kcoos8swgss4wcoo40 bash -c 'COOLIFY_BRANCH=production COOLIFY_RESOURCE_UUID=r8ko44c4ko088css8kcs48co docker compose --env-file /artifacts/build-time.env --project-name r8ko44c4ko088css8kcs48co --project-directory /artifacts/y04cw8kcoos8swgss4wcoo40 -f /artifacts/y04cw8kcoos8swgss4wcoo40/docker-compose.prod.yml build --pull --no-cache --build-arg COOLIFY_URL --build-arg COOLIFY_FQDN --build-arg SERVICE_FQDN_BACKEND --build-arg SERVICE_FQDN_FRONTEND --build-arg SERVICE_URL_BACKEND --build-arg SERVICE_URL_FRONTEND --build-arg CORS_ORIGIN --build-arg DATABASE_URL --build-arg GEMINI_API_KEY --build-arg JWT_EXPIRY --build-arg JWT_SECRET --build-arg LOG_LEVEL --build-arg POSTGRES_DB --build-arg POSTGRES_PASSWORD --build-arg POSTGRES_USER --build-arg PRODUCTION_DOMAIN --build-arg SITE_URL --build-arg SMTP_FROM --build-arg SMTP_HOST --build-arg SMTP_PASSWORD --build-arg SMTP_PORT --build-arg SMTP_SECURE --build-arg SMTP_USER --build-arg VITE_API_BASE_URL --build-arg COOLIFY_BUILD_SECRETS_HASH=eddb4c11f0e7eec345b4b7970373c9883b1c90d8eb6cfc71c29a3b71a6bdbd14'
2026-Jan-19 17:13:01.001029 Error: Dockerfile:146
2026-Jan-19 17:13:01.001029
2026-Jan-19 17:13:01.001029 --------------------
2026-Jan-19 17:13:01.001029
2026-Jan-19 17:13:01.001029 144 | COPY --from=builder /app/packages/backend/package.json ./
2026-Jan-19 17:13:01.001029
2026-Jan-19 17:13:01.001029 145 | COPY --from=builder /app/packages/shared ./packages/shared
2026-Jan-19 17:13:01.001029
2026-Jan-19 17:13:01.001029 146 | >>> COPY --from=builder /app/package.json pnpm-lock.yaml pnpm-workspace.yaml ./
2026-Jan-19 17:13:01.001029
2026-Jan-19 17:13:01.001029 147 |
2026-Jan-19 17:13:01.001029
2026-Jan-19 17:13:01.001029 148 | # Copy only production node_modules (excluding devDependencies)
2026-Jan-19 17:13:01.001029
2026-Jan-19 17:13:01.001029 --------------------
2026-Jan-19 17:13:01.001029
2026-Jan-19 17:13:01.001029 target backend: failed to solve: failed to compute cache key: failed to calculate checksum of ref 1kxng2r7n84q3igksz8appklh::nynr82n9licvrj73t92yd849i: "/pnpm-workspace.yaml": not found
2026-Jan-19 17:13:01.001029
2026-Jan-19 17:13:01.001029 exit status 1
2026-Jan-19 17:13:01.018314 Error type: RuntimeException
2026-Jan-19 17:13:01.036218 Error code: 0
2026-Jan-19 17:13:01.052477 Location: /var/www/html/app/Traits/ExecuteRemoteCommand.php:243
2026-Jan-19 17:13:01.069764 Stack trace (first 5 lines):
2026-Jan-19 17:13:01.086443 #0 /var/www/html/app/Traits/ExecuteRemoteCommand.php(104): App\Jobs\ApplicationDeploymentJob->executeCommandWithProcess()
2026-Jan-19 17:13:01.103553 #1 /var/www/html/vendor/laravel/framework/src/Illuminate/Collections/Traits/EnumeratesValues.php(271): App\Jobs\ApplicationDeploymentJob->{closure:App\Traits\ExecuteRemoteCommand::execute_remote_command():71}()
2026-Jan-19 17:13:01.119696 #2 /var/www/html/app/Traits/ExecuteRemoteCommand.php(71): Illuminate\Support\Collection->each()
2026-Jan-19 17:13:01.136024 #3 /var/www/html/app/Jobs/ApplicationDeploymentJob.php(737): App\Jobs\ApplicationDeploymentJob->execute_remote_command()
2026-Jan-19 17:13:01.151767 #4 /var/www/html/app/Jobs/ApplicationDeploymentJob.php(474): App\Jobs\ApplicationDeploymentJob->deploy_docker_compose_buildpack()
2026-Jan-19 17:13:01.167707 ========================================
