{"C:\\Users\\Makseb-DEV-05\\Downloads\\TEIF-main\\App.tsx": {"path":"C:\\Users\\Makseb-DEV-05\\Downloads\\TEIF-main\\App.tsx","all":true,"statementMap":{"1":{"start":{"line":2,"column":0},"end":{"line":2,"column":60}},"2":{"start":{"line":3,"column":0},"end":{"line":3,"column":51}},"4":{"start":{"line":5,"column":0},"end":{"line":5,"column":58}},"5":{"start":{"line":6,"column":0},"end":{"line":6,"column":49}},"7":{"start":{"line":8,"column":0},"end":{"line":8,"column":34}},"8":{"start":{"line":9,"column":0},"end":{"line":9,"column":23}},"9":{"start":{"line":10,"column":0},"end":{"line":10,"column":21}},"10":{"start":{"line":11,"column":0},"end":{"line":11,"column":54}},"11":{"start":{"line":12,"column":0},"end":{"line":12,"column":27}},"12":{"start":{"line":13,"column":0},"end":{"line":13,"column":18}},"13":{"start":{"line":14,"column":0},"end":{"line":14,"column":13}},"14":{"start":{"line":15,"column":0},"end":{"line":15,"column":19}},"15":{"start":{"line":16,"column":0},"end":{"line":16,"column":16}},"16":{"start":{"line":17,"column":0},"end":{"line":17,"column":13}},"17":{"start":{"line":18,"column":0},"end":{"line":18,"column":27}},"18":{"start":{"line":19,"column":0},"end":{"line":19,"column":15}},"19":{"start":{"line":20,"column":0},"end":{"line":20,"column":13}},"20":{"start":{"line":21,"column":0},"end":{"line":21,"column":19}},"21":{"start":{"line":22,"column":0},"end":{"line":22,"column":18}},"22":{"start":{"line":23,"column":0},"end":{"line":23,"column":11}},"23":{"start":{"line":24,"column":0},"end":{"line":24,"column":16}},"24":{"start":{"line":25,"column":0},"end":{"line":25,"column":14}},"25":{"start":{"line":26,"column":0},"end":{"line":26,"column":14}},"26":{"start":{"line":27,"column":0},"end":{"line":27,"column":4}},"27":{"start":{"line":28,"column":0},"end":{"line":28,"column":10}},"28":{"start":{"line":29,"column":0},"end":{"line":29,"column":19}},"29":{"start":{"line":30,"column":0},"end":{"line":30,"column":16}},"30":{"start":{"line":31,"column":0},"end":{"line":31,"column":13}},"31":{"start":{"line":32,"column":0},"end":{"line":32,"column":27}},"32":{"start":{"line":33,"column":0},"end":{"line":33,"column":15}},"33":{"start":{"line":34,"column":0},"end":{"line":34,"column":13}},"34":{"start":{"line":35,"column":0},"end":{"line":35,"column":19}},"35":{"start":{"line":36,"column":0},"end":{"line":36,"column":18}},"36":{"start":{"line":37,"column":0},"end":{"line":37,"column":14}},"37":{"start":{"line":38,"column":0},"end":{"line":38,"column":14}},"38":{"start":{"line":39,"column":0},"end":{"line":39,"column":4}},"39":{"start":{"line":40,"column":0},"end":{"line":40,"column":12}},"40":{"start":{"line":41,"column":0},"end":{"line":41,"column":20}},"41":{"start":{"line":42,"column":0},"end":{"line":42,"column":20}},"42":{"start":{"line":43,"column":0},"end":{"line":43,"column":19}},"43":{"start":{"line":44,"column":0},"end":{"line":44,"column":24}},"44":{"start":{"line":45,"column":0},"end":{"line":45,"column":15}},"45":{"start":{"line":46,"column":0},"end":{"line":46,"column":15}},"46":{"start":{"line":47,"column":0},"end":{"line":47,"column":14}},"47":{"start":{"line":48,"column":0},"end":{"line":48,"column":31}},"48":{"start":{"line":49,"column":0},"end":{"line":49,"column":2}},"50":{"start":{"line":51,"column":0},"end":{"line":51,"column":29}},"51":{"start":{"line":52,"column":0},"end":{"line":52,"column":61}},"52":{"start":{"line":53,"column":0},"end":{"line":53,"column":51}},"54":{"start":{"line":55,"column":0},"end":{"line":55,"column":33}},"55":{"start":{"line":56,"column":0},"end":{"line":56,"column":30}},"57":{"start":{"line":58,"column":0},"end":{"line":58,"column":19}},"58":{"start":{"line":59,"column":0},"end":{"line":59,"column":57}},"59":{"start":{"line":60,"column":0},"end":{"line":60,"column":41}},"60":{"start":{"line":61,"column":0},"end":{"line":61,"column":20}},"62":{"start":{"line":63,"column":0},"end":{"line":63,"column":66}},"64":{"start":{"line":65,"column":0},"end":{"line":65,"column":32}},"65":{"start":{"line":66,"column":0},"end":{"line":66,"column":62}},"66":{"start":{"line":67,"column":0},"end":{"line":67,"column":42}},"67":{"start":{"line":68,"column":0},"end":{"line":68,"column":42}},"68":{"start":{"line":69,"column":0},"end":{"line":69,"column":17}},"69":{"start":{"line":70,"column":0},"end":{"line":70,"column":88}},"70":{"start":{"line":71,"column":0},"end":{"line":71,"column":33}},"71":{"start":{"line":72,"column":0},"end":{"line":72,"column":14}},"72":{"start":{"line":73,"column":0},"end":{"line":73,"column":33}},"73":{"start":{"line":74,"column":0},"end":{"line":74,"column":29}},"74":{"start":{"line":75,"column":0},"end":{"line":75,"column":4}},"76":{"start":{"line":77,"column":0},"end":{"line":77,"column":10}},"77":{"start":{"line":78,"column":0},"end":{"line":78,"column":88}},"78":{"start":{"line":79,"column":0},"end":{"line":79,"column":116}},"79":{"start":{"line":80,"column":0},"end":{"line":80,"column":49}},"80":{"start":{"line":81,"column":0},"end":{"line":81,"column":74}},"81":{"start":{"line":82,"column":0},"end":{"line":82,"column":195}},"82":{"start":{"line":83,"column":0},"end":{"line":83,"column":16}},"83":{"start":{"line":84,"column":0},"end":{"line":84,"column":15}},"84":{"start":{"line":85,"column":0},"end":{"line":85,"column":99}},"85":{"start":{"line":86,"column":0},"end":{"line":86,"column":112}},"86":{"start":{"line":87,"column":0},"end":{"line":87,"column":16}},"87":{"start":{"line":88,"column":0},"end":{"line":88,"column":14}},"89":{"start":{"line":90,"column":0},"end":{"line":90,"column":49}},"90":{"start":{"line":91,"column":0},"end":{"line":91,"column":60}},"91":{"start":{"line":92,"column":0},"end":{"line":92,"column":202}},"92":{"start":{"line":93,"column":0},"end":{"line":93,"column":202}},"93":{"start":{"line":94,"column":0},"end":{"line":94,"column":202}},"94":{"start":{"line":95,"column":0},"end":{"line":95,"column":16}},"95":{"start":{"line":96,"column":0},"end":{"line":96,"column":18}},"96":{"start":{"line":97,"column":0},"end":{"line":97,"column":36}},"97":{"start":{"line":98,"column":0},"end":{"line":98,"column":41}},"98":{"start":{"line":99,"column":0},"end":{"line":99,"column":164}},"100":{"start":{"line":101,"column":0},"end":{"line":101,"column":27}},"101":{"start":{"line":102,"column":0},"end":{"line":102,"column":19}},"102":{"start":{"line":103,"column":0},"end":{"line":103,"column":14}},"103":{"start":{"line":104,"column":0},"end":{"line":104,"column":15}},"105":{"start":{"line":106,"column":0},"end":{"line":106,"column":54}},"106":{"start":{"line":107,"column":0},"end":{"line":107,"column":94}},"107":{"start":{"line":108,"column":0},"end":{"line":108,"column":13}},"108":{"start":{"line":109,"column":0},"end":{"line":109,"column":10}},"110":{"start":{"line":111,"column":0},"end":{"line":111,"column":2}},"112":{"start":{"line":113,"column":0},"end":{"line":113,"column":19}}},"s":{"1":0,"2":0,"4":0,"5":0,"7":0,"8":0,"9":0,"10":0,"11":0,"12":0,"13":0,"14":0,"15":0,"16":0,"17":0,"18":0,"19":0,"20":0,"21":0,"22":0,"23":0,"24":0,"25":0,"26":0,"27":0,"28":0,"29":0,"30":0,"31":0,"32":0,"33":0,"34":0,"35":0,"36":0,"37":0,"38":0,"39":0,"40":0,"41":0,"42":0,"43":0,"44":0,"45":0,"46":0,"47":0,"48":0,"50":0,"51":0,"52":0,"54":0,"55":0,"57":0,"58":0,"59":0,"60":0,"62":0,"64":0,"65":0,"66":0,"67":0,"68":0,"69":0,"70":0,"71":0,"72":0,"73":0,"74":0,"76":0,"77":0,"78":0,"79":0,"80":0,"81":0,"82":0,"83":0,"84":0,"85":0,"86":0,"87":0,"89":0,"90":0,"91":0,"92":0,"93":0,"94":0,"95":0,"96":0,"97":0,"98":0,"100":0,"101":0,"102":0,"103":0,"105":0,"106":0,"107":0,"108":0,"110":0,"112":0},"branchMap":{"0":{"type":"branch","line":1,"loc":{"start":{"line":1,"column":4010},"end":{"line":113,"column":19}},"locations":[{"start":{"line":1,"column":4010},"end":{"line":113,"column":19}}]}},"b":{"0":[1]},"fnMap":{"0":{"name":"(empty-report)","decl":{"start":{"line":1,"column":4010},"end":{"line":113,"column":19}},"loc":{"start":{"line":1,"column":4010},"end":{"line":113,"column":19}},"line":1}},"f":{"0":1}}
,"C:\\Users\\Makseb-DEV-05\\Downloads\\TEIF-main\\index.tsx": {"path":"C:\\Users\\Makseb-DEV-05\\Downloads\\TEIF-main\\index.tsx","all":true,"statementMap":{"1":{"start":{"line":2,"column":0},"end":{"line":2,"column":26}},"2":{"start":{"line":3,"column":0},"end":{"line":3,"column":40}},"3":{"start":{"line":4,"column":0},"end":{"line":4,"column":24}},"5":{"start":{"line":6,"column":0},"end":{"line":6,"column":52}},"6":{"start":{"line":7,"column":0},"end":{"line":7,"column":19}},"7":{"start":{"line":8,"column":0},"end":{"line":8,"column":61}},"8":{"start":{"line":9,"column":0},"end":{"line":9,"column":1}},"10":{"start":{"line":11,"column":0},"end":{"line":11,"column":46}},"11":{"start":{"line":12,"column":0},"end":{"line":12,"column":12}},"12":{"start":{"line":13,"column":0},"end":{"line":13,"column":20}},"13":{"start":{"line":14,"column":0},"end":{"line":14,"column":11}},"14":{"start":{"line":15,"column":0},"end":{"line":15,"column":21}},"15":{"start":{"line":16,"column":0},"end":{"line":16,"column":2}}},"s":{"1":0,"2":0,"3":0,"5":0,"6":0,"7":0,"8":0,"10":0,"11":0,"12":0,"13":0,"14":0,"15":0},"branchMap":{"0":{"type":"branch","line":1,"loc":{"start":{"line":1,"column":318},"end":{"line":16,"column":-255}},"locations":[{"start":{"line":1,"column":318},"end":{"line":16,"column":-255}}]}},"b":{"0":[1]},"fnMap":{"0":{"name":"(empty-report)","decl":{"start":{"line":1,"column":318},"end":{"line":16,"column":-255}},"loc":{"start":{"line":1,"column":318},"end":{"line":16,"column":-255}},"line":1}},"f":{"0":1}}
,"C:\\Users\\Makseb-DEV-05\\Downloads\\TEIF-main\\playwright.config.ts": {"path":"C:\\Users\\Makseb-DEV-05\\Downloads\\TEIF-main\\playwright.config.ts","all":true,"statementMap":{"0":{"start":{"line":1,"column":0},"end":{"line":1,"column":57}},"2":{"start":{"line":3,"column":0},"end":{"line":3,"column":29}},"3":{"start":{"line":4,"column":0},"end":{"line":4,"column":19}},"4":{"start":{"line":5,"column":0},"end":{"line":5,"column":22}},"5":{"start":{"line":6,"column":0},"end":{"line":6,"column":31}},"6":{"start":{"line":7,"column":0},"end":{"line":7,"column":34}},"7":{"start":{"line":8,"column":0},"end":{"line":8,"column":42}},"8":{"start":{"line":9,"column":0},"end":{"line":9,"column":19}},"9":{"start":{"line":10,"column":0},"end":{"line":10,"column":8}},"10":{"start":{"line":11,"column":0},"end":{"line":11,"column":37}},"11":{"start":{"line":12,"column":0},"end":{"line":12,"column":28}},"12":{"start":{"line":13,"column":0},"end":{"line":13,"column":34}},"13":{"start":{"line":14,"column":0},"end":{"line":14,"column":4}},"14":{"start":{"line":15,"column":0},"end":{"line":15,"column":14}},"15":{"start":{"line":16,"column":0},"end":{"line":16,"column":27}},"16":{"start":{"line":17,"column":0},"end":{"line":17,"column":33}},"17":{"start":{"line":18,"column":0},"end":{"line":18,"column":41}},"18":{"start":{"line":19,"column":0},"end":{"line":19,"column":4}},"19":{"start":{"line":20,"column":0},"end":{"line":20,"column":13}},"20":{"start":{"line":21,"column":0},"end":{"line":21,"column":5}},"21":{"start":{"line":22,"column":0},"end":{"line":22,"column":23}},"22":{"start":{"line":23,"column":0},"end":{"line":23,"column":44}},"23":{"start":{"line":24,"column":0},"end":{"line":24,"column":6}},"24":{"start":{"line":25,"column":0},"end":{"line":25,"column":5}},"25":{"start":{"line":26,"column":0},"end":{"line":26,"column":22}},"26":{"start":{"line":27,"column":0},"end":{"line":27,"column":45}},"27":{"start":{"line":28,"column":0},"end":{"line":28,"column":6}},"28":{"start":{"line":29,"column":0},"end":{"line":29,"column":5}},"29":{"start":{"line":30,"column":0},"end":{"line":30,"column":21}},"30":{"start":{"line":31,"column":0},"end":{"line":31,"column":44}},"31":{"start":{"line":32,"column":0},"end":{"line":32,"column":6}},"32":{"start":{"line":33,"column":0},"end":{"line":33,"column":4}},"33":{"start":{"line":34,"column":0},"end":{"line":34,"column":3}}},"s":{"0":0,"2":0,"3":0,"4":0,"5":0,"6":0,"7":0,"8":0,"9":0,"10":0,"11":0,"12":0,"13":0,"14":0,"15":0,"16":0,"17":0,"18":0,"19":0,"20":0,"21":0,"22":0,"23":0,"24":0,"25":0,"26":0,"27":0,"28":0,"29":0,"30":0,"31":0,"32":0,"33":0},"branchMap":{"0":{"type":"branch","line":1,"loc":{"start":{"line":1,"column":801},"end":{"line":34,"column":3}},"locations":[{"start":{"line":1,"column":801},"end":{"line":34,"column":3}}]}},"b":{"0":[0]},"fnMap":{"0":{"name":"(empty-report)","decl":{"start":{"line":1,"column":801},"end":{"line":34,"column":3}},"loc":{"start":{"line":1,"column":801},"end":{"line":34,"column":3}},"line":1}},"f":{"0":0}}
,"C:\\Users\\Makseb-DEV-05\\Downloads\\TEIF-main\\types.ts": {"path":"C:\\Users\\Makseb-DEV-05\\Downloads\\TEIF-main\\types.ts","all":false,"statementMap":{"10":{"start":{"line":11,"column":0},"end":{"line":11,"column":60}},"11":{"start":{"line":12,"column":0},"end":{"line":12,"column":20}},"12":{"start":{"line":13,"column":0},"end":{"line":13,"column":28}},"13":{"start":{"line":14,"column":0},"end":{"line":14,"column":29}},"14":{"start":{"line":15,"column":0},"end":{"line":15,"column":37}},"15":{"start":{"line":16,"column":0},"end":{"line":16,"column":27}},"16":{"start":{"line":17,"column":0},"end":{"line":17,"column":27}},"17":{"start":{"line":18,"column":0},"end":{"line":18,"column":2}},"19":{"start":{"line":20,"column":0},"end":{"line":20,"column":64}},"20":{"start":{"line":21,"column":0},"end":{"line":21,"column":31}},"21":{"start":{"line":22,"column":0},"end":{"line":22,"column":29}},"22":{"start":{"line":23,"column":0},"end":{"line":23,"column":20}},"23":{"start":{"line":24,"column":0},"end":{"line":24,"column":20}},"24":{"start":{"line":25,"column":0},"end":{"line":25,"column":28}},"25":{"start":{"line":26,"column":0},"end":{"line":26,"column":35}},"26":{"start":{"line":27,"column":0},"end":{"line":27,"column":18}},"27":{"start":{"line":28,"column":0},"end":{"line":28,"column":2}},"29":{"start":{"line":30,"column":0},"end":{"line":30,"column":27}},"30":{"start":{"line":31,"column":0},"end":{"line":31,"column":35}},"31":{"start":{"line":32,"column":0},"end":{"line":32,"column":38}},"32":{"start":{"line":33,"column":0},"end":{"line":33,"column":32}},"33":{"start":{"line":34,"column":0},"end":{"line":34,"column":34}},"34":{"start":{"line":35,"column":0},"end":{"line":35,"column":32}},"35":{"start":{"line":36,"column":0},"end":{"line":36,"column":39}},"36":{"start":{"line":37,"column":0},"end":{"line":37,"column":32}},"37":{"start":{"line":38,"column":0},"end":{"line":38,"column":38}},"38":{"start":{"line":39,"column":0},"end":{"line":39,"column":42}},"39":{"start":{"line":40,"column":0},"end":{"line":40,"column":2}}},"s":{"10":1,"11":1,"12":1,"13":1,"14":1,"15":1,"16":1,"17":1,"19":1,"20":1,"21":1,"22":1,"23":1,"24":1,"25":1,"26":1,"27":1,"29":1,"30":1,"31":1,"32":1,"33":1,"34":1,"35":1,"36":1,"37":1,"38":1,"39":1},"branchMap":{},"b":{},"fnMap":{},"f":{}}
,"C:\\Users\\Makseb-DEV-05\\Downloads\\TEIF-main\\vite.config.ts": {"path":"C:\\Users\\Makseb-DEV-05\\Downloads\\TEIF-main\\vite.config.ts","all":true,"statementMap":{"0":{"start":{"line":1,"column":0},"end":{"line":1,"column":24}},"1":{"start":{"line":2,"column":0},"end":{"line":2,"column":45}},"2":{"start":{"line":3,"column":0},"end":{"line":3,"column":41}},"4":{"start":{"line":5,"column":0},"end":{"line":5,"column":43}},"5":{"start":{"line":6,"column":0},"end":{"line":6,"column":39}},"6":{"start":{"line":7,"column":0},"end":{"line":7,"column":12}},"7":{"start":{"line":8,"column":0},"end":{"line":8,"column":15}},"8":{"start":{"line":9,"column":0},"end":{"line":9,"column":19}},"9":{"start":{"line":10,"column":0},"end":{"line":10,"column":24}},"10":{"start":{"line":11,"column":0},"end":{"line":11,"column":8}},"11":{"start":{"line":12,"column":0},"end":{"line":12,"column":25}},"12":{"start":{"line":13,"column":0},"end":{"line":13,"column":15}},"13":{"start":{"line":14,"column":0},"end":{"line":14,"column":66}},"14":{"start":{"line":15,"column":0},"end":{"line":15,"column":72}},"15":{"start":{"line":16,"column":0},"end":{"line":16,"column":8}},"16":{"start":{"line":17,"column":0},"end":{"line":17,"column":16}},"17":{"start":{"line":18,"column":0},"end":{"line":18,"column":16}},"18":{"start":{"line":19,"column":0},"end":{"line":19,"column":44}},"19":{"start":{"line":20,"column":0},"end":{"line":20,"column":9}},"20":{"start":{"line":21,"column":0},"end":{"line":21,"column":7}},"21":{"start":{"line":22,"column":0},"end":{"line":22,"column":6}},"22":{"start":{"line":23,"column":0},"end":{"line":23,"column":3}}},"s":{"0":0,"1":0,"2":0,"4":0,"5":0,"6":0,"7":0,"8":0,"9":0,"10":0,"11":0,"12":0,"13":0,"14":0,"15":0,"16":0,"17":0,"18":0,"19":0,"20":0,"21":0,"22":0},"branchMap":{"0":{"type":"branch","line":1,"loc":{"start":{"line":1,"column":579},"end":{"line":23,"column":3}},"locations":[{"start":{"line":1,"column":579},"end":{"line":23,"column":3}}]}},"b":{"0":[0]},"fnMap":{"0":{"name":"(empty-report)","decl":{"start":{"line":1,"column":579},"end":{"line":23,"column":3}},"loc":{"start":{"line":1,"column":579},"end":{"line":23,"column":3}},"line":1}},"f":{"0":0}}
,"C:\\Users\\Makseb-DEV-05\\Downloads\\TEIF-main\\vitest.config.ts": {"path":"C:\\Users\\Makseb-DEV-05\\Downloads\\TEIF-main\\vitest.config.ts","all":true,"statementMap":{"0":{"start":{"line":1,"column":0},"end":{"line":1,"column":45}},"1":{"start":{"line":2,"column":0},"end":{"line":2,"column":41}},"2":{"start":{"line":3,"column":0},"end":{"line":3,"column":24}},"4":{"start":{"line":5,"column":0},"end":{"line":5,"column":29}},"5":{"start":{"line":6,"column":0},"end":{"line":6,"column":21}},"6":{"start":{"line":7,"column":0},"end":{"line":7,"column":9}},"7":{"start":{"line":8,"column":0},"end":{"line":8,"column":18}},"8":{"start":{"line":9,"column":0},"end":{"line":9,"column":25}},"9":{"start":{"line":10,"column":0},"end":{"line":10,"column":36}},"10":{"start":{"line":11,"column":0},"end":{"line":11,"column":15}},"11":{"start":{"line":12,"column":0},"end":{"line":12,"column":21}},"12":{"start":{"line":13,"column":0},"end":{"line":13,"column":41}},"13":{"start":{"line":14,"column":0},"end":{"line":14,"column":74}},"14":{"start":{"line":15,"column":0},"end":{"line":15,"column":16}},"15":{"start":{"line":16,"column":0},"end":{"line":16,"column":20}},"16":{"start":{"line":17,"column":0},"end":{"line":17,"column":19}},"17":{"start":{"line":18,"column":0},"end":{"line":18,"column":21}},"18":{"start":{"line":19,"column":0},"end":{"line":19,"column":6}},"19":{"start":{"line":20,"column":0},"end":{"line":20,"column":4}},"20":{"start":{"line":21,"column":0},"end":{"line":21,"column":12}},"21":{"start":{"line":22,"column":0},"end":{"line":22,"column":12}},"22":{"start":{"line":23,"column":0},"end":{"line":23,"column":44}},"23":{"start":{"line":24,"column":0},"end":{"line":24,"column":6}},"24":{"start":{"line":25,"column":0},"end":{"line":25,"column":4}},"25":{"start":{"line":26,"column":0},"end":{"line":26,"column":3}}},"s":{"0":0,"1":0,"2":0,"4":0,"5":0,"6":0,"7":0,"8":0,"9":0,"10":0,"11":0,"12":0,"13":0,"14":0,"15":0,"16":0,"17":0,"18":0,"19":0,"20":0,"21":0,"22":0,"23":0,"24":0,"25":0},"branchMap":{"0":{"type":"branch","line":1,"loc":{"start":{"line":1,"column":616},"end":{"line":26,"column":3}},"locations":[{"start":{"line":1,"column":616},"end":{"line":26,"column":3}}]}},"b":{"0":[0]},"fnMap":{"0":{"name":"(empty-report)","decl":{"start":{"line":1,"column":616},"end":{"line":26,"column":3}},"loc":{"start":{"line":1,"column":616},"end":{"line":26,"column":3}},"line":1}},"f":{"0":0}}
,"C:\\Users\\Makseb-DEV-05\\Downloads\\TEIF-main\\components\\AIAssistant.tsx": {"path":"C:\\Users\\Makseb-DEV-05\\Downloads\\TEIF-main\\components\\AIAssistant.tsx","all":true,"statementMap":{"1":{"start":{"line":2,"column":0},"end":{"line":2,"column":59}},"2":{"start":{"line":3,"column":0},"end":{"line":3,"column":44}},"4":{"start":{"line":5,"column":0},"end":{"line":5,"column":50}},"10":{"start":{"line":11,"column":0},"end":{"line":11,"column":52}},"11":{"start":{"line":12,"column":0},"end":{"line":12,"column":33}},"12":{"start":{"line":13,"column":0},"end":{"line":13,"column":92}},"13":{"start":{"line":14,"column":0},"end":{"line":14,"column":45}},"14":{"start":{"line":15,"column":0},"end":{"line":15,"column":5}},"15":{"start":{"line":16,"column":0},"end":{"line":16,"column":41}},"16":{"start":{"line":17,"column":0},"end":{"line":17,"column":48}},"17":{"start":{"line":18,"column":0},"end":{"line":18,"column":49}},"19":{"start":{"line":20,"column":0},"end":{"line":20,"column":19}},"20":{"start":{"line":21,"column":0},"end":{"line":21,"column":28}},"21":{"start":{"line":22,"column":0},"end":{"line":22,"column":67}},"22":{"start":{"line":23,"column":0},"end":{"line":23,"column":5}},"23":{"start":{"line":24,"column":0},"end":{"line":24,"column":17}},"25":{"start":{"line":26,"column":0},"end":{"line":26,"column":34}},"26":{"start":{"line":27,"column":0},"end":{"line":27,"column":41}},"28":{"start":{"line":29,"column":0},"end":{"line":29,"column":27}},"29":{"start":{"line":30,"column":0},"end":{"line":30,"column":17}},"30":{"start":{"line":31,"column":0},"end":{"line":31,"column":69}},"31":{"start":{"line":32,"column":0},"end":{"line":32,"column":21}},"33":{"start":{"line":34,"column":0},"end":{"line":34,"column":9}},"34":{"start":{"line":35,"column":0},"end":{"line":35,"column":66}},"35":{"start":{"line":36,"column":0},"end":{"line":36,"column":56}},"36":{"start":{"line":37,"column":0},"end":{"line":37,"column":40}},"37":{"start":{"line":38,"column":0},"end":{"line":38,"column":27}},"38":{"start":{"line":39,"column":0},"end":{"line":39,"column":17}},"39":{"start":{"line":40,"column":0},"end":{"line":40,"column":242}},"40":{"start":{"line":41,"column":0},"end":{"line":41,"column":27}},"41":{"start":{"line":42,"column":0},"end":{"line":42,"column":9}},"42":{"start":{"line":43,"column":0},"end":{"line":43,"column":9}},"44":{"start":{"line":45,"column":0},"end":{"line":45,"column":122}},"45":{"start":{"line":46,"column":0},"end":{"line":46,"column":21}},"46":{"start":{"line":47,"column":0},"end":{"line":47,"column":117}},"47":{"start":{"line":48,"column":0},"end":{"line":48,"column":15}},"48":{"start":{"line":49,"column":0},"end":{"line":49,"column":24}},"49":{"start":{"line":50,"column":0},"end":{"line":50,"column":5}},"50":{"start":{"line":51,"column":0},"end":{"line":51,"column":4}},"52":{"start":{"line":53,"column":0},"end":{"line":53,"column":10}},"53":{"start":{"line":54,"column":0},"end":{"line":54,"column":54}},"54":{"start":{"line":55,"column":0},"end":{"line":55,"column":79}},"55":{"start":{"line":56,"column":0},"end":{"line":56,"column":49}},"56":{"start":{"line":57,"column":0},"end":{"line":57,"column":93}},"57":{"start":{"line":58,"column":0},"end":{"line":58,"column":390}},"58":{"start":{"line":59,"column":0},"end":{"line":59,"column":16}},"59":{"start":{"line":60,"column":0},"end":{"line":60,"column":15}},"60":{"start":{"line":61,"column":0},"end":{"line":61,"column":80}},"61":{"start":{"line":62,"column":0},"end":{"line":62,"column":101}},"62":{"start":{"line":63,"column":0},"end":{"line":63,"column":16}},"63":{"start":{"line":64,"column":0},"end":{"line":64,"column":14}},"64":{"start":{"line":65,"column":0},"end":{"line":65,"column":12}},"66":{"start":{"line":67,"column":0},"end":{"line":67,"column":76}},"67":{"start":{"line":68,"column":0},"end":{"line":68,"column":33}},"68":{"start":{"line":69,"column":0},"end":{"line":69,"column":97}},"69":{"start":{"line":70,"column":0},"end":{"line":70,"column":67}},"70":{"start":{"line":71,"column":0},"end":{"line":71,"column":32}},"71":{"start":{"line":72,"column":0},"end":{"line":72,"column":59}},"72":{"start":{"line":73,"column":0},"end":{"line":73,"column":76}},"73":{"start":{"line":74,"column":0},"end":{"line":74,"column":16}},"74":{"start":{"line":75,"column":0},"end":{"line":75,"column":22}},"75":{"start":{"line":76,"column":0},"end":{"line":76,"column":18}},"76":{"start":{"line":77,"column":0},"end":{"line":77,"column":16}},"77":{"start":{"line":78,"column":0},"end":{"line":78,"column":11}},"78":{"start":{"line":79,"column":0},"end":{"line":79,"column":21}},"79":{"start":{"line":80,"column":0},"end":{"line":80,"column":46}},"80":{"start":{"line":81,"column":0},"end":{"line":81,"column":87}},"81":{"start":{"line":82,"column":0},"end":{"line":82,"column":42}},"82":{"start":{"line":83,"column":0},"end":{"line":83,"column":87}},"83":{"start":{"line":84,"column":0},"end":{"line":84,"column":97}},"84":{"start":{"line":85,"column":0},"end":{"line":85,"column":97}},"85":{"start":{"line":86,"column":0},"end":{"line":86,"column":20}},"86":{"start":{"line":87,"column":0},"end":{"line":87,"column":18}},"87":{"start":{"line":88,"column":0},"end":{"line":88,"column":16}},"89":{"start":{"line":90,"column":0},"end":{"line":90,"column":12}},"91":{"start":{"line":92,"column":0},"end":{"line":92,"column":45}},"92":{"start":{"line":93,"column":0},"end":{"line":93,"column":36}},"93":{"start":{"line":94,"column":0},"end":{"line":94,"column":17}},"94":{"start":{"line":95,"column":0},"end":{"line":95,"column":24}},"95":{"start":{"line":96,"column":0},"end":{"line":96,"column":25}},"96":{"start":{"line":97,"column":0},"end":{"line":97,"column":54}},"97":{"start":{"line":98,"column":0},"end":{"line":98,"column":64}},"98":{"start":{"line":99,"column":0},"end":{"line":99,"column":112}},"99":{"start":{"line":100,"column":0},"end":{"line":100,"column":12}},"100":{"start":{"line":101,"column":0},"end":{"line":101,"column":18}},"101":{"start":{"line":102,"column":0},"end":{"line":102,"column":32}},"102":{"start":{"line":103,"column":0},"end":{"line":103,"column":30}},"103":{"start":{"line":104,"column":0},"end":{"line":104,"column":117}},"105":{"start":{"line":106,"column":0},"end":{"line":106,"column":235}},"106":{"start":{"line":107,"column":0},"end":{"line":107,"column":19}},"107":{"start":{"line":108,"column":0},"end":{"line":108,"column":14}},"108":{"start":{"line":109,"column":0},"end":{"line":109,"column":12}},"109":{"start":{"line":110,"column":0},"end":{"line":110,"column":10}},"111":{"start":{"line":112,"column":0},"end":{"line":112,"column":2}},"113":{"start":{"line":114,"column":0},"end":{"line":114,"column":27}}},"s":{"1":0,"2":0,"4":0,"10":0,"11":0,"12":0,"13":0,"14":0,"15":0,"16":0,"17":0,"19":0,"20":0,"21":0,"22":0,"23":0,"25":0,"26":0,"28":0,"29":0,"30":0,"31":0,"33":0,"34":0,"35":0,"36":0,"37":0,"38":0,"39":0,"40":0,"41":0,"42":0,"44":0,"45":0,"46":0,"47":0,"48":0,"49":0,"50":0,"52":0,"53":0,"54":0,"55":0,"56":0,"57":0,"58":0,"59":0,"60":0,"61":0,"62":0,"63":0,"64":0,"66":0,"67":0,"68":0,"69":0,"70":0,"71":0,"72":0,"73":0,"74":0,"75":0,"76":0,"77":0,"78":0,"79":0,"80":0,"81":0,"82":0,"83":0,"84":0,"85":0,"86":0,"87":0,"89":0,"91":0,"92":0,"93":0,"94":0,"95":0,"96":0,"97":0,"98":0,"99":0,"100":0,"101":0,"102":0,"103":0,"105":0,"106":0,"107":0,"108":0,"109":0,"111":0,"113":0},"branchMap":{"0":{"type":"branch","line":1,"loc":{"start":{"line":1,"column":4782},"end":{"line":114,"column":27}},"locations":[{"start":{"line":1,"column":4782},"end":{"line":114,"column":27}}]}},"b":{"0":[1]},"fnMap":{"0":{"name":"(empty-report)","decl":{"start":{"line":1,"column":4782},"end":{"line":114,"column":27}},"loc":{"start":{"line":1,"column":4782},"end":{"line":114,"column":27}},"line":1}},"f":{"0":1}}
,"C:\\Users\\Makseb-DEV-05\\Downloads\\TEIF-main\\components\\InvoiceForm.tsx": {"path":"C:\\Users\\Makseb-DEV-05\\Downloads\\TEIF-main\\components\\InvoiceForm.tsx","all":true,"statementMap":{"1":{"start":{"line":2,"column":0},"end":{"line":2,"column":60}},"2":{"start":{"line":3,"column":0},"end":{"line":3,"column":126}},"3":{"start":{"line":4,"column":0},"end":{"line":4,"column":50}},"4":{"start":{"line":5,"column":0},"end":{"line":5,"column":92}},"5":{"start":{"line":6,"column":0},"end":{"line":6,"column":53}},"16":{"start":{"line":17,"column":0},"end":{"line":17,"column":104}},"17":{"start":{"line":18,"column":0},"end":{"line":18,"column":33}},"18":{"start":{"line":19,"column":0},"end":{"line":19,"column":76}},"21":{"start":{"line":22,"column":0},"end":{"line":22,"column":67}},"23":{"start":{"line":24,"column":0},"end":{"line":24,"column":56}},"24":{"start":{"line":25,"column":0},"end":{"line":25,"column":19}},"26":{"start":{"line":27,"column":0},"end":{"line":27,"column":20}},"27":{"start":{"line":28,"column":0},"end":{"line":28,"column":18}},"28":{"start":{"line":29,"column":0},"end":{"line":29,"column":62}},"29":{"start":{"line":30,"column":0},"end":{"line":30,"column":36}},"30":{"start":{"line":31,"column":0},"end":{"line":31,"column":14}},"31":{"start":{"line":32,"column":0},"end":{"line":32,"column":21}},"32":{"start":{"line":33,"column":0},"end":{"line":33,"column":75}},"33":{"start":{"line":34,"column":0},"end":{"line":34,"column":34}},"34":{"start":{"line":35,"column":0},"end":{"line":35,"column":14}},"35":{"start":{"line":36,"column":0},"end":{"line":36,"column":20}},"36":{"start":{"line":37,"column":0},"end":{"line":37,"column":66}},"37":{"start":{"line":38,"column":0},"end":{"line":38,"column":38}},"38":{"start":{"line":39,"column":0},"end":{"line":39,"column":14}},"39":{"start":{"line":40,"column":0},"end":{"line":40,"column":18}},"40":{"start":{"line":41,"column":0},"end":{"line":41,"column":55}},"41":{"start":{"line":42,"column":0},"end":{"line":42,"column":36}},"42":{"start":{"line":43,"column":0},"end":{"line":43,"column":14}},"43":{"start":{"line":44,"column":0},"end":{"line":44,"column":24}},"44":{"start":{"line":45,"column":0},"end":{"line":45,"column":63}},"45":{"start":{"line":46,"column":0},"end":{"line":46,"column":38}},"46":{"start":{"line":47,"column":0},"end":{"line":47,"column":14}},"47":{"start":{"line":48,"column":0},"end":{"line":48,"column":19}},"48":{"start":{"line":49,"column":0},"end":{"line":49,"column":57}},"49":{"start":{"line":50,"column":0},"end":{"line":50,"column":37}},"50":{"start":{"line":51,"column":0},"end":{"line":51,"column":14}},"51":{"start":{"line":52,"column":0},"end":{"line":52,"column":19}},"52":{"start":{"line":53,"column":0},"end":{"line":53,"column":57}},"53":{"start":{"line":54,"column":0},"end":{"line":54,"column":37}},"54":{"start":{"line":55,"column":0},"end":{"line":55,"column":14}},"55":{"start":{"line":56,"column":0},"end":{"line":56,"column":21}},"56":{"start":{"line":57,"column":0},"end":{"line":57,"column":53}},"57":{"start":{"line":58,"column":0},"end":{"line":58,"column":35}},"58":{"start":{"line":59,"column":0},"end":{"line":59,"column":14}},"59":{"start":{"line":60,"column":0},"end":{"line":60,"column":5}},"61":{"start":{"line":62,"column":0},"end":{"line":62,"column":43}},"62":{"start":{"line":63,"column":0},"end":{"line":63,"column":4}},"64":{"start":{"line":65,"column":0},"end":{"line":65,"column":10}},"65":{"start":{"line":66,"column":0},"end":{"line":66,"column":97}},"66":{"start":{"line":67,"column":0},"end":{"line":67,"column":57}},"67":{"start":{"line":68,"column":0},"end":{"line":68,"column":82}},"68":{"start":{"line":69,"column":0},"end":{"line":69,"column":148}},"69":{"start":{"line":70,"column":0},"end":{"line":70,"column":17}},"70":{"start":{"line":71,"column":0},"end":{"line":71,"column":13}},"71":{"start":{"line":72,"column":0},"end":{"line":72,"column":223}},"72":{"start":{"line":73,"column":0},"end":{"line":73,"column":52}},"73":{"start":{"line":74,"column":0},"end":{"line":74,"column":15}},"74":{"start":{"line":75,"column":0},"end":{"line":75,"column":12}},"76":{"start":{"line":77,"column":0},"end":{"line":77,"column":91}},"77":{"start":{"line":78,"column":0},"end":{"line":78,"column":39}},"78":{"start":{"line":79,"column":0},"end":{"line":79,"column":127}},"79":{"start":{"line":80,"column":0},"end":{"line":80,"column":17}},"80":{"start":{"line":81,"column":0},"end":{"line":81,"column":24}},"81":{"start":{"line":82,"column":0},"end":{"line":82,"column":54}},"82":{"start":{"line":83,"column":0},"end":{"line":83,"column":33}},"83":{"start":{"line":84,"column":0},"end":{"line":84,"column":30}},"84":{"start":{"line":85,"column":0},"end":{"line":85,"column":58}},"85":{"start":{"line":86,"column":0},"end":{"line":86,"column":52}},"86":{"start":{"line":87,"column":0},"end":{"line":87,"column":15}},"87":{"start":{"line":88,"column":0},"end":{"line":88,"column":271}},"88":{"start":{"line":89,"column":0},"end":{"line":89,"column":12}},"89":{"start":{"line":90,"column":0},"end":{"line":90,"column":102}},"90":{"start":{"line":91,"column":0},"end":{"line":91,"column":14}},"91":{"start":{"line":92,"column":0},"end":{"line":92,"column":13}},"92":{"start":{"line":93,"column":0},"end":{"line":93,"column":125}},"93":{"start":{"line":94,"column":0},"end":{"line":94,"column":18}},"94":{"start":{"line":95,"column":0},"end":{"line":95,"column":35}},"95":{"start":{"line":96,"column":0},"end":{"line":96,"column":86}},"96":{"start":{"line":97,"column":0},"end":{"line":97,"column":132}},"98":{"start":{"line":99,"column":0},"end":{"line":99,"column":64}},"99":{"start":{"line":100,"column":0},"end":{"line":100,"column":53}},"100":{"start":{"line":101,"column":0},"end":{"line":101,"column":57}},"101":{"start":{"line":102,"column":0},"end":{"line":102,"column":63}},"102":{"start":{"line":103,"column":0},"end":{"line":103,"column":19}},"103":{"start":{"line":104,"column":0},"end":{"line":104,"column":14}},"104":{"start":{"line":105,"column":0},"end":{"line":105,"column":13}},"105":{"start":{"line":106,"column":0},"end":{"line":106,"column":126}},"106":{"start":{"line":107,"column":0},"end":{"line":107,"column":17}},"107":{"start":{"line":108,"column":0},"end":{"line":108,"column":24}},"108":{"start":{"line":109,"column":0},"end":{"line":109,"column":39}},"109":{"start":{"line":110,"column":0},"end":{"line":110,"column":36}},"110":{"start":{"line":111,"column":0},"end":{"line":111,"column":30}},"111":{"start":{"line":112,"column":0},"end":{"line":112,"column":75}},"112":{"start":{"line":113,"column":0},"end":{"line":113,"column":69}},"113":{"start":{"line":114,"column":0},"end":{"line":114,"column":15}},"114":{"start":{"line":115,"column":0},"end":{"line":115,"column":305}},"115":{"start":{"line":116,"column":0},"end":{"line":116,"column":12}},"116":{"start":{"line":117,"column":0},"end":{"line":117,"column":108}},"117":{"start":{"line":118,"column":0},"end":{"line":118,"column":14}},"119":{"start":{"line":120,"column":0},"end":{"line":120,"column":24}},"120":{"start":{"line":121,"column":0},"end":{"line":121,"column":131}},"121":{"start":{"line":122,"column":0},"end":{"line":122,"column":17}},"122":{"start":{"line":123,"column":0},"end":{"line":123,"column":125}},"123":{"start":{"line":124,"column":0},"end":{"line":124,"column":303}},"124":{"start":{"line":125,"column":0},"end":{"line":125,"column":18}},"125":{"start":{"line":126,"column":0},"end":{"line":126,"column":17}},"126":{"start":{"line":127,"column":0},"end":{"line":127,"column":130}},"127":{"start":{"line":128,"column":0},"end":{"line":128,"column":303}},"128":{"start":{"line":129,"column":0},"end":{"line":129,"column":18}},"129":{"start":{"line":130,"column":0},"end":{"line":130,"column":16}},"131":{"start":{"line":132,"column":0},"end":{"line":132,"column":12}},"133":{"start":{"line":134,"column":0},"end":{"line":134,"column":66}},"134":{"start":{"line":135,"column":0},"end":{"line":135,"column":39}},"135":{"start":{"line":136,"column":0},"end":{"line":136,"column":126}},"136":{"start":{"line":137,"column":0},"end":{"line":137,"column":326}},"137":{"start":{"line":138,"column":0},"end":{"line":138,"column":14}},"138":{"start":{"line":139,"column":0},"end":{"line":139,"column":13}},"139":{"start":{"line":140,"column":0},"end":{"line":140,"column":123}},"140":{"start":{"line":141,"column":0},"end":{"line":141,"column":17}},"141":{"start":{"line":142,"column":0},"end":{"line":142,"column":24}},"142":{"start":{"line":143,"column":0},"end":{"line":143,"column":33}},"143":{"start":{"line":144,"column":0},"end":{"line":144,"column":30}},"144":{"start":{"line":145,"column":0},"end":{"line":145,"column":58}},"145":{"start":{"line":146,"column":0},"end":{"line":146,"column":52}},"146":{"start":{"line":147,"column":0},"end":{"line":147,"column":15}},"147":{"start":{"line":148,"column":0},"end":{"line":148,"column":277}},"148":{"start":{"line":149,"column":0},"end":{"line":149,"column":12}},"149":{"start":{"line":150,"column":0},"end":{"line":150,"column":101}},"150":{"start":{"line":151,"column":0},"end":{"line":151,"column":14}},"151":{"start":{"line":152,"column":0},"end":{"line":152,"column":48}},"152":{"start":{"line":153,"column":0},"end":{"line":153,"column":15}},"153":{"start":{"line":154,"column":0},"end":{"line":154,"column":118}},"154":{"start":{"line":155,"column":0},"end":{"line":155,"column":321}},"155":{"start":{"line":156,"column":0},"end":{"line":156,"column":16}},"156":{"start":{"line":157,"column":0},"end":{"line":157,"column":15}},"157":{"start":{"line":158,"column":0},"end":{"line":158,"column":131}},"158":{"start":{"line":159,"column":0},"end":{"line":159,"column":19}},"159":{"start":{"line":160,"column":0},"end":{"line":160,"column":26}},"160":{"start":{"line":161,"column":0},"end":{"line":161,"column":47}},"161":{"start":{"line":162,"column":0},"end":{"line":162,"column":32}},"162":{"start":{"line":163,"column":0},"end":{"line":163,"column":66}},"163":{"start":{"line":164,"column":0},"end":{"line":164,"column":60}},"164":{"start":{"line":165,"column":0},"end":{"line":165,"column":17}},"165":{"start":{"line":166,"column":0},"end":{"line":166,"column":307}},"166":{"start":{"line":167,"column":0},"end":{"line":167,"column":14}},"167":{"start":{"line":168,"column":0},"end":{"line":168,"column":115}},"168":{"start":{"line":169,"column":0},"end":{"line":169,"column":16}},"169":{"start":{"line":170,"column":0},"end":{"line":170,"column":14}},"170":{"start":{"line":171,"column":0},"end":{"line":171,"column":12}},"171":{"start":{"line":172,"column":0},"end":{"line":172,"column":14}},"173":{"start":{"line":174,"column":0},"end":{"line":174,"column":2}},"181":{"start":{"line":182,"column":0},"end":{"line":182,"column":68}},"182":{"start":{"line":183,"column":0},"end":{"line":183,"column":33}},"184":{"start":{"line":185,"column":0},"end":{"line":185,"column":53}},"185":{"start":{"line":186,"column":0},"end":{"line":186,"column":53}},"186":{"start":{"line":187,"column":0},"end":{"line":187,"column":34}},"187":{"start":{"line":188,"column":0},"end":{"line":188,"column":31}},"188":{"start":{"line":189,"column":0},"end":{"line":189,"column":48}},"189":{"start":{"line":190,"column":0},"end":{"line":190,"column":34}},"190":{"start":{"line":191,"column":0},"end":{"line":191,"column":5}},"191":{"start":{"line":192,"column":0},"end":{"line":192,"column":45}},"192":{"start":{"line":193,"column":0},"end":{"line":193,"column":22}},"193":{"start":{"line":194,"column":0},"end":{"line":194,"column":4}},"195":{"start":{"line":196,"column":0},"end":{"line":196,"column":32}},"196":{"start":{"line":197,"column":0},"end":{"line":197,"column":54}},"197":{"start":{"line":198,"column":0},"end":{"line":198,"column":49}},"198":{"start":{"line":199,"column":0},"end":{"line":199,"column":62}},"199":{"start":{"line":200,"column":0},"end":{"line":200,"column":49}},"200":{"start":{"line":201,"column":0},"end":{"line":201,"column":55}},"201":{"start":{"line":202,"column":0},"end":{"line":202,"column":44}},"202":{"start":{"line":203,"column":0},"end":{"line":203,"column":42}},"204":{"start":{"line":205,"column":0},"end":{"line":205,"column":26}},"205":{"start":{"line":206,"column":0},"end":{"line":206,"column":35}},"206":{"start":{"line":207,"column":0},"end":{"line":207,"column":29}},"207":{"start":{"line":208,"column":0},"end":{"line":208,"column":25}},"208":{"start":{"line":209,"column":0},"end":{"line":209,"column":17}},"209":{"start":{"line":210,"column":0},"end":{"line":210,"column":49}},"211":{"start":{"line":212,"column":0},"end":{"line":212,"column":66}},"212":{"start":{"line":213,"column":0},"end":{"line":213,"column":85}},"214":{"start":{"line":215,"column":0},"end":{"line":215,"column":51}},"215":{"start":{"line":216,"column":0},"end":{"line":216,"column":56}},"217":{"start":{"line":218,"column":0},"end":{"line":218,"column":102}},"218":{"start":{"line":219,"column":0},"end":{"line":219,"column":69}},"219":{"start":{"line":220,"column":0},"end":{"line":220,"column":97}},"220":{"start":{"line":221,"column":0},"end":{"line":221,"column":91}},"221":{"start":{"line":222,"column":0},"end":{"line":222,"column":25}},"222":{"start":{"line":223,"column":0},"end":{"line":223,"column":22}},"223":{"start":{"line":224,"column":0},"end":{"line":224,"column":5}},"225":{"start":{"line":226,"column":0},"end":{"line":226,"column":10}},"226":{"start":{"line":227,"column":0},"end":{"line":227,"column":88}},"228":{"start":{"line":229,"column":0},"end":{"line":229,"column":124}},"229":{"start":{"line":230,"column":0},"end":{"line":230,"column":133}},"230":{"start":{"line":231,"column":0},"end":{"line":231,"column":85}},"231":{"start":{"line":232,"column":0},"end":{"line":232,"column":159}},"232":{"start":{"line":233,"column":0},"end":{"line":233,"column":43}},"233":{"start":{"line":234,"column":0},"end":{"line":234,"column":80}},"234":{"start":{"line":235,"column":0},"end":{"line":235,"column":118}},"235":{"start":{"line":236,"column":0},"end":{"line":236,"column":18}},"236":{"start":{"line":237,"column":0},"end":{"line":237,"column":15}},"237":{"start":{"line":238,"column":0},"end":{"line":238,"column":121}},"238":{"start":{"line":239,"column":0},"end":{"line":239,"column":135}},"239":{"start":{"line":240,"column":0},"end":{"line":240,"column":274}},"240":{"start":{"line":241,"column":0},"end":{"line":241,"column":54}},"241":{"start":{"line":242,"column":0},"end":{"line":242,"column":53}},"242":{"start":{"line":243,"column":0},"end":{"line":243,"column":55}},"243":{"start":{"line":244,"column":0},"end":{"line":244,"column":21}},"244":{"start":{"line":245,"column":0},"end":{"line":245,"column":16}},"245":{"start":{"line":246,"column":0},"end":{"line":246,"column":14}},"247":{"start":{"line":248,"column":0},"end":{"line":248,"column":63}},"248":{"start":{"line":249,"column":0},"end":{"line":249,"column":41}},"249":{"start":{"line":250,"column":0},"end":{"line":250,"column":128}},"250":{"start":{"line":251,"column":0},"end":{"line":251,"column":225}},"251":{"start":{"line":252,"column":0},"end":{"line":252,"column":124}},"252":{"start":{"line":253,"column":0},"end":{"line":253,"column":21}},"253":{"start":{"line":254,"column":0},"end":{"line":254,"column":16}},"254":{"start":{"line":255,"column":0},"end":{"line":255,"column":15}},"255":{"start":{"line":256,"column":0},"end":{"line":256,"column":129}},"256":{"start":{"line":257,"column":0},"end":{"line":257,"column":244}},"257":{"start":{"line":258,"column":0},"end":{"line":258,"column":59}},"258":{"start":{"line":259,"column":0},"end":{"line":259,"column":65}},"259":{"start":{"line":260,"column":0},"end":{"line":260,"column":59}},"260":{"start":{"line":261,"column":0},"end":{"line":261,"column":21}},"261":{"start":{"line":262,"column":0},"end":{"line":262,"column":16}},"262":{"start":{"line":263,"column":0},"end":{"line":263,"column":15}},"263":{"start":{"line":264,"column":0},"end":{"line":264,"column":130}},"264":{"start":{"line":265,"column":0},"end":{"line":265,"column":268}},"265":{"start":{"line":266,"column":0},"end":{"line":266,"column":16}},"266":{"start":{"line":267,"column":0},"end":{"line":267,"column":14}},"267":{"start":{"line":268,"column":0},"end":{"line":268,"column":16}},"270":{"start":{"line":271,"column":0},"end":{"line":271,"column":124}},"271":{"start":{"line":272,"column":0},"end":{"line":272,"column":133}},"272":{"start":{"line":273,"column":0},"end":{"line":273,"column":85}},"273":{"start":{"line":274,"column":0},"end":{"line":274,"column":165}},"274":{"start":{"line":275,"column":0},"end":{"line":275,"column":43}},"275":{"start":{"line":276,"column":0},"end":{"line":276,"column":82}},"276":{"start":{"line":277,"column":0},"end":{"line":277,"column":116}},"277":{"start":{"line":278,"column":0},"end":{"line":278,"column":18}},"278":{"start":{"line":279,"column":0},"end":{"line":279,"column":15}},"279":{"start":{"line":280,"column":0},"end":{"line":280,"column":14}},"282":{"start":{"line":283,"column":0},"end":{"line":283,"column":63}},"283":{"start":{"line":284,"column":0},"end":{"line":284,"column":15}},"284":{"start":{"line":285,"column":0},"end":{"line":285,"column":139}},"285":{"start":{"line":286,"column":0},"end":{"line":286,"column":287}},"286":{"start":{"line":287,"column":0},"end":{"line":287,"column":16}},"287":{"start":{"line":288,"column":0},"end":{"line":288,"column":15}},"288":{"start":{"line":289,"column":0},"end":{"line":289,"column":135}},"289":{"start":{"line":290,"column":0},"end":{"line":290,"column":276}},"290":{"start":{"line":291,"column":0},"end":{"line":291,"column":16}},"291":{"start":{"line":292,"column":0},"end":{"line":292,"column":15}},"292":{"start":{"line":293,"column":0},"end":{"line":293,"column":140}},"293":{"start":{"line":294,"column":0},"end":{"line":294,"column":286}},"294":{"start":{"line":295,"column":0},"end":{"line":295,"column":16}},"295":{"start":{"line":296,"column":0},"end":{"line":296,"column":14}},"298":{"start":{"line":299,"column":0},"end":{"line":299,"column":119}},"299":{"start":{"line":300,"column":0},"end":{"line":300,"column":15}},"300":{"start":{"line":301,"column":0},"end":{"line":301,"column":151}},"301":{"start":{"line":302,"column":0},"end":{"line":302,"column":284}},"302":{"start":{"line":303,"column":0},"end":{"line":303,"column":16}},"303":{"start":{"line":304,"column":0},"end":{"line":304,"column":15}},"304":{"start":{"line":305,"column":0},"end":{"line":305,"column":147}},"305":{"start":{"line":306,"column":0},"end":{"line":306,"column":280}},"306":{"start":{"line":307,"column":0},"end":{"line":307,"column":16}},"307":{"start":{"line":308,"column":0},"end":{"line":308,"column":14}},"310":{"start":{"line":311,"column":0},"end":{"line":311,"column":15}},"311":{"start":{"line":312,"column":0},"end":{"line":312,"column":116}},"312":{"start":{"line":313,"column":0},"end":{"line":313,"column":202}},"314":{"start":{"line":315,"column":0},"end":{"line":315,"column":116}},"315":{"start":{"line":316,"column":0},"end":{"line":316,"column":181}},"316":{"start":{"line":317,"column":0},"end":{"line":317,"column":116}},"317":{"start":{"line":318,"column":0},"end":{"line":318,"column":18}},"319":{"start":{"line":320,"column":0},"end":{"line":320,"column":17}},"320":{"start":{"line":321,"column":0},"end":{"line":321,"column":132}},"321":{"start":{"line":322,"column":0},"end":{"line":322,"column":17}},"323":{"start":{"line":324,"column":0},"end":{"line":324,"column":44}},"324":{"start":{"line":325,"column":0},"end":{"line":325,"column":179}},"325":{"start":{"line":326,"column":0},"end":{"line":326,"column":17}},"326":{"start":{"line":327,"column":0},"end":{"line":327,"column":136}},"327":{"start":{"line":328,"column":0},"end":{"line":328,"column":294}},"328":{"start":{"line":329,"column":0},"end":{"line":329,"column":89}},"329":{"start":{"line":330,"column":0},"end":{"line":330,"column":18}},"330":{"start":{"line":331,"column":0},"end":{"line":331,"column":17}},"331":{"start":{"line":332,"column":0},"end":{"line":332,"column":135}},"332":{"start":{"line":333,"column":0},"end":{"line":333,"column":292}},"333":{"start":{"line":334,"column":0},"end":{"line":334,"column":85}},"334":{"start":{"line":335,"column":0},"end":{"line":335,"column":18}},"335":{"start":{"line":336,"column":0},"end":{"line":336,"column":17}},"336":{"start":{"line":337,"column":0},"end":{"line":337,"column":144}},"337":{"start":{"line":338,"column":0},"end":{"line":338,"column":346}},"338":{"start":{"line":339,"column":0},"end":{"line":339,"column":101}},"339":{"start":{"line":340,"column":0},"end":{"line":340,"column":18}},"340":{"start":{"line":341,"column":0},"end":{"line":341,"column":17}},"341":{"start":{"line":342,"column":0},"end":{"line":342,"column":133}},"342":{"start":{"line":343,"column":0},"end":{"line":343,"column":288}},"343":{"start":{"line":344,"column":0},"end":{"line":344,"column":87}},"344":{"start":{"line":345,"column":0},"end":{"line":345,"column":18}},"345":{"start":{"line":346,"column":0},"end":{"line":346,"column":16}},"347":{"start":{"line":348,"column":0},"end":{"line":348,"column":16}},"350":{"start":{"line":351,"column":0},"end":{"line":351,"column":124}},"351":{"start":{"line":352,"column":0},"end":{"line":352,"column":133}},"352":{"start":{"line":353,"column":0},"end":{"line":353,"column":85}},"353":{"start":{"line":354,"column":0},"end":{"line":354,"column":163}},"354":{"start":{"line":355,"column":0},"end":{"line":355,"column":43}},"355":{"start":{"line":356,"column":0},"end":{"line":356,"column":81}},"356":{"start":{"line":357,"column":0},"end":{"line":357,"column":118}},"357":{"start":{"line":358,"column":0},"end":{"line":358,"column":18}},"358":{"start":{"line":359,"column":0},"end":{"line":359,"column":15}},"359":{"start":{"line":360,"column":0},"end":{"line":360,"column":14}},"361":{"start":{"line":362,"column":0},"end":{"line":362,"column":62}},"362":{"start":{"line":363,"column":0},"end":{"line":363,"column":35}},"363":{"start":{"line":364,"column":0},"end":{"line":364,"column":89}},"364":{"start":{"line":365,"column":0},"end":{"line":365,"column":132}},"365":{"start":{"line":366,"column":0},"end":{"line":366,"column":30}},"366":{"start":{"line":367,"column":0},"end":{"line":367,"column":15}},"367":{"start":{"line":368,"column":0},"end":{"line":368,"column":136}},"368":{"start":{"line":369,"column":0},"end":{"line":369,"column":14}},"369":{"start":{"line":370,"column":0},"end":{"line":370,"column":35}},"370":{"start":{"line":371,"column":0},"end":{"line":371,"column":89}},"371":{"start":{"line":372,"column":0},"end":{"line":372,"column":132}},"372":{"start":{"line":373,"column":0},"end":{"line":373,"column":27}},"373":{"start":{"line":374,"column":0},"end":{"line":374,"column":15}},"374":{"start":{"line":375,"column":0},"end":{"line":375,"column":127}},"375":{"start":{"line":376,"column":0},"end":{"line":376,"column":14}},"376":{"start":{"line":377,"column":0},"end":{"line":377,"column":12}},"377":{"start":{"line":378,"column":0},"end":{"line":378,"column":16}},"380":{"start":{"line":381,"column":0},"end":{"line":381,"column":124}},"381":{"start":{"line":382,"column":0},"end":{"line":382,"column":133}},"382":{"start":{"line":383,"column":0},"end":{"line":383,"column":85}},"383":{"start":{"line":384,"column":0},"end":{"line":384,"column":161}},"384":{"start":{"line":385,"column":0},"end":{"line":385,"column":43}},"385":{"start":{"line":386,"column":0},"end":{"line":386,"column":82}},"386":{"start":{"line":387,"column":0},"end":{"line":387,"column":118}},"387":{"start":{"line":388,"column":0},"end":{"line":388,"column":18}},"388":{"start":{"line":389,"column":0},"end":{"line":389,"column":15}},"389":{"start":{"line":390,"column":0},"end":{"line":390,"column":18}},"390":{"start":{"line":391,"column":0},"end":{"line":391,"column":28}},"391":{"start":{"line":392,"column":0},"end":{"line":392,"column":208}},"392":{"start":{"line":393,"column":0},"end":{"line":393,"column":69}},"393":{"start":{"line":394,"column":0},"end":{"line":394,"column":15}},"394":{"start":{"line":395,"column":0},"end":{"line":395,"column":231}},"396":{"start":{"line":397,"column":0},"end":{"line":397,"column":241}},"397":{"start":{"line":398,"column":0},"end":{"line":398,"column":26}},"398":{"start":{"line":399,"column":0},"end":{"line":399,"column":19}},"399":{"start":{"line":400,"column":0},"end":{"line":400,"column":14}},"401":{"start":{"line":402,"column":0},"end":{"line":402,"column":41}},"402":{"start":{"line":403,"column":0},"end":{"line":403,"column":46}},"403":{"start":{"line":404,"column":0},"end":{"line":404,"column":19}},"404":{"start":{"line":405,"column":0},"end":{"line":405,"column":120}},"405":{"start":{"line":406,"column":0},"end":{"line":406,"column":58}},"406":{"start":{"line":407,"column":0},"end":{"line":407,"column":60}},"407":{"start":{"line":408,"column":0},"end":{"line":408,"column":70}},"408":{"start":{"line":409,"column":0},"end":{"line":409,"column":69}},"409":{"start":{"line":410,"column":0},"end":{"line":410,"column":81}},"410":{"start":{"line":411,"column":0},"end":{"line":411,"column":71}},"411":{"start":{"line":412,"column":0},"end":{"line":412,"column":78}},"412":{"start":{"line":413,"column":0},"end":{"line":413,"column":47}},"413":{"start":{"line":414,"column":0},"end":{"line":414,"column":19}},"414":{"start":{"line":415,"column":0},"end":{"line":415,"column":20}},"415":{"start":{"line":416,"column":0},"end":{"line":416,"column":56}},"416":{"start":{"line":417,"column":0},"end":{"line":417,"column":41}},"417":{"start":{"line":418,"column":0},"end":{"line":418,"column":46}},"418":{"start":{"line":419,"column":0},"end":{"line":419,"column":89}},"419":{"start":{"line":420,"column":0},"end":{"line":420,"column":105}},"420":{"start":{"line":421,"column":0},"end":{"line":421,"column":113}},"421":{"start":{"line":422,"column":0},"end":{"line":422,"column":49}},"422":{"start":{"line":423,"column":0},"end":{"line":423,"column":127}},"423":{"start":{"line":424,"column":0},"end":{"line":424,"column":108}},"424":{"start":{"line":425,"column":0},"end":{"line":425,"column":116}},"425":{"start":{"line":426,"column":0},"end":{"line":426,"column":49}},"426":{"start":{"line":427,"column":0},"end":{"line":427,"column":131}},"427":{"start":{"line":428,"column":0},"end":{"line":428,"column":46}},"428":{"start":{"line":429,"column":0},"end":{"line":429,"column":66}},"429":{"start":{"line":430,"column":0},"end":{"line":430,"column":111}},"430":{"start":{"line":431,"column":0},"end":{"line":431,"column":51}},"431":{"start":{"line":432,"column":0},"end":{"line":432,"column":140}},"432":{"start":{"line":433,"column":0},"end":{"line":433,"column":112}},"433":{"start":{"line":434,"column":0},"end":{"line":434,"column":31}},"434":{"start":{"line":435,"column":0},"end":{"line":435,"column":25}},"435":{"start":{"line":436,"column":0},"end":{"line":436,"column":120}},"436":{"start":{"line":437,"column":0},"end":{"line":437,"column":130}},"437":{"start":{"line":438,"column":0},"end":{"line":438,"column":49}},"438":{"start":{"line":439,"column":0},"end":{"line":439,"column":139}},"439":{"start":{"line":440,"column":0},"end":{"line":440,"column":121}},"440":{"start":{"line":441,"column":0},"end":{"line":441,"column":131}},"441":{"start":{"line":442,"column":0},"end":{"line":442,"column":49}},"442":{"start":{"line":443,"column":0},"end":{"line":443,"column":152}},"443":{"start":{"line":444,"column":0},"end":{"line":444,"column":58}},"444":{"start":{"line":445,"column":0},"end":{"line":445,"column":84}},"445":{"start":{"line":446,"column":0},"end":{"line":446,"column":114}},"446":{"start":{"line":447,"column":0},"end":{"line":447,"column":51}},"447":{"start":{"line":448,"column":0},"end":{"line":448,"column":151}},"448":{"start":{"line":449,"column":0},"end":{"line":449,"column":25}},"449":{"start":{"line":450,"column":0},"end":{"line":450,"column":46}},"450":{"start":{"line":451,"column":0},"end":{"line":451,"column":69}},"451":{"start":{"line":452,"column":0},"end":{"line":452,"column":126}},"452":{"start":{"line":453,"column":0},"end":{"line":453,"column":51}},"453":{"start":{"line":454,"column":0},"end":{"line":454,"column":133}},"454":{"start":{"line":455,"column":0},"end":{"line":455,"column":173}},"455":{"start":{"line":456,"column":0},"end":{"line":456,"column":31}},"456":{"start":{"line":457,"column":0},"end":{"line":457,"column":25}},"457":{"start":{"line":458,"column":0},"end":{"line":458,"column":231}},"458":{"start":{"line":459,"column":0},"end":{"line":459,"column":23}},"461":{"start":{"line":462,"column":0},"end":{"line":462,"column":42}},"462":{"start":{"line":463,"column":0},"end":{"line":463,"column":80}},"463":{"start":{"line":464,"column":0},"end":{"line":464,"column":60}},"464":{"start":{"line":465,"column":0},"end":{"line":465,"column":130}},"465":{"start":{"line":466,"column":0},"end":{"line":466,"column":170}},"466":{"start":{"line":467,"column":0},"end":{"line":467,"column":60}},"467":{"start":{"line":468,"column":0},"end":{"line":468,"column":139}},"468":{"start":{"line":469,"column":0},"end":{"line":469,"column":35}},"469":{"start":{"line":470,"column":0},"end":{"line":470,"column":42}},"470":{"start":{"line":471,"column":0},"end":{"line":471,"column":48}},"471":{"start":{"line":472,"column":0},"end":{"line":472,"column":65}},"472":{"start":{"line":473,"column":0},"end":{"line":473,"column":48}},"473":{"start":{"line":474,"column":0},"end":{"line":474,"column":130}},"474":{"start":{"line":475,"column":0},"end":{"line":475,"column":59}},"475":{"start":{"line":476,"column":0},"end":{"line":476,"column":33}},"476":{"start":{"line":477,"column":0},"end":{"line":477,"column":161}},"477":{"start":{"line":478,"column":0},"end":{"line":478,"column":30}},"478":{"start":{"line":479,"column":0},"end":{"line":479,"column":32}},"479":{"start":{"line":480,"column":0},"end":{"line":480,"column":30}},"480":{"start":{"line":481,"column":0},"end":{"line":481,"column":27}},"481":{"start":{"line":482,"column":0},"end":{"line":482,"column":25}},"483":{"start":{"line":484,"column":0},"end":{"line":484,"column":33}},"484":{"start":{"line":485,"column":0},"end":{"line":485,"column":17}},"485":{"start":{"line":486,"column":0},"end":{"line":486,"column":20}},"486":{"start":{"line":487,"column":0},"end":{"line":487,"column":18}},"487":{"start":{"line":488,"column":0},"end":{"line":488,"column":34}},"488":{"start":{"line":489,"column":0},"end":{"line":489,"column":106}},"489":{"start":{"line":490,"column":0},"end":{"line":490,"column":124}},"490":{"start":{"line":491,"column":0},"end":{"line":491,"column":18}},"492":{"start":{"line":493,"column":0},"end":{"line":493,"column":14}},"493":{"start":{"line":494,"column":0},"end":{"line":494,"column":16}},"496":{"start":{"line":497,"column":0},"end":{"line":497,"column":124}},"497":{"start":{"line":498,"column":0},"end":{"line":498,"column":57}},"498":{"start":{"line":499,"column":0},"end":{"line":499,"column":17}},"499":{"start":{"line":500,"column":0},"end":{"line":500,"column":112}},"500":{"start":{"line":501,"column":0},"end":{"line":501,"column":204}},"502":{"start":{"line":503,"column":0},"end":{"line":503,"column":88}},"503":{"start":{"line":504,"column":0},"end":{"line":504,"column":161}},"504":{"start":{"line":505,"column":0},"end":{"line":505,"column":67}},"505":{"start":{"line":506,"column":0},"end":{"line":506,"column":19}},"506":{"start":{"line":507,"column":0},"end":{"line":507,"column":193}},"507":{"start":{"line":508,"column":0},"end":{"line":508,"column":116}},"508":{"start":{"line":509,"column":0},"end":{"line":509,"column":18}},"509":{"start":{"line":510,"column":0},"end":{"line":510,"column":19}},"510":{"start":{"line":511,"column":0},"end":{"line":511,"column":14}},"512":{"start":{"line":513,"column":0},"end":{"line":513,"column":41}},"513":{"start":{"line":514,"column":0},"end":{"line":514,"column":89}},"515":{"start":{"line":516,"column":0},"end":{"line":516,"column":123}},"516":{"start":{"line":517,"column":0},"end":{"line":517,"column":19}},"517":{"start":{"line":518,"column":0},"end":{"line":518,"column":151}},"518":{"start":{"line":519,"column":0},"end":{"line":519,"column":24}},"519":{"start":{"line":520,"column":0},"end":{"line":520,"column":63}},"520":{"start":{"line":521,"column":0},"end":{"line":521,"column":122}},"521":{"start":{"line":522,"column":0},"end":{"line":522,"column":176}},"523":{"start":{"line":524,"column":0},"end":{"line":524,"column":70}},"524":{"start":{"line":525,"column":0},"end":{"line":525,"column":62}},"525":{"start":{"line":526,"column":0},"end":{"line":526,"column":67}},"526":{"start":{"line":527,"column":0},"end":{"line":527,"column":59}},"527":{"start":{"line":528,"column":0},"end":{"line":528,"column":70}},"528":{"start":{"line":529,"column":0},"end":{"line":529,"column":68}},"529":{"start":{"line":530,"column":0},"end":{"line":530,"column":71}},"530":{"start":{"line":531,"column":0},"end":{"line":531,"column":69}},"531":{"start":{"line":532,"column":0},"end":{"line":532,"column":68}},"532":{"start":{"line":533,"column":0},"end":{"line":533,"column":25}},"533":{"start":{"line":534,"column":0},"end":{"line":534,"column":20}},"534":{"start":{"line":535,"column":0},"end":{"line":535,"column":19}},"535":{"start":{"line":536,"column":0},"end":{"line":536,"column":148}},"536":{"start":{"line":537,"column":0},"end":{"line":537,"column":24}},"537":{"start":{"line":538,"column":0},"end":{"line":538,"column":60}},"538":{"start":{"line":539,"column":0},"end":{"line":539,"column":116}},"539":{"start":{"line":540,"column":0},"end":{"line":540,"column":176}},"541":{"start":{"line":542,"column":0},"end":{"line":542,"column":70}},"542":{"start":{"line":543,"column":0},"end":{"line":543,"column":62}},"543":{"start":{"line":544,"column":0},"end":{"line":544,"column":67}},"544":{"start":{"line":545,"column":0},"end":{"line":545,"column":59}},"545":{"start":{"line":546,"column":0},"end":{"line":546,"column":70}},"546":{"start":{"line":547,"column":0},"end":{"line":547,"column":68}},"547":{"start":{"line":548,"column":0},"end":{"line":548,"column":71}},"548":{"start":{"line":549,"column":0},"end":{"line":549,"column":69}},"549":{"start":{"line":550,"column":0},"end":{"line":550,"column":68}},"550":{"start":{"line":551,"column":0},"end":{"line":551,"column":25}},"551":{"start":{"line":552,"column":0},"end":{"line":552,"column":20}},"552":{"start":{"line":553,"column":0},"end":{"line":553,"column":18}},"555":{"start":{"line":556,"column":0},"end":{"line":556,"column":39}},"556":{"start":{"line":557,"column":0},"end":{"line":557,"column":117}},"557":{"start":{"line":558,"column":0},"end":{"line":558,"column":90}},"558":{"start":{"line":559,"column":0},"end":{"line":559,"column":152}},"560":{"start":{"line":561,"column":0},"end":{"line":561,"column":21}},"561":{"start":{"line":562,"column":0},"end":{"line":562,"column":23}},"562":{"start":{"line":563,"column":0},"end":{"line":563,"column":34}},"563":{"start":{"line":564,"column":0},"end":{"line":564,"column":47}},"564":{"start":{"line":565,"column":0},"end":{"line":565,"column":46}},"565":{"start":{"line":566,"column":0},"end":{"line":566,"column":40}},"566":{"start":{"line":567,"column":0},"end":{"line":567,"column":36}},"567":{"start":{"line":568,"column":0},"end":{"line":568,"column":46}},"568":{"start":{"line":569,"column":0},"end":{"line":569,"column":32}},"569":{"start":{"line":570,"column":0},"end":{"line":570,"column":40}},"570":{"start":{"line":571,"column":0},"end":{"line":571,"column":22}},"571":{"start":{"line":572,"column":0},"end":{"line":572,"column":96}},"572":{"start":{"line":573,"column":0},"end":{"line":573,"column":20}},"573":{"start":{"line":574,"column":0},"end":{"line":574,"column":158}},"574":{"start":{"line":575,"column":0},"end":{"line":575,"column":17}},"576":{"start":{"line":577,"column":0},"end":{"line":577,"column":25}},"577":{"start":{"line":578,"column":0},"end":{"line":578,"column":20}},"579":{"start":{"line":580,"column":0},"end":{"line":580,"column":64}},"580":{"start":{"line":581,"column":0},"end":{"line":581,"column":43}},"581":{"start":{"line":582,"column":0},"end":{"line":582,"column":49}},"582":{"start":{"line":583,"column":0},"end":{"line":583,"column":168}},"583":{"start":{"line":584,"column":0},"end":{"line":584,"column":27}},"584":{"start":{"line":585,"column":0},"end":{"line":585,"column":113}},"585":{"start":{"line":586,"column":0},"end":{"line":586,"column":32}},"586":{"start":{"line":587,"column":0},"end":{"line":587,"column":43}},"587":{"start":{"line":588,"column":0},"end":{"line":588,"column":44}},"588":{"start":{"line":589,"column":0},"end":{"line":589,"column":129}},"589":{"start":{"line":590,"column":0},"end":{"line":590,"column":69}},"590":{"start":{"line":591,"column":0},"end":{"line":591,"column":28}},"591":{"start":{"line":592,"column":0},"end":{"line":592,"column":106}},"593":{"start":{"line":594,"column":0},"end":{"line":594,"column":81}},"594":{"start":{"line":595,"column":0},"end":{"line":595,"column":76}},"595":{"start":{"line":596,"column":0},"end":{"line":596,"column":33}},"596":{"start":{"line":597,"column":0},"end":{"line":597,"column":28}},"597":{"start":{"line":598,"column":0},"end":{"line":598,"column":27}},"598":{"start":{"line":599,"column":0},"end":{"line":599,"column":127}},"599":{"start":{"line":600,"column":0},"end":{"line":600,"column":32}},"600":{"start":{"line":601,"column":0},"end":{"line":601,"column":43}},"601":{"start":{"line":602,"column":0},"end":{"line":602,"column":44}},"602":{"start":{"line":603,"column":0},"end":{"line":603,"column":129}},"603":{"start":{"line":604,"column":0},"end":{"line":604,"column":69}},"604":{"start":{"line":605,"column":0},"end":{"line":605,"column":28}},"605":{"start":{"line":606,"column":0},"end":{"line":606,"column":106}},"607":{"start":{"line":608,"column":0},"end":{"line":608,"column":80}},"608":{"start":{"line":609,"column":0},"end":{"line":609,"column":71}},"609":{"start":{"line":610,"column":0},"end":{"line":610,"column":81}},"610":{"start":{"line":611,"column":0},"end":{"line":611,"column":73}},"611":{"start":{"line":612,"column":0},"end":{"line":612,"column":72}},"612":{"start":{"line":613,"column":0},"end":{"line":613,"column":33}},"613":{"start":{"line":614,"column":0},"end":{"line":614,"column":28}},"614":{"start":{"line":615,"column":0},"end":{"line":615,"column":27}},"615":{"start":{"line":616,"column":0},"end":{"line":616,"column":120}},"616":{"start":{"line":617,"column":0},"end":{"line":617,"column":31}},"617":{"start":{"line":618,"column":0},"end":{"line":618,"column":38}},"618":{"start":{"line":619,"column":0},"end":{"line":619,"column":50}},"619":{"start":{"line":620,"column":0},"end":{"line":620,"column":44}},"620":{"start":{"line":621,"column":0},"end":{"line":621,"column":129}},"621":{"start":{"line":622,"column":0},"end":{"line":622,"column":69}},"622":{"start":{"line":623,"column":0},"end":{"line":623,"column":28}},"623":{"start":{"line":624,"column":0},"end":{"line":624,"column":107}},"624":{"start":{"line":625,"column":0},"end":{"line":625,"column":26}},"625":{"start":{"line":626,"column":0},"end":{"line":626,"column":28}},"626":{"start":{"line":627,"column":0},"end":{"line":627,"column":27}},"627":{"start":{"line":628,"column":0},"end":{"line":628,"column":121}},"628":{"start":{"line":629,"column":0},"end":{"line":629,"column":31}},"629":{"start":{"line":630,"column":0},"end":{"line":630,"column":40}},"630":{"start":{"line":631,"column":0},"end":{"line":631,"column":39}},"631":{"start":{"line":632,"column":0},"end":{"line":632,"column":45}},"632":{"start":{"line":633,"column":0},"end":{"line":633,"column":44}},"633":{"start":{"line":634,"column":0},"end":{"line":634,"column":141}},"634":{"start":{"line":635,"column":0},"end":{"line":635,"column":69}},"635":{"start":{"line":636,"column":0},"end":{"line":636,"column":28}},"636":{"start":{"line":637,"column":0},"end":{"line":637,"column":142}},"637":{"start":{"line":638,"column":0},"end":{"line":638,"column":26}},"638":{"start":{"line":639,"column":0},"end":{"line":639,"column":28}},"639":{"start":{"line":640,"column":0},"end":{"line":640,"column":54}},"640":{"start":{"line":641,"column":0},"end":{"line":641,"column":31}},"641":{"start":{"line":642,"column":0},"end":{"line":642,"column":42}},"642":{"start":{"line":643,"column":0},"end":{"line":643,"column":90}},"643":{"start":{"line":644,"column":0},"end":{"line":644,"column":69}},"644":{"start":{"line":645,"column":0},"end":{"line":645,"column":28}},"645":{"start":{"line":646,"column":0},"end":{"line":646,"column":142}},"646":{"start":{"line":647,"column":0},"end":{"line":647,"column":25}},"648":{"start":{"line":649,"column":0},"end":{"line":649,"column":33}},"649":{"start":{"line":650,"column":0},"end":{"line":650,"column":28}},"650":{"start":{"line":651,"column":0},"end":{"line":651,"column":26}},"651":{"start":{"line":652,"column":0},"end":{"line":652,"column":21}},"652":{"start":{"line":653,"column":0},"end":{"line":653,"column":22}},"654":{"start":{"line":655,"column":0},"end":{"line":655,"column":102}},"655":{"start":{"line":656,"column":0},"end":{"line":656,"column":121}},"656":{"start":{"line":657,"column":0},"end":{"line":657,"column":22}},"658":{"start":{"line":659,"column":0},"end":{"line":659,"column":18}},"659":{"start":{"line":660,"column":0},"end":{"line":660,"column":16}},"661":{"start":{"line":662,"column":0},"end":{"line":662,"column":16}},"664":{"start":{"line":665,"column":0},"end":{"line":665,"column":124}},"665":{"start":{"line":666,"column":0},"end":{"line":666,"column":133}},"666":{"start":{"line":667,"column":0},"end":{"line":667,"column":85}},"667":{"start":{"line":668,"column":0},"end":{"line":668,"column":163}},"668":{"start":{"line":669,"column":0},"end":{"line":669,"column":43}},"669":{"start":{"line":670,"column":0},"end":{"line":670,"column":95}},"670":{"start":{"line":671,"column":0},"end":{"line":671,"column":118}},"671":{"start":{"line":672,"column":0},"end":{"line":672,"column":18}},"672":{"start":{"line":673,"column":0},"end":{"line":673,"column":15}},"673":{"start":{"line":674,"column":0},"end":{"line":674,"column":14}},"675":{"start":{"line":676,"column":0},"end":{"line":676,"column":64}},"676":{"start":{"line":677,"column":0},"end":{"line":677,"column":37}},"677":{"start":{"line":678,"column":0},"end":{"line":678,"column":67}},"678":{"start":{"line":679,"column":0},"end":{"line":679,"column":19}},"679":{"start":{"line":680,"column":0},"end":{"line":680,"column":145}},"680":{"start":{"line":681,"column":0},"end":{"line":681,"column":212}},"681":{"start":{"line":682,"column":0},"end":{"line":682,"column":127}},"682":{"start":{"line":683,"column":0},"end":{"line":683,"column":25}},"683":{"start":{"line":684,"column":0},"end":{"line":684,"column":20}},"684":{"start":{"line":685,"column":0},"end":{"line":685,"column":19}},"685":{"start":{"line":686,"column":0},"end":{"line":686,"column":132}},"686":{"start":{"line":687,"column":0},"end":{"line":687,"column":309}},"687":{"start":{"line":688,"column":0},"end":{"line":688,"column":20}},"688":{"start":{"line":689,"column":0},"end":{"line":689,"column":18}},"691":{"start":{"line":692,"column":0},"end":{"line":692,"column":104}},"692":{"start":{"line":693,"column":0},"end":{"line":693,"column":115}},"693":{"start":{"line":694,"column":0},"end":{"line":694,"column":54}},"694":{"start":{"line":695,"column":0},"end":{"line":695,"column":43}},"695":{"start":{"line":696,"column":0},"end":{"line":696,"column":107}},"696":{"start":{"line":697,"column":0},"end":{"line":697,"column":266}},"697":{"start":{"line":698,"column":0},"end":{"line":698,"column":22}},"698":{"start":{"line":699,"column":0},"end":{"line":699,"column":54}},"699":{"start":{"line":700,"column":0},"end":{"line":700,"column":112}},"700":{"start":{"line":701,"column":0},"end":{"line":701,"column":229}},"701":{"start":{"line":702,"column":0},"end":{"line":702,"column":22}},"702":{"start":{"line":703,"column":0},"end":{"line":703,"column":20}},"703":{"start":{"line":704,"column":0},"end":{"line":704,"column":45}},"704":{"start":{"line":705,"column":0},"end":{"line":705,"column":145}},"705":{"start":{"line":706,"column":0},"end":{"line":706,"column":23}},"706":{"start":{"line":707,"column":0},"end":{"line":707,"column":30}},"707":{"start":{"line":708,"column":0},"end":{"line":708,"column":33}},"708":{"start":{"line":709,"column":0},"end":{"line":709,"column":56}},"709":{"start":{"line":710,"column":0},"end":{"line":710,"column":45}},"710":{"start":{"line":711,"column":0},"end":{"line":711,"column":75}},"711":{"start":{"line":712,"column":0},"end":{"line":712,"column":292}},"712":{"start":{"line":713,"column":0},"end":{"line":713,"column":18}},"713":{"start":{"line":714,"column":0},"end":{"line":714,"column":34}},"714":{"start":{"line":715,"column":0},"end":{"line":715,"column":169}},"715":{"start":{"line":716,"column":0},"end":{"line":716,"column":94}},"716":{"start":{"line":717,"column":0},"end":{"line":717,"column":24}},"718":{"start":{"line":719,"column":0},"end":{"line":719,"column":20}},"719":{"start":{"line":720,"column":0},"end":{"line":720,"column":18}},"722":{"start":{"line":723,"column":0},"end":{"line":723,"column":39}},"723":{"start":{"line":724,"column":0},"end":{"line":724,"column":136}},"724":{"start":{"line":725,"column":0},"end":{"line":725,"column":24}},"725":{"start":{"line":726,"column":0},"end":{"line":726,"column":76}},"726":{"start":{"line":727,"column":0},"end":{"line":727,"column":91}},"727":{"start":{"line":728,"column":0},"end":{"line":728,"column":230}},"728":{"start":{"line":729,"column":0},"end":{"line":729,"column":33}},"729":{"start":{"line":730,"column":0},"end":{"line":730,"column":16}},"730":{"start":{"line":731,"column":0},"end":{"line":731,"column":168}},"731":{"start":{"line":732,"column":0},"end":{"line":732,"column":18}},"732":{"start":{"line":733,"column":0},"end":{"line":733,"column":16}},"735":{"start":{"line":736,"column":0},"end":{"line":736,"column":165}},"736":{"start":{"line":737,"column":0},"end":{"line":737,"column":198}},"738":{"start":{"line":739,"column":0},"end":{"line":739,"column":58}},"739":{"start":{"line":740,"column":0},"end":{"line":740,"column":100}},"740":{"start":{"line":741,"column":0},"end":{"line":741,"column":71}},"741":{"start":{"line":742,"column":0},"end":{"line":742,"column":104}},"742":{"start":{"line":743,"column":0},"end":{"line":743,"column":20}},"744":{"start":{"line":745,"column":0},"end":{"line":745,"column":133}},"745":{"start":{"line":746,"column":0},"end":{"line":746,"column":124}},"746":{"start":{"line":747,"column":0},"end":{"line":747,"column":57}},"747":{"start":{"line":748,"column":0},"end":{"line":748,"column":25}},"748":{"start":{"line":749,"column":0},"end":{"line":749,"column":34}},"749":{"start":{"line":750,"column":0},"end":{"line":750,"column":33}},"750":{"start":{"line":751,"column":0},"end":{"line":751,"column":48}},"751":{"start":{"line":752,"column":0},"end":{"line":752,"column":101}},"752":{"start":{"line":753,"column":0},"end":{"line":753,"column":187}},"753":{"start":{"line":754,"column":0},"end":{"line":754,"column":20}},"754":{"start":{"line":755,"column":0},"end":{"line":755,"column":105}},"755":{"start":{"line":756,"column":0},"end":{"line":756,"column":22}},"756":{"start":{"line":757,"column":0},"end":{"line":757,"column":20}},"758":{"start":{"line":759,"column":0},"end":{"line":759,"column":105}},"759":{"start":{"line":760,"column":0},"end":{"line":760,"column":108}},"760":{"start":{"line":761,"column":0},"end":{"line":761,"column":91}},"761":{"start":{"line":762,"column":0},"end":{"line":762,"column":20}},"763":{"start":{"line":764,"column":0},"end":{"line":764,"column":46}},"764":{"start":{"line":765,"column":0},"end":{"line":765,"column":73}},"765":{"start":{"line":766,"column":0},"end":{"line":766,"column":84}},"766":{"start":{"line":767,"column":0},"end":{"line":767,"column":76}},"767":{"start":{"line":768,"column":0},"end":{"line":768,"column":22}},"768":{"start":{"line":769,"column":0},"end":{"line":769,"column":73}},"769":{"start":{"line":770,"column":0},"end":{"line":770,"column":94}},"770":{"start":{"line":771,"column":0},"end":{"line":771,"column":78}},"771":{"start":{"line":772,"column":0},"end":{"line":772,"column":22}},"772":{"start":{"line":773,"column":0},"end":{"line":773,"column":88}},"773":{"start":{"line":774,"column":0},"end":{"line":774,"column":93}},"774":{"start":{"line":775,"column":0},"end":{"line":775,"column":80}},"775":{"start":{"line":776,"column":0},"end":{"line":776,"column":22}},"776":{"start":{"line":777,"column":0},"end":{"line":777,"column":20}},"777":{"start":{"line":778,"column":0},"end":{"line":778,"column":18}},"779":{"start":{"line":780,"column":0},"end":{"line":780,"column":75}},"780":{"start":{"line":781,"column":0},"end":{"line":781,"column":129}},"781":{"start":{"line":782,"column":0},"end":{"line":782,"column":57}},"782":{"start":{"line":783,"column":0},"end":{"line":783,"column":119}},"783":{"start":{"line":784,"column":0},"end":{"line":784,"column":107}},"784":{"start":{"line":785,"column":0},"end":{"line":785,"column":20}},"785":{"start":{"line":786,"column":0},"end":{"line":786,"column":116}},"786":{"start":{"line":787,"column":0},"end":{"line":787,"column":127}},"787":{"start":{"line":788,"column":0},"end":{"line":788,"column":120}},"788":{"start":{"line":789,"column":0},"end":{"line":789,"column":20}},"789":{"start":{"line":790,"column":0},"end":{"line":790,"column":18}},"790":{"start":{"line":791,"column":0},"end":{"line":791,"column":16}},"791":{"start":{"line":792,"column":0},"end":{"line":792,"column":14}},"792":{"start":{"line":793,"column":0},"end":{"line":793,"column":16}},"794":{"start":{"line":795,"column":0},"end":{"line":795,"column":54}},"795":{"start":{"line":796,"column":0},"end":{"line":796,"column":173}},"797":{"start":{"line":798,"column":0},"end":{"line":798,"column":14}},"798":{"start":{"line":799,"column":0},"end":{"line":799,"column":140}},"799":{"start":{"line":800,"column":0},"end":{"line":800,"column":15}},"800":{"start":{"line":801,"column":0},"end":{"line":801,"column":10}},"802":{"start":{"line":803,"column":0},"end":{"line":803,"column":2}},"804":{"start":{"line":805,"column":0},"end":{"line":805,"column":27}}},"s":{"1":0,"2":0,"3":0,"4":0,"5":0,"16":0,"17":0,"18":0,"21":0,"23":0,"24":0,"26":0,"27":0,"28":0,"29":0,"30":0,"31":0,"32":0,"33":0,"34":0,"35":0,"36":0,"37":0,"38":0,"39":0,"40":0,"41":0,"42":0,"43":0,"44":0,"45":0,"46":0,"47":0,"48":0,"49":0,"50":0,"51":0,"52":0,"53":0,"54":0,"55":0,"56":0,"57":0,"58":0,"59":0,"61":0,"62":0,"64":0,"65":0,"66":0,"67":0,"68":0,"69":0,"70":0,"71":0,"72":0,"73":0,"74":0,"76":0,"77":0,"78":0,"79":0,"80":0,"81":0,"82":0,"83":0,"84":0,"85":0,"86":0,"87":0,"88":0,"89":0,"90":0,"91":0,"92":0,"93":0,"94":0,"95":0,"96":0,"98":0,"99":0,"100":0,"101":0,"102":0,"103":0,"104":0,"105":0,"106":0,"107":0,"108":0,"109":0,"110":0,"111":0,"112":0,"113":0,"114":0,"115":0,"116":0,"117":0,"119":0,"120":0,"121":0,"122":0,"123":0,"124":0,"125":0,"126":0,"127":0,"128":0,"129":0,"131":0,"133":0,"134":0,"135":0,"136":0,"137":0,"138":0,"139":0,"140":0,"141":0,"142":0,"143":0,"144":0,"145":0,"146":0,"147":0,"148":0,"149":0,"150":0,"151":0,"152":0,"153":0,"154":0,"155":0,"156":0,"157":0,"158":0,"159":0,"160":0,"161":0,"162":0,"163":0,"164":0,"165":0,"166":0,"167":0,"168":0,"169":0,"170":0,"171":0,"173":0,"181":0,"182":0,"184":0,"185":0,"186":0,"187":0,"188":0,"189":0,"190":0,"191":0,"192":0,"193":0,"195":0,"196":0,"197":0,"198":0,"199":0,"200":0,"201":0,"202":0,"204":0,"205":0,"206":0,"207":0,"208":0,"209":0,"211":0,"212":0,"214":0,"215":0,"217":0,"218":0,"219":0,"220":0,"221":0,"222":0,"223":0,"225":0,"226":0,"228":0,"229":0,"230":0,"231":0,"232":0,"233":0,"234":0,"235":0,"236":0,"237":0,"238":0,"239":0,"240":0,"241":0,"242":0,"243":0,"244":0,"245":0,"247":0,"248":0,"249":0,"250":0,"251":0,"252":0,"253":0,"254":0,"255":0,"256":0,"257":0,"258":0,"259":0,"260":0,"261":0,"262":0,"263":0,"264":0,"265":0,"266":0,"267":0,"270":0,"271":0,"272":0,"273":0,"274":0,"275":0,"276":0,"277":0,"278":0,"279":0,"282":0,"283":0,"284":0,"285":0,"286":0,"287":0,"288":0,"289":0,"290":0,"291":0,"292":0,"293":0,"294":0,"295":0,"298":0,"299":0,"300":0,"301":0,"302":0,"303":0,"304":0,"305":0,"306":0,"307":0,"310":0,"311":0,"312":0,"314":0,"315":0,"316":0,"317":0,"319":0,"320":0,"321":0,"323":0,"324":0,"325":0,"326":0,"327":0,"328":0,"329":0,"330":0,"331":0,"332":0,"333":0,"334":0,"335":0,"336":0,"337":0,"338":0,"339":0,"340":0,"341":0,"342":0,"343":0,"344":0,"345":0,"347":0,"350":0,"351":0,"352":0,"353":0,"354":0,"355":0,"356":0,"357":0,"358":0,"359":0,"361":0,"362":0,"363":0,"364":0,"365":0,"366":0,"367":0,"368":0,"369":0,"370":0,"371":0,"372":0,"373":0,"374":0,"375":0,"376
[...]
6,"column":69},"end":{"line":76,"column":79}},"locations":[{"start":{"line":76,"column":69},"end":{"line":76,"column":79}}]},"9":{"type":"branch","line":76,"loc":{"start":{"line":76,"column":73},"end":{"line":76,"column":83}},"locations":[{"start":{"line":76,"column":73},"end":{"line":76,"column":83}}]},"10":{"type":"branch","line":77,"loc":{"start":{"line":77,"column":23},"end":{"line":79,"column":3}},"locations":[{"start":{"line":77,"column":23},"end":{"line":79,"column":3}}]},"11":{"type":"branch","line":78,"loc":{"start":{"line":78,"column":83},"end":{"line":78,"column":93}},"locations":[{"start":{"line":78,"column":83},"end":{"line":78,"column":93}}]},"12":{"type":"branch","line":35,"loc":{"start":{"line":35,"column":22},"end":{"line":53,"column":4}},"locations":[{"start":{"line":35,"column":22},"end":{"line":53,"column":4}}]},"13":{"type":"branch","line":36,"loc":{"start":{"line":36,"column":17},"end":{"line":36,"column":27}},"locations":[{"start":{"line":36,"column":17},"end":{"line":36,"column":27}}]},"14":{"type":"branch","line":36,"loc":{"start":{"line":36,"column":24},"end":{"line":37,"column":23}},"locations":[{"start":{"line":36,"column":24},"end":{"line":37,"column":23}}]},"15":{"type":"branch","line":37,"loc":{"start":{"line":37,"column":16},"end":{"line":37,"column":32}},"locations":[{"start":{"line":37,"column":16},"end":{"line":37,"column":32}}]},"16":{"type":"branch","line":37,"loc":{"start":{"line":37,"column":30},"end":{"line":38,"column":23}},"locations":[{"start":{"line":37,"column":30},"end":{"line":38,"column":23}}]},"17":{"type":"branch","line":38,"loc":{"start":{"line":38,"column":16},"end":{"line":38,"column":37}},"locations":[{"start":{"line":38,"column":16},"end":{"line":38,"column":37}}]},"18":{"type":"branch","line":38,"loc":{"start":{"line":38,"column":35},"end":{"line":39,"column":17}},"locations":[{"start":{"line":38,"column":35},"end":{"line":39,"column":17}}]},"19":{"type":"branch","line":39,"loc":{"start":{"line":39,"column":17},"end":{"line":45,"column":5}},"locations":[{"start":{"line":39,"column":17},"end":{"line":45,"column":5}}]},"20":{"type":"branch","line":42,"loc":{"start":{"line":42,"column":19},"end":{"line":42,"column":34}},"locations":[{"start":{"line":42,"column":19},"end":{"line":42,"column":34}}]},"21":{"type":"branch","line":42,"loc":{"start":{"line":42,"column":32},"end":{"line":43,"column":21}},"locations":[{"start":{"line":42,"column":32},"end":{"line":43,"column":21}}]},"22":{"type":"branch","line":43,"loc":{"start":{"line":43,"column":16},"end":{"line":43,"column":28}},"locations":[{"start":{"line":43,"column":16},"end":{"line":43,"column":28}}]},"23":{"type":"branch","line":43,"loc":{"start":{"line":43,"column":28},"end":{"line":43,"column":54}},"locations":[{"start":{"line":43,"column":28},"end":{"line":43,"column":54}}]},"24":{"type":"branch","line":43,"loc":{"start":{"line":43,"column":45},"end":{"line":45,"column":5}},"locations":[{"start":{"line":43,"column":45},"end":{"line":45,"column":5}}]},"25":{"type":"branch","line":45,"loc":{"start":{"line":45,"column":4},"end":{"line":51,"column":5}},"locations":[{"start":{"line":45,"column":4},"end":{"line":51,"column":5}}]},"26":{"type":"branch","line":49,"loc":{"start":{"line":49,"column":19},"end":{"line":49,"column":51}},"locations":[{"start":{"line":49,"column":19},"end":{"line":49,"column":51}}]},"27":{"type":"branch","line":49,"loc":{"start":{"line":49,"column":49},"end":{"line":51,"column":5}},"locations":[{"start":{"line":49,"column":49},"end":{"line":51,"column":5}}]},"28":{"type":"branch","line":51,"loc":{"start":{"line":51,"column":4},"end":{"line":52,"column":14}},"locations":[{"start":{"line":51,"column":4},"end":{"line":52,"column":14}}]},"29":{"type":"branch","line":55,"loc":{"start":{"line":55,"column":23},"end":{"line":71,"column":4}},"locations":[{"start":{"line":55,"column":23},"end":{"line":71,"column":4}}]},"30":{"type":"branch","line":56,"loc":{"start":{"line":56,"column":17},"end":{"line":56,"column":31}},"locations":[{"start":{"line":56,"column":17},"end":{"line":56,"column":31}}]},"31":{"type":"branch","line":56,"loc":{"start":{"line":56,"column":24},"end":{"line":63,"column":29}},"locations":[{"start":{"line":56,"column":24},"end":{"line":63,"column":29}}]},"32":{"type":"branch","line":63,"loc":{"start":{"line":63,"column":22},"end":{"line":63,"column":95}},"locations":[{"start":{"line":63,"column":22},"end":{"line":63,"column":95}}]},"33":{"type":"branch","line":63,"loc":{"start":{"line":63,"column":79},"end":{"line":63,"column":90}},"locations":[{"start":{"line":63,"column":79},"end":{"line":63,"column":90}}]},"34":{"type":"branch","line":63,"loc":{"start":{"line":63,"column":90},"end":{"line":64,"column":29}},"locations":[{"start":{"line":63,"column":90},"end":{"line":64,"column":29}}]},"35":{"type":"branch","line":64,"loc":{"start":{"line":64,"column":22},"end":{"line":64,"column":94}},"locations":[{"start":{"line":64,"column":22},"end":{"line":64,"column":94}}]},"36":{"type":"branch","line":64,"loc":{"start":{"line":64,"column":78},"end":{"line":64,"column":89}},"locations":[{"start":{"line":64,"column":78},"end":{"line":64,"column":89}}]},"37":{"type":"branch","line":64,"loc":{"start":{"line":64,"column":82},"end":{"line":64,"column":94}},"locations":[{"start":{"line":64,"column":82},"end":{"line":64,"column":94}}]},"38":{"type":"branch","line":64,"loc":{"start":{"line":64,"column":89},"end":{"line":65,"column":23}},"locations":[{"start":{"line":64,"column":89},"end":{"line":65,"column":23}}]},"39":{"type":"branch","line":65,"loc":{"start":{"line":65,"column":23},"end":{"line":68,"column":5}},"locations":[{"start":{"line":65,"column":23},"end":{"line":68,"column":5}}]},"40":{"type":"branch","line":66,"loc":{"start":{"line":66,"column":27},"end":{"line":66,"column":43}},"locations":[{"start":{"line":66,"column":27},"end":{"line":66,"column":43}}]},"41":{"type":"branch","line":66,"loc":{"start":{"line":66,"column":34},"end":{"line":67,"column":53}},"locations":[{"start":{"line":66,"column":34},"end":{"line":67,"column":53}}]},"42":{"type":"branch","line":68,"loc":{"start":{"line":68,"column":4},"end":{"line":70,"column":22}},"locations":[{"start":{"line":68,"column":4},"end":{"line":70,"column":22}}]},"43":{"type":"branch","line":69,"loc":{"start":{"line":69,"column":23},"end":{"line":69,"column":53}},"locations":[{"start":{"line":69,"column":23},"end":{"line":69,"column":53}}]},"44":{"type":"branch","line":84,"loc":{"start":{"line":84,"column":22},"end":{"line":107,"column":2}},"locations":[{"start":{"line":84,"column":22},"end":{"line":107,"column":2}}]},"45":{"type":"branch","line":94,"loc":{"start":{"line":94,"column":32},"end":{"line":94,"column":42}},"locations":[{"start":{"line":94,"column":32},"end":{"line":94,"column":42}}]},"46":{"type":"branch","line":95,"loc":{"start":{"line":95,"column":34},"end":{"line":95,"column":50}},"locations":[{"start":{"line":95,"column":34},"end":{"line":95,"column":50}}]},"47":{"type":"branch","line":99,"loc":{"start":{"line":99,"column":10},"end":{"line":99,"column":37}},"locations":[{"start":{"line":99,"column":10},"end":{"line":99,"column":37}}]},"48":{"type":"branch","line":99,"loc":{"start":{"line":99,"column":32},"end":{"line":99,"column":117}},"locations":[{"start":{"line":99,"column":32},"end":{"line":99,"column":117}}]},"49":{"type":"branch","line":100,"loc":{"start":{"line":100,"column":10},"end":{"line":100,"column":42}},"locations":[{"start":{"line":100,"column":10},"end":{"line":100,"column":42}}]},"50":{"type":"branch","line":100,"loc":{"start":{"line":100,"column":32},"end":{"line":100,"column":127}},"locations":[{"start":{"line":100,"column":32},"end":{"line":100,"column":127}}]},"51":{"type":"branch","line":103,"loc":{"start":{"line":103,"column":104},"end":{"line":103,"column":139}},"locations":[{"start":{"line":103,"column":104},"end":{"line":103,"column":139}}]},"52":{"type":"branch","line":104,"loc":{"start":{"line":104,"column":104},"end":{"line":104,"column":139}},"locations":[{"start":{"line":104,"column":104},"end":{"line":104,"column":139}}]},"53":{"type":"branch","line":109,"loc":{"start":{"line":109,"column":31},"end":{"line":253,"column":2}},"locations":[{"start":{"line":109,"column":31},"end":{"line":253,"column":2}}]},"54":{"type":"branch","line":123,"loc":{"start":{"line":123,"column":37},"end":{"line":123,"column":57}},"locations":[{"start":{"line":123,"column":37},"end":{"line":123,"column":57}}]},"55":{"type":"branch","line":126,"loc":{"start":{"line":126,"column":38},"end":{"line":126,"column":57}},"locations":[{"start":{"line":126,"column":38},"end":{"line":126,"column":57}}]},"56":{"type":"branch","line":147,"loc":{"start":{"line":147,"column":109},"end":{"line":147,"column":118}},"locations":[{"start":{"line":147,"column":109},"end":{"line":147,"column":118}}]},"57":{"type":"branch","line":148,"loc":{"start":{"line":148,"column":62},"end":{"line":148,"column":80}},"locations":[{"start":{"line":148,"column":62},"end":{"line":148,"column":80}}]},"58":{"type":"branch","line":187,"loc":{"start":{"line":187,"column":99},"end":{"line":187,"column":117}},"locations":[{"start":{"line":187,"column":99},"end":{"line":187,"column":117}}]},"59":{"type":"branch","line":188,"loc":{"start":{"line":188,"column":109},"end":{"line":188,"column":127}},"locations":[{"start":{"line":188,"column":109},"end":{"line":188,"column":127}}]},"60":{"type":"branch","line":189,"loc":{"start":{"line":189,"column":13},"end":{"line":189,"column":125}},"locations":[{"start":{"line":189,"column":13},"end":{"line":189,"column":125}}]},"61":{"type":"branch","line":190,"loc":{"start":{"line":190,"column":13},"end":{"line":190,"column":123}},"locations":[{"start":{"line":190,"column":13},"end":{"line":190,"column":123}}]},"62":{"type":"branch","line":191,"loc":{"start":{"line":191,"column":13},"end":{"line":191,"column":45}},"locations":[{"start":{"line":191,"column":13},"end":{"line":191,"column":45}}]},"63":{"type":"branch","line":191,"loc":{"start":{"line":191,"column":33},"end":{"line":191,"column":181}},"locations":[{"start":{"line":191,"column":33},"end":{"line":191,"column":181}}]},"64":{"type":"branch","line":192,"loc":{"start":{"line":192,"column":13},"end":{"line":192,"column":116}},"locations":[{"start":{"line":192,"column":13},"end":{"line":192,"column":116}}]},"65":{"type":"branch","line":193,"loc":{"start":{"line":193,"column":13},"end":{"line":193,"column":119}},"locations":[{"start":{"line":193,"column":13},"end":{"line":193,"column":119}}]},"66":{"type":"branch","line":205,"loc":{"start":{"line":205,"column":15},"end":{"line":210,"column":73}},"locations":[{"start":{"line":205,"column":15},"end":{"line":210,"column":73}}]},"67":{"type":"branch","line":209,"loc":{"start":{"line":209,"column":69},"end":{"line":209,"column":100}},"locations":[{"start":{"line":209,"column":69},"end":{"line":209,"column":100}}]},"68":{"type":"branch","line":210,"loc":{"start":{"line":210,"column":36},"end":{"line":210,"column":54}},"locations":[{"start":{"line":210,"column":36},"end":{"line":210,"column":54}}]},"69":{"type":"branch","line":210,"loc":{"start":{"line":210,"column":54},"end":{"line":212,"column":23}},"locations":[{"start":{"line":210,"column":54},"end":{"line":212,"column":23}}]},"70":{"type":"branch","line":216,"loc":{"start":{"line":216,"column":13},"end":{"line":216,"column":93}},"locations":[{"start":{"line":216,"column":13},"end":{"line":216,"column":93}}]},"71":{"type":"branch","line":217,"loc":{"start":{"line":217,"column":13},"end":{"line":217,"column":99}},"locations":[{"start":{"line":217,"column":13},"end":{"line":217,"column":99}}]},"72":{"type":"branch","line":218,"loc":{"start":{"line":218,"column":13},"end":{"line":218,"column":107}},"locations":[{"start":{"line":218,"column":13},"end":{"line":218,"column":107}}]},"73":{"type":"branch","line":221,"loc":{"start":{"line":221,"column":30},"end":{"line":221,"column":71}},"locations":[{"start":{"line":221,"column":30},"end":{"line":221,"column":71}}]},"74":{"type":"branch","line":221,"loc":{"start":{"line":221,"column":67},"end":{"line":223,"column":468}},"locations":[{"start":{"line":221,"column":67},"end":{"line":223,"column":468}}]},"75":{"type":"branch","line":222,"loc":{"start":{"line":222,"column":361},"end":{"line":222,"column":409}},"locations":[{"start":{"line":222,"column":361},"end":{"line":222,"column":409}}]},"76":{"type":"branch","line":223,"loc":{"start":{"line":223,"column":467},"end":{"line":224,"column":23}},"locations":[{"start":{"line":223,"column":467},"end":{"line":224,"column":23}}]},"77":{"type":"branch","line":231,"loc":{"start":{"line":231,"column":21},"end":{"line":231,"column":345}},"locations":[{"start":{"line":231,"column":21},"end":{"line":231,"column":345}}]},"78":{"type":"branch","line":231,"loc":{"start":{"line":231,"column":289},"end":{"line":231,"column":347}},"locations":[{"start":{"line":231,"column":289},"end":{"line":231,"column":347}}]},"79":{"type":"branch","line":232,"loc":{"start":{"line":232,"column":19},"end":{"line":232,"column":381}},"locations":[{"start":{"line":232,"column":19},"end":{"line":232,"column":381}}]},"80":{"type":"branch","line":232,"loc":{"start":{"line":232,"column":133},"end":{"line":232,"column":147}},"locations":[{"start":{"line":232,"column":133},"end":{"line":232,"column":147}}]},"81":{"type":"branch","line":232,"loc":{"start":{"line":232,"column":325},"end":{"line":232,"column":383}},"locations":[{"start":{"line":232,"column":325},"end":{"line":232,"column":383}}]},"82":{"type":"branch","line":243,"loc":{"start":{"line":243,"column":11},"end":{"line":243,"column":44}},"locations":[{"start":{"line":243,"column":11},"end":{"line":243,"column":44}}]},"83":{"type":"branch","line":243,"loc":{"start":{"line":243,"column":39},"end":{"line":247,"column":11}},"locations":[{"start":{"line":243,"column":39},"end":{"line":247,"column":11}}]},"84":{"type":"branch","line":252,"loc":{"start":{"line":252,"column":9},"end":{"line":252,"column":55}},"locations":[{"start":{"line":252,"column":9},"end":{"line":252,"column":55}}]},"85":{"type":"branch","line":252,"loc":{"start":{"line":252,"column":51},"end":{"line":252,"column":59}},"locations":[{"start":{"line":252,"column":51},"end":{"line":252,"column":59}}]},"86":{"type":"branch","line":110,"loc":{"start":{"line":110,"column":37},"end":{"line":118,"column":3}},"locations":[{"start":{"line":110,"column":37},"end":{"line":118,"column":3}}]},"87":{"type":"branch","line":114,"loc":{"start":{"line":114,"column":23},"end":{"line":114,"column":46}},"locations":[{"start":{"line":114,"column":23},"end":{"line":114,"column":46}}]},"88":{"type":"branch","line":114,"loc":{"start":{"line":114,"column":39},"end":{"line":114,"column":48}},"locations":[{"start":{"line":114,"column":39},"end":{"line":114,"column":48}}]},"89":{"type":"branch","line":120,"loc":{"start":{"line":120,"column":43},"end":{"line":120,"column":66}},"locations":[{"start":{"line":120,"column":43},"end":{"line":120,"column":66}}]},"90":{"type":"branch","line":136,"loc":{"start":{"line":136,"column":40},"end":{"line":136,"column":63}},"locations":[{"start":{"line":136,"column":40},"end":{"line":136,"column":63}}]},"91":{"type":"branch","line":138,"loc":{"start":{"line":138,"column":42},"end":{"line":144,"column":5}},"locations":[{"start":{"line":138,"column":42},"end":{"line":144,"column":5}}]},"92":{"type":"branch","line":140,"loc":{"start":{"line":140,"column":20},"end":{"line":140,"column":89}},"locations":[{"start":{"line":140,"column":20},"end":{"line":140,"column":89}}]},"93":{"type":"branch","line":146,"loc":{"start":{"line":146,"column":54},"end":{"line":146,"column":78}},"locations":[{"start":{"line":146,"column":54},"end":{"line":146,"column":78}}]},"94":{"type":"branch","line":152,"loc":{"start":{"line":152,"column":35},"end":{"line":170,"column":173}},"locations":[{"start":{"line":152,"column":35},"end":{"line":170,"column":173}}]},"95":{"type":"branch","line":165,"loc":{"start":{"line":165,"column":26},"end":{"line":165,"column":51}},"locations":[{"start":{"line":165,"column":26},"end":{"line":165,"column":51}}]},"96":{"type":"branch","line":165,"loc":{"start":{"line":165,"column":33},"end":{"line":165,"column":123}},"locations":[{"start":{"line":165,"column":33},"end":{"line":165,"column":123}}]},"97":{"type":"branch","line":167,"loc":{"start":{"line":167,"column":12},"end":{"line":167,"column":134}},"locations":[{"start":{"line":167,"column":12},"end":{"line":167,"column":134}}]},"98":{"type":"branch","line":167,"loc":{"start":{"line":167,"column":20},"end":{"line":167,"column":136}},"locations":[{"start":{"line":167,"column":20},"end":{"line":167,"column":136}}]},"99":{"type":"branch","line":233,"loc":{"start":{"line":233,"column":41},"end":{"line":237,"column":178}},"locations":[{"start":{"line":233,"column":41},"end":{"line":237,"column":178}}]},"100":{"type":"branch","line":235,"loc":{"start":{"line":235,"column":162},"end":{"line":235,"column":185}},"locations":[{"start":{"line":235,"column":162},"end":{"line":235,"column":185}}]},"101":{"type":"branch","line":235,"loc":{"start":{"line":235,"column":169},"end":{"line":235,"column":255}},"locations":[{"start":{"line":235,"column":169},"end":{"line":235,"column":255}}]},"102":{"type":"branch","line":243,"loc":{"start":{"line":243,"column":44},"end":{"line":247,"column":7}},"locations":[{"start":{"line":243,"column":44},"end":{"line":247,"column":7}}]}},"b":{"0":[438],"1":[0],"2":[5],"3":[2],"4":[3],"5":[1],"6":[5],"7":[156],"8":[153],"9":[3],"10":[147],"11":[0],"12":[964],"13":[2],"14":[962],"15":[157],"16":[805],"17":[6],"18":[799],"19":[388],"20":[12],"21":[376],"22":[105],"23":[105],"24":[271],"25":[411],"26":[8],"27":[403],"28":[0],"29":[303],"30":[1],"31":[302],"32":[1],"33":[0],"34":[302],"35":[118],"36":[2],"37":[116],"38":[302],"39":[135],"40":[2],"41":[133],"42":[302],"43":[301],"44":[292],"45":[0],"46":[0],"47":[0],"48":[0],"49":[0],"50":[0],"51":[0],"52":[0],"53":[146],"54":[2],"55":[0],"56":[0],"57":[1],"58":[0],"59":[0],"60":[0],"61":[0],"62":[0],"63":[0],"64":[0],"65":[0],"66":[15],"67":[0],"68":[0],"69":[131],"70":[0],"71":[0],"72":[0],"73":[2],"74":[144],"75":[0],"76":[2],"77":[119],"78":[27],"79":[145],"80":[0],"81":[1],"82":[0],"83":[0],"84":[4],"85":[142],"86":[6117],"87":[2033],"88":[4084],"89":[6117],"90":[6117],"91":[6117],"92":[539],"93":[539],"94":[6117],"95":[1586],"96":[0],"97":[2033],"98":[4084],"99":[539],"100":[132],"101":[0],"102":[0]},"fnMap":{"0":{"name":"formatTtnDate","decl":{"start":{"line":4,"column":22},"end":{"line":8,"column":2}},"loc":{"start":{"line":4,"column":22},"end":{"line":8,"column":2}},"line":4},"1":{"name":"validateRib","decl":{"start":{"line":13,"column":27},"end":{"line":20,"column":2}},"loc":{"start":{"line":13,"column":27},"end":{"line":20,"column":2}},"line":13},"2":{"name":"generateQrString","decl":{"start":{"line":22,"column":32},"end":{"line":25,"column":2}},"loc":{"start":{"line":22,"column":32},"end":{"line":25,"column":2}},"line":22},"3":{"name":"numberToLettersFr","decl":{"start":{"line":30,"column":33},"end":{"line":82,"column":2}},"loc":{"start":{"line":30,"column":33},"end":{"line":82,"column":2}},"line":30},"4":{"name":"convertBase","decl":{"start":{"line":35,"column":22},"end":{"line":53,"column":4}},"loc":{"start":{"line":35,"column":22},"end":{"line":53,"column":4}},"line":35},"5":{"name":"convertLarge","decl":{"start":{"line":55,"column":23},"end":{"line":71,"column":4}},"loc":{"start":{"line":55,"column":23},"end":{"line":71,"column":4}},"line":55},"6":{"name":"renderPartner","decl":{"start":{"line":84,"column":22},"end":{"line":107,"column":2}},"loc":{"start":{"line":84,"column":22},"end":{"line":107,"column":2}},"line":84},"7":{"name":"generateTeifXml","decl":{"start":{"line":109,"column":31},"end":{"line":253,"column":2}},"loc":{"start":{"line":109,"column":31},"end":{"line":253,"column":2}},"line":109}},"f":{"0":438,"1":5,"2":5,"3":156,"4":964,"5":303,"6":292,"7":146}}
}
